C109 (NoA=1) T10,1,3-5b6c5b6b5b6b5b6b5b6g5b
C111 (NoA=1) T10,1,3-5b6c5b6b5b6c5b6f5b6b5b6b
C111 (NoA=1) T10,1,3-5b6c5b6c5b6b5b6e5b6c5b6b
C111 (NoA=1) T10,1,3-5b6c5b6c5b6c5b6d5b6b5b6c
C115 (NoA=1) T10,1,3-5b6c5b6d5b6g5b6b5b6b5b6b
C111 (NoA=1) T10,1,3-5b6d5b6b5b6b5b6c5b6f5b
C111 (NoA=1) T10,1,3-5b6d5b6b5b6b5b6d5b6d5b6b
C111 (NoA=1) T10,1,3-5b6d5b6b5b6c5b6c5b6c5b6c
C111 (NoA=1) T10,1,3-5b6d5b6c5b6b5b6c5b6b5b6d
C113 (NoA=1) T10,1,3-5b6d5b6c5b6d5b6c5b6b5b6c
C113 (NoA=1) T10,1,3-5b6e5b6b5b6d5b6b5b6c5b6c
C115 (NoA=1) T10,1,3-5b6e5b6b5b6e5b6e5b6b5b
C113 (NoA=1) T10,1,3-5b6e5b6c5b6c5b6b5b6b5b6d
C115 (NoA=1) T10,1,3-5b6e5b6d5b6d5b6b5b6c5b6b
C117 (NoA=1) T10,1,3-5b6f5b6e5b6c5b6b5b6c5b6b
C117 (NoA=1) T10,1,3-5b6f5b6f5b6b5b6b5b6b5b6c
C121 (NoA=1) T10,1,3-5b6f5b6g5b6d5b6b5b6b5b6b
C129 (NoA=1) T10,1,3-5b6n5b6c5b6d5b6b5b6b5b6b
C111 (NoA=1) T10,1,3-6b5b6c5b6b5b6b5b6b5b6g5b
C113 (NoA=1) T10,1,3-6b5b6c5b6b5b6c5b6f5b6b5b6b
C113 (NoA=1) T10,1,3-6b5b6c5b6c5b6b5b6e5b6c5b6b
C113 (NoA=1) T10,1,3-6b5b6c5b6c5b6c5b6d5b6b5b6c
C117 (NoA=1) T10,1,3-6b5b6c5b6d5b6g5b6b5b6b5b6b
C113 (NoA=1) T10,1,3-6b5b6d5b6b5b6b5b6c5b6f5b
C113 (NoA=1) T10,1,3-6b5b6d5b6b5b6b5b6d5b6d5b6b
C113 (NoA=1) T10,1,3-6b5b6d5b6b5b6c5b6c5b6c5b6c
C113 (NoA=1) T10,1,3-6b5b6d5b6c5b6b5b6c5b6b5b6d
C115 (NoA=1) T10,1,3-6b5b6d5b6c5b6d5b6c5b6b5b6c
C115 (NoA=1) T10,1,3-6b5b6e5b6b5b6d5b6b5b6c5b6c
C117 (NoA=1) T10,1,3-6b5b6e5b6b5b6e5b6e5b6b5b
C115 (NoA=1) T10,1,3-6b5b6e5b6c5b6c5b6b5b6b5b6d
C117 (NoA=1) T10,1,3-6b5b6e5b6d5b6d5b6b5b6c5b6b
C119 (NoA=1) T10,1,3-6b5b6f5b6e5b6c5b6b5b6c5b6b
C119 (NoA=1) T10,1,3-6b5b6f5b6f5b6b5b6b5b6b5b6c
C123 (NoA=1) T10,1,3-6b5b6f5b6g5b6d5b6b5b6b5b6b
C131 (NoA=1) T10,1,3-6b5b6n5b6c5b6d5b6b5b6b5b6b
C113 (NoA=1) T10,1,3-6c5b6c5b6b5b6b5b6b5b6g5b
C115 (NoA=1) T10,1,3-6c5b6c5b6b5b6c5b6f5b6b5b6b
C115 (NoA=1) T10,1,3-6c5b6c5b6c5b6b5b6e5b6c5b6b
C115 (NoA=1) T10,1,3-6c5b6c5b6c5b6c5b6d5b6b5b6c
C119 (NoA=1) T10,1,3-6c5b6c5b6d5b6g5b6b5b6b5b6b
C115 (NoA=1) T10,1,3-6c5b6d5b6b5b6b5b6c5b6f5b
C115 (NoA=1) T10,1,3-6c5b6d5b6b5b6b5b6d5b6d5b6b
C115 (NoA=1) T10,1,3-6c5b6d5b6b5b6c5b6c5b6c5b6c
C115 (NoA=1) T10,1,3-6c5b6d5b6c5b6b5b6c5b6b5b6d
C117 (NoA=1) T10,1,3-6c5b6d5b6c5b6d5b6c5b6b5b6c
C117 (NoA=1) T10,1,3-6c5b6e5b6b5b6d5b6b5b6c5b6c
C119 (NoA=1) T10,1,3-6c5b6e5b6b5b6e5b6e5b6b5b
C117 (NoA=1) T10,1,3-6c5b6e5b6c5b6c5b6b5b6b5b6d
C119 (NoA=1) T10,1,3-6c5b6e5b6d5b6d5b6b5b6c5b6b
C121 (NoA=1) T10,1,3-6c5b6f5b6e5b6c5b6b5b6c5b6b
C121 (NoA=1) T10,1,3-6c5b6f5b6f5b6b5b6b5b6b5b6c
C125 (NoA=1) T10,1,3-6c5b6f5b6g5b6d5b6b5b6b5b6b
C133 (NoA=1) T10,1,3-6c5b6n5b6c5b6d5b6b5b6b5b6b
C115 (NoA=1) T10,1,3-6d5b6c5b6b5b6b5b6b5b6g5b
C117 (NoA=1) T10,1,3-6d5b6c5b6b5b6c5b6f5b6b5b6b
C117 (NoA=1) T10,1,3-6d5b6c5b6c5b6b5b6e5b6c5b6b
C117 (NoA=1) T10,1,3-6d5b6c5b6c5b6c5b6d5b6b5b6c
C121 (NoA=1) T10,1,3-6d5b6c5b6d5b6g5b6b5b6b5b6b
C117 (NoA=1) T10,1,3-6d5b6d5b6b5b6b5b6c5b6f5b
C117 (NoA=1) T10,1,3-6d5b6d5b6b5b6b5b6d5b6d5b6b
C117 (NoA=1) T10,1,3-6d5b6d5b6b5b6c5b6c5b6c5b6c
C117 (NoA=1) T10,1,3-6d5b6d5b6c5b6b5b6c5b6b5b6d
C119 (NoA=1) T10,1,3-6d5b6d5b6c5b6d5b6c5b6b5b6c
C119 (NoA=1) T10,1,3-6d5b6e5b6b5b6d5b6b5b6c5b6c
C121 (NoA=1) T10,1,3-6d5b6e5b6b5b6e5b6e5b6b5b
C119 (NoA=1) T10,1,3-6d5b6e5b6c5b6c5b6b5b6b5b6d
C121 (NoA=1) T10,1,3-6d5b6e5b6d5b6d5b6b5b6c5b6b
C123 (NoA=1) T10,1,3-6d5b6f5b6e5b6c5b6b5b6c5b6b
C123 (NoA=1) T10,1,3-6d5b6f5b6f5b6b5b6b5b6b5b6c
C127 (NoA=1) T10,1,3-6d5b6f5b6g5b6d5b6b5b6b5b6b
C135 (NoA=1) T10,1,3-6d5b6n5b6c5b6d5b6b5b6b5b6b
C117 (NoA=1) T10,1,3-6e5b6c5b6b5b6b5b6b5b6g5b
C119 (NoA=1) T10,1,3-6e5b6c5b6b5b6c5b6f5b6b5b6b
C119 (NoA=1) T10,1,3-6e5b6c5b6c5b6b5b6e5b6c5b6b
C119 (NoA=1) T10,1,3-6e5b6c5b6c5b6c5b6d5b6b5b6c
C123 (NoA=1) T10,1,3-6e5b6c5b6d5b6g5b6b5b6b5b6b
C119 (NoA=1) T10,1,3-6e5b6d5b6b5b6b5b6c5b6f5b
C119 (NoA=1) T10,1,3-6e5b6d5b6b5b6b5b6d5b6d5b6b
C119 (NoA=1) T10,1,3-6e5b6d5b6b5b6c5b6c5b6c5b6c
C119 (NoA=1) T10,1,3-6e5b6d5b6c5b6b5b6c5b6b5b6d
C121 (NoA=1) T10,1,3-6e5b6d5b6c5b6d5b6c5b6b5b6c
C121 (NoA=1) T10,1,3-6e5b6e5b6b5b6d5b6b5b6c5b6c
C123 (NoA=1) T10,1,3-6e5b6e5b6b5b6e5b6e5b6b5b
C121 (NoA=1) T10,1,3-6e5b6e5b6c5b6c5b6b5b6b5b6d
C123 (NoA=1) T10,1,3-6e5b6e5b6d5b6d5b6b5b6c5b6b
C125 (NoA=1) T10,1,3-6e5b6f5b6e5b6c5b6b5b6c5b6b
C125 (NoA=1) T10,1,3-6e5b6f5b6f5b6b5b6b5b6b5b6c
C129 (NoA=1) T10,1,3-6e5b6f5b6g5b6d5b6b5b6b5b6b
C137 (NoA=1) T10,1,3-6e5b6n5b6c5b6d5b6b5b6b5b6b
C119 (NoA=1) T10,1,3-6f5b6c5b6b5b6b5b6b5b6g5b
C121 (NoA=1) T10,1,3-6f5b6c5b6b5b6c5b6f5b6b5b6b
C121 (NoA=1) T10,1,3-6f5b6c5b6c5b6b5b6e5b6c5b6b
C121 (NoA=1) T10,1,3-6f5b6c5b6c5b6c5b6d5b6b5b6c
C125 (NoA=1) T10,1,3-6f5b6c5b6d5b6g5b6b5b6b5b6b
C121 (NoA=1) T10,1,3-6f5b6d5b6b5b6b5b6c5b6f5b
C121 (NoA=1) T10,1,3-6f5b6d5b6b5b6b5b6d5b6d5b6b
C121 (NoA=1) T10,1,3-6f5b6d5b6b5b6c5b6c5b6c5b6c
C121 (NoA=1) T10,1,3-6f5b6d5b6c5b6b5b6c5b6b5b6d
C123 (NoA=1) T10,1,3-6f5b6d5b6c5b6d5b6c5b6b5b6c
C123 (NoA=1) T10,1,3-6f5b6e5b6b5b6d5b6b5b6c5b6c
C125 (NoA=1) T10,1,3-6f5b6e5b6b5b6e5b6e5b6b5b
C123 (NoA=1) T10,1,3-6f5b6e5b6c5b6c5b6b5b6b5b6d
C125 (NoA=1) T10,1,3-6f5b6e5b6d5b6d5b6b5b6c5b6b
C127 (NoA=1) T10,1,3-6f5b6f5b6e5b6c5b6b5b6c5b6b
C127 (NoA=1) T10,1,3-6f5b6f5b6f5b6b5b6b5b6b5b6c
C131 (NoA=1) T10,1,3-6f5b6f5b6g5b6d5b6b5b6b5b6b
C139 (NoA=1) T10,1,3-6f5b6n5b6c5b6d5b6b5b6b5b6b
C121 (NoA=1) T10,1,3-6g5b6c5b6b5b6b5b6b5b6g5b
C123 (NoA=1) T10,1,3-6g5b6c5b6b5b6c5b6f5b6b5b6b
C123 (NoA=1) T10,1,3-6g5b6c5b6c5b6b5b6e5b6c5b6b
C123 (NoA=1) T10,1,3-6g5b6c5b6c5b6c5b6d5b6b5b6c
C127 (NoA=1) T10,1,3-6g5b6c5b6d5b6g5b6b5b6b5b6b
C123 (NoA=1) T10,1,3-6g5b6d5b6b5b6b5b6c5b6f5b
C123 (NoA=1) T10,1,3-6g5b6d5b6b5b6b5b6d5b6d5b6b
C123 (NoA=1) T10,1,3-6g5b6d5b6b5b6c5b6c5b6c5b6c
C123 (NoA=1) T10,1,3-6g5b6d5b6c5b6b5b6c5b6b5b6d
C125 (NoA=1) T10,1,3-6g5b6d5b6c5b6d5b6c5b6b5b6c
C125 (NoA=1) T10,1,3-6g5b6e5b6b5b6d5b6b5b6c5b6c
C127 (NoA=1) T10,1,3-6g5b6e5b6b5b6e5b6e5b6b5b
C125 (NoA=1) T10,1,3-6g5b6e5b6c5b6c5b6b5b6b5b6d
C127 (NoA=1) T10,1,3-6g5b6e5b6d5b6d5b6b5b6c5b6b
C129 (NoA=1) T10,1,3-6g5b6f5b6e5b6c5b6b5b6c5b6b
C129 (NoA=1) T10,1,3-6g5b6f5b6f5b6b5b6b5b6b5b6c
C133 (NoA=1) T10,1,3-6g5b6f5b6g5b6d5b6b5b6b5b6b
C141 (NoA=1) T10,1,3-6g5b6n5b6c5b6d5b6b5b6b5b6b
C123 (NoA=1) T10,1,3-6h5b6c5b6b5b6b5b6b5b6g5b
C125 (NoA=1) T10,1,3-6h5b6c5b6b5b6c5b6f5b6b5b6b
C125 (NoA=1) T10,1,3-6h5b6c5b6c5b6b5b6e5b6c5b6b
C125 (NoA=1) T10,1,3-6h5b6c5b6c5b6c5b6d5b6b5b6c
C129 (NoA=1) T10,1,3-6h5b6c5b6d5b6g5b6b5b6b5b6b
C125 (NoA=1) T10,1,3-6h5b6d5b6b5b6b5b6c5b6f5b
C125 (NoA=1) T10,1,3-6h5b6d5b6b5b6b5b6d5b6d5b6b
C125 (NoA=1) T10,1,3-6h5b6d5b6b5b6c5b6c5b6c5b6c
C125 (NoA=1) T10,1,3-6h5b6d5b6c5b6b5b6c5b6b5b6d
C127 (NoA=1) T10,1,3-6h5b6d5b6c5b6d5b6c5b6b5b6c
C127 (NoA=1) T10,1,3-6h5b6e5b6b5b6d5b6b5b6c5b6c
C129 (NoA=1) T10,1,3-6h5b6e5b6b5b6e5b6e5b6b5b
C127 (NoA=1) T10,1,3-6h5b6e5b6c5b6c5b6b5b6b5b6d
C129 (NoA=1) T10,1,3-6h5b6e5b6d5b6d5b6b5b6c5b6b
C131 (NoA=1) T10,1,3-6h5b6f5b6e5b6c5b6b5b6c5b6b
C131 (NoA=1) T10,1,3-6h5b6f5b6f5b6b5b6b5b6b5b6c
C135 (NoA=1) T10,1,3-6h5b6f5b6g5b6d5b6b5b6b5b6b
C143 (NoA=1) T10,1,3-6h5b6n5b6c5b6d5b6b5b6b5b6b
C125 (NoA=1) T10,1,3-6i5b6c5b6b5b6b5b6b5b6g5b
C127 (NoA=1) T10,1,3-6i5b6c5b6b5b6c5b6f5b6b5b6b
C127 (NoA=1) T10,1,3-6i5b6c5b6c5b6b5b6e5b6c5b6b
C127 (NoA=1) T10,1,3-6i5b6c5b6c5b6c5b6d5b6b5b6c
C131 (NoA=1) T10,1,3-6i5b6c5b6d5b6g5b6b5b6b5b6b
C127 (NoA=1) T10,1,3-6i5b6d5b6b5b6b5b6c5b6f5b
C127 (NoA=1) T10,1,3-6i5b6d5b6b5b6b5b6d5b6d5b6b
C127 (NoA=1) T10,1,3-6i5b6d5b6b5b6c5b6c5b6c5b6c
C127 (NoA=1) T10,1,3-6i5b6d5b6c5b6b5b6c5b6b5b6d
C129 (NoA=1) T10,1,3-6i5b6d5b6c5b6d5b6c5b6b5b6c
C129 (NoA=1) T10,1,3-6i5b6e5b6b5b6d5b6b5b6c5b6c
C131 (NoA=1) T10,1,3-6i5b6e5b6b5b6e5b6e5b6b5b
C129 (NoA=1) T10,1,3-6i5b6e5b6c5b6c5b6b5b6b5b6d
C131 (NoA=1) T10,1,3-6i5b6e5b6d5b6d5b6b5b6c5b6b
C133 (NoA=1) T10,1,3-6i5b6f5b6e5b6c5b6b5b6c5b6b
C133 (NoA=1) T10,1,3-6i5b6f5b6f5b6b5b6b5b6b5b6c
C137 (NoA=1) T10,1,3-6i5b6f5b6g5b6d5b6b5b6b5b6b
C145 (NoA=1) T10,1,3-6i5b6n5b6c5b6d5b6b5b6b5b6b
C127 (NoA=1) T10,1,3-6j5b6c5b6b5b6b5b6b5b6g5b
C129 (NoA=1) T10,1,3-6j5b6c5b6b5b6c5b6f5b6b5b6b
C129 (NoA=1) T10,1,3-6j5b6c5b6c5b6b5b6e5b6c5b6b
C129 (NoA=1) T10,1,3-6j5b6c5b6c5b6c5b6d5b6b5b6c
C133 (NoA=1) T10,1,3-6j5b6c5b6d5b6g5b6b5b6b5b6b
C129 (NoA=1) T10,1,3-6j5b6d5b6b5b6b5b6c5b6f5b
C129 (NoA=1) T10,1,3-6j5b6d5b6b5b6b5b6d5b6d5b6b
C129 (NoA=1) T10,1,3-6j5b6d5b6b5b6c5b6c5b6c5b6c
C129 (NoA=1) T10,1,3-6j5b6d5b6c5b6b5b6c5b6b5b6d
C131 (NoA=1) T10,1,3-6j5b6d5b6c5b6d5b6c5b6b5b6c
C131 (NoA=1) T10,1,3-6j5b6e5b6b5b6d5b6b5b6c5b6c
C133 (NoA=1) T10,1,3-6j5b6e5b6b5b6e5b6e5b6b5b
C131 (NoA=1) T10,1,3-6j5b6e5b6c5b6c5b6b5b6b5b6d
C133 (NoA=1) T10,1,3-6j5b6e5b6d5b6d5b6b5b6c5b6b
C135 (NoA=1) T10,1,3-6j5b6f5b6e5b6c5b6b5b6c5b6b
C135 (NoA=1) T10,1,3-6j5b6f5b6f5b6b5b6b5b6b5b6c
C139 (NoA=1) T10,1,3-6j5b6f5b6g5b6d5b6b5b6b5b6b
C147 (NoA=1) T10,1,3-6j5b6n5b6c5b6d5b6b5b6b5b6b
C129 (NoA=1) T10,1,3-6k5b6c5b6b5b6b5b6b5b6g5b
C131 (NoA=1) T10,1,3-6k5b6c5b6b5b6c5b6f5b6b5b6b
C131 (NoA=1) T10,1,3-6k5b6c5b6c5b6b5b6e5b6c5b6b
C131 (NoA=1) T10,1,3-6k5b6c5b6c5b6c5b6d5b6b5b6c
C135 (NoA=1) T10,1,3-6k5b6c5b6d5b6g5b6b5b6b5b6b
C131 (NoA=1) T10,1,3-6k5b6d5b6b5b6b5b6c5b6f5b
C131 (NoA=1) T10,1,3-6k5b6d5b6b5b6b5b6d5b6d5b6b
C131 (NoA=1) T10,1,3-6k5b6d5b6b5b6c5b6c5b6c5b6c
C131 (NoA=1) T10,1,3-6k5b6d5b6c5b6b5b6c5b6b5b6d
C133 (NoA=1) T10,1,3-6k5b6d5b6c5b6d5b6c5b6b5b6c
C133 (NoA=1) T10,1,3-6k5b6e5b6b5b6d5b6b5b6c5b6c
C135 (NoA=1) T10,1,3-6k5b6e5b6b5b6e5b6e5b6b5b
C133 (NoA=1) T10,1,3-6k5b6e5b6c5b6c5b6b5b6b5b6d
C135 (NoA=1) T10,1,3-6k5b6e5b6d5b6d5b6b5b6c5b6b
C137 (NoA=1) T10,1,3-6k5b6f5b6e5b6c5b6b5b6c5b6b
C137 (NoA=1) T10,1,3-6k5b6f5b6f5b6b5b6b5b6b5b6c
C141 (NoA=1) T10,1,3-6k5b6f5b6g5b6d5b6b5b6b5b6b
C149 (NoA=1) T10,1,3-6k5b6n5b6c5b6d5b6b5b6b5b6b
