C120 (NoA=1) T11,1,3-5b6b5b6c5b6b5b6b5b6i5b
C122 (NoA=1) T11,1,3-5b6b5b6c5b6c5b6g5b6b5b6c
C122 (NoA=1) T11,1,3-5b6b5b6d5b6b5b6f5b6c5b6c
C122 (NoA=1) T11,1,3-5b6b5b6d5b6c5b6e5b6b5b6d
C126 (NoA=1) T11,1,3-5b6b5b6e5b6h5b6b5b6c5b6b
C120 (NoA=1) T11,1,3-5b6c5b6b5b6b5b6b5b6h5b6b
C120 (NoA=1) T11,1,3-5b6c5b6b5b6b5b6c5b6f5b6c
C120 (NoA=1) T11,1,3-5b6c5b6b5b6c5b6b5b6e5b6d
C120 (NoA=1) T11,1,3-5b6c5b6c5b6b5b6b5b6d5b6e
C124 (NoA=1) T11,1,3-5b6c5b6c5b6b5b6i5b6b5b6b
C124 (NoA=1) T11,1,3-5b6c5b6c5b6b5b6j5b6b5b
C124 (NoA=1) T11,1,3-5b6c5b6c5b6c5b6g5b6c5b6b
C124 (NoA=1) T11,1,3-5b6c5b6d5b6b5b6e5b6f5b
C124 (NoA=1) T11,1,3-5b6c5b6d5b6b5b6f5b6d5b6b
C126 (NoA=1) T11,1,3-5b6c5b6d5b6h5b6b5b6b5b6c
C126 (NoA=1) T11,1,3-5b6c5b6e5b6f5b6b5b6b5b6d
C120 (NoA=1) T11,1,3-5b6d5b6b5b6b5b6b5b6c5b6f
C122 (NoA=1) T11,1,3-5b6d5b6b5b6b5b6d5b6e5b6c
C122 (NoA=1) T11,1,3-5b6d5b6b5b6c5b6c5b6d5b6d
C124 (NoA=1) T11,1,3-5b6d5b6b5b6c5b6i5b6b5b
C124 (NoA=1) T11,1,3-5b6d5b6b5b6d5b6f5b6c5b6b
C124 (NoA=1) T11,1,3-5b6d5b6b5b6d5b6g5b6c5b
C122 (NoA=1) T11,1,3-5b6d5b6c5b6b5b6c5b6c5b6e
C124 (NoA=1) T11,1,3-5b6d5b6c5b6b5b6d5b6g5b
C124 (NoA=1) T11,1,3-5b6d5b6c5b6c5b6e5b6d5b6b
C128 (NoA=1) T11,1,3-5b6d5b6c5b6j5b6b5b6b5b6b
C130 (NoA=1) T11,1,3-5b6d5b6c5b6k5b6b5b6b5b6b
C126 (NoA=1) T11,1,3-5b6d5b6d5b6e5b6c5b6b5b6d
C128 (NoA=1) T11,1,3-5b6d5b6d5b6g5b6c5b6b5b6c
C128 (NoA=1) T11,1,3-5b6d5b6d5b6g5b6d5b6c5b
C128 (NoA=1) T11,1,3-5b6d5b6d5b6h5b6c5b6b5b6b
C128 (NoA=1) T11,1,3-5b6d5b6e5b6f5b6b5b6c5b6c
C130 (NoA=1) T11,1,3-5b6d5b6e5b6g5b6e5b6b5b
C122 (NoA=1) T11,1,3-5b6e5b6b5b6b5b6c5b6b5b6f
C124 (NoA=1) T11,1,3-5b6e5b6b5b6c5b6c5b6g5b
C124 (NoA=1) T11,1,3-5b6e5b6b5b6c5b6d5b6e5b6b
C126 (NoA=1) T11,1,3-5b6e5b6b5b6e5b6e5b6c5b6b
C126 (NoA=1) T11,1,3-5b6e5b6b5b6e5b6f5b6c5b
C126 (NoA=1) T11,1,3-5b6e5b6b5b6f5b6d5b6b5b6c
C126 (NoA=1) T11,1,3-5b6e5b6c5b6d5b6d5b6d5b6b
C126 (NoA=1) T11,1,3-5b6e5b6c5b6e5b6c5b6c5b6c
C128 (NoA=1) T11,1,3-5b6e5b6c5b6e5b6e5b6c5b6b
C128 (NoA=1) T11,1,3-5b6e5b6c5b6f5b6d5b6b5b6c
C128 (NoA=1) T11,1,3-5b6e5b6c5b6f5b6e5b6c5b
C128 (NoA=1) T11,1,3-5b6e5b6d5b6d5b6c5b6f5b
C128 (NoA=1) T11,1,3-5b6e5b6d5b6d5b6d5b6d5b6b
C126 (NoA=1) T11,1,3-5b6e5b6d5b6e5b6b5b6c5b6c
C128 (NoA=1) T11,1,3-5b6e5b6d5b6e5b6c5b6c5b6c
C126 (NoA=1) T11,1,3-5b6e5b6e5b6d5b6b5b6b5b6d
C132 (NoA=1) T11,1,3-5b6e5b6k5b6b5b6b5b6b5b6c
C134 (NoA=1) T11,1,3-5b6e5b6k5b6c5b6b5b6c5b6b
C134 (NoA=1) T11,1,3-5b6e5b6l5b6b5b6b5b6b5b6c
C134 (NoA=1) T11,1,3-5b6e5b6l5b6c5b6c5b6b5b
C138 (NoA=1) T11,1,3-5b6e5b6m5b6d5b6b5b6b5b6b
C126 (NoA=1) T11,1,3-5b6f5b6b5b6d5b6b5b6g5b
C126 (NoA=1) T11,1,3-5b6f5b6b5b6d5b6c5b6e5b6b
C126 (NoA=1) T11,1,3-5b6f5b6b5b6e5b6b5b6d5b6c
C128 (NoA=1) T11,1,3-5b6f5b6c5b6d5b6b5b6g5b
C130 (NoA=1) T11,1,3-5b6f5b6c5b6e5b6f5b6b5b6b
C126 (NoA=1) T11,1,3-5b6f5b6d5b6c5b6b5b6b5b6e
C128 (NoA=1) T11,1,3-5b6f5b6f5b6c5b6b5b6b5b6d
C132 (NoA=1) T11,1,3-5b6f5b6g5b6d5b6b5b6c5b6c
C134 (NoA=1) T11,1,3-5b6f5b6g5b6e5b6e5b6b5b
C132 (NoA=1) T11,1,3-5b6f5b6h5b6c5b6b5b6b5b6d
C132 (NoA=1) T11,1,3-5b6f5b6h5b6c5b6c5b6d5b
C132 (NoA=1) T11,1,3-5b6f5b6h5b6d5b6b5b6c5b6b
C132 (NoA=1) T11,1,3-5b6f5b6i5b6c5b6b5b6b5b6c
C134 (NoA=1) T11,1,3-5b6f5b6i5b6d5b6b5b6c5b6b
C128 (NoA=1) T11,1,3-5b6g5b6e5b6b5b6b5b6b5b6e
C132 (NoA=1) T11,1,3-5b6g5b6f5b6b5b6c5b6f5b
C132 (NoA=1) T11,1,3-5b6g5b6f5b6b5b6d5b6d5b6b
C132 (NoA=1) T11,1,3-5b6g5b6f5b6c5b6c5b6c5b6c
C132 (NoA=1) T11,1,3-5b6g5b6g5b6b5b6c5b6b5b6d
C132 (NoA=1) T11,1,3-5b6g5b6g5b6b5b6d5b6d5b
C134 (NoA=1) T11,1,3-5b6g5b6g5b6d5b6c5b6b5b6c
C134 (NoA=1) T11,1,3-5b6g5b6h5b6e5b6b5b6b5b6b
C132 (NoA=1) T11,1,3-5b6h5b6e5b6b5b6b5b6g5b
C134 (NoA=1) T11,1,3-5b6h5b6e5b6c5b6f5b6b5b6b
C134 (NoA=1) T11,1,3-5b6h5b6f5b6b5b6e5b6c5b6b
C134 (NoA=1) T11,1,3-5b6h5b6f5b6c5b6d5b6b5b6c
C138 (NoA=1) T11,1,3-5b6h5b6g5b6g5b6b5b6b5b6b
C138 (NoA=1) T11,1,3-5b6n5b6b5b6b5b6b5b6g5b
C140 (NoA=1) T11,1,3-5b6n5b6b5b6c5b6f5b6b5b6b
C140 (NoA=1) T11,1,3-5b6n5b6c5b6b5b6e5b6c5b6b
C140 (NoA=1) T11,1,3-5b6n5b6c5b6c5b6d5b6b5b6c
C144 (NoA=1) T11,1,3-5b6n5b6d5b6g5b6b5b6b5b6b
C140 (NoA=1) T11,1,3-5b6o5b6b5b6b5b6c5b6f5b
C140 (NoA=1) T11,1,3-5b6o5b6b5b6b5b6d5b6d5b6b
C140 (NoA=1) T11,1,3-5b6o5b6b5b6c5b6c5b6c5b6c
C140 (NoA=1) T11,1,3-5b6o5b6c5b6b5b6c5b6b5b6d
C142 (NoA=1) T11,1,3-5b6o5b6c5b6d5b6c5b6b5b6c
C142 (NoA=1) T11,1,3-5b6p5b6b5b6d5b6b5b6c5b6c
C144 (NoA=1) T11,1,3-5b6p5b6b5b6e5b6e5b6b5b
C142 (NoA=1) T11,1,3-5b6p5b6c5b6c5b6b5b6b5b6d
C144 (NoA=1) T11,1,3-5b6p5b6d5b6d5b6b5b6c5b6b
C146 (NoA=1) T11,1,3-5b6q5b6e5b6c5b6b5b6c5b6b
C146 (NoA=1) T11,1,3-5b6q5b6f5b6b5b6b5b6b5b6c
C150 (NoA=1) T11,1,3-5b6q5b6g5b6d5b6b5b6b5b6b
C158 (NoA=1) T11,1,3-5b6y5b6c5b6d5b6b5b6b5b6b
C122 (NoA=1) T11,1,3-6b5b6b5b6c5b6b5b6b5b6i5b
C124 (NoA=1) T11,1,3-6b5b6b5b6c5b6c5b6g5b6b5b6c
C124 (NoA=1) T11,1,3-6b5b6b5b6d5b6b5b6f5b6c5b6c
C124 (NoA=1) T11,1,3-6b5b6b5b6d5b6c5b6e5b6b5b6d
C128 (NoA=1) T11,1,3-6b5b6b5b6e5b6h5b6b5b6c5b6b
C122 (NoA=1) T11,1,3-6b5b6c5b6b5b6b5b6b5b6h5b6b
C122 (NoA=1) T11,1,3-6b5b6c5b6b5b6b5b6c5b6f5b6c
C122 (NoA=1) T11,1,3-6b5b6c5b6b5b6c5b6b5b6e5b6d
C122 (NoA=1) T11,1,3-6b5b6c5b6c5b6b5b6b5b6d5b6e
C126 (NoA=1) T11,1,3-6b5b6c5b6c5b6b5b6i5b6b5b6b
C126 (NoA=1) T11,1,3-6b5b6c5b6c5b6b5b6j5b6b5b
C126 (NoA=1) T11,1,3-6b5b6c5b6c5b6c5b6g5b6c5b6b
C126 (NoA=1) T11,1,3-6b5b6c5b6d5b6b5b6e5b6f5b
C126 (NoA=1) T11,1,3-6b5b6c5b6d5b6b5b6f5b6d5b6b
C128 (NoA=1) T11,1,3-6b5b6c5b6d5b6h5b6b5b6b5b6c
C128 (NoA=1) T11,1,3-6b5b6c5b6e5b6f5b6b5b6b5b6d
C122 (NoA=1) T11,1,3-6b5b6d5b6b5b6b5b6b5b6c5b6f
C124 (NoA=1) T11,1,3-6b5b6d5b6b5b6b5b6d5b6e5b6c
C124 (NoA=1) T11,1,3-6b5b6d5b6b5b6c5b6c5b6d5b6d
C126 (NoA=1) T11,1,3-6b5b6d5b6b5b6c5b6i5b6b5b
C126 (NoA=1) T11,1,3-6b5b6d5b6b5b6d5b6f5b6c5b6b
C126 (NoA=1) T11,1,3-6b5b6d5b6b5b6d5b6g5b6c5b
C124 (NoA=1) T11,1,3-6b5b6d5b6c5b6b5b6c5b6c5b6e
C126 (NoA=1) T11,1,3-6b5b6d5b6c5b6b5b6d5b6g5b
C126 (NoA=1) T11,1,3-6b5b6d5b6c5b6c5b6e5b6d5b6b
C130 (NoA=1) T11,1,3-6b5b6d5b6c5b6j5b6b5b6b5b6b
C132 (NoA=1) T11,1,3-6b5b6d5b6c5b6k5b6b5b6b5b6b
C128 (NoA=1) T11,1,3-6b5b6d5b6d5b6e5b6c5b6b5b6d
C130 (NoA=1) T11,1,3-6b5b6d5b6d5b6g5b6c5b6b5b6c
C130 (NoA=1) T11,1,3-6b5b6d5b6d5b6g5b6d5b6c5b
C130 (NoA=1) T11,1,3-6b5b6d5b6d5b6h5b6c5b6b5b6b
C130 (NoA=1) T11,1,3-6b5b6d5b6e5b6f5b6b5b6c5b6c
C132 (NoA=1) T11,1,3-6b5b6d5b6e5b6g5b6e5b6b5b
C124 (NoA=1) T11,1,3-6b5b6e5b6b5b6b5b6c5b6b5b6f
C126 (NoA=1) T11,1,3-6b5b6e5b6b5b6c5b6c5b6g5b
C126 (NoA=1) T11,1,3-6b5b6e5b6b5b6c5b6d5b6e5b6b
C128 (NoA=1) T11,1,3-6b5b6e5b6b5b6e5b6e5b6c5b6b
C128 (NoA=1) T11,1,3-6b5b6e5b6b5b6e5b6f5b6c5b
C128 (NoA=1) T11,1,3-6b5b6e5b6b5b6f5b6d5b6b5b6c
C128 (NoA=1) T11,1,3-6b5b6e5b6c5b6d5b6d5b6d5b6b
C128 (NoA=1) T11,1,3-6b5b6e5b6c5b6e5b6c5b6c5b6c
C130 (NoA=1) T11,1,3-6b5b6e5b6c5b6e5b6e5b6c5b6b
C130 (NoA=1) T11,1,3-6b5b6e5b6c5b6f5b6d5b6b5b6c
C130 (NoA=1) T11,1,3-6b5b6e5b6c5b6f5b6e5b6c5b
C130 (NoA=1) T11,1,3-6b5b6e5b6d5b6d5b6c5b6f5b
C130 (NoA=1) T11,1,3-6b5b6e5b6d5b6d5b6d5b6d5b6b
C128 (NoA=1) T11,1,3-6b5b6e5b6d5b6e5b6b5b6c5b6c
C130 (NoA=1) T11,1,3-6b5b6e5b6d5b6e5b6c5b6c5b6c
C128 (NoA=1) T11,1,3-6b5b6e5b6e5b6d5b6b5b6b5b6d
C134 (NoA=1) T11,1,3-6b5b6e5b6k5b6b5b6b5b6b5b6c
C136 (NoA=1) T11,1,3-6b5b6e5b6k5b6c5b6b5b6c5b6b
C136 (NoA=1) T11,1,3-6b5b6e5b6l5b6b5b6b5b6b5b6c
C136 (NoA=1) T11,1,3-6b5b6e5b6l5b6c5b6c5b6b5b
C140 (NoA=1) T11,1,3-6b5b6e5b6m5b6d5b6b5b6b5b6b
C128 (NoA=1) T11,1,3-6b5b6f5b6b5b6d5b6b5b6g5b
C128 (NoA=1) T11,1,3-6b5b6f5b6b5b6d5b6c5b6e5b6b
C128 (NoA=1) T11,1,3-6b5b6f5b6b5b6e5b6b5b6d5b6c
C130 (NoA=1) T11,1,3-6b5b6f5b6c5b6d5b6b5b6g5b
C132 (NoA=1) T11,1,3-6b5b6f5b6c5b6e5b6f5b6b5b6b
C128 (NoA=1) T11,1,3-6b5b6f5b6d5b6c5b6b5b6b5b6e
C130 (NoA=1) T11,1,3-6b5b6f5b6f5b6c5b6b5b6b5b6d
C134 (NoA=1) T11,1,3-6b5b6f5b6g5b6d5b6b5b6c5b6c
C136 (NoA=1) T11,1,3-6b5b6f5b6g5b6e5b6e5b6b5b
C134 (NoA=1) T11,1,3-6b5b6f5b6h5b6c5b6b5b6b5b6d
C134 (NoA=1) T11,1,3-6b5b6f5b6h5b6c5b6c5b6d5b
C134 (NoA=1) T11,1,3-6b5b6f5b6h5b6d5b6b5b6c5b6b
C134 (NoA=1) T11,1,3-6b5b6f5b6i5b6c5b6b5b6b5b6c
C136 (NoA=1) T11,1,3-6b5b6f5b6i5b6d5b6b5b6c5b6b
C130 (NoA=1) T11,1,3-6b5b6g5b6e5b6b5b6b5b6b5b6e
C134 (NoA=1) T11,1,3-6b5b6g5b6f5b6b5b6c5b6f5b
C134 (NoA=1) T11,1,3-6b5b6g5b6f5b6b5b6d5b6d5b6b
C134 (NoA=1) T11,1,3-6b5b6g5b6f5b6c5b6c5b6c5b6c
C134 (NoA=1) T11,1,3-6b5b6g5b6g5b6b5b6c5b6b5b6d
C134 (NoA=1) T11,1,3-6b5b6g5b6g5b6b5b6d5b6d5b
C136 (NoA=1) T11,1,3-6b5b6g5b6g5b6d5b6c5b6b5b6c
C136 (NoA=1) T11,1,3-6b5b6g5b6h5b6e5b6b5b6b5b6b
C134 (NoA=1) T11,1,3-6b5b6h5b6e5b6b5b6b5b6g5b
C136 (NoA=1) T11,1,3-6b5b6h5b6e5b6c5b6f5b6b5b6b
C136 (NoA=1) T11,1,3-6b5b6h5b6f5b6b5b6e5b6c5b6b
C136 (NoA=1) T11,1,3-6b5b6h5b6f5b6c5b6d5b6b5b6c
C140 (NoA=1) T11,1,3-6b5b6h5b6g5b6g5b6b5b6b5b6b
C140 (NoA=1) T11,1,3-6b5b6n5b6b5b6b5b6b5b6g5b
C142 (NoA=1) T11,1,3-6b5b6n5b6b5b6c5b6f5b6b5b6b
C142 (NoA=1) T11,1,3-6b5b6n5b6c5b6b5b6e5b6c5b6b
C142 (NoA=1) T11,1,3-6b5b6n5b6c5b6c5b6d5b6b5b6c
C146 (NoA=1) T11,1,3-6b5b6n5b6d5b6g5b6b5b6b5b6b
C142 (NoA=1) T11,1,3-6b5b6o5b6b5b6b5b6c5b6f5b
C142 (NoA=1) T11,1,3-6b5b6o5b6b5b6b5b6d5b6d5b6b
C142 (NoA=1) T11,1,3-6b5b6o5b6b5b6c5b6c5b6c5b6c
C142 (NoA=1) T11,1,3-6b5b6o5b6c5b6b5b6c5b6b5b6d
C144 (NoA=1) T11,1,3-6b5b6o5b6c5b6d5b6c5b6b5b6c
C144 (NoA=1) T11,1,3-6b5b6p5b6b5b6d5b6b5b6c5b6c
C146 (NoA=1) T11,1,3-6b5b6p5b6b5b6e5b6e5b6b5b
C144 (NoA=1) T11,1,3-6b5b6p5b6c5b6c5b6b5b6b5b6d
C146 (NoA=1) T11,1,3-6b5b6p5b6d5b6d5b6b5b6c5b6b
C148 (NoA=1) T11,1,3-6b5b6q5b6e5b6c5b6b5b6c5b6b
C148 (NoA=1) T11,1,3-6b5b6q5b6f5b6b5b6b5b6b5b6c
C152 (NoA=1) T11,1,3-6b5b6q5b6g5b6d5b6b5b6b5b6b
C160 (NoA=1) T11,1,3-6b5b6y5b6c5b6d5b6b5b6b5b6b
C124 (NoA=1) T11,1,3-6c5b6b5b6c5b6b5b6b5b6i5b
C126 (NoA=1) T11,1,3-6c5b6b5b6c5b6c5b6g5b6b5b6c
C126 (NoA=1) T11,1,3-6c5b6b5b6d5b6b5b6f5b6c5b6c
C126 (NoA=1) T11,1,3-6c5b6b5b6d5b6c5b6e5b6b5b6d
C130 (NoA=1) T11,1,3-6c5b6b5b6e5b6h5b6b5b6c5b6b
C124 (NoA=1) T11,1,3-6c5b6c5b6b5b6b5b6b5b6h5b6b
C124 (NoA=1) T11,1,3-6c5b6c5b6b5b6b5b6c5b6f5b6c
C124 (NoA=1) T11,1,3-6c5b6c5b6b5b6c5b6b5b6e5b6d
C124 (NoA=1) T11,1,3-6c5b6c5b6c5b6b5b6b5b6d5b6e
C128 (NoA=1) T11,1,3-6c5b6c5b6c5b6b5b6i5b6b5b6b
C128 (NoA=1) T11,1,3-6c5b6c5b6c5b6b5b6j5b6b5b
C128 (NoA=1) T11,1,3-6c5b6c5b6c5b6c5b6g5b6c5b6b
C128 (NoA=1) T11,1,3-6c5b6c5b6d5b6b5b6e5b6f5b
C128 (NoA=1) T11,1,3-6c5b6c5b6d5b6b5b6f5b6d5b6b
C130 (NoA=1) T11,1,3-6c5b6c5b6d5b6h5b6b5b6b5b6c
C130 (NoA=1) T11,1,3-6c5b6c5b6e5b6f5b6b5b6b5b6d
C124 (NoA=1) T11,1,3-6c5b6d5b6b5b6b5b6b5b6c5b6f
C126 (NoA=1) T11,1,3-6c5b6d5b6b5b6b5b6d5b6e5b6c
C126 (NoA=1) T11,1,3-6c5b6d5b6b5b6c5b6c5b6d5b6d
C128 (NoA=1) T11,1,3-6c5b6d5b6b5b6c5b6i5b6b5b
C128 (NoA=1) T11,1,3-6c5b6d5b6b5b6d5b6f5b6c5b6b
C128 (NoA=1) T11,1,3-6c5b6d5b6b5b6d5b6g5b6c5b
C126 (NoA=1) T11,1,3-6c5b6d5b6c5b6b5b6c5b6c5b6e
C128 (NoA=1) T11,1,3-6c5b6d5b6c5b6b5b6d5b6g5b
C128 (NoA=1) T11,1,3-6c5b6d5b6c5b6c5b6e5b6d5b6b
C132 (NoA=1) T11,1,3-6c5b6d5b6c5b6j5b6b5b6b5b6b
C134 (NoA=1) T11,1,3-6c5b6d5b6c5b6k5b6b5b6b5b6b
C130 (NoA=1) T11,1,3-6c5b6d5b6d5b6e5b6c5b6b5b6d
C132 (NoA=1) T11,1,3-6c5b6d5b6d5b6g5b6c5b6b5b6c
C132 (NoA=1) T11,1,3-6c5b6d5b6d5b6g5b6d5b6c5b
C132 (NoA=1) T11,1,3-6c5b6d5b6d5b6h5b6c5b6b5b6b
C132 (NoA=1) T11,1,3-6c5b6d5b6e5b6f5b6b5b6c5b6c
C134 (NoA=1) T11,1,3-6c5b6d5b6e5b6g5b6e5b6b5b
C126 (NoA=1) T11,1,3-6c5b6e5b6b5b6b5b6c5b6b5b6f
C128 (NoA=1) T11,1,3-6c5b6e5b6b5b6c5b6c5b6g5b
C128 (NoA=1) T11,1,3-6c5b6e5b6b5b6c5b6d5b6e5b6b
C130 (NoA=1) T11,1,3-6c5b6e5b6b5b6e5b6e5b6c5b6b
C130 (NoA=1) T11,1,3-6c5b6e5b6b5b6e5b6f5b6c5b
C130 (NoA=1) T11,1,3-6c5b6e5b6b5b6f5b6d5b6b5b6c
C130 (NoA=1) T11,1,3-6c5b6e5b6c5b6d5b6d5b6d5b6b
C130 (NoA=1) T11,1,3-6c5b6e5b6c5b6e5b6c5b6c5b6c
C132 (NoA=1) T11,1,3-6c5b6e5b6c5b6e5b6e5b6c5b6b
C132 (NoA=1) T11,1,3-6c5b6e5b6c5b6f5b6d5b6b5b6c
C132 (NoA=1) T11,1,3-6c5b6e5b6c5b6f5b6e5b6c5b
C132 (NoA=1) T11,1,3-6c5b6e5b6d5b6d5b6c5b6f5b
C132 (NoA=1) T11,1,3-6c5b6e5b6d5b6d5b6d5b6d5b6b
C130 (NoA=1) T11,1,3-6c5b6e5b6d5b6e5b6b5b6c5b6c
C132 (NoA=1) T11,1,3-6c5b6e5b6d5b6e5b6c5b6c5b6c
C130 (NoA=1) T11,1,3-6c5b6e5b6e5b6d5b6b5b6b5b6d
C136 (NoA=1) T11,1,3-6c5b6e5b6k5b6b5b6b5b6b5b6c
C138 (NoA=1) T11,1,3-6c5b6e5b6k5b6c5b6b5b6c5b6b
C138 (NoA=1) T11,1,3-6c5b6e5b6l5b6b5b6b5b6b5b6c
C138 (NoA=1) T11,1,3-6c5b6e5b6l5b6c5b6c5b6b5b
C142 (NoA=1) T11,1,3-6c5b6e5b6m5b6d5b6b5b6b5b6b
C130 (NoA=1) T11,1,3-6c5b6f5b6b5b6d5b6b5b6g5b
C130 (NoA=1) T11,1,3-6c5b6f5b6b5b6d5b6c5b6e5b6b
C130 (NoA=1) T11,1,3-6c5b6f5b6b5b6e5b6b5b6d5b6c
C132 (NoA=1) T11,1,3-6c5b6f5b6c5b6d5b6b5b6g5b
C134 (NoA=1) T11,1,3-6c5b6f5b6c5b6e5b6f5b6b5b6b
C130 (NoA=1) T11,1,3-6c5b6f5b6d5b6c5b6b5b6b5b6e
C132 (NoA=1) T11,1,3-6c5b6f5b6f5b6c5b6b5b6b5b6d
C136 (NoA=1) T11,1,3-6c5b6f5b6g5b6d5b6b5b6c5b6c
C138 (NoA=1) T11,1,3-6c5b6f5b6g5b6e5b6e5b6b5b
C136 (NoA=1) T11,1,3-6c5b6f5b6h5b6c5b6b5b6b5b6d
C136 (NoA=1) T11,1,3-6c5b6f5b6h5b6c5b6c5b6d5b
C136 (NoA=1) T11,1,3-6c5b6f5b6h5b6d5b6b5b6c5b6b
C136 (NoA=1) T11,1,3-6c5b6f5b6i5b6c5b6b5b6b5b6c
C138 (NoA=1) T11,1,3-6c5b6f5b6i5b6d5b6b5b6c5b6b
C132 (NoA=1) T11,1,3-6c5b6g5b6e5b6b5b6b5b6b5b6e
C136 (NoA=1) T11,1,3-6c5b6g5b6f5b6b5b6c5b6f5b
C136 (NoA=1) T11,1,3-6c5b6g5b6f5b6b5b6d5b6d5b6b
C136 (NoA=1) T11,1,3-6c5b6g5b6f5b6c5b6c5b6c5b6c
C136 (NoA=1) T11,1,3-6c5b6g5b6g5b6b5b6c5b6b5b6d
C136 (NoA=1) T11,1,3-6c5b6g5b6g5b6b5b6d5b6d5b
C138 (NoA=1) T11,1,3-6c5b6g5b6g5b6d5b6c5b6b5b6c
C138 (NoA=1) T11,1,3-6c5b6g5b6h5b6e5b6b5b6b5b6b
C136 (NoA=1) T11,1,3-6c5b6h5b6e5b6b5b6b5b6g5b
C138 (NoA=1) T11,1,3-6c5b6h5b6e5b6c5b6f5b6b5b6b
C138 (NoA=1) T11,1,3-6c5b6h5b6f5b6b5b6e5b6c5b6b
C138 (NoA=1) T11,1,3-6c5b6h5b6f5b6c5b6d5b6b5b6c
C142 (NoA=1) T11,1,3-6c5b6h5b6g5b6g5b6b5b6b5b6b
C142 (NoA=1) T11,1,3-6c5b6n5b6b5b6b5b6b5b6g5b
C144 (NoA=1) T11,1,3-6c5b6n5b6b5b6c5b6f5b6b5b6b
C144 (NoA=1) T11,1,3-6c5b6n5b6c5b6b5b6e5b6c5b6b
C144 (NoA=1) T11,1,3-6c5b6n5b6c5b6c5b6d5b6b5b6c
C148 (NoA=1) T11,1,3-6c5b6n5b6d5b6g5b6b5b6b5b6b
C144 (NoA=1) T11,1,3-6c5b6o5b6b5b6b5b6c5b6f5b
C144 (NoA=1) T11,1,3-6c5b6o5b6b5b6b5b6d5b6d5b6b
C144 (NoA=1) T11,1,3-6c5b6o5b6b5b6c5b6c5b6c5b6c
C144 (NoA=1) T11,1,3-6c5b6o5b6c5b6b5b6c5b6b5b6d
C146 (NoA=1) T11,1,3-6c5b6o5b6c5b6d5b6c5b6b5b6c
C146 (NoA=1) T11,1,3-6c5b6p5b6b5b6d5b6b5b6c5b6c
C148 (NoA=1) T11,1,3-6c5b6p5b6b5b6e5b6e5b6b5b
C146 (NoA=1) T11,1,3-6c5b6p5b6c5b6c5b6b5b6b5b6d
C148 (NoA=1) T11,1,3-6c5b6p5b6d5b6d5b6b5b6c5b6b
C150 (NoA=1) T11,1,3-6c5b6q5b6e5b6c5b6b5b6c5b6b
C150 (NoA=1) T11,1,3-6c5b6q5b6f5b6b5b6b5b6b5b6c
C154 (NoA=1) T11,1,3-6c5b6q5b6g5b6d5b6b5b6b5b6b
C162 (NoA=1) T11,1,3-6c5b6y5b6c5b6d5b6b5b6b5b6b
C126 (NoA=1) T11,1,3-6d5b6b5b6c5b6b5b6b5b6i5b
C128 (NoA=1) T11,1,3-6d5b6b5b6c5b6c5b6g5b6b5b6c
C128 (NoA=1) T11,1,3-6d5b6b5b6d5b6b5b6f5b6c5b6c
C128 (NoA=1) T11,1,3-6d5b6b5b6d5b6c5b6e5b6b5b6d
C132 (NoA=1) T11,1,3-6d5b6b5b6e5b6h5b6b5b6c5b6b
C126 (NoA=1) T11,1,3-6d5b6c5b6b5b6b5b6b5b6h5b6b
C126 (NoA=1) T11,1,3-6d5b6c5b6b5b6b5b6c5b6f5b6c
C126 (NoA=1) T11,1,3-6d5b6c5b6b5b6c5b6b5b6e5b6d
C126 (NoA=1) T11,1,3-6d5b6c5b6c5b6b5b6b5b6d5b6e
C130 (NoA=1) T11,1,3-6d5b6c5b6c5b6b5b6i5b6b5b6b
C130 (NoA=1) T11,1,3-6d5b6c5b6c5b6b5b6j5b6b5b
C130 (NoA=1) T11,1,3-6d5b6c5b6c5b6c5b6g5b6c5b6b
C130 (NoA=1) T11,1,3-6d5b6c5b6d5b6b5b6e5b6f5b
C130 (NoA=1) T11,1,3-6d5b6c5b6d5b6b5b6f5b6d5b6b
C132 (NoA=1) T11,1,3-6d5b6c5b6d5b6h5b6b5b6b5b6c
C132 (NoA=1) T11,1,3-6d5b6c5b6e5b6f5b6b5b6b5b6d
C126 (NoA=1) T11,1,3-6d5b6d5b6b5b6b5b6b5b6c5b6f
C128 (NoA=1) T11,1,3-6d5b6d5b6b5b6b5b6d5b6e5b6c
C128 (NoA=1) T11,1,3-6d5b6d5b6b5b6c5b6c5b6d5b6d
C130 (NoA=1) T11,1,3-6d5b6d5b6b5b6c5b6i5b6b5b
C130 (NoA=1) T11,1,3-6d5b6d5b6b5b6d5b6f5b6c5b6b
C130 (NoA=1) T11,1,3-6d5b6d5b6b5b6d5b6g5b6c5b
C128 (NoA=1) T11,1,3-6d5b6d5b6c5b6b5b6c5b6c5b6e
C130 (NoA=1) T11,1,3-6d5b6d5b6c5b6b5b6d5b6g5b
C130 (NoA=1) T11,1,3-6d5b6d5b6c5b6c5b6e5b6d5b6b
C134 (NoA=1) T11,1,3-6d5b6d5b6c5b6j5b6b5b6b5b6b
C136 (NoA=1) T11,1,3-6d5b6d5b6c5b6k5b6b5b6b5b6b
C132 (NoA=1) T11,1,3-6d5b6d5b6d5b6e5b6c5b6b5b6d
C134 (NoA=1) T11,1,3-6d5b6d5b6d5b6g5b6c5b6b5b6c
C134 (NoA=1) T11,1,3-6d5b6d5b6d5b6g5b6d5b6c5b
C134 (NoA=1) T11,1,3-6d5b6d5b6d5b6h5b6c5b6b5b6b
C134 (NoA=1) T11,1,3-6d5b6d5b6e5b6f5b6b5b6c5b6c
C136 (NoA=1) T11,1,3-6d5b6d5b6e5b6g5b6e5b6b5b
C128 (NoA=1) T11,1,3-6d5b6e5b6b5b6b5b6c5b6b5b6f
C130 (NoA=1) T11,1,3-6d5b6e5b6b5b6c5b6c5b6g5b
C130 (NoA=1) T11,1,3-6d5b6e5b6b5b6c5b6d5b6e5b6b
C132 (NoA=1) T11,1,3-6d5b6e5b6b5b6e5b6e5b6c5b6b
C132 (NoA=1) T11,1,3-6d5b6e5b6b5b6e5b6f5b6c5b
C132 (NoA=1) T11,1,3-6d5b6e5b6b5b6f5b6d5b6b5b6c
C132 (NoA=1) T11,1,3-6d5b6e5b6c5b6d5b6d5b6d5b6b
C132 (NoA=1) T11,1,3-6d5b6e5b6c5b6e5b6c5b6c5b6c
C134 (NoA=1) T11,1,3-6d5b6e5b6c5b6e5b6e5b6c5b6b
C134 (NoA=1) T11,1,3-6d5b6e5b6c5b6f5b6d5b6b5b6c
C134 (NoA=1) T11,1,3-6d5b6e5b6c5b6f5b6e5b6c5b
C134 (NoA=1) T11,1,3-6d5b6e5b6d5b6d5b6c5b6f5b
C134 (NoA=1) T11,1,3-6d5b6e5b6d5b6d5b6d5b6d5b6b
C132 (NoA=1) T11,1,3-6d5b6e5b6d5b6e5b6b5b6c5b6c
C134 (NoA=1) T11,1,3-6d5b6e5b6d5b6e5b6c5b6c5b6c
C132 (NoA=1) T11,1,3-6d5b6e5b6e5b6d5b6b5b6b5b6d
C138 (NoA=1) T11,1,3-6d5b6e5b6k5b6b5b6b5b6b5b6c
C140 (NoA=1) T11,1,3-6d5b6e5b6k5b6c5b6b5b6c5b6b
C140 (NoA=1) T11,1,3-6d5b6e5b6l5b6b5b6b5b6b5b6c
C140 (NoA=1) T11,1,3-6d5b6e5b6l5b6c5b6c5b6b5b
C144 (NoA=1) T11,1,3-6d5b6e5b6m5b6d5b6b5b6b5b6b
C132 (NoA=1) T11,1,3-6d5b6f5b6b5b6d5b6b5b6g5b
C132 (NoA=1) T11,1,3-6d5b6f5b6b5b6d5b6c5b6e5b6b
C132 (NoA=1) T11,1,3-6d5b6f5b6b5b6e5b6b5b6d5b6c
C134 (NoA=1) T11,1,3-6d5b6f5b6c5b6d5b6b5b6g5b
C136 (NoA=1) T11,1,3-6d5b6f5b6c5b6e5b6f5b6b5b6b
C132 (NoA=1) T11,1,3-6d5b6f5b6d5b6c5b6b5b6b5b6e
C134 (NoA=1) T11,1,3-6d5b6f5b6f5b6c5b6b5b6b5b6d
C138 (NoA=1) T11,1,3-6d5b6f5b6g5b6d5b6b5b6c5b6c
C140 (NoA=1) T11,1,3-6d5b6f5b6g5b6e5b6e5b6b5b
C138 (NoA=1) T11,1,3-6d5b6f5b6h5b6c5b6b5b6b5b6d
C138 (NoA=1) T11,1,3-6d5b6f5b6h5b6c5b6c5b6d5b
C138 (NoA=1) T11,1,3-6d5b6f5b6h5b6d5b6b5b6c5b6b
C138 (NoA=1) T11,1,3-6d5b6f5b6i5b6c5b6b5b6b5b6c
C140 (NoA=1) T11,1,3-6d5b6f5b6i5b6d5b6b5b6c5b6b
C134 (NoA=1) T11,1,3-6d5b6g5b6e5b6b5b6b5b6b5b6e
C138 (NoA=1) T11,1,3-6d5b6g5b6f5b6b5b6c5b6f5b
C138 (NoA=1) T11,1,3-6d5b6g5b6f5b6b5b6d5b6d5b6b
C138 (NoA=1) T11,1,3-6d5b6g5b6f5b6c5b6c5b6c5b6c
C138 (NoA=1) T11,1,3-6d5b6g5b6g5b6b5b6c5b6b5b6d
C138 (NoA=1) T11,1,3-6d5b6g5b6g5b6b5b6d5b6d5b
C140 (NoA=1) T11,1,3-6d5b6g5b6g5b6d5b6c5b6b5b6c
C140 (NoA=1) T11,1,3-6d5b6g5b6h5b6e5b6b5b6b5b6b
C138 (NoA=1) T11,1,3-6d5b6h5b6e5b6b5b6b5b6g5b
C140 (NoA=1) T11,1,3-6d5b6h5b6e5b6c5b6f5b6b5b6b
C140 (NoA=1) T11,1,3-6d5b6h5b6f5b6b5b6e5b6c5b6b
C140 (NoA=1) T11,1,3-6d5b6h5b6f5b6c5b6d5b6b5b6c
C144 (NoA=1) T11,1,3-6d5b6h5b6g5b6g5b6b5b6b5b6b
C144 (NoA=1) T11,1,3-6d5b6n5b6b5b6b5b6b5b6g5b
C146 (NoA=1) T11,1,3-6d5b6n5b6b5b6c5b6f5b6b5b6b
C146 (NoA=1) T11,1,3-6d5b6n5b6c5b6b5b6e5b6c5b6b
C146 (NoA=1) T11,1,3-6d5b6n5b6c5b6c5b6d5b6b5b6c
C150 (NoA=1) T11,1,3-6d5b6n5b6d5b6g5b6b5b6b5b6b
C146 (NoA=1) T11,1,3-6d5b6o5b6b5b6b5b6c5b6f5b
C146 (NoA=1) T11,1,3-6d5b6o5b6b5b6b5b6d5b6d5b6b
C146 (NoA=1) T11,1,3-6d5b6o5b6b5b6c5b6c5b6c5b6c
C146 (NoA=1) T11,1,3-6d5b6o5b6c5b6b5b6c5b6b5b6d
C148 (NoA=1) T11,1,3-6d5b6o5b6c5b6d5b6c5b6b5b6c
C148 (NoA=1) T11,1,3-6d5b6p5b6b5b6d5b6b5b6c5b6c
C150 (NoA=1) T11,1,3-6d5b6p5b6b5b6e5b6e5b6b5b
C148 (NoA=1) T11,1,3-6d5b6p5b6c5b6c5b6b5b6b5b6d
C150 (NoA=1) T11,1,3-6d5b6p5b6d5b6d5b6b5b6c5b6b
C152 (NoA=1) T11,1,3-6d5b6q5b6e5b6c5b6b5b6c5b6b
C152 (NoA=1) T11,1,3-6d5b6q5b6f5b6b5b6b5b6b5b6c
C156 (NoA=1) T11,1,3-6d5b6q5b6g5b6d5b6b5b6b5b6b
C164 (NoA=1) T11,1,3-6d5b6y5b6c5b6d5b6b5b6b5b6b
C128 (NoA=1) T11,1,3-6e5b6b5b6c5b6b5b6b5b6i5b
C130 (NoA=1) T11,1,3-6e5b6b5b6c5b6c5b6g5b6b5b6c
C130 (NoA=1) T11,1,3-6e5b6b5b6d5b6b5b6f5b6c5b6c
C130 (NoA=1) T11,1,3-6e5b6b5b6d5b6c5b6e5b6b5b6d
C134 (NoA=1) T11,1,3-6e5b6b5b6e5b6h5b6b5b6c5b6b
C128 (NoA=1) T11,1,3-6e5b6c5b6b5b6b5b6b5b6h5b6b
C128 (NoA=1) T11,1,3-6e5b6c5b6b5b6b5b6c5b6f5b6c
C128 (NoA=1) T11,1,3-6e5b6c5b6b5b6c5b6b5b6e5b6d
C128 (NoA=1) T11,1,3-6e5b6c5b6c5b6b5b6b5b6d5b6e
C132 (NoA=1) T11,1,3-6e5b6c5b6c5b6b5b6i5b6b5b6b
C132 (NoA=1) T11,1,3-6e5b6c5b6c5b6b5b6j5b6b5b
C132 (NoA=1) T11,1,3-6e5b6c5b6c5b6c5b6g5b6c5b6b
C132 (NoA=1) T11,1,3-6e5b6c5b6d5b6b5b6e5b6f5b
C132 (NoA=1) T11,1,3-6e5b6c5b6d5b6b5b6f5b6d5b6b
C134 (NoA=1) T11,1,3-6e5b6c5b6d5b6h5b6b5b6b5b6c
C134 (NoA=1) T11,1,3-6e5b6c5b6e5b6f5b6b5b6b5b6d
C128 (NoA=1) T11,1,3-6e5b6d5b6b5b6b5b6b5b6c5b6f
C130 (NoA=1) T11,1,3-6e5b6d5b6b5b6b5b6d5b6e5b6c
C130 (NoA=1) T11,1,3-6e5b6d5b6b5b6c5b6c5b6d5b6d
C132 (NoA=1) T11,1,3-6e5b6d5b6b5b6c5b6i5b6b5b
C132 (NoA=1) T11,1,3-6e5b6d5b6b5b6d5b6f5b6c5b6b
C132 (NoA=1) T11,1,3-6e5b6d5b6b5b6d5b6g5b6c5b
C130 (NoA=1) T11,1,3-6e5b6d5b6c5b6b5b6c5b6c5b6e
C132 (NoA=1) T11,1,3-6e5b6d5b6c5b6b5b6d5b6g5b
C132 (NoA=1) T11,1,3-6e5b6d5b6c5b6c5b6e5b6d5b6b
C136 (NoA=1) T11,1,3-6e5b6d5b6c5b6j5b6b5b6b5b6b
C138 (NoA=1) T11,1,3-6e5b6d5b6c5b6k5b6b5b6b5b6b
C134 (NoA=1) T11,1,3-6e5b6d5b6d5b6e5b6c5b6b5b6d
C136 (NoA=1) T11,1,3-6e5b6d5b6d5b6g5b6c5b6b5b6c
C136 (NoA=1) T11,1,3-6e5b6d5b6d5b6g5b6d5b6c5b
C136 (NoA=1) T11,1,3-6e5b6d5b6d5b6h5b6c5b6b5b6b
C136 (NoA=1) T11,1,3-6e5b6d5b6e5b6f5b6b5b6c5b6c
C138 (NoA=1) T11,1,3-6e5b6d5b6e5b6g5b6e5b6b5b
C130 (NoA=1) T11,1,3-6e5b6e5b6b5b6b5b6c5b6b5b6f
C132 (NoA=1) T11,1,3-6e5b6e5b6b5b6c5b6c5b6g5b
C132 (NoA=1) T11,1,3-6e5b6e5b6b5b6c5b6d5b6e5b6b
C134 (NoA=1) T11,1,3-6e5b6e5b6b5b6e5b6e5b6c5b6b
C134 (NoA=1) T11,1,3-6e5b6e5b6b5b6e5b6f5b6c5b
C134 (NoA=1) T11,1,3-6e5b6e5b6b5b6f5b6d5b6b5b6c
C134 (NoA=1) T11,1,3-6e5b6e5b6c5b6d5b6d5b6d5b6b
C134 (NoA=1) T11,1,3-6e5b6e5b6c5b6e5b6c5b6c5b6c
C136 (NoA=1) T11,1,3-6e5b6e5b6c5b6e5b6e5b6c5b6b
C136 (NoA=1) T11,1,3-6e5b6e5b6c5b6f5b6d5b6b5b6c
C136 (NoA=1) T11,1,3-6e5b6e5b6c5b6f5b6e5b6c5b
C136 (NoA=1) T11,1,3-6e5b6e5b6d5b6d5b6c5b6f5b
C136 (NoA=1) T11,1,3-6e5b6e5b6d5b6d5b6d5b6d5b6b
C134 (NoA=1) T11,1,3-6e5b6e5b6d5b6e5b6b5b6c5b6c
C136 (NoA=1) T11,1,3-6e5b6e5b6d5b6e5b6c5b6c5b6c
C134 (NoA=1) T11,1,3-6e5b6e5b6e5b6d5b6b5b6b5b6d
C140 (NoA=1) T11,1,3-6e5b6e5b6k5b6b5b6b5b6b5b6c
C142 (NoA=1) T11,1,3-6e5b6e5b6k5b6c5b6b5b6c5b6b
C142 (NoA=1) T11,1,3-6e5b6e5b6l5b6b5b6b5b6b5b6c
C142 (NoA=1) T11,1,3-6e5b6e5b6l5b6c5b6c5b6b5b
C146 (NoA=1) T11,1,3-6e5b6e5b6m5b6d5b6b5b6b5b6b
C134 (NoA=1) T11,1,3-6e5b6f5b6b5b6d5b6b5b6g5b
C134 (NoA=1) T11,1,3-6e5b6f5b6b5b6d5b6c5b6e5b6b
C134 (NoA=1) T11,1,3-6e5b6f5b6b5b6e5b6b5b6d5b6c
C136 (NoA=1) T11,1,3-6e5b6f5b6c5b6d5b6b5b6g5b
C138 (NoA=1) T11,1,3-6e5b6f5b6c5b6e5b6f5b6b5b6b
C134 (NoA=1) T11,1,3-6e5b6f5b6d5b6c5b6b5b6b5b6e
C136 (NoA=1) T11,1,3-6e5b6f5b6f5b6c5b6b5b6b5b6d
C140 (NoA=1) T11,1,3-6e5b6f5b6g5b6d5b6b5b6c5b6c
C142 (NoA=1) T11,1,3-6e5b6f5b6g5b6e5b6e5b6b5b
C140 (NoA=1) T11,1,3-6e5b6f5b6h5b6c5b6b5b6b5b6d
C140 (NoA=1) T11,1,3-6e5b6f5b6h5b6c5b6c5b6d5b
C140 (NoA=1) T11,1,3-6e5b6f5b6h5b6d5b6b5b6c5b6b
C140 (NoA=1) T11,1,3-6e5b6f5b6i5b6c5b6b5b6b5b6c
C142 (NoA=1) T11,1,3-6e5b6f5b6i5b6d5b6b5b6c5b6b
C136 (NoA=1) T11,1,3-6e5b6g5b6e5b6b5b6b5b6b5b6e
C140 (NoA=1) T11,1,3-6e5b6g5b6f5b6b5b6c5b6f5b
C140 (NoA=1) T11,1,3-6e5b6g5b6f5b6b5b6d5b6d5b6b
C140 (NoA=1) T11,1,3-6e5b6g5b6f5b6c5b6c5b6c5b6c
C140 (NoA=1) T11,1,3-6e5b6g5b6g5b6b5b6c5b6b5b6d
C140 (NoA=1) T11,1,3-6e5b6g5b6g5b6b5b6d5b6d5b
C142 (NoA=1) T11,1,3-6e5b6g5b6g5b6d5b6c5b6b5b6c
C142 (NoA=1) T11,1,3-6e5b6g5b6h5b6e5b6b5b6b5b6b
C140 (NoA=1) T11,1,3-6e5b6h5b6e5b6b5b6b5b6g5b
C142 (NoA=1) T11,1,3-6e5b6h5b6e5b6c5b6f5b6b5b6b
C142 (NoA=1) T11,1,3-6e5b6h5b6f5b6b5b6e5b6c5b6b
C142 (NoA=1) T11,1,3-6e5b6h5b6f5b6c5b6d5b6b5b6c
C146 (NoA=1) T11,1,3-6e5b6h5b6g5b6g5b6b5b6b5b6b
C146 (NoA=1) T11,1,3-6e5b6n5b6b5b6b5b6b5b6g5b
C148 (NoA=1) T11,1,3-6e5b6n5b6b5b6c5b6f5b6b5b6b
C148 (NoA=1) T11,1,3-6e5b6n5b6c5b6b5b6e5b6c5b6b
C148 (NoA=1) T11,1,3-6e5b6n5b6c5b6c5b6d5b6b5b6c
C152 (NoA=1) T11,1,3-6e5b6n5b6d5b6g5b6b5b6b5b6b
C148 (NoA=1) T11,1,3-6e5b6o5b6b5b6b5b6c5b6f5b
C148 (NoA=1) T11,1,3-6e5b6o5b6b5b6b5b6d5b6d5b6b
C148 (NoA=1) T11,1,3-6e5b6o5b6b5b6c5b6c5b6c5b6c
C148 (NoA=1) T11,1,3-6e5b6o5b6c5b6b5b6c5b6b5b6d
C150 (NoA=1) T11,1,3-6e5b6o5b6c5b6d5b6c5b6b5b6c
C150 (NoA=1) T11,1,3-6e5b6p5b6b5b6d5b6b5b6c5b6c
C152 (NoA=1) T11,1,3-6e5b6p5b6b5b6e5b6e5b6b5b
C150 (NoA=1) T11,1,3-6e5b6p5b6c5b6c5b6b5b6b5b6d
C152 (NoA=1) T11,1,3-6e5b6p5b6d5b6d5b6b5b6c5b6b
C154 (NoA=1) T11,1,3-6e5b6q5b6e5b6c5b6b5b6c5b6b
C154 (NoA=1) T11,1,3-6e5b6q5b6f5b6b5b6b5b6b5b6c
C158 (NoA=1) T11,1,3-6e5b6q5b6g5b6d5b6b5b6b5b6b
C166 (NoA=1) T11,1,3-6e5b6y5b6c5b6d5b6b5b6b5b6b
C130 (NoA=1) T11,1,3-6f5b6b5b6c5b6b5b6b5b6i5b
C132 (NoA=1) T11,1,3-6f5b6b5b6c5b6c5b6g5b6b5b6c
C132 (NoA=1) T11,1,3-6f5b6b5b6d5b6b5b6f5b6c5b6c
C132 (NoA=1) T11,1,3-6f5b6b5b6d5b6c5b6e5b6b5b6d
C136 (NoA=1) T11,1,3-6f5b6b5b6e5b6h5b6b5b6c5b6b
C130 (NoA=1) T11,1,3-6f5b6c5b6b5b6b5b6b5b6h5b6b
C130 (NoA=1) T11,1,3-6f5b6c5b6b5b6b5b6c5b6f5b6c
C130 (NoA=1) T11,1,3-6f5b6c5b6b5b6c5b6b5b6e5b6d
C130 (NoA=1) T11,1,3-6f5b6c5b6c5b6b5b6b5b6d5b6e
C134 (NoA=1) T11,1,3-6f5b6c5b6c5b6b5b6i5b6b5b6b
C134 (NoA=1) T11,1,3-6f5b6c5b6c5b6b5b6j5b6b5b
C134 (NoA=1) T11,1,3-6f5b6c5b6c5b6c5b6g5b6c5b6b
C134 (NoA=1) T11,1,3-6f5b6c5b6d5b6b5b6e5b6f5b
C134 (NoA=1) T11,1,3-6f5b6c5b6d5b6b5b6f5b6d5b6b
C136 (NoA=1) T11,1,3-6f5b6c5b6d5b6h5b6b5b6b5b6c
C136 (NoA=1) T11,1,3-6f5b6c5b6e5b6f5b6b5b6b5b6d
C130 (NoA=1) T11,1,3-6f5b6d5b6b5b6b5b6b5b6c5b6f
C132 (NoA=1) T11,1,3-6f5b6d5b6b5b6b5b6d5b6e5b6c
C132 (NoA=1) T11,1,3-6f5b6d5b6b5b6c5b6c5b6d5b6d
C134 (NoA=1) T11,1,3-6f5b6d5b6b5b6c5b6i5b6b5b
C134 (NoA=1) T11,1,3-6f5b6d5b6b5b6d5b6f5b6c5b6b
C134 (NoA=1) T11,1,3-6f5b6d5b6b5b6d5b6g5b6c5b
C132 (NoA=1) T11,1,3-6f5b6d5b6c5b6b5b6c5b6c5b6e
C134 (NoA=1) T11,1,3-6f5b6d5b6c5b6b5b6d5b6g5b
C134 (NoA=1) T11,1,3-6f5b6d5b6c5b6c5b6e5b6d5b6b
C138 (NoA=1) T11,1,3-6f5b6d5b6c5b6j5b6b5b6b5b6b
C140 (NoA=1) T11,1,3-6f5b6d5b6c5b6k5b6b5b6b5b6b
C136 (NoA=1) T11,1,3-6f5b6d5b6d5b6e5b6c5b6b5b6d
C138 (NoA=1) T11,1,3-6f5b6d5b6d5b6g5b6c5b6b5b6c
C138 (NoA=1) T11,1,3-6f5b6d5b6d5b6g5b6d5b6c5b
C138 (NoA=1) T11,1,3-6f5b6d5b6d5b6h5b6c5b6b5b6b
C138 (NoA=1) T11,1,3-6f5b6d5b6e5b6f5b6b5b6c5b6c
C140 (NoA=1) T11,1,3-6f5b6d5b6e5b6g5b6e5b6b5b
C132 (NoA=1) T11,1,3-6f5b6e5b6b5b6b5b6c5b6b5b6f
C134 (NoA=1) T11,1,3-6f5b6e5b6b5b6c5b6c5b6g5b
C134 (NoA=1) T11,1,3-6f5b6e5b6b5b6c5b6d5b6e5b6b
C136 (NoA=1) T11,1,3-6f5b6e5b6b5b6e5b6e5b6c5b6b
C136 (NoA=1) T11,1,3-6f5b6e5b6b5b6e5b6f5b6c5b
C136 (NoA=1) T11,1,3-6f5b6e5b6b5b6f5b6d5b6b5b6c
C136 (NoA=1) T11,1,3-6f5b6e5b6c5b6d5b6d5b6d5b6b
C136 (NoA=1) T11,1,3-6f5b6e5b6c5b6e5b6c5b6c5b6c
C138 (NoA=1) T11,1,3-6f5b6e5b6c5b6e5b6e5b6c5b6b
C138 (NoA=1) T11,1,3-6f5b6e5b6c5b6f5b6d5b6b5b6c
C138 (NoA=1) T11,1,3-6f5b6e5b6c5b6f5b6e5b6c5b
C138 (NoA=1) T11,1,3-6f5b6e5b6d5b6d5b6c5b6f5b
C138 (NoA=1) T11,1,3-6f5b6e5b6d5b6d5b6d5b6d5b6b
C136 (NoA=1) T11,1,3-6f5b6e5b6d5b6e5b6b5b6c5b6c
C138 (NoA=1) T11,1,3-6f5b6e5b6d5b6e5b6c5b6c5b6c
C136 (NoA=1) T11,1,3-6f5b6e5b6e5b6d5b6b5b6b5b6d
C142 (NoA=1) T11,1,3-6f5b6e5b6k5b6b5b6b5b6b5b6c
C144 (NoA=1) T11,1,3-6f5b6e5b6k5b6c5b6b5b6c5b6b
C144 (NoA=1) T11,1,3-6f5b6e5b6l5b6b5b6b5b6b5b6c
C144 (NoA=1) T11,1,3-6f5b6e5b6l5b6c5b6c5b6b5b
C148 (NoA=1) T11,1,3-6f5b6e5b6m5b6d5b6b5b6b5b6b
C136 (NoA=1) T11,1,3-6f5b6f5b6b5b6d5b6b5b6g5b
C136 (NoA=1) T11,1,3-6f5b6f5b6b5b6d5b6c5b6e5b6b
C136 (NoA=1) T11,1,3-6f5b6f5b6b5b6e5b6b5b6d5b6c
C138 (NoA=1) T11,1,3-6f5b6f5b6c5b6d5b6b5b6g5b
C140 (NoA=1) T11,1,3-6f5b6f5b6c5b6e5b6f5b6b5b6b
C136 (NoA=1) T11,1,3-6f5b6f5b6d5b6c5b6b5b6b5b6e
C138 (NoA=1) T11,1,3-6f5b6f5b6f5b6c5b6b5b6b5b6d
C142 (NoA=1) T11,1,3-6f5b6f5b6g5b6d5b6b5b6c5b6c
C144 (NoA=1) T11,1,3-6f5b6f5b6g5b6e5b6e5b6b5b
C142 (NoA=1) T11,1,3-6f5b6f5b6h5b6c5b6b5b6b5b6d
C142 (NoA=1) T11,1,3-6f5b6f5b6h5b6c5b6c5b6d5b
C142 (NoA=1) T11,1,3-6f5b6f5b6h5b6d5b6b5b6c5b6b
C142 (NoA=1) T11,1,3-6f5b6f5b6i5b6c5b6b5b6b5b6c
C144 (NoA=1) T11,1,3-6f5b6f5b6i5b6d5b6b5b6c5b6b
C138 (NoA=1) T11,1,3-6f5b6g5b6e5b6b5b6b5b6b5b6e
C142 (NoA=1) T11,1,3-6f5b6g5b6f5b6b5b6c5b6f5b
C142 (NoA=1) T11,1,3-6f5b6g5b6f5b6b5b6d5b6d5b6b
C142 (NoA=1) T11,1,3-6f5b6g5b6f5b6c5b6c5b6c5b6c
C142 (NoA=1) T11,1,3-6f5b6g5b6g5b6b5b6c5b6b5b6d
C142 (NoA=1) T11,1,3-6f5b6g5b6g5b6b5b6d5b6d5b
C144 (NoA=1) T11,1,3-6f5b6g5b6g5b6d5b6c5b6b5b6c
C144 (NoA=1) T11,1,3-6f5b6g5b6h5b6e5b6b5b6b5b6b
C142 (NoA=1) T11,1,3-6f5b6h5b6e5b6b5b6b5b6g5b
C144 (NoA=1) T11,1,3-6f5b6h5b6e5b6c5b6f5b6b5b6b
C144 (NoA=1) T11,1,3-6f5b6h5b6f5b6b5b6e5b6c5b6b
C144 (NoA=1) T11,1,3-6f5b6h5b6f5b6c5b6d5b6b5b6c
C148 (NoA=1) T11,1,3-6f5b6h5b6g5b6g5b6b5b6b5b6b
C148 (NoA=1) T11,1,3-6f5b6n5b6b5b6b5b6b5b6g5b
C150 (NoA=1) T11,1,3-6f5b6n5b6b5b6c5b6f5b6b5b6b
C150 (NoA=1) T11,1,3-6f5b6n5b6c5b6b5b6e5b6c5b6b
C150 (NoA=1) T11,1,3-6f5b6n5b6c5b6c5b6d5b6b5b6c
C154 (NoA=1) T11,1,3-6f5b6n5b6d5b6g5b6b5b6b5b6b
C150 (NoA=1) T11,1,3-6f5b6o5b6b5b6b5b6c5b6f5b
C150 (NoA=1) T11,1,3-6f5b6o5b6b5b6b5b6d5b6d5b6b
C150 (NoA=1) T11,1,3-6f5b6o5b6b5b6c5b6c5b6c5b6c
C150 (NoA=1) T11,1,3-6f5b6o5b6c5b6b5b6c5b6b5b6d
C152 (NoA=1) T11,1,3-6f5b6o5b6c5b6d5b6c5b6b5b6c
C152 (NoA=1) T11,1,3-6f5b6p5b6b5b6d5b6b5b6c5b6c
C154 (NoA=1) T11,1,3-6f5b6p5b6b5b6e5b6e5b6b5b
C152 (NoA=1) T11,1,3-6f5b6p5b6c5b6c5b6b5b6b5b6d
C154 (NoA=1) T11,1,3-6f5b6p5b6d5b6d5b6b5b6c5b6b
C156 (NoA=1) T11,1,3-6f5b6q5b6e5b6c5b6b5b6c5b6b
C156 (NoA=1) T11,1,3-6f5b6q5b6f5b6b5b6b5b6b5b6c
C160 (NoA=1) T11,1,3-6f5b6q5b6g5b6d5b6b5b6b5b6b
C168 (NoA=1) T11,1,3-6f5b6y5b6c5b6d5b6b5b6b5b6b
C132 (NoA=1) T11,1,3-6g5b6b5b6c5b6b5b6b5b6i5b
C134 (NoA=1) T11,1,3-6g5b6b5b6c5b6c5b6g5b6b5b6c
C134 (NoA=1) T11,1,3-6g5b6b5b6d5b6b5b6f5b6c5b6c
C134 (NoA=1) T11,1,3-6g5b6b5b6d5b6c5b6e5b6b5b6d
C138 (NoA=1) T11,1,3-6g5b6b5b6e5b6h5b6b5b6c5b6b
C132 (NoA=1) T11,1,3-6g5b6c5b6b5b6b5b6b5b6h5b6b
C132 (NoA=1) T11,1,3-6g5b6c5b6b5b6b5b6c5b6f5b6c
C132 (NoA=1) T11,1,3-6g5b6c5b6b5b6c5b6b5b6e5b6d
C132 (NoA=1) T11,1,3-6g5b6c5b6c5b6b5b6b5b6d5b6e
C136 (NoA=1) T11,1,3-6g5b6c5b6c5b6b5b6i5b6b5b6b
C136 (NoA=1) T11,1,3-6g5b6c5b6c5b6b5b6j5b6b5b
C136 (NoA=1) T11,1,3-6g5b6c5b6c5b6c5b6g5b6c5b6b
C136 (NoA=1) T11,1,3-6g5b6c5b6d5b6b5b6e5b6f5b
C136 (NoA=1) T11,1,3-6g5b6c5b6d5b6b5b6f5b6d5b6b
C138 (NoA=1) T11,1,3-6g5b6c5b6d5b6h5b6b5b6b5b6c
C138 (NoA=1) T11,1,3-6g5b6c5b6e5b6f5b6b5b6b5b6d
C132 (NoA=1) T11,1,3-6g5b6d5b6b5b6b5b6b5b6c5b6f
C134 (NoA=1) T11,1,3-6g5b6d5b6b5b6b5b6d5b6e5b6c
C134 (NoA=1) T11,1,3-6g5b6d5b6b5b6c5b6c5b6d5b6d
C136 (NoA=1) T11,1,3-6g5b6d5b6b5b6c5b6i5b6b5b
C136 (NoA=1) T11,1,3-6g5b6d5b6b5b6d5b6f5b6c5b6b
C136 (NoA=1) T11,1,3-6g5b6d5b6b5b6d5b6g5b6c5b
C134 (NoA=1) T11,1,3-6g5b6d5b6c5b6b5b6c5b6c5b6e
C136 (NoA=1) T11,1,3-6g5b6d5b6c5b6b5b6d5b6g5b
C136 (NoA=1) T11,1,3-6g5b6d5b6c5b6c5b6e5b6d5b6b
C140 (NoA=1) T11,1,3-6g5b6d5b6c5b6j5b6b5b6b5b6b
C142 (NoA=1) T11,1,3-6g5b6d5b6c5b6k5b6b5b6b5b6b
C138 (NoA=1) T11,1,3-6g5b6d5b6d5b6e5b6c5b6b5b6d
C140 (NoA=1) T11,1,3-6g5b6d5b6d5b6g5b6c5b6b5b6c
C140 (NoA=1) T11,1,3-6g5b6d5b6d5b6g5b6d5b6c5b
C140 (NoA=1) T11,1,3-6g5b6d5b6d5b6h5b6c5b6b5b6b
C140 (NoA=1) T11,1,3-6g5b6d5b6e5b6f5b6b5b6c5b6c
C142 (NoA=1) T11,1,3-6g5b6d5b6e5b6g5b6e5b6b5b
C134 (NoA=1) T11,1,3-6g5b6e5b6b5b6b5b6c5b6b5b6f
C136 (NoA=1) T11,1,3-6g5b6e5b6b5b6c5b6c5b6g5b
C136 (NoA=1) T11,1,3-6g5b6e5b6b5b6c5b6d5b6e5b6b
C138 (NoA=1) T11,1,3-6g5b6e5b6b5b6e5b6e5b6c5b6b
C138 (NoA=1) T11,1,3-6g5b6e5b6b5b6e5b6f5b6c5b
C138 (NoA=1) T11,1,3-6g5b6e5b6b5b6f5b6d5b6b5b6c
C138 (NoA=1) T11,1,3-6g5b6e5b6c5b6d5b6d5b6d5b6b
C138 (NoA=1) T11,1,3-6g5b6e5b6c5b6e5b6c5b6c5b6c
C140 (NoA=1) T11,1,3-6g5b6e5b6c5b6e5b6e5b6c5b6b
C140 (NoA=1) T11,1,3-6g5b6e5b6c5b6f5b6d5b6b5b6c
C140 (NoA=1) T11,1,3-6g5b6e5b6c5b6f5b6e5b6c5b
C140 (NoA=1) T11,1,3-6g5b6e5b6d5b6d5b6c5b6f5b
C140 (NoA=1) T11,1,3-6g5b6e5b6d5b6d5b6d5b6d5b6b
C138 (NoA=1) T11,1,3-6g5b6e5b6d5b6e5b6b5b6c5b6c
C140 (NoA=1) T11,1,3-6g5b6e5b6d5b6e5b6c5b6c5b6c
C138 (NoA=1) T11,1,3-6g5b6e5b6e5b6d5b6b5b6b5b6d
C144 (NoA=1) T11,1,3-6g5b6e5b6k5b6b5b6b5b6b5b6c
C146 (NoA=1) T11,1,3-6g5b6e5b6k5b6c5b6b5b6c5b6b
C146 (NoA=1) T11,1,3-6g5b6e5b6l5b6b5b6b5b6b5b6c
C146 (NoA=1) T11,1,3-6g5b6e5b6l5b6c5b6c5b6b5b
C150 (NoA=1) T11,1,3-6g5b6e5b6m5b6d5b6b5b6b5b6b
C138 (NoA=1) T11,1,3-6g5b6f5b6b5b6d5b6b5b6g5b
C138 (NoA=1) T11,1,3-6g5b6f5b6b5b6d5b6c5b6e5b6b
C138 (NoA=1) T11,1,3-6g5b6f5b6b5b6e5b6b5b6d5b6c
C140 (NoA=1) T11,1,3-6g5b6f5b6c5b6d5b6b5b6g5b
C142 (NoA=1) T11,1,3-6g5b6f5b6c5b6e5b6f5b6b5b6b
C138 (NoA=1) T11,1,3-6g5b6f5b6d5b6c5b6b5b6b5b6e
C140 (NoA=1) T11,1,3-6g5b6f5b6f5b6c5b6b5b6b5b6d
C144 (NoA=1) T11,1,3-6g5b6f5b6g5b6d5b6b5b6c5b6c
C146 (NoA=1) T11,1,3-6g5b6f5b6g5b6e5b6e5b6b5b
C144 (NoA=1) T11,1,3-6g5b6f5b6h5b6c5b6b5b6b5b6d
C144 (NoA=1) T11,1,3-6g5b6f5b6h5b6c5b6c5b6d5b
C144 (NoA=1) T11,1,3-6g5b6f5b6h5b6d5b6b5b6c5b6b
C144 (NoA=1) T11,1,3-6g5b6f5b6i5b6c5b6b5b6b5b6c
C146 (NoA=1) T11,1,3-6g5b6f5b6i5b6d5b6b5b6c5b6b
C140 (NoA=1) T11,1,3-6g5b6g5b6e5b6b5b6b5b6b5b6e
C144 (NoA=1) T11,1,3-6g5b6g5b6f5b6b5b6c5b6f5b
C144 (NoA=1) T11,1,3-6g5b6g5b6f5b6b5b6d5b6d5b6b
C144 (NoA=1) T11,1,3-6g5b6g5b6f5b6c5b6c5b6c5b6c
C144 (NoA=1) T11,1,3-6g5b6g5b6g5b6b5b6c5b6b5b6d
C144 (NoA=1) T11,1,3-6g5b6g5b6g5b6b5b6d5b6d5b
C146 (NoA=1) T11,1,3-6g5b6g5b6g5b6d5b6c5b6b5b6c
C146 (NoA=1) T11,1,3-6g5b6g5b6h5b6e5b6b5b6b5b6b
C144 (NoA=1) T11,1,3-6g5b6h5b6e5b6b5b6b5b6g5b
C146 (NoA=1) T11,1,3-6g5b6h5b6e5b6c5b6f5b6b5b6b
C146 (NoA=1) T11,1,3-6g5b6h5b6f5b6b5b6e5b6c5b6b
C146 (NoA=1) T11,1,3-6g5b6h5b6f5b6c5b6d5b6b5b6c
C150 (NoA=1) T11,1,3-6g5b6h5b6g5b6g5b6b5b6b5b6b
C150 (NoA=1) T11,1,3-6g5b6n5b6b5b6b5b6b5b6g5b
C152 (NoA=1) T11,1,3-6g5b6n5b6b5b6c5b6f5b6b5b6b
C152 (NoA=1) T11,1,3-6g5b6n5b6c5b6b5b6e5b6c5b6b
C152 (NoA=1) T11,1,3-6g5b6n5b6c5b6c5b6d5b6b5b6c
C156 (NoA=1) T11,1,3-6g5b6n5b6d5b6g5b6b5b6b5b6b
C152 (NoA=1) T11,1,3-6g5b6o5b6b5b6b5b6c5b6f5b
C152 (NoA=1) T11,1,3-6g5b6o5b6b5b6b5b6d5b6d5b6b
C152 (NoA=1) T11,1,3-6g5b6o5b6b5b6c5b6c5b6c5b6c
C152 (NoA=1) T11,1,3-6g5b6o5b6c5b6b5b6c5b6b5b6d
C154 (NoA=1) T11,1,3-6g5b6o5b6c5b6d5b6c5b6b5b6c
C154 (NoA=1) T11,1,3-6g5b6p5b6b5b6d5b6b5b6c5b6c
C156 (NoA=1) T11,1,3-6g5b6p5b6b5b6e5b6e5b6b5b
C154 (NoA=1) T11,1,3-6g5b6p5b6c5b6c5b6b5b6b5b6d
C156 (NoA=1) T11,1,3-6g5b6p5b6d5b6d5b6b5b6c5b6b
C158 (NoA=1) T11,1,3-6g5b6q5b6e5b6c5b6b5b6c5b6b
C158 (NoA=1) T11,1,3-6g5b6q5b6f5b6b5b6b5b6b5b6c
C162 (NoA=1) T11,1,3-6g5b6q5b6g5b6d5b6b5b6b5b6b
C170 (NoA=1) T11,1,3-6g5b6y5b6c5b6d5b6b5b6b5b6b
C134 (NoA=1) T11,1,3-6h5b6b5b6c5b6b5b6b5b6i5b
C136 (NoA=1) T11,1,3-6h5b6b5b6c5b6c5b6g5b6b5b6c
C136 (NoA=1) T11,1,3-6h5b6b5b6d5b6b5b6f5b6c5b6c
C136 (NoA=1) T11,1,3-6h5b6b5b6d5b6c5b6e5b6b5b6d
C140 (NoA=1) T11,1,3-6h5b6b5b6e5b6h5b6b5b6c5b6b
C134 (NoA=1) T11,1,3-6h5b6c5b6b5b6b5b6b5b6h5b6b
C134 (NoA=1) T11,1,3-6h5b6c5b6b5b6b5b6c5b6f5b6c
C134 (NoA=1) T11,1,3-6h5b6c5b6b5b6c5b6b5b6e5b6d
C134 (NoA=1) T11,1,3-6h5b6c5b6c5b6b5b6b5b6d5b6e
C138 (NoA=1) T11,1,3-6h5b6c5b6c5b6b5b6i5b6b5b6b
C138 (NoA=1) T11,1,3-6h5b6c5b6c5b6b5b6j5b6b5b
C138 (NoA=1) T11,1,3-6h5b6c5b6c5b6c5b6g5b6c5b6b
C138 (NoA=1) T11,1,3-6h5b6c5b6d5b6b5b6e5b6f5b
C138 (NoA=1) T11,1,3-6h5b6c5b6d5b6b5b6f5b6d5b6b
C140 (NoA=1) T11,1,3-6h5b6c5b6d5b6h5b6b5b6b5b6c
C140 (NoA=1) T11,1,3-6h5b6c5b6e5b6f5b6b5b6b5b6d
C134 (NoA=1) T11,1,3-6h5b6d5b6b5b6b5b6b5b6c5b6f
C136 (NoA=1) T11,1,3-6h5b6d5b6b5b6b5b6d5b6e5b6c
C136 (NoA=1) T11,1,3-6h5b6d5b6b5b6c5b6c5b6d5b6d
C138 (NoA=1) T11,1,3-6h5b6d5b6b5b6c5b6i5b6b5b
C138 (NoA=1) T11,1,3-6h5b6d5b6b5b6d5b6f5b6c5b6b
C138 (NoA=1) T11,1,3-6h5b6d5b6b5b6d5b6g5b6c5b
C136 (NoA=1) T11,1,3-6h5b6d5b6c5b6b5b6c5b6c5b6e
C138 (NoA=1) T11,1,3-6h5b6d5b6c5b6b5b6d5b6g5b
C138 (NoA=1) T11,1,3-6h5b6d5b6c5b6c5b6e5b6d5b6b
C142 (NoA=1) T11,1,3-6h5b6d5b6c5b6j5b6b5b6b5b6b
C144 (NoA=1) T11,1,3-6h5b6d5b6c5b6k5b6b5b6b5b6b
C140 (NoA=1) T11,1,3-6h5b6d5b6d5b6e5b6c5b6b5b6d
C142 (NoA=1) T11,1,3-6h5b6d5b6d5b6g5b6c5b6b5b6c
C142 (NoA=1) T11,1,3-6h5b6d5b6d5b6g5b6d5b6c5b
C142 (NoA=1) T11,1,3-6h5b6d5b6d5b6h5b6c5b6b5b6b
C142 (NoA=1) T11,1,3-6h5b6d5b6e5b6f5b6b5b6c5b6c
C144 (NoA=1) T11,1,3-6h5b6d5b6e5b6g5b6e5b6b5b
C136 (NoA=1) T11,1,3-6h5b6e5b6b5b6b5b6c5b6b5b6f
C138 (NoA=1) T11,1,3-6h5b6e5b6b5b6c5b6c5b6g5b
C138 (NoA=1) T11,1,3-6h5b6e5b6b5b6c5b6d5b6e5b6b
C140 (NoA=1) T11,1,3-6h5b6e5b6b5b6e5b6e5b6c5b6b
C140 (NoA=1) T11,1,3-6h5b6e5b6b5b6e5b6f5b6c5b
C140 (NoA=1) T11,1,3-6h5b6e5b6b5b6f5b6d5b6b5b6c
C140 (NoA=1) T11,1,3-6h5b6e5b6c5b6d5b6d5b6d5b6b
C140 (NoA=1) T11,1,3-6h5b6e5b6c5b6e5b6c5b6c5b6c
C142 (NoA=1) T11,1,3-6h5b6e5b6c5b6e5b6e5b6c5b6b
C142 (NoA=1) T11,1,3-6h5b6e5b6c5b6f5b6d5b6b5b6c
C142 (NoA=1) T11,1,3-6h5b6e5b6c5b6f5b6e5b6c5b
C142 (NoA=1) T11,1,3-6h5b6e5b6d5b6d5b6c5b6f5b
C142 (NoA=1) T11,1,3-6h5b6e5b6d5b6d5b6d5b6d5b6b
C140 (NoA=1) T11,1,3-6h5b6e5b6d5b6e5b6b5b6c5b6c
C142 (NoA=1) T11,1,3-6h5b6e5b6d5b6e5b6c5b6c5b6c
C140 (NoA=1) T11,1,3-6h5b6e5b6e5b6d5b6b5b6b5b6d
C146 (NoA=1) T11,1,3-6h5b6e5b6k5b6b5b6b5b6b5b6c
C148 (NoA=1) T11,1,3-6h5b6e5b6k5b6c5b6b5b6c5b6b
C148 (NoA=1) T11,1,3-6h5b6e5b6l5b6b5b6b5b6b5b6c
C148 (NoA=1) T11,1,3-6h5b6e5b6l5b6c5b6c5b6b5b
C152 (NoA=1) T11,1,3-6h5b6e5b6m5b6d5b6b5b6b5b6b
C140 (NoA=1) T11,1,3-6h5b6f5b6b5b6d5b6b5b6g5b
C140 (NoA=1) T11,1,3-6h5b6f5b6b5b6d5b6c5b6e5b6b
C140 (NoA=1) T11,1,3-6h5b6f5b6b5b6e5b6b5b6d5b6c
C142 (NoA=1) T11,1,3-6h5b6f5b6c5b6d5b6b5b6g5b
C144 (NoA=1) T11,1,3-6h5b6f5b6c5b6e5b6f5b6b5b6b
C140 (NoA=1) T11,1,3-6h5b6f5b6d5b6c5b6b5b6b5b6e
C142 (NoA=1) T11,1,3-6h5b6f5b6f5b6c5b6b5b6b5b6d
C146 (NoA=1) T11,1,3-6h5b6f5b6g5b6d5b6b5b6c5b6c
C148 (NoA=1) T11,1,3-6h5b6f5b6g5b6e5b6e5b6b5b
C146 (NoA=1) T11,1,3-6h5b6f5b6h5b6c5b6b5b6b5b6d
C146 (NoA=1) T11,1,3-6h5b6f5b6h5b6c5b6c5b6d5b
C146 (NoA=1) T11,1,3-6h5b6f5b6h5b6d5b6b5b6c5b6b
C146 (NoA=1) T11,1,3-6h5b6f5b6i5b6c5b6b5b6b5b6c
C148 (NoA=1) T11,1,3-6h5b6f5b6i5b6d5b6b5b6c5b6b
C142 (NoA=1) T11,1,3-6h5b6g5b6e5b6b5b6b5b6b5b6e
C146 (NoA=1) T11,1,3-6h5b6g5b6f5b6b5b6c5b6f5b
C146 (NoA=1) T11,1,3-6h5b6g5b6f5b6b5b6d5b6d5b6b
C146 (NoA=1) T11,1,3-6h5b6g5b6f5b6c5b6c5b6c5b6c
C146 (NoA=1) T11,1,3-6h5b6g5b6g5b6b5b6c5b6b5b6d
C146 (NoA=1) T11,1,3-6h5b6g5b6g5b6b5b6d5b6d5b
C148 (NoA=1) T11,1,3-6h5b6g5b6g5b6d5b6c5b6b5b6c
C148 (NoA=1) T11,1,3-6h5b6g5b6h5b6e5b6b5b6b5b6b
C146 (NoA=1) T11,1,3-6h5b6h5b6e5b6b5b6b5b6g5b
C148 (NoA=1) T11,1,3-6h5b6h5b6e5b6c5b6f5b6b5b6b
C148 (NoA=1) T11,1,3-6h5b6h5b6f5b6b5b6e5b6c5b6b
C148 (NoA=1) T11,1,3-6h5b6h5b6f5b6c5b6d5b6b5b6c
C152 (NoA=1) T11,1,3-6h5b6h5b6g5b6g5b6b5b6b5b6b
C152 (NoA=1) T11,1,3-6h5b6n5b6b5b6b5b6b5b6g5b
C154 (NoA=1) T11,1,3-6h5b6n5b6b5b6c5b6f5b6b5b6b
C154 (NoA=1) T11,1,3-6h5b6n5b6c5b6b5b6e5b6c5b6b
C154 (NoA=1) T11,1,3-6h5b6n5b6c5b6c5b6d5b6b5b6c
C158 (NoA=1) T11,1,3-6h5b6n5b6d5b6g5b6b5b6b5b6b
C154 (NoA=1) T11,1,3-6h5b6o5b6b5b6b5b6c5b6f5b
C154 (NoA=1) T11,1,3-6h5b6o5b6b5b6b5b6d5b6d5b6b
C154 (NoA=1) T11,1,3-6h5b6o5b6b5b6c5b6c5b6c5b6c
C154 (NoA=1) T11,1,3-6h5b6o5b6c5b6b5b6c5b6b5b6d
C156 (NoA=1) T11,1,3-6h5b6o5b6c5b6d5b6c5b6b5b6c
C156 (NoA=1) T11,1,3-6h5b6p5b6b5b6d5b6b5b6c5b6c
C158 (NoA=1) T11,1,3-6h5b6p5b6b5b6e5b6e5b6b5b
C156 (NoA=1) T11,1,3-6h5b6p5b6c5b6c5b6b5b6b5b6d
C158 (NoA=1) T11,1,3-6h5b6p5b6d5b6d5b6b5b6c5b6b
C160 (NoA=1) T11,1,3-6h5b6q5b6e5b6c5b6b5b6c5b6b
C160 (NoA=1) T11,1,3-6h5b6q5b6f5b6b5b6b5b6b5b6c
C164 (NoA=1) T11,1,3-6h5b6q5b6g5b6d5b6b5b6b5b6b
C172 (NoA=1) T11,1,3-6h5b6y5b6c5b6d5b6b5b6b5b6b
C136 (NoA=1) T11,1,3-6i5b6b5b6c5b6b5b6b5b6i5b
C138 (NoA=1) T11,1,3-6i5b6b5b6c5b6c5b6g5b6b5b6c
C138 (NoA=1) T11,1,3-6i5b6b5b6d5b6b5b6f5b6c5b6c
C138 (NoA=1) T11,1,3-6i5b6b5b6d5b6c5b6e5b6b5b6d
C142 (NoA=1) T11,1,3-6i5b6b5b6e5b6h5b6b5b6c5b6b
C136 (NoA=1) T11,1,3-6i5b6c5b6b5b6b5b6b5b6h5b6b
C136 (NoA=1) T11,1,3-6i5b6c5b6b5b6b5b6c5b6f5b6c
C136 (NoA=1) T11,1,3-6i5b6c5b6b5b6c5b6b5b6e5b6d
C136 (NoA=1) T11,1,3-6i5b6c5b6c5b6b5b6b5b6d5b6e
C140 (NoA=1) T11,1,3-6i5b6c5b6c5b6b5b6i5b6b5b6b
C140 (NoA=1) T11,1,3-6i5b6c5b6c5b6b5b6j5b6b5b
C140 (NoA=1) T11,1,3-6i5b6c5b6c5b6c5b6g5b6c5b6b
C140 (NoA=1) T11,1,3-6i5b6c5b6d5b6b5b6e5b6f5b
C140 (NoA=1) T11,1,3-6i5b6c5b6d5b6b5b6f5b6d5b6b
C142 (NoA=1) T11,1,3-6i5b6c5b6d5b6h5b6b5b6b5b6c
C142 (NoA=1) T11,1,3-6i5b6c5b6e5b6f5b6b5b6b5b6d
C136 (NoA=1) T11,1,3-6i5b6d5b6b5b6b5b6b5b6c5b6f
C138 (NoA=1) T11,1,3-6i5b6d5b6b5b6b5b6d5b6e5b6c
C138 (NoA=1) T11,1,3-6i5b6d5b6b5b6c5b6c5b6d5b6d
C140 (NoA=1) T11,1,3-6i5b6d5b6b5b6c5b6i5b6b5b
C140 (NoA=1) T11,1,3-6i5b6d5b6b5b6d5b6f5b6c5b6b
C140 (NoA=1) T11,1,3-6i5b6d5b6b5b6d5b6g5b6c5b
C138 (NoA=1) T11,1,3-6i5b6d5b6c5b6b5b6c5b6c5b6e
C140 (NoA=1) T11,1,3-6i5b6d5b6c5b6b5b6d5b6g5b
C140 (NoA=1) T11,1,3-6i5b6d5b6c5b6c5b6e5b6d5b6b
C144 (NoA=1) T11,1,3-6i5b6d5b6c5b6j5b6b5b6b5b6b
C146 (NoA=1) T11,1,3-6i5b6d5b6c5b6k5b6b5b6b5b6b
C142 (NoA=1) T11,1,3-6i5b6d5b6d5b6e5b6c5b6b5b6d
C144 (NoA=1) T11,1,3-6i5b6d5b6d5b6g5b6c5b6b5b6c
C144 (NoA=1) T11,1,3-6i5b6d5b6d5b6g5b6d5b6c5b
C144 (NoA=1) T11,1,3-6i5b6d5b6d5b6h5b6c5b6b5b6b
C144 (NoA=1) T11,1,3-6i5b6d5b6e5b6f5b6b5b6c5b6c
C146 (NoA=1) T11,1,3-6i5b6d5b6e5b6g5b6e5b6b5b
C138 (NoA=1) T11,1,3-6i5b6e5b6b5b6b5b6c5b6b5b6f
C140 (NoA=1) T11,1,3-6i5b6e5b6b5b6c5b6c5b6g5b
C140 (NoA=1) T11,1,3-6i5b6e5b6b5b6c5b6d5b6e5b6b
C142 (NoA=1) T11,1,3-6i5b6e5b6b5b6e5b6e5b6c5b6b
C142 (NoA=1) T11,1,3-6i5b6e5b6b5b6e5b6f5b6c5b
C142 (NoA=1) T11,1,3-6i5b6e5b6b5b6f5b6d5b6b5b6c
C142 (NoA=1) T11,1,3-6i5b6e5b6c5b6d5b6d5b6d5b6b
C142 (NoA=1) T11,1,3-6i5b6e5b6c5b6e5b6c5b6c5b6c
C144 (NoA=1) T11,1,3-6i5b6e5b6c5b6e5b6e5b6c5b6b
C144 (NoA=1) T11,1,3-6i5b6e5b6c5b6f5b6d5b6b5b6c
C144 (NoA=1) T11,1,3-6i5b6e5b6c5b6f5b6e5b6c5b
C144 (NoA=1) T11,1,3-6i5b6e5b6d5b6d5b6c5b6f5b
C144 (NoA=1) T11,1,3-6i5b6e5b6d5b6d5b6d5b6d5b6b
C142 (NoA=1) T11,1,3-6i5b6e5b6d5b6e5b6b5b6c5b6c
C144 (NoA=1) T11,1,3-6i5b6e5b6d5b6e5b6c5b6c5b6c
C142 (NoA=1) T11,1,3-6i5b6e5b6e5b6d5b6b5b6b5b6d
C148 (NoA=1) T11,1,3-6i5b6e5b6k5b6b5b6b5b6b5b6c
C150 (NoA=1) T11,1,3-6i5b6e5b6k5b6c5b6b5b6c5b6b
C150 (NoA=1) T11,1,3-6i5b6e5b6l5b6b5b6b5b6b5b6c
C150 (NoA=1) T11,1,3-6i5b6e5b6l5b6c5b6c5b6b5b
C154 (NoA=1) T11,1,3-6i5b6e5b6m5b6d5b6b5b6b5b6b
C142 (NoA=1) T11,1,3-6i5b6f5b6b5b6d5b6b5b6g5b
C142 (NoA=1) T11,1,3-6i5b6f5b6b5b6d5b6c5b6e5b6b
C142 (NoA=1) T11,1,3-6i5b6f5b6b5b6e5b6b5b6d5b6c
C144 (NoA=1) T11,1,3-6i5b6f5b6c5b6d5b6b5b6g5b
C146 (NoA=1) T11,1,3-6i5b6f5b6c5b6e5b6f5b6b5b6b
C142 (NoA=1) T11,1,3-6i5b6f5b6d5b6c5b6b5b6b5b6e
C144 (NoA=1) T11,1,3-6i5b6f5b6f5b6c5b6b5b6b5b6d
C148 (NoA=1) T11,1,3-6i5b6f5b6g5b6d5b6b5b6c5b6c
C150 (NoA=1) T11,1,3-6i5b6f5b6g5b6e5b6e5b6b5b
C148 (NoA=1) T11,1,3-6i5b6f5b6h5b6c5b6b5b6b5b6d
C148 (NoA=1) T11,1,3-6i5b6f5b6h5b6c5b6c5b6d5b
C148 (NoA=1) T11,1,3-6i5b6f5b6h5b6d5b6b5b6c5b6b
C148 (NoA=1) T11,1,3-6i5b6f5b6i5b6c5b6b5b6b5b6c
C150 (NoA=1) T11,1,3-6i5b6f5b6i5b6d5b6b5b6c5b6b
C144 (NoA=1) T11,1,3-6i5b6g5b6e5b6b5b6b5b6b5b6e
C148 (NoA=1) T11,1,3-6i5b6g5b6f5b6b5b6c5b6f5b
C148 (NoA=1) T11,1,3-6i5b6g5b6f5b6b5b6d5b6d5b6b
C148 (NoA=1) T11,1,3-6i5b6g5b6f5b6c5b6c5b6c5b6c
C148 (NoA=1) T11,1,3-6i5b6g5b6g5b6b5b6c5b6b5b6d
C148 (NoA=1) T11,1,3-6i5b6g5b6g5b6b5b6d5b6d5b
C150 (NoA=1) T11,1,3-6i5b6g5b6g5b6d5b6c5b6b5b6c
C150 (NoA=1) T11,1,3-6i5b6g5b6h5b6e5b6b5b6b5b6b
C148 (NoA=1) T11,1,3-6i5b6h5b6e5b6b5b6b5b6g5b
C150 (NoA=1) T11,1,3-6i5b6h5b6e5b6c5b6f5b6b5b6b
C150 (NoA=1) T11,1,3-6i5b6h5b6f5b6b5b6e5b6c5b6b
C150 (NoA=1) T11,1,3-6i5b6h5b6f5b6c5b6d5b6b5b6c
C154 (NoA=1) T11,1,3-6i5b6h5b6g5b6g5b6b5b6b5b6b
C154 (NoA=1) T11,1,3-6i5b6n5b6b5b6b5b6b5b6g5b
C156 (NoA=1) T11,1,3-6i5b6n5b6b5b6c5b6f5b6b5b6b
C156 (NoA=1) T11,1,3-6i5b6n5b6c5b6b5b6e5b6c5b6b
C156 (NoA=1) T11,1,3-6i5b6n5b6c5b6c5b6d5b6b5b6c
C160 (NoA=1) T11,1,3-6i5b6n5b6d5b6g5b6b5b6b5b6b
C156 (NoA=1) T11,1,3-6i5b6o5b6b5b6b5b6c5b6f5b
C156 (NoA=1) T11,1,3-6i5b6o5b6b5b6b5b6d5b6d5b6b
C156 (NoA=1) T11,1,3-6i5b6o5b6b5b6c5b6c5b6c5b6c
C156 (NoA=1) T11,1,3-6i5b6o5b6c5b6b5b6c5b6b5b6d
C158 (NoA=1) T11,1,3-6i5b6o5b6c5b6d5b6c5b6b5b6c
C158 (NoA=1) T11,1,3-6i5b6p5b6b5b6d5b6b5b6c5b6c
C160 (NoA=1) T11,1,3-6i5b6p5b6b5b6e5b6e5b6b5b
C158 (NoA=1) T11,1,3-6i5b6p5b6c5b6c5b6b5b6b5b6d
C160 (NoA=1) T11,1,3-6i5b6p5b6d5b6d5b6b5b6c5b6b
C162 (NoA=1) T11,1,3-6i5b6q5b6e5b6c5b6b5b6c5b6b
C162 (NoA=1) T11,1,3-6i5b6q5b6f5b6b5b6b5b6b5b6c
C166 (NoA=1) T11,1,3-6i5b6q5b6g5b6d5b6b5b6b5b6b
C174 (NoA=1) T11,1,3-6i5b6y5b6c5b6d5b6b5b6b5b6b
C138 (NoA=1) T11,1,3-6j5b6b5b6c5b6b5b6b5b6i5b
C140 (NoA=1) T11,1,3-6j5b6b5b6c5b6c5b6g5b6b5b6c
C140 (NoA=1) T11,1,3-6j5b6b5b6d5b6b5b6f5b6c5b6c
C140 (NoA=1) T11,1,3-6j5b6b5b6d5b6c5b6e5b6b5b6d
C144 (NoA=1) T11,1,3-6j5b6b5b6e5b6h5b6b5b6c5b6b
C138 (NoA=1) T11,1,3-6j5b6c5b6b5b6b5b6b5b6h5b6b
C138 (NoA=1) T11,1,3-6j5b6c5b6b5b6b5b6c5b6f5b6c
C138 (NoA=1) T11,1,3-6j5b6c5b6b5b6c5b6b5b6e5b6d
C138 (NoA=1) T11,1,3-6j5b6c5b6c5b6b5b6b5b6d5b6e
C142 (NoA=1) T11,1,3-6j5b6c5b6c5b6b5b6i5b6b5b6b
C142 (NoA=1) T11,1,3-6j5b6c5b6c5b6b5b6j5b6b5b
C142 (NoA=1) T11,1,3-6j5b6c5b6c5b6c5b6g5b6c5b6b
C142 (NoA=1) T11,1,3-6j5b6c5b6d5b6b5b6e5b6f5b
C142 (NoA=1) T11,1,3-6j5b6c5b6d5b6b5b6f5b6d5b6b
C144 (NoA=1) T11,1,3-6j5b6c5b6d5b6h5b6b5b6b5b6c
C144 (NoA=1) T11,1,3-6j5b6c5b6e5b6f5b6b5b6b5b6d
C138 (NoA=1) T11,1,3-6j5b6d5b6b5b6b5b6b5b6c5b6f
C140 (NoA=1) T11,1,3-6j5b6d5b6b5b6b5b6d5b6e5b6c
C140 (NoA=1) T11,1,3-6j5b6d5b6b5b6c5b6c5b6d5b6d
C142 (NoA=1) T11,1,3-6j5b6d5b6b5b6c5b6i5b6b5b
C142 (NoA=1) T11,1,3-6j5b6d5b6b5b6d5b6f5b6c5b6b
C142 (NoA=1) T11,1,3-6j5b6d5b6b5b6d5b6g5b6c5b
C140 (NoA=1) T11,1,3-6j5b6d5b6c5b6b5b6c5b6c5b6e
C142 (NoA=1) T11,1,3-6j5b6d5b6c5b6b5b6d5b6g5b
C142 (NoA=1) T11,1,3-6j5b6d5b6c5b6c5b6e5b6d5b6b
C146 (NoA=1) T11,1,3-6j5b6d5b6c5b6j5b6b5b6b5b6b
C148 (NoA=1) T11,1,3-6j5b6d5b6c5b6k5b6b5b6b5b6b
C144 (NoA=1) T11,1,3-6j5b6d5b6d5b6e5b6c5b6b5b6d
C146 (NoA=1) T11,1,3-6j5b6d5b6d5b6g5b6c5b6b5b6c
C146 (NoA=1) T11,1,3-6j5b6d5b6d5b6g5b6d5b6c5b
C146 (NoA=1) T11,1,3-6j5b6d5b6d5b6h5b6c5b6b5b6b
C146 (NoA=1) T11,1,3-6j5b6d5b6e5b6f5b6b5b6c5b6c
C148 (NoA=1) T11,1,3-6j5b6d5b6e5b6g5b6e5b6b5b
C140 (NoA=1) T11,1,3-6j5b6e5b6b5b6b5b6c5b6b5b6f
C142 (NoA=1) T11,1,3-6j5b6e5b6b5b6c5b6c5b6g5b
C142 (NoA=1) T11,1,3-6j5b6e5b6b5b6c5b6d5b6e5b6b
C144 (NoA=1) T11,1,3-6j5b6e5b6b5b6e5b6e5b6c5b6b
C144 (NoA=1) T11,1,3-6j5b6e5b6b5b6e5b6f5b6c5b
C144 (NoA=1) T11,1,3-6j5b6e5b6b5b6f5b6d5b6b5b6c
C144 (NoA=1) T11,1,3-6j5b6e5b6c5b6d5b6d5b6d5b6b
C144 (NoA=1) T11,1,3-6j5b6e5b6c5b6e5b6c5b6c5b6c
C146 (NoA=1) T11,1,3-6j5b6e5b6c5b6e5b6e5b6c5b6b
C146 (NoA=1) T11,1,3-6j5b6e5b6c5b6f5b6d5b6b5b6c
C146 (NoA=1) T11,1,3-6j5b6e5b6c5b6f5b6e5b6c5b
C146 (NoA=1) T11,1,3-6j5b6e5b6d5b6d5b6c5b6f5b
C146 (NoA=1) T11,1,3-6j5b6e5b6d5b6d5b6d5b6d5b6b
C144 (NoA=1) T11,1,3-6j5b6e5b6d5b6e5b6b5b6c5b6c
C146 (NoA=1) T11,1,3-6j5b6e5b6d5b6e5b6c5b6c5b6c
C144 (NoA=1) T11,1,3-6j5b6e5b6e5b6d5b6b5b6b5b6d
C150 (NoA=1) T11,1,3-6j5b6e5b6k5b6b5b6b5b6b5b6c
C152 (NoA=1) T11,1,3-6j5b6e5b6k5b6c5b6b5b6c5b6b
C152 (NoA=1) T11,1,3-6j5b6e5b6l5b6b5b6b5b6b5b6c
C152 (NoA=1) T11,1,3-6j5b6e5b6l5b6c5b6c5b6b5b
C156 (NoA=1) T11,1,3-6j5b6e5b6m5b6d5b6b5b6b5b6b
C144 (NoA=1) T11,1,3-6j5b6f5b6b5b6d5b6b5b6g5b
C144 (NoA=1) T11,1,3-6j5b6f5b6b5b6d5b6c5b6e5b6b
C144 (NoA=1) T11,1,3-6j5b6f5b6b5b6e5b6b5b6d5b6c
C146 (NoA=1) T11,1,3-6j5b6f5b6c5b6d5b6b5b6g5b
C148 (NoA=1) T11,1,3-6j5b6f5b6c5b6e5b6f5b6b5b6b
C144 (NoA=1) T11,1,3-6j5b6f5b6d5b6c5b6b5b6b5b6e
C146 (NoA=1) T11,1,3-6j5b6f5b6f5b6c5b6b5b6b5b6d
C150 (NoA=1) T11,1,3-6j5b6f5b6g5b6d5b6b5b6c5b6c
C152 (NoA=1) T11,1,3-6j5b6f5b6g5b6e5b6e5b6b5b
C150 (NoA=1) T11,1,3-6j5b6f5b6h5b6c5b6b5b6b5b6d
C150 (NoA=1) T11,1,3-6j5b6f5b6h5b6c5b6c5b6d5b
C150 (NoA=1) T11,1,3-6j5b6f5b6h5b6d5b6b5b6c5b6b
C150 (NoA=1) T11,1,3-6j5b6f5b6i5b6c5b6b5b6b5b6c
C152 (NoA=1) T11,1,3-6j5b6f5b6i5b6d5b6b5b6c5b6b
C146 (NoA=1) T11,1,3-6j5b6g5b6e5b6b5b6b5b6b5b6e
C150 (NoA=1) T11,1,3-6j5b6g5b6f5b6b5b6c5b6f5b
C150 (NoA=1) T11,1,3-6j5b6g5b6f5b6b5b6d5b6d5b6b
C150 (NoA=1) T11,1,3-6j5b6g5b6f5b6c5b6c5b6c5b6c
C150 (NoA=1) T11,1,3-6j5b6g5b6g5b6b5b6c5b6b5b6d
C150 (NoA=1) T11,1,3-6j5b6g5b6g5b6b5b6d5b6d5b
C152 (NoA=1) T11,1,3-6j5b6g5b6g5b6d5b6c5b6b5b6c
C152 (NoA=1) T11,1,3-6j5b6g5b6h5b6e5b6b5b6b5b6b
C150 (NoA=1) T11,1,3-6j5b6h5b6e5b6b5b6b5b6g5b
C152 (NoA=1) T11,1,3-6j5b6h5b6e5b6c5b6f5b6b5b6b
C152 (NoA=1) T11,1,3-6j5b6h5b6f5b6b5b6e5b6c5b6b
C152 (NoA=1) T11,1,3-6j5b6h5b6f5b6c5b6d5b6b5b6c
C156 (NoA=1) T11,1,3-6j5b6h5b6g5b6g5b6b5b6b5b6b
C156 (NoA=1) T11,1,3-6j5b6n5b6b5b6b5b6b5b6g5b
C158 (NoA=1) T11,1,3-6j5b6n5b6b5b6c5b6f5b6b5b6b
C158 (NoA=1) T11,1,3-6j5b6n5b6c5b6b5b6e5b6c5b6b
C158 (NoA=1) T11,1,3-6j5b6n5b6c5b6c5b6d5b6b5b6c
C162 (NoA=1) T11,1,3-6j5b6n5b6d5b6g5b6b5b6b5b6b
C158 (NoA=1) T11,1,3-6j5b6o5b6b5b6b5b6c5b6f5b
C158 (NoA=1) T11,1,3-6j5b6o5b6b5b6b5b6d5b6d5b6b
C158 (NoA=1) T11,1,3-6j5b6o5b6b5b6c5b6c5b6c5b6c
C158 (NoA=1) T11,1,3-6j5b6o5b6c5b6b5b6c5b6b5b6d
C160 (NoA=1) T11,1,3-6j5b6o5b6c5b6d5b6c5b6b5b6c
C160 (NoA=1) T11,1,3-6j5b6p5b6b5b6d5b6b5b6c5b6c
C162 (NoA=1) T11,1,3-6j5b6p5b6b5b6e5b6e5b6b5b
C160 (NoA=1) T11,1,3-6j5b6p5b6c5b6c5b6b5b6b5b6d
C162 (NoA=1) T11,1,3-6j5b6p5b6d5b6d5b6b5b6c5b6b
C164 (NoA=1) T11,1,3-6j5b6q5b6e5b6c5b6b5b6c5b6b
C164 (NoA=1) T11,1,3-6j5b6q5b6f5b6b5b6b5b6b5b6c
C168 (NoA=1) T11,1,3-6j5b6q5b6g5b6d5b6b5b6b5b6b
C176 (NoA=1) T11,1,3-6j5b6y5b6c5b6d5b6b5b6b5b6b
C140 (NoA=1) T11,1,3-6k5b6b5b6c5b6b5b6b5b6i5b
C142 (NoA=1) T11,1,3-6k5b6b5b6c5b6c5b6g5b6b5b6c
C142 (NoA=1) T11,1,3-6k5b6b5b6d5b6b5b6f5b6c5b6c
C142 (NoA=1) T11,1,3-6k5b6b5b6d5b6c5b6e5b6b5b6d
C146 (NoA=1) T11,1,3-6k5b6b5b6e5b6h5b6b5b6c5b6b
C140 (NoA=1) T11,1,3-6k5b6c5b6b5b6b5b6b5b6h5b6b
C140 (NoA=1) T11,1,3-6k5b6c5b6b5b6b5b6c5b6f5b6c
C140 (NoA=1) T11,1,3-6k5b6c5b6b5b6c5b6b5b6e5b6d
C140 (NoA=1) T11,1,3-6k5b6c5b6c5b6b5b6b5b6d5b6e
C144 (NoA=1) T11,1,3-6k5b6c5b6c5b6b5b6i5b6b5b6b
C144 (NoA=1) T11,1,3-6k5b6c5b6c5b6b5b6j5b6b5b
C144 (NoA=1) T11,1,3-6k5b6c5b6c5b6c5b6g5b6c5b6b
C144 (NoA=1) T11,1,3-6k5b6c5b6d5b6b5b6e5b6f5b
C144 (NoA=1) T11,1,3-6k5b6c5b6d5b6b5b6f5b6d5b6b
C146 (NoA=1) T11,1,3-6k5b6c5b6d5b6h5b6b5b6b5b6c
C146 (NoA=1) T11,1,3-6k5b6c5b6e5b6f5b6b5b6b5b6d
C140 (NoA=1) T11,1,3-6k5b6d5b6b5b6b5b6b5b6c5b6f
C142 (NoA=1) T11,1,3-6k5b6d5b6b5b6b5b6d5b6e5b6c
C142 (NoA=1) T11,1,3-6k5b6d5b6b5b6c5b6c5b6d5b6d
C144 (NoA=1) T11,1,3-6k5b6d5b6b5b6c5b6i5b6b5b
C144 (NoA=1) T11,1,3-6k5b6d5b6b5b6d5b6f5b6c5b6b
C144 (NoA=1) T11,1,3-6k5b6d5b6b5b6d5b6g5b6c5b
C142 (NoA=1) T11,1,3-6k5b6d5b6c5b6b5b6c5b6c5b6e
C144 (NoA=1) T11,1,3-6k5b6d5b6c5b6b5b6d5b6g5b
C144 (NoA=1) T11,1,3-6k5b6d5b6c5b6c5b6e5b6d5b6b
C148 (NoA=1) T11,1,3-6k5b6d5b6c5b6j5b6b5b6b5b6b
C150 (NoA=1) T11,1,3-6k5b6d5b6c5b6k5b6b5b6b5b6b
C146 (NoA=1) T11,1,3-6k5b6d5b6d5b6e5b6c5b6b5b6d
C148 (NoA=1) T11,1,3-6k5b6d5b6d5b6g5b6c5b6b5b6c
C148 (NoA=1) T11,1,3-6k5b6d5b6d5b6g5b6d5b6c5b
C148 (NoA=1) T11,1,3-6k5b6d5b6d5b6h5b6c5b6b5b6b
C148 (NoA=1) T11,1,3-6k5b6d5b6e5b6f5b6b5b6c5b6c
C150 (NoA=1) T11,1,3-6k5b6d5b6e5b6g5b6e5b6b5b
C142 (NoA=1) T11,1,3-6k5b6e5b6b5b6b5b6c5b6b5b6f
C144 (NoA=1) T11,1,3-6k5b6e5b6b5b6c5b6c5b6g5b
C144 (NoA=1) T11,1,3-6k5b6e5b6b5b6c5b6d5b6e5b6b
C146 (NoA=1) T11,1,3-6k5b6e5b6b5b6e5b6e5b6c5b6b
C146 (NoA=1) T11,1,3-6k5b6e5b6b5b6e5b6f5b6c5b
C146 (NoA=1) T11,1,3-6k5b6e5b6b5b6f5b6d5b6b5b6c
C146 (NoA=1) T11,1,3-6k5b6e5b6c5b6d5b6d5b6d5b6b
C146 (NoA=1) T11,1,3-6k5b6e5b6c5b6e5b6c5b6c5b6c
C148 (NoA=1) T11,1,3-6k5b6e5b6c5b6e5b6e5b6c5b6b
C148 (NoA=1) T11,1,3-6k5b6e5b6c5b6f5b6d5b6b5b6c
C148 (NoA=1) T11,1,3-6k5b6e5b6c5b6f5b6e5b6c5b
C148 (NoA=1) T11,1,3-6k5b6e5b6d5b6d5b6c5b6f5b
C148 (NoA=1) T11,1,3-6k5b6e5b6d5b6d5b6d5b6d5b6b
C146 (NoA=1) T11,1,3-6k5b6e5b6d5b6e5b6b5b6c5b6c
C148 (NoA=1) T11,1,3-6k5b6e5b6d5b6e5b6c5b6c5b6c
C146 (NoA=1) T11,1,3-6k5b6e5b6e5b6d5b6b5b6b5b6d
C152 (NoA=1) T11,1,3-6k5b6e5b6k5b6b5b6b5b6b5b6c
C154 (NoA=1) T11,1,3-6k5b6e5b6k5b6c5b6b5b6c5b6b
C154 (NoA=1) T11,1,3-6k5b6e5b6l5b6b5b6b5b6b5b6c
C154 (NoA=1) T11,1,3-6k5b6e5b6l5b6c5b6c5b6b5b
C158 (NoA=1) T11,1,3-6k5b6e5b6m5b6d5b6b5b6b5b6b
C146 (NoA=1) T11,1,3-6k5b6f5b6b5b6d5b6b5b6g5b
C146 (NoA=1) T11,1,3-6k5b6f5b6b5b6d5b6c5b6e5b6b
C146 (NoA=1) T11,1,3-6k5b6f5b6b5b6e5b6b5b6d5b6c
C148 (NoA=1) T11,1,3-6k5b6f5b6c5b6d5b6b5b6g5b
C150 (NoA=1) T11,1,3-6k5b6f5b6c5b6e5b6f5b6b5b6b
C146 (NoA=1) T11,1,3-6k5b6f5b6d5b6c5b6b5b6b5b6e
C148 (NoA=1) T11,1,3-6k5b6f5b6f5b6c5b6b5b6b5b6d
C152 (NoA=1) T11,1,3-6k5b6f5b6g5b6d5b6b5b6c5b6c
C154 (NoA=1) T11,1,3-6k5b6f5b6g5b6e5b6e5b6b5b
C152 (NoA=1) T11,1,3-6k5b6f5b6h5b6c5b6b5b6b5b6d
C152 (NoA=1) T11,1,3-6k5b6f5b6h5b6c5b6c5b6d5b
C152 (NoA=1) T11,1,3-6k5b6f5b6h5b6d5b6b5b6c5b6b
C152 (NoA=1) T11,1,3-6k5b6f5b6i5b6c5b6b5b6b5b6c
C154 (NoA=1) T11,1,3-6k5b6f5b6i5b6d5b6b5b6c5b6b
C148 (NoA=1) T11,1,3-6k5b6g5b6e5b6b5b6b5b6b5b6e
C152 (NoA=1) T11,1,3-6k5b6g5b6f5b6b5b6c5b6f5b
C152 (NoA=1) T11,1,3-6k5b6g5b6f5b6b5b6d5b6d5b6b
C152 (NoA=1) T11,1,3-6k5b6g5b6f5b6c5b6c5b6c5b6c
C152 (NoA=1) T11,1,3-6k5b6g5b6g5b6b5b6c5b6b5b6d
C152 (NoA=1) T11,1,3-6k5b6g5b6g5b6b5b6d5b6d5b
C154 (NoA=1) T11,1,3-6k5b6g5b6g5b6d5b6c5b6b5b6c
C154 (NoA=1) T11,1,3-6k5b6g5b6h5b6e5b6b5b6b5b6b
C152 (NoA=1) T11,1,3-6k5b6h5b6e5b6b5b6b5b6g5b
C154 (NoA=1) T11,1,3-6k5b6h5b6e5b6c5b6f5b6b5b6b
C154 (NoA=1) T11,1,3-6k5b6h5b6f5b6b5b6e5b6c5b6b
C154 (NoA=1) T11,1,3-6k5b6h5b6f5b6c5b6d5b6b5b6c
C158 (NoA=1) T11,1,3-6k5b6h5b6g5b6g5b6b5b6b5b6b
C158 (NoA=1) T11,1,3-6k5b6n5b6b5b6b5b6b5b6g5b
C160 (NoA=1) T11,1,3-6k5b6n5b6b5b6c5b6f5b6b5b6b
C160 (NoA=1) T11,1,3-6k5b6n5b6c5b6b5b6e5b6c5b6b
C160 (NoA=1) T11,1,3-6k5b6n5b6c5b6c5b6d5b6b5b6c
C164 (NoA=1) T11,1,3-6k5b6n5b6d5b6g5b6b5b6b5b6b
C160 (NoA=1) T11,1,3-6k5b6o5b6b5b6b5b6c5b6f5b
C160 (NoA=1) T11,1,3-6k5b6o5b6b5b6b5b6d5b6d5b6b
C160 (NoA=1) T11,1,3-6k5b6o5b6b5b6c5b6c5b6c5b6c
C160 (NoA=1) T11,1,3-6k5b6o5b6c5b6b5b6c5b6b5b6d
C162 (NoA=1) T11,1,3-6k5b6o5b6c5b6d5b6c5b6b5b6c
C162 (NoA=1) T11,1,3-6k5b6p5b6b5b6d5b6b5b6c5b6c
C164 (NoA=1) T11,1,3-6k5b6p5b6b5b6e5b6e5b6b5b
C162 (NoA=1) T11,1,3-6k5b6p5b6c5b6c5b6b5b6b5b6d
C164 (NoA=1) T11,1,3-6k5b6p5b6d5b6d5b6b5b6c5b6b
C166 (NoA=1) T11,1,3-6k5b6q5b6e5b6c5b6b5b6c5b6b
C166 (NoA=1) T11,1,3-6k5b6q5b6f5b6b5b6b5b6b5b6c
C170 (NoA=1) T11,1,3-6k5b6q5b6g5b6d5b6b5b6b5b6b
C178 (NoA=1) T11,1,3-6k5b6y5b6c5b6d5b6b5b6b5b6b
C142 (NoA=1) T11,1,3-6l5b6b5b6c5b6b5b6b5b6i5b
C144 (NoA=1) T11,1,3-6l5b6b5b6c5b6c5b6g5b6b5b6c
C144 (NoA=1) T11,1,3-6l5b6b5b6d5b6b5b6f5b6c5b6c
C144 (NoA=1) T11,1,3-6l5b6b5b6d5b6c5b6e5b6b5b6d
C148 (NoA=1) T11,1,3-6l5b6b5b6e5b6h5b6b5b6c5b6b
C142 (NoA=1) T11,1,3-6l5b6c5b6b5b6b5b6b5b6h5b6b
C142 (NoA=1) T11,1,3-6l5b6c5b6b5b6b5b6c5b6f5b6c
C142 (NoA=1) T11,1,3-6l5b6c5b6b5b6c5b6b5b6e5b6d
C142 (NoA=1) T11,1,3-6l5b6c5b6c5b6b5b6b5b6d5b6e
C146 (NoA=1) T11,1,3-6l5b6c5b6c5b6b5b6i5b6b5b6b
C146 (NoA=1) T11,1,3-6l5b6c5b6c5b6b5b6j5b6b5b
C146 (NoA=1) T11,1,3-6l5b6c5b6c5b6c5b6g5b6c5b6b
C146 (NoA=1) T11,1,3-6l5b6c5b6d5b6b5b6e5b6f5b
C146 (NoA=1) T11,1,3-6l5b6c5b6d5b6b5b6f5b6d5b6b
C148 (NoA=1) T11,1,3-6l5b6c5b6d5b6h5b6b5b6b5b6c
C148 (NoA=1) T11,1,3-6l5b6c5b6e5b6f5b6b5b6b5b6d
C142 (NoA=1) T11,1,3-6l5b6d5b6b5b6b5b6b5b6c5b6f
C144 (NoA=1) T11,1,3-6l5b6d5b6b5b6b5b6d5b6e5b6c
C144 (NoA=1) T11,1,3-6l5b6d5b6b5b6c5b6c5b6d5b6d
C146 (NoA=1) T11,1,3-6l5b6d5b6b5b6c5b6i5b6b5b
C146 (NoA=1) T11,1,3-6l5b6d5b6b5b6d5b6f5b6c5b6b
C146 (NoA=1) T11,1,3-6l5b6d5b6b5b6d5b6g5b6c5b
C144 (NoA=1) T11,1,3-6l5b6d5b6c5b6b5b6c5b6c5b6e
C146 (NoA=1) T11,1,3-6l5b6d5b6c5b6b5b6d5b6g5b
C146 (NoA=1) T11,1,3-6l5b6d5b6c5b6c5b6e5b6d5b6b
C150 (NoA=1) T11,1,3-6l5b6d5b6c5b6j5b6b5b6b5b6b
C152 (NoA=1) T11,1,3-6l5b6d5b6c5b6k5b6b5b6b5b6b
C148 (NoA=1) T11,1,3-6l5b6d5b6d5b6e5b6c5b6b5b6d
C150 (NoA=1) T11,1,3-6l5b6d5b6d5b6g5b6c5b6b5b6c
C150 (NoA=1) T11,1,3-6l5b6d5b6d5b6g5b6d5b6c5b
C150 (NoA=1) T11,1,3-6l5b6d5b6d5b6h5b6c5b6b5b6b
C150 (NoA=1) T11,1,3-6l5b6d5b6e5b6f5b6b5b6c5b6c
C152 (NoA=1) T11,1,3-6l5b6d5b6e5b6g5b6e5b6b5b
C144 (NoA=1) T11,1,3-6l5b6e5b6b5b6b5b6c5b6b5b6f
C146 (NoA=1) T11,1,3-6l5b6e5b6b5b6c5b6c5b6g5b
C146 (NoA=1) T11,1,3-6l5b6e5b6b5b6c5b6d5b6e5b6b
C148 (NoA=1) T11,1,3-6l5b6e5b6b5b6e5b6e5b6c5b6b
C148 (NoA=1) T11,1,3-6l5b6e5b6b5b6e5b6f5b6c5b
C148 (NoA=1) T11,1,3-6l5b6e5b6b5b6f5b6d5b6b5b6c
C148 (NoA=1) T11,1,3-6l5b6e5b6c5b6d5b6d5b6d5b6b
C148 (NoA=1) T11,1,3-6l5b6e5b6c5b6e5b6c5b6c5b6c
C150 (NoA=1) T11,1,3-6l5b6e5b6c5b6e5b6e5b6c5b6b
C150 (NoA=1) T11,1,3-6l5b6e5b6c5b6f5b6d5b6b5b6c
C150 (NoA=1) T11,1,3-6l5b6e5b6c5b6f5b6e5b6c5b
C150 (NoA=1) T11,1,3-6l5b6e5b6d5b6d5b6c5b6f5b
C150 (NoA=1) T11,1,3-6l5b6e5b6d5b6d5b6d5b6d5b6b
C148 (NoA=1) T11,1,3-6l5b6e5b6d5b6e5b6b5b6c5b6c
C150 (NoA=1) T11,1,3-6l5b6e5b6d5b6e5b6c5b6c5b6c
C148 (NoA=1) T11,1,3-6l5b6e5b6e5b6d5b6b5b6b5b6d
C154 (NoA=1) T11,1,3-6l5b6e5b6k5b6b5b6b5b6b5b6c
C156 (NoA=1) T11,1,3-6l5b6e5b6k5b6c5b6b5b6c5b6b
C156 (NoA=1) T11,1,3-6l5b6e5b6l5b6b5b6b5b6b5b6c
C156 (NoA=1) T11,1,3-6l5b6e5b6l5b6c5b6c5b6b5b
C160 (NoA=1) T11,1,3-6l5b6e5b6m5b6d5b6b5b6b5b6b
C148 (NoA=1) T11,1,3-6l5b6f5b6b5b6d5b6b5b6g5b
C148 (NoA=1) T11,1,3-6l5b6f5b6b5b6d5b6c5b6e5b6b
C148 (NoA=1) T11,1,3-6l5b6f5b6b5b6e5b6b5b6d5b6c
C150 (NoA=1) T11,1,3-6l5b6f5b6c5b6d5b6b5b6g5b
C152 (NoA=1) T11,1,3-6l5b6f5b6c5b6e5b6f5b6b5b6b
C148 (NoA=1) T11,1,3-6l5b6f5b6d5b6c5b6b5b6b5b6e
C150 (NoA=1) T11,1,3-6l5b6f5b6f5b6c5b6b5b6b5b6d
C154 (NoA=1) T11,1,3-6l5b6f5b6g5b6d5b6b5b6c5b6c
C156 (NoA=1) T11,1,3-6l5b6f5b6g5b6e5b6e5b6b5b
C154 (NoA=1) T11,1,3-6l5b6f5b6h5b6c5b6b5b6b5b6d
C154 (NoA=1) T11,1,3-6l5b6f5b6h5b6c5b6c5b6d5b
C154 (NoA=1) T11,1,3-6l5b6f5b6h5b6d5b6b5b6c5b6b
C154 (NoA=1) T11,1,3-6l5b6f5b6i5b6c5b6b5b6b5b6c
C156 (NoA=1) T11,1,3-6l5b6f5b6i5b6d5b6b5b6c5b6b
C150 (NoA=1) T11,1,3-6l5b6g5b6e5b6b5b6b5b6b5b6e
C154 (NoA=1) T11,1,3-6l5b6g5b6f5b6b5b6c5b6f5b
C154 (NoA=1) T11,1,3-6l5b6g5b6f5b6b5b6d5b6d5b6b
C154 (NoA=1) T11,1,3-6l5b6g5b6f5b6c5b6c5b6c5b6c
C154 (NoA=1) T11,1,3-6l5b6g5b6g5b6b5b6c5b6b5b6d
C154 (NoA=1) T11,1,3-6l5b6g5b6g5b6b5b6d5b6d5b
C156 (NoA=1) T11,1,3-6l5b6g5b6g5b6d5b6c5b6b5b6c
C156 (NoA=1) T11,1,3-6l5b6g5b6h5b6e5b6b5b6b5b6b
C154 (NoA=1) T11,1,3-6l5b6h5b6e5b6b5b6b5b6g5b
C156 (NoA=1) T11,1,3-6l5b6h5b6e5b6c5b6f5b6b5b6b
C156 (NoA=1) T11,1,3-6l5b6h5b6f5b6b5b6e5b6c5b6b
C156 (NoA=1) T11,1,3-6l5b6h5b6f5b6c5b6d5b6b5b6c
C160 (NoA=1) T11,1,3-6l5b6h5b6g5b6g5b6b5b6b5b6b
C160 (NoA=1) T11,1,3-6l5b6n5b6b5b6b5b6b5b6g5b
C162 (NoA=1) T11,1,3-6l5b6n5b6b5b6c5b6f5b6b5b6b
C162 (NoA=1) T11,1,3-6l5b6n5b6c5b6b5b6e5b6c5b6b
C162 (NoA=1) T11,1,3-6l5b6n5b6c5b6c5b6d5b6b5b6c
C166 (NoA=1) T11,1,3-6l5b6n5b6d5b6g5b6b5b6b5b6b
C162 (NoA=1) T11,1,3-6l5b6o5b6b5b6b5b6c5b6f5b
C162 (NoA=1) T11,1,3-6l5b6o5b6b5b6b5b6d5b6d5b6b
C162 (NoA=1) T11,1,3-6l5b6o5b6b5b6c5b6c5b6c5b6c
C162 (NoA=1) T11,1,3-6l5b6o5b6c5b6b5b6c5b6b5b6d
C164 (NoA=1) T11,1,3-6l5b6o5b6c5b6d5b6c5b6b5b6c
C164 (NoA=1) T11,1,3-6l5b6p5b6b5b6d5b6b5b6c5b6c
C166 (NoA=1) T11,1,3-6l5b6p5b6b5b6e5b6e5b6b5b
C164 (NoA=1) T11,1,3-6l5b6p5b6c5b6c5b6b5b6b5b6d
C166 (NoA=1) T11,1,3-6l5b6p5b6d5b6d5b6b5b6c5b6b
C168 (NoA=1) T11,1,3-6l5b6q5b6e5b6c5b6b5b6c5b6b
C168 (NoA=1) T11,1,3-6l5b6q5b6f5b6b5b6b5b6b5b6c
C172 (NoA=1) T11,1,3-6l5b6q5b6g5b6d5b6b5b6b5b6b
C180 (NoA=1) T11,1,3-6l5b6y5b6c5b6d5b6b5b6b5b6b
