C111 (NoA=2) T11,0,3-5b6b5b6b5b6b5b6b5b6h5b6b
C115 (NoA=1) T11,0,3-5b6b5b6c5b6b5b6i5b6b5b6b
C115 (NoA=2) T11,0,3-5b6b5b6c5b6c5b6g5b6c5b6b
C117 (NoA=1) T11,0,3-5b6b5b6d5b6h5b6b5b6b5b6c
C119 (NoA=2) T11,0,3-5b6c5b6c5b6j5b6b5b6b5b6b
C121 (NoA=2) T11,0,3-5b6c5b6c5b6k5b6b5b6b5b6b
C117 (NoA=2) T11,0,3-5b6c5b6d5b6e5b6c5b6b5b6d
C119 (NoA=1) T11,0,3-5b6c5b6d5b6g5b6c5b6b5b6c
C119 (NoA=2) T11,0,3-5b6c5b6d5b6g5b6d5b6c5b
C123 (NoA=2) T11,0,3-5b6d5b6k5b6b5b6b5b6b5b6c
C125 (NoA=1) T11,0,3-5b6d5b6k5b6c5b6b5b6c5b6b
C125 (NoA=2) T11,0,3-5b6d5b6l5b6b5b6b5b6b5b6c
C129 (NoA=2) T11,0,3-5b6d5b6m5b6d5b6b5b6b5b6b
C123 (NoA=1) T11,0,3-5b6e5b6g5b6d5b6b5b6c5b6c
C125 (NoA=1) T11,0,3-5b6e5b6g5b6e5b6e5b6b5b
C123 (NoA=1) T11,0,3-5b6e5b6h5b6c5b6b5b6b5b6d
C123 (NoA=2) T11,0,3-5b6e5b6h5b6c5b6c5b6d5b
C129 (NoA=2) T11,0,3-5b6m5b6b5b6b5b6b5b6g5b
C131 (NoA=1) T11,0,3-5b6m5b6b5b6c5b6f5b6b5b6b
C131 (NoA=1) T11,0,3-5b6m5b6c5b6b5b6e5b6c5b6b
C131 (NoA=2) T11,0,3-5b6m5b6c5b6c5b6d5b6b5b6c
C135 (NoA=1) T11,0,3-5b6m5b6d5b6g5b6b5b6b5b6b
C131 (NoA=2) T11,0,3-5b6n5b6b5b6b5b6c5b6f5b
C131 (NoA=2) T11,0,3-5b6n5b6b5b6b5b6d5b6d5b6b
C133 (NoA=1) T11,0,3-5b6n5b6c5b6d5b6c5b6b5b6c
C133 (NoA=2) T11,0,3-5b6o5b6b5b6d5b6b5b6c5b6c
C135 (NoA=2) T11,0,3-5b6o5b6b5b6e5b6e5b6b5b
C137 (NoA=2) T11,0,3-5b6p5b6e5b6c5b6b5b6c5b6b
C137 (NoA=2) T11,0,3-5b6p5b6f5b6b5b6b5b6b5b6c
C141 (NoA=2) T11,0,3-5b6p5b6g5b6d5b6b5b6b5b6b
C149 (NoA=2) T11,0,3-5b6x5b6c5b6d5b6b5b6b5b6b
