C120 (NoA=12) T12,0,3-5b6b5b6b5b6b5b6b5b6b5b6i
C124 (NoA=2) T12,0,3-5b6b5b6b5b6c5b6b5b6k5b
C126 (NoA=2) T12,0,3-5b6b5b6b5b6d5b6h5b6b5b6d
C126 (NoA=2) T12,0,3-5b6b5b6c5b6b5b6j5b6b5b6c
C126 (NoA=1) T12,0,3-5b6b5b6c5b6c5b6h5b6c5b6c
C128 (NoA=1) T12,0,3-5b6b5b6c5b6c5b6j5b6c5b6b
C128 (NoA=1) T12,0,3-5b6b5b6c5b6d5b6g5b6f5b
C126 (NoA=2) T12,0,3-5b6b5b6d5b6b5b6f5b6d5b6d
C128 (NoA=4) T12,0,3-5b6b5b6d5b6b5b6l5b6b5b
C132 (NoA=1) T12,0,3-5b6b5b6d5b6k5b6b5b6c5b6c
C134 (NoA=1) T12,0,3-5b6b5b6d5b6l5b6e5b6b5b
C132 (NoA=1) T12,0,3-5b6b5b6e5b6h5b6c5b6f5b
C132 (NoA=2) T12,0,3-5b6b5b6e5b6h5b6d5b6d5b6b
C130 (NoA=2) T12,0,3-5b6b5b6e5b6i5b6b5b6c5b6c
C126 (NoA=4) T12,0,3-5b6c5b6c5b6c5b6d5b6d5b6e
C130 (NoA=4) T12,0,3-5b6c5b6c5b6c5b6k5b6b5b6b
C132 (NoA=1) T12,0,3-5b6c5b6c5b6k5b6b5b6b5b6d
C132 (NoA=2) T12,0,3-5b6c5b6c5b6k5b6c5b6d5b
C130 (NoA=1) T12,0,3-5b6c5b6d5b6h5b6c5b6b5b6d
C132 (NoA=1) T12,0,3-5b6c5b6d5b6i5b6c5b6b5b6d
C132 (NoA=1) T12,0,3-5b6c5b6d5b6i5b6d5b6d5b
C134 (NoA=1) T12,0,3-5b6c5b6d5b6k5b6c5b6b5b6c
C134 (NoA=1) T12,0,3-5b6c5b6d5b6k5b6d5b6c5b
C134 (NoA=1) T12,0,3-5b6c5b6d5b6l5b6c5b6b5b6b
C138 (NoA=2) T12,0,3-5b6c5b6m5b6b5b6b5b6g5b
C140 (NoA=1) T12,0,3-5b6c5b6m5b6c5b6f5b6b5b6b
C140 (NoA=2) T12,0,3-5b6c5b6n5b6b5b6e5b6c5b6b
C144 (NoA=2) T12,0,3-5b6c5b6o5b6g5b6b5b6b5b6b
C130 (NoA=3) T12,0,3-5b6d5b6d5b6e5b6c5b6c5b6e
C132 (NoA=2) T12,0,3-5b6d5b6d5b6e5b6d5b6g5b
C136 (NoA=6) T12,0,3-5b6d5b6d5b6m5b6b5b6b5b6b
C138 (NoA=6) T12,0,3-5b6d5b6d5b6n5b6b5b6b5b6b
C136 (NoA=1) T12,0,3-5b6d5b6l5b6b5b6b5b6b5b6e
C136 (NoA=1) T12,0,3-5b6d5b6l5b6b5b6c5b6e5b
C140 (NoA=1) T12,0,3-5b6d5b6m5b6b5b6c5b6f5b
C140 (NoA=1) T12,0,3-5b6d5b6m5b6b5b6d5b6d5b6b
C140 (NoA=2) T12,0,3-5b6d5b6m5b6c5b6c5b6c5b6c
C142 (NoA=1) T12,0,3-5b6d5b6n5b6d5b6c5b6b5b6c
C136 (NoA=1) T12,0,3-5b6e5b6h5b6d5b6b5b6g5b
C136 (NoA=1) T12,0,3-5b6e5b6h5b6d5b6c5b6e5b6b
C136 (NoA=1) T12,0,3-5b6e5b6h5b6e5b6b5b6d5b6c
C134 (NoA=2) T12,0,3-5b6e5b6i5b6c5b6b5b6b5b6e
C138 (NoA=2) T12,0,3-5b6e5b6i5b6d5b6b5b6g5b
C140 (NoA=2) T12,0,3-5b6e5b6i5b6e5b6f5b6b5b6b
C138 (NoA=1) T12,0,3-5b6e5b6l5b6c5b6b5b6b5b6d
C138 (NoA=1) T12,0,3-5b6e5b6l5b6d5b6b5b6c5b6b
C142 (NoA=1) T12,0,3-5b6e5b6m5b6d5b6b5b6c5b6c
C144 (NoA=1) T12,0,3-5b6e5b6m5b6e5b6e5b6b5b
C142 (NoA=1) T12,0,3-5b6e5b6n5b6c5b6b5b6b5b6d
C142 (NoA=2) T12,0,3-5b6e5b6n5b6c5b6c5b6d5b
C134 (NoA=2) T12,0,3-5b6f5b6g5b6b5b6c5b6b5b6f
C132 (NoA=4) T12,0,3-5b6f5b6g5b6c5b6b5b6c5b6d
C136 (NoA=1) T12,0,3-5b6f5b6g5b6c5b6c5b6g5b
C138 (NoA=2) T12,0,3-5b6f5b6g5b6e5b6e5b6c5b6b
C138 (NoA=2) T12,0,3-5b6f5b6g5b6e5b6f5b6c5b
C138 (NoA=1) T12,0,3-5b6f5b6g5b6f5b6d5b6b5b6c
C138 (NoA=2) T12,0,3-5b6f5b6h5b6e5b6c5b6c5b6c
C140 (NoA=2) T12,0,3-5b6f5b6h5b6e5b6e5b6c5b6b
C140 (NoA=2) T12,0,3-5b6f5b6h5b6f5b6d5b6b5b6c
C140 (NoA=2) T12,0,3-5b6f5b6h5b6f5b6e5b6c5b
C144 (NoA=4) T12,0,3-5b6f5b6p5b6b5b6b5b6b5b6c
C146 (NoA=2) T12,0,3-5b6f5b6p5b6c5b6b5b6c5b6b
C146 (NoA=4) T12,0,3-5b6f5b6q5b6b5b6b5b6b5b6c
C150 (NoA=4) T12,0,3-5b6f5b6r5b6d5b6b5b6b5b6b
C142 (NoA=1) T12,0,3-5b6m5b6c5b6b5b6b5b6i5b
C144 (NoA=1) T12,0,3-5b6m5b6c5b6c5b6g5b6b5b6c
C144 (NoA=1) T12,0,3-5b6m5b6d5b6b5b6f5b6c5b6c
C144 (NoA=1) T12,0,3-5b6m5b6d5b6c5b6e5b6b5b6d
C148 (NoA=1) T12,0,3-5b6m5b6e5b6h5b6b5b6c5b6b
C142 (NoA=1) T12,0,3-5b6n5b6b5b6b5b6b5b6h5b6b
C142 (NoA=1) T12,0,3-5b6n5b6b5b6b5b6c5b6f5b6c
C142 (NoA=2) T12,0,3-5b6n5b6b5b6c5b6b5b6e5b6d
C146 (NoA=1) T12,0,3-5b6n5b6c5b6b5b6i5b6b5b6b
C146 (NoA=1) T12,0,3-5b6n5b6c5b6b5b6j5b6b5b
C146 (NoA=1) T12,0,3-5b6n5b6c5b6c5b6g5b6c5b6b
C146 (NoA=1) T12,0,3-5b6n5b6d5b6b5b6e5b6f5b
C146 (NoA=1) T12,0,3-5b6n5b6d5b6b5b6f5b6d5b6b
C148 (NoA=1) T12,0,3-5b6n5b6d5b6h5b6b5b6b5b6c
C148 (NoA=1) T12,0,3-5b6n5b6e5b6f5b6b5b6b5b6d
C144 (NoA=1) T12,0,3-5b6o5b6b5b6b5b6d5b6e5b6c
C144 (NoA=1) T12,0,3-5b6o5b6b5b6c5b6c5b6d5b6d
C146 (NoA=1) T12,0,3-5b6o5b6b5b6c5b6i5b6b5b
C150 (NoA=1) T12,0,3-5b6o5b6c5b6j5b6b5b6b5b6b
C152 (NoA=1) T12,0,3-5b6o5b6c5b6k5b6b5b6b5b6b
C148 (NoA=1) T12,0,3-5b6o5b6d5b6e5b6c5b6b5b6d
C150 (NoA=1) T12,0,3-5b6o5b6d5b6g5b6c5b6b5b6c
C150 (NoA=1) T12,0,3-5b6o5b6d5b6g5b6d5b6c5b
C150 (NoA=1) T12,0,3-5b6o5b6d5b6h5b6c5b6b5b6b
C150 (NoA=2) T12,0,3-5b6o5b6e5b6f5b6b5b6c5b6c
C152 (NoA=2) T12,0,3-5b6o5b6e5b6g5b6e5b6b5b
C148 (NoA=1) T12,0,3-5b6p5b6b5b6e5b6e5b6c5b6b
C148 (NoA=1) T12,0,3-5b6p5b6b5b6e5b6f5b6c5b
C148 (NoA=1) T12,0,3-5b6p5b6b5b6f5b6d5b6b5b6c
C148 (NoA=2) T12,0,3-5b6p5b6c5b6d5b6d5b6d5b6b
C148 (NoA=2) T12,0,3-5b6p5b6c5b6e5b6c5b6c5b6c
C150 (NoA=1) T12,0,3-5b6p5b6c5b6e5b6e5b6c5b6b
C150 (NoA=2) T12,0,3-5b6p5b6c5b6f5b6d5b6b5b6c
C154 (NoA=1) T12,0,3-5b6p5b6k5b6b5b6b5b6b5b6c
C156 (NoA=1) T12,0,3-5b6p5b6k5b6c5b6b5b6c5b6b
C156 (NoA=1) T12,0,3-5b6p5b6l5b6b5b6b5b6b5b6c
C156 (NoA=1) T12,0,3-5b6p5b6l5b6c5b6c5b6b5b
C160 (NoA=1) T12,0,3-5b6p5b6m5b6d5b6b5b6b5b6b
C150 (NoA=1) T12,0,3-5b6q5b6f5b6c5b6b5b6b5b6d
C154 (NoA=1) T12,0,3-5b6q5b6g5b6d5b6b5b6c5b6c
C156 (NoA=1) T12,0,3-5b6q5b6g5b6e5b6e5b6b5b
C154 (NoA=1) T12,0,3-5b6q5b6h5b6c5b6b5b6b5b6d
C154 (NoA=1) T12,0,3-5b6q5b6h5b6c5b6c5b6d5b
C154 (NoA=1) T12,0,3-5b6q5b6h5b6d5b6b5b6c5b6b
C154 (NoA=1) T12,0,3-5b6q5b6i5b6c5b6b5b6b5b6c
C156 (NoA=1) T12,0,3-5b6q5b6i5b6d5b6b5b6c5b6b
C160 (NoA=2) T12,0,3-5b6y5b6b5b6b5b6b5b6g5b
C162 (NoA=1) T12,0,3-5b6y5b6b5b6c5b6f5b6b5b6b
C162 (NoA=1) T12,0,3-5b6y5b6c5b6b5b6e5b6c5b6b
C162 (NoA=2) T12,0,3-5b6y5b6c5b6c5b6d5b6b5b6c
C166 (NoA=1) T12,0,3-5b6y5b6d5b6g5b6b5b6b5b6b
C162 (NoA=2) T12,0,3-5b6z5b6b5b6b5b6c5b6f5b
C162 (NoA=2) T12,0,3-5b6z5b6b5b6b5b6d5b6d5b6b
C164 (NoA=1) T12,0,3-5b6z5b6c5b6d5b6c5b6b5b6c
C164 (NoA=2) T12,0,3-5b6ba5b6b5b6d5b6b5b6c5b6c
C166 (NoA=2) T12,0,3-5b6ba5b6b5b6e5b6e5b6b5b
C168 (NoA=2) T12,0,3-5b6bb5b6e5b6c5b6b5b6c5b6b
C168 (NoA=2) T12,0,3-5b6bb5b6f5b6b5b6b5b6b5b6c
C172 (NoA=2) T12,0,3-5b6bb5b6g5b6d5b6b5b6b5b6b
C180 (NoA=2) T12,0,3-5b6bj5b6c5b6d5b6b5b6b5b6b
