C108 (NoA=12) T6,6,3-5b6b5b6b5b6b5b6b5b6b5b6c
C118 (NoA=2) T6,6,3-5b6b5b6c5b6b5b6b5b6h5b
C114 (NoA=4) T6,6,3-5b6b5b6d5b6b5b6d5b6b5b6b
C114 (NoA=4) T6,6,3-5b6b5b6d5b6b5b6e5b6b5b
C120 (NoA=2) T6,6,3-5b6c5b6b5b6b5b6b5b6c5b6g
C120 (NoA=2) T6,6,3-5b6c5b6b5b6c5b6d5b6d5b6c
C120 (NoA=4) T6,6,3-5b6c5b6c5b6c5b6c5b6c5b6d
C120 (NoA=2) T6,6,3-5b6d5b6c5b6b5b6d5b6e5b
C120 (NoA=6) T6,6,3-5b6d5b6d5b6d5b6b5b6b5b6c
C118 (NoA=6) T6,6,3-5b6d5b6d5b6e5b6b5b6b5b
C126 (NoA=2) T6,6,3-5b6e5b6b5b6e5b6b5b6d5b6d
C122 (NoA=2) T6,6,3-5b6f5b6c5b6d5b6b5b6d5b
C126 (NoA=4) T6,6,3-5b6f5b6f5b6b5b6b5b6b5b6d
C122 (NoA=4) T6,6,3-5b6f5b6g5b6b5b6b5b6b5b
C124 (NoA=2) T6,6,3-5b6h5b6e5b6b5b6b5b6c5b
C130 (NoA=2) T6,6,3-5b6l5b6c5b6b5b6b5b6d5b
C138 (NoA=2) T6,6,3-5b6n5b6b5b6b5b6b5b6g5b
C120 (NoA=12) T6,6,3-6b5b6b5b6b5b6b5b6b5b6b5b6h
C126 (NoA=4) T6,6,3-6b5b6b5b6d5b6b5b6f5b6d5b6c
C124 (NoA=2) T6,6,3-6b5b6b5b6e5b6h5b6b5b6b5b
C130 (NoA=2) T6,6,3-6b5b6b5b6m5b6b5b6b5b6c5b
C130 (NoA=6) T6,6,3-6b5b6d5b6d5b6e5b6c5b6c5b6d
C132 (NoA=2) T6,6,3-6b5b6d5b6i5b6d5b6b5b6d5b
C136 (NoA=2) T6,6,3-6b5b6d5b6l5b6b5b6b5b6b5b6d
C132 (NoA=2) T6,6,3-6b5b6d5b6m5b6b5b6b5b6b5b
C134 (NoA=4) T6,6,3-6b5b6f5b6g5b6b5b6c5b6b5b6e
C134 (NoA=2) T6,6,3-6b5b6f5b6g5b6b5b6d5b6e5b
C132 (NoA=4) T6,6,3-6b5b6f5b6h5b6e5b6b5b6b5b
C136 (NoA=2) T6,6,3-6b5b6m5b6c5b6b5b6c5b6c5b6b
C132 (NoA=2) T6,6,3-6b5b6n5b6b5b6b5b6b5b6b5b6b
C142 (NoA=2) T6,6,3-6b5b6o5b6b5b6b5b6c5b6f5b
C138 (NoA=2) T6,6,3-6b5b6p5b6b5b6d5b6b5b6b5b
C150 (NoA=2) T6,6,3-6b5b6x5b6b5b6b5b6b5b6b5b
