C103 (NoA=1) T7,4,3-5b6b5b6b5c6d5b6d5b
C111 (NoA=1) T7,4,3-5b6f5c6d5b6b5b6c5b6b
C105 (NoA=1) T7,4,3-6b5b6b5b6c5c6b5b6e5b
C107 (NoA=1) T7,4,3-6b5b6c5c6c5b6b5b6b5b6d
C111 (NoA=1) T7,4,3-6b5b6e5c6c5b6c5b6c5b6b
C119 (NoA=1) T7,4,3-6b5b6g5b6d5b6b5c6f5b
C109 (NoA=1) T7,4,3-6c5b6b5b6c5b6b5b6b5b6d5b6b
C113 (NoA=1) T7,4,3-6c5b6b5b6d5b6b5b6d5b6d5b
C115 (NoA=1) T7,4,3-6c5b6c5b6f5b6d5b6b5b6b5b
C115 (NoA=1) T7,4,3-6c5b6d5c6d5b6f5b6b5b
C119 (NoA=1) T7,4,3-6c5b6f5b6c5b6c5c6f5b
C127 (NoA=1) T7,4,3-6c5b6n5c6b5b6c5b6c5b
C113 (NoA=1) T7,4,3-6d5b6e5b6b5b6c5c6d5b
C121 (NoA=1) T7,4,3-6e5b6g5b6e5c6b5b6b5b6b
C117 (NoA=1) T7,4,3-6g5b6b5b6b5b6b5b6b5b6f5b
C117 (NoA=1) T7,4,3-6g5b6c5b6c5b6b5b6d5b6b5b
C121 (NoA=1) T7,4,3-6g5b6e5b6c5b6c5b6b5b6b5b6b
C129 (NoA=1) T7,4,3-6g5b6f5b6f5b6b5b6b5b6b5b6c
C123 (NoA=1) T7,4,3-6h5b6e5b6b5b6d5b6b5b6b5b6b
C123 (NoA=1) T7,4,3-6i5b6d5b6b5b6b5b6d5b6b5b6b
C131 (NoA=1) T7,4,3-6i5b6e5b6b5b6f5b6d5c6b
C125 (NoA=1) T7,4,3-6k5b6c5b6b5c6e5b6c5b
