C116 (NoA=1) T7,5,3-5b6b5b6b5b6b5c6i5b
C116 (NoA=1) T7,5,3-5b6b5b6c5b6b5b6g5b6b5b
C118 (NoA=1) T7,5,3-5b6b5b6c5b6c5b6b5b6g5b
C110 (NoA=1) T7,5,3-5b6c5b6b5b6b5b6b5b6d5b
C116 (NoA=1) T7,5,3-5b6c5b6c5c6e5b6c5b6b
C116 (NoA=1) T7,5,3-5b6c5b6c5c6f5b6c5b
C120 (NoA=1) T7,5,3-5b6c5b6e5b6b5b6d5b6d5b
C122 (NoA=1) T7,5,3-5b6d5b6b5b6g5b6c5b6b5b6b
C118 (NoA=1) T7,5,3-5b6e5b6b5b6e5b6b5b6b5b6b
C118 (NoA=1) T7,5,3-5b6e5b6c5b6b5b6b5b6b5b6d
C122 (NoA=1) T7,5,3-5b6e5b6h5b6b5c6b5b6b
C126 (NoA=1) T7,5,3-5b6h5b6f5b6b5b6c5b6b5b
C134 (NoA=1) T7,5,3-5b6m5b6b5b6b5c6g5b
C112 (NoA=1) T7,5,3-6b5b6b5b6b5b6b5b6b5b6e5b
C114 (NoA=1) T7,5,3-6b5b6b5b6c5c6b5b6d5b6c
C116 (NoA=1) T7,5,3-6b5b6b5b6c5c6d5b6d5b6b
C118 (NoA=1) T7,5,3-6b5b6c5b6b5c6d5b6b5b6e
C120 (NoA=1) T7,5,3-6b5b6c5b6b5b6c5b6d5b6c5b6c
C124 (NoA=1) T7,5,3-6b5b6c5b6c5b6f5b6c5b6b5b6c
C126 (NoA=1) T7,5,3-6b5b6c5b6c5b6j5b6b5b6b5b
C126 (NoA=1) T7,5,3-6b5b6c5b6d5b6b5b6c5b6h5b
C126 (NoA=1) T7,5,3-6b5b6c5b6d5b6b5b6i5b6b5b
C130 (NoA=1) T7,5,3-6b5b6c5b6l5c6b5b6c5b6b
C118 (NoA=1) T7,5,3-6b5b6d5b6b5b6d5b6b5b6b5b6c
C118 (NoA=1) T7,5,3-6b5b6d5b6b5b6d5b6c5b6b5b6b
C118 (NoA=1) T7,5,3-6b5b6d5b6c5c6e5b6c5b
C118 (NoA=1) T7,5,3-6b5b6d5b6c5b6b5c6c5b6d
C120 (NoA=1) T7,5,3-6b5b6d5b6d5b6d5b6b5c6c
C128 (NoA=1) T7,5,3-6b5b6e5b6d5b6c5b6b5b6g5b
C126 (NoA=1) T7,5,3-6b5b6e5b6d5b6d5b6d5b6b5b6b
C128 (NoA=1) T7,5,3-6b5b6e5b6g5b6b5b6b5b6b5b6d
C128 (NoA=1) T7,5,3-6b5b6e5b6h5b6c5b6b5b6c5b
C132 (NoA=1) T7,5,3-6b5b6e5b6l5b6b5c6b5b6b
C130 (NoA=1) T7,5,3-6b5b6f5b6f5b6b5b6b5b6f5b
C126 (NoA=1) T7,5,3-6b5b6f5b6g5b6b5b6b5b6b5b6b
C126 (NoA=1) T7,5,3-6b5b6f5b6g5b6b5b6c5b6b5b
C124 (NoA=1) T7,5,3-6b5b6g5c6e5b6b5b6d5b
C126 (NoA=1) T7,5,3-6b5b6g5b6b5b6d5b6b5b6d5b6b
C130 (NoA=1) T7,5,3-6b5b6g5b6e5b6c5b6c5b6d5b
C132 (NoA=1) T7,5,3-6b5b6g5b6h5b6d5c6b5b6b
C136 (NoA=1) T7,5,3-6b5b6n5b6b5c6d5b6d5b
C144 (NoA=1) T7,5,3-6b5b6r5b6b5b6c5b6b5b6d5b
C120 (NoA=1) T7,5,3-6c5b6b5b6b5b6c5b6c5b6d5b6c
C122 (NoA=1) T7,5,3-6c5b6b5b6b5b6d5c6h5b
C124 (NoA=1) T7,5,3-6c5b6b5b6c5b6d5b6e5b6c5b6b
C124 (NoA=1) T7,5,3-6c5b6b5b6c5b6d5b6f5b6c5b
C124 (NoA=1) T7,5,3-6c5b6b5b6c5b6e5b6d5b6b5b6c
C124 (NoA=1) T7,5,3-6c5b6b5b6d5c6i5b6b5b
C124 (NoA=1) T7,5,3-6c5b6b5b6d5b6b5c6i5b
C126 (NoA=1) T7,5,3-6c5b6b5b6d5b6b5b6b5b6i5b
C126 (NoA=1) T7,5,3-6c5b6b5b6e5b6g5c6c5b6b
C122 (NoA=1) T7,5,3-6c5b6c5b6b5b6e5b6e5b6b5b
C120 (NoA=1) T7,5,3-6c5b6c5b6c5c6c5b6f5b
C120 (NoA=1) T7,5,3-6c5b6c5b6d5b6c5b6c5c6c
C122 (NoA=1) T7,5,3-6c5b6c5b6e5c6d5b6d5b
C128 (NoA=1) T7,5,3-6c5b6d5b6d5b6b5b6c5b6g5b
C128 (NoA=1) T7,5,3-6c5b6d5b6d5b6b5b6f5b6c5b6b
C128 (NoA=1) T7,5,3-6c5b6d5b6e5b6d5b6b5b6d5b6b
C130 (NoA=1) T7,5,3-6c5b6d5b6e5b6g5b6b5b6b5b6b
C128 (NoA=1) T7,5,3-6c5b6d5b6f5b6c5b6b5b6b5b6d
C130 (NoA=1) T7,5,3-6c5b6e5b6e5b6c5b6b5b6f5b
C128 (NoA=1) T7,5,3-6c5b6e5b6e5b6d5b6b5b6c5b6b
C128 (NoA=1) T7,5,3-6c5b6f5b6b5b6b5b6d5b6e5b6b
C130 (NoA=1) T7,5,3-6c5b6f5b6c5b6e5b6d5b6b5b6b
C130 (NoA=1) T7,5,3-6c5b6f5b6c5b6e5b6e5b6b5b
C130 (NoA=1) T7,5,3-6c5b6f5b6d5b6d5b6c5b6d5b
C136 (NoA=1) T7,5,3-6c5b6f5b6g5b6d5b6c5b6c5b6b
C138 (NoA=1) T7,5,3-6c5b6f5b6g5b6e5c6f5b
C138 (NoA=1) T7,5,3-6c5b6f5b6k5b6d5b6b5b6b5b
C138 (NoA=1) T7,5,3-6c5b6f5b6l5c6b5b6b5b6c
C142 (NoA=1) T7,5,3-6c5b6f5b6n5b6b5b6b5c6c
C136 (NoA=1) T7,5,3-6c5b6h5b6e5b6b5b6d5b6e5b
C136 (NoA=1) T7,5,3-6c5b6h5b6e5b6b5b6e5b6c5b6b
C134 (NoA=1) T7,5,3-6c5b6h5b6f5b6c5b6b5b6b5b6c
C136 (NoA=1) T7,5,3-6c5b6h5b6f5b6f5b6b5c6b
C140 (NoA=1) T7,5,3-6c5b6h5b6i5b6d5b6b5b6c5b
C134 (NoA=1) T7,5,3-6c5b6i5b6d5b6b5c6g5b
C136 (NoA=1) T7,5,3-6c5b6m5b6b5c6b5b6c5b6d
C136 (NoA=1) T7,5,3-6c5b6n5b6b5b6b5b6c5b6b5b6b
C136 (NoA=1) T7,5,3-6c5b6n5b6b5b6b5b6d5b6b5b
C140 (NoA=1) T7,5,3-6c5b6n5b6c5b6b5c6f5b
C140 (NoA=1) T7,5,3-6c5b6o5c6d5b6b5b6c5b6b
C142 (NoA=1) T7,5,3-6c5b6o5c6e5b6b5b6c5b6b
C146 (NoA=1) T7,5,3-6c5b6q5b6b5b6b5b6c5b6e5b
C154 (NoA=1) T7,5,3-6c5b6w5b6b5c6b5b6e5b
C120 (NoA=1) T7,5,3-6d5b6c5b6c5b6c5b6b5b6b5b6c
C122 (NoA=1) T7,5,3-6d5b6c5b6c5b6d5b6d5c6b
C122 (NoA=1) T7,5,3-6d5b6c5b6d5c6b5b6d5b6c
C122 (NoA=1) T7,5,3-6d5b6c5b6d5c6c5b6e5b
C126 (NoA=1) T7,5,3-6d5b6c5b6f5b6d5b6b5b6c5b
C122 (NoA=1) T7,5,3-6d5b6d5b6d5b6b5b6b5b6b5b6c
C124 (NoA=1) T7,5,3-6d5b6d5b6d5b6c5b6b5b6c5b6b
C124 (NoA=1) T7,5,3-6d5b6d5b6e5b6b5b6b5b6b5b6c
C124 (NoA=1) T7,5,3-6d5b6d5b6e5b6c5b6c5b6b5b
C128 (NoA=1) T7,5,3-6d5b6d5b6f5b6d5b6b5b6b5b6b
C122 (NoA=1) T7,5,3-6d5b6e5c6c5b6c5b6d5b
C122 (NoA=1) T7,5,3-6d5b6e5c6d5b6b5b6c5b6b
C122 (NoA=1) T7,5,3-6d5b6e5b6b5c6b5b6b5b6e
C126 (NoA=1) T7,5,3-6d5b6e5b6b5b6b5b6b5b6g5b
C128 (NoA=1) T7,5,3-6d5b6e5b6b5b6c5b6f5b6b5b6b
C126 (NoA=1) T7,5,3-6d5b6f5b6e5b6b5c6c5b6b
C132 (NoA=1) T7,5,3-6d5b6j5b6c5c6b5b6e5b
C140 (NoA=1) T7,5,3-6d5b6o5b6b5c6c5b6d5b
C130 (NoA=1) T7,5,3-6e5b6d5b6c5b6b5b6g5b6c5b
C132 (NoA=1) T7,5,3-6e5b6d5b6c5b6c5b6g5b6c5b
C132 (NoA=1) T7,5,3-6e5b6d5b6d5b6b5b6e5b6e5b
C132 (NoA=1) T7,5,3-6e5b6d5b6d5b6g5b6c5b6b5b
C136 (NoA=1) T7,5,3-6e5b6d5b6e5b6g5c6b5b6d
C138 (NoA=1) T7,5,3-6e5b6f5b6d5b6h5b6c5c6b
C132 (NoA=1) T7,5,3-6e5b6g5b6b5b6d5c6e5b6b
C132 (NoA=1) T7,5,3-6e5b6g5b6c5b6c5c6d5b6c
C132 (NoA=1) T7,5,3-6e5b6h5b6b5b6c5c6b5b6e
C138 (NoA=1) T7,5,3-6e5b6j5b6d5b6b5b6c5b6c5b6b
C142 (NoA=1) T7,5,3-6e5b6j5b6e5b6b5c6g5b
C150 (NoA=1) T7,5,3-6e5b6s5b6d5c6b5b6c5b
C124 (NoA=1) T7,5,3-6f5b6d5b6d5b6b5b6c5c6b
C124 (NoA=1) T7,5,3-6f5b6e5c6b5b6b5b6c5b6c
C128 (NoA=1) T7,5,3-6f5b6g5b6c5b6b5b6b5b6c5b
C136 (NoA=1) T7,5,3-6f5b6h5b6e5b6b5c6b5b6d
C132 (NoA=1) T7,5,3-6g5b6d5b6c5b6b5b6f5b6b5b6b
C130 (NoA=1) T7,5,3-6g5b6e5b6b5b6b5b6c5b6e5b
C130 (NoA=1) T7,5,3-6g5b6e5b6b5b6b5b6d5b6b5b6c
C134 (NoA=1) T7,5,3-6g5b6e5b6c5b6b5b6f5b6c5b
C134 (NoA=1) T7,5,3-6g5b6f5b6b5b6b5b6d5b6e5b
C132 (NoA=1) T7,5,3-6g5b6f5b6c5b6d5c6c5b6b
C138 (NoA=1) T7,5,3-6g5b6g5b6c5b6e5c6b5b6d
C146 (NoA=1) T7,5,3-6g5b6h5b6i5b6d5c6c5b
C128 (NoA=1) T7,5,3-6h5b6d5b6b5b6b5b6b5b6e5b
C134 (NoA=1) T7,5,3-6h5b6f5b6b5b6c5b6c5b6b5b6c
C142 (NoA=1) T7,5,3-6h5b6g5b6b5b6f5b6e5b6b5b
C130 (NoA=1) T7,5,3-6i5b6c5b6b5b6b5b6b5b6d5b6c
C140 (NoA=1) T7,5,3-6i5b6d5b6b5b6b5b6e5b6g5b
C140 (NoA=1) T7,5,3-6i5b6d5b6b5b6b5b6j5c6b
C132 (NoA=1) T7,5,3-6i5b6d5b6c5b6b5b6c5b6c5b6b
C138 (NoA=1) T7,5,3-6i5b6d5b6c5b6f5b6b5b6b5b6c
C140 (NoA=1) T7,5,3-6i5b6d5b6c5b6i5b6b5c6b
C144 (NoA=1) T7,5,3-6i5b6d5b6k5b6b5b6b5b6c5b
C138 (NoA=1) T7,5,3-6i5b6e5b6b5b6e5b6d5b6b5b6b
C138 (NoA=1) T7,5,3-6i5b6e5b6b5b6e5b6e5b6b5b
C138 (NoA=1) T7,5,3-6i5b6e5b6b5b6f5c6c5b6c
C142 (NoA=1) T7,5,3-6i5b6e5b6c5b6f5b6b5b6c5b6c
C144 (NoA=1) T7,5,3-6i5b6e5b6i5b6c5b6b5b6c5b
C142 (NoA=1) T7,5,3-6i5b6f5b6b5b6d5b6c5b6f5b
C148 (NoA=1) T7,5,3-6i5b6f5b6i5b6d5b6b5b6c5b
C156 (NoA=1) T7,5,3-6i5b6p5b6b5b6e5c6b5b6c
C130 (NoA=1) T7,5,3-6j5b6d5b6b5b6b5b6b5b6d5b
C138 (NoA=1) T7,5,3-6j5b6e5b6b5b6b5b6d5b6e5b
C138 (NoA=1) T7,5,3-6k5b6b5b6b5b6b5b6b5b6i5b
C134 (NoA=1) T7,5,3-6k5b6b5b6c5b6b5b6c5b6c5b6c
C134 (NoA=1) T7,5,3-6k5b6c5b6b5b6b5b6c5b6b5b6d
C138 (NoA=1) T7,5,3-6k5b6c5b6b5b6c5b6f5b6b5b6b
C140 (NoA=1) T7,5,3-6k5b6c5b6b5b6e5b6e5b6c5b
C144 (NoA=1) T7,5,3-6k5b6d5b6b5b6d5b6c5b6g5b
C152 (NoA=1) T7,5,3-6k5b6n5b6b5b6b5b6d5b6b5b
C140 (NoA=1) T7,5,3-6l5b6c5b6b5b6b5b6d5b6f5b
C134 (NoA=1) T7,5,3-6l5b6d5b6b5b6b5b6d5b6b5b
C136 (NoA=1) T7,5,3-6l5b6d5b6b5b6c5b6b5b6b5b6c
C148 (NoA=1) T7,5,3-6l5b6i5b6d5b6b5b6b5b6d5b
