C114 (NoA=2) T8,4,3-5b6b5b6b5c6c5b6b5b6f
C114 (NoA=1) T8,4,3-5b6b5b6b5c6d5b6f5b
C116 (NoA=1) T8,4,3-5b6b5b6b5b6c5b6b5b6f5b6b
C120 (NoA=2) T8,4,3-5b6b5b6c5b6c5b6f5b6c5b6b
C122 (NoA=1) T8,4,3-5b6b5b6c5b6j5b6b5b6b5b
C122 (NoA=1) T8,4,3-5b6b5b6d5c6i5b6b5b6b
C122 (NoA=1) T8,4,3-5b6b5b6d5c6j5b6b5b
C126 (NoA=1) T8,4,3-5b6b5b6f5b6f5c6f5b
C114 (NoA=2) T8,4,3-5b6c5b6b5b6d5b6c5b6b5b6b
C122 (NoA=1) T8,4,3-5b6d5b6c5b6e5b6d5b6b5b6b
C124 (NoA=1) T8,4,3-5b6d5b6c5b6f5b6d5b6b5b6b
C124 (NoA=1) T8,4,3-5b6d5b6d5b6d5b6c5b6e5b
C124 (NoA=1) T8,4,3-5b6d5b6d5b6e5b6b5b6d5b6b
C128 (NoA=1) T8,4,3-5b6d5b6l5c6b5b6b5b6b
C122 (NoA=2) T8,4,3-5b6e5b6g5b6b5b6b5b6b5b6b
C126 (NoA=2) T8,4,3-5b6e5b6h5b6b5b6b5b6b5b6c
C122 (NoA=1) T8,4,3-5b6f5c6e5b6b5b6d5b6b
C126 (NoA=1) T8,4,3-5b6f5b6b5b6f5b6e5b6b5b
C128 (NoA=1) T8,4,3-5b6f5b6h5b6c5b6b5b6b5b6b
C132 (NoA=1) T8,4,3-5b6m5b6b5c6d5b6d5b
C140 (NoA=1) T8,4,3-5b6q5c6d5b6b5b6c5b6b
C116 (NoA=2) T8,4,3-6b5b6b5b6d5b6b5b6d5b6c5b
C122 (NoA=2) T8,4,3-6b5b6c5b6c5b6c5b6c5b6d5b6c
C122 (NoA=1) T8,4,3-6b5b6c5b6c5b6d5b6e5b6b5b6b
C124 (NoA=1) T8,4,3-6b5b6c5b6d5b6c5b6d5b6e5b
C124 (NoA=2) T8,4,3-6b5b6e5c6d5b6b5b6d5b6d
C122 (NoA=2) T8,4,3-6b5b6e5c6d5b6c5b6d5b6b
C130 (NoA=1) T8,4,3-6b5b6e5b6b5b6e5b6f5b6c5b6b
C132 (NoA=1) T8,4,3-6b5b6e5b6b5b6l5b6b5b6b5b
C132 (NoA=1) T8,4,3-6b5b6e5b6g5b6d5b6b5b6e5b
C132 (NoA=1) T8,4,3-6b5b6e5b6k5b6b5b6b5b6b5b6b
C136 (NoA=1) T8,4,3-6b5b6e5b6l5b6b5b6b5b6b5b6c
C130 (NoA=2) T8,4,3-6b5b6f5b6f5b6b5b6c5b6b5b6d
C130 (NoA=1) T8,4,3-6b5b6f5b6f5b6b5b6d5b6d5b
C128 (NoA=2) T8,4,3-6b5b6f5b6g5b6c5b6b5b6b5b6b
C134 (NoA=2) T8,4,3-6b5b6f5b6j5b6d5b6b5b6b5b
C130 (NoA=1) T8,4,3-6b5b6g5b6e5b6b5c6d5b6d
C130 (NoA=1) T8,4,3-6b5b6g5b6f5b6b5b6d5b6b5b6b
C130 (NoA=1) T8,4,3-6b5b6g5b6f5b6b5b6e5b6b5b
C134 (NoA=1) T8,4,3-6b5b6m5b6c5c6b5b6e5b
C136 (NoA=1) T8,4,3-6b5b6n5c6c5b6b5b6b5b6d
C134 (NoA=1) T8,4,3-6b5b6n5c6d5b6b5b6c5b
C140 (NoA=1) T8,4,3-6b5b6p5c6c5b6c5b6c5b6b
C148 (NoA=1) T8,4,3-6b5b6r5b6d5b6b5c6f5b
C130 (NoA=2) T8,4,3-6c5b6d5b6b5b6c5b6i5b6b5b6b
C130 (NoA=1) T8,4,3-6c5b6d5b6b5b6d5b6g5b6c5b6b
C132 (NoA=1) T8,4,3-6c5b6d5b6f5b6e5b6b5b6e5b
C130 (NoA=2) T8,4,3-6c5b6f5b6d5b6c5c6d5b6d
C132 (NoA=2) T8,4,3-6c5b6f5b6d5b6d5b6f5b6b5b
C136 (NoA=2) T8,4,3-6c5b6f5b6g5b6e5b6b5b6b5b6c
C138 (NoA=1) T8,4,3-6c5b6f5b6g5b6f5b6d5c6b
C138 (NoA=2) T8,4,3-6c5b6f5b6i5b6d5b6b5b6c5b6b
C142 (NoA=2) T8,4,3-6c5b6f5b6n5b6b5c6c5b6b
C138 (NoA=1) T8,4,3-6c5b6m5b6c5b6b5b6b5b6d5b6b
C138 (NoA=1) T8,4,3-6c5b6m5b6c5b6b5b6c5b6d5b
C142 (NoA=1) T8,4,3-6c5b6m5b6d5b6b5b6d5b6d5b
C140 (NoA=1) T8,4,3-6c5b6n5b6c5b6b5b6b5b6b5b6d
C140 (NoA=1) T8,4,3-6c5b6n5b6c5b6b5b6c5b6d5b
C138 (NoA=1) T8,4,3-6c5b6n5b6d5b6b5b6b5b6b5b6b
C140 (NoA=1) T8,4,3-6c5b6n5b6d5b6c5b6b5b6b5b6b
C144 (NoA=1) T8,4,3-6c5b6n5b6f5b6d5b6b5b6b5b
C138 (NoA=1) T8,4,3-6c5b6o5c6b5b6b5b6b5b6d
C142 (NoA=1) T8,4,3-6c5b6o5c6c5b6b5b6d5b6c
C144 (NoA=1) T8,4,3-6c5b6o5c6d5b6f5b6b5b
C148 (NoA=1) T8,4,3-6c5b6q5b6c5b6c5c6f5b
C156 (NoA=1) T8,4,3-6c5b6y5c6b5b6c5b6c5b
