C112 (NoA=3) T9,3,3-5b6b5c6c5c6c5b6e
C118 (NoA=1) T9,3,3-5b6b5b6c5b6b5b6g5b6b5b6b
C118 (NoA=1) T9,3,3-5b6b5b6c5b6b5b6h5b6b5b
C118 (NoA=1) T9,3,3-5b6b5b6c5b6c5c6e5b6d
C118 (NoA=1) T9,3,3-5b6b5b6d5c6f5b6d5b
C120 (NoA=1) T9,3,3-5b6b5b6d5b6c5b6d5b6d5b6b
C118 (NoA=3) T9,3,3-5b6c5b6d5b6e5b6b5b6b5b6b
C120 (NoA=3) T9,3,3-5b6c5b6d5b6f5b6b5b6b5b6b
C118 (NoA=1) T9,3,3-5b6c5b6e5c6c5b6b5b6d
C120 (NoA=1) T9,3,3-5b6c5b6e5b6b5b6d5b6d5b
C118 (NoA=1) T9,3,3-5b6d5c6c5c6c5b6f
C120 (NoA=1) T9,3,3-5b6d5c6c5b6b5b6h5b
C120 (NoA=1) T9,3,3-5b6d5c6d5b6f5b6c5b
C120 (NoA=1) T9,3,3-5b6d5c6e5b6e5c6c
C126 (NoA=1) T9,3,3-5b6d5b6b5b6j5b6c5b6b5b
C128 (NoA=1) T9,3,3-5b6d5b6b5b6k5c6b5b6c
C128 (NoA=1) T9,3,3-5b6d5b6d5b6g5b6c5b6b5b6c
C128 (NoA=1) T9,3,3-5b6d5b6d5b6g5b6d5b6c5b
C132 (NoA=1) T9,3,3-5b6d5b6l5c6e5b6b5b
C124 (NoA=1) T9,3,3-5b6e5b6c5b6d5b6c5b6c5b6c
C126 (NoA=1) T9,3,3-5b6e5b6c5b6e5b6f5b6b5b
C126 (NoA=1) T9,3,3-5b6e5b6g5b6d5c6d5b
C126 (NoA=1) T9,3,3-5b6e5b6h5b6c5c6c5b6b
C130 (NoA=1) T9,3,3-5b6e5b6j5b6c5c6b5b6c
C124 (NoA=1) T9,3,3-5b6f5b6d5b6c5c6d5b6c
C126 (NoA=1) T9,3,3-5b6f5b6f5b6b5b6c5b6d5b
C126 (NoA=1) T9,3,3-5b6f5b6f5b6b5b6d5c6c
C126 (NoA=1) T9,3,3-5b6f5b6g5c6c5b6c5b6b
C130 (NoA=1) T9,3,3-5b6h5b6d5b6c5c6g5b
C130 (NoA=1) T9,3,3-5b6h5b6e5c6e5b6c5b6b
C132 (NoA=1) T9,3,3-5b6m5c6c5c6f5b
C136 (NoA=1) T9,3,3-5b6o5c6b5b6d5b6c5b6b
C144 (NoA=1) T9,3,3-5b6q5b6f5c6d5c6b
C118 (NoA=3) T9,3,3-6b5b6c5c6c5c6b5b6g
C124 (NoA=1) T9,3,3-6b5b6c5b6b5b6c5b6h5b6b5b6b
C124 (NoA=1) T9,3,3-6b5b6c5b6b5b6c5b6i5b6b5b
C124 (NoA=1) T9,3,3-6b5b6c5b6b5b6d5b6f5b6d5b
C124 (NoA=1) T9,3,3-6b5b6c5b6d5c6f5b6d5b6b
C126 (NoA=1) T9,3,3-6b5b6c5b6d5b6b5b6e5b6f5b
C124 (NoA=3) T9,3,3-6b5b6d5b6d5b6d5b6c5b6c5b6b
C126 (NoA=3) T9,3,3-6b5b6d5b6d5b6f5b6c5b6b5b6b
C124 (NoA=1) T9,3,3-6b5b6d5b6e5b6c5b6c5c6d
C126 (NoA=1) T9,3,3-6b5b6d5b6f5b6e5c6d5b
C124 (NoA=1) T9,3,3-6b5b6e5b6d5b6c5c6c5b6d
C126 (NoA=1) T9,3,3-6b5b6e5b6d5b6d5b6d5b6b5b6b
C126 (NoA=1) T9,3,3-6b5b6e5b6e5b6c5b6c5b6d5b
C126 (NoA=1) T9,3,3-6b5b6e5b6e5b6c5b6d5c6c
C130 (NoA=1) T9,3,3-6b5b6e5b6g5b6d5b6c5b6b5b6b
C132 (NoA=1) T9,3,3-6b5b6e5b6g5b6e5c6d5b6b
C132 (NoA=1) T9,3,3-6b5b6e5b6i5b6b5b6d5b6c5b
C132 (NoA=1) T9,3,3-6b5b6e5b6i5b6c5c6b5b6d
C136 (NoA=1) T9,3,3-6b5b6e5b6n5b6b5c6b5b6b
C130 (NoA=1) T9,3,3-6b5b6g5b6c5b6d5c6g5b
C132 (NoA=1) T9,3,3-6b5b6g5b6e5b6c5b6c5b6d5b6b
C132 (NoA=1) T9,3,3-6b5b6g5b6e5b6c5b6d5b6d5b
C132 (NoA=1) T9,3,3-6b5b6g5b6f5b6e5b6b5b6b5b6b
C134 (NoA=1) T9,3,3-6b5b6g5b6f5b6f5b6b5b6b5b6b
C132 (NoA=1) T9,3,3-6b5b6g5b6g5c6c5b6b5b6d
C136 (NoA=1) T9,3,3-6b5b6l5b6d5c6e5b6c5b
C134 (NoA=1) T9,3,3-6b5b6m5b6c5c6c5b6b5b6c
C134 (NoA=1) T9,3,3-6b5b6m5b6c5c6d5b6c5b
C138 (NoA=1) T9,3,3-6b5b6m5b6e5c6d5b6c5b
C136 (NoA=1) T9,3,3-6b5b6n5c6b5b6c5b6d5b6b
C138 (NoA=1) T9,3,3-6b5b6n5c6c5c6g5b
C142 (NoA=1) T9,3,3-6b5b6p5b6c5b6c5c6d5b6b
C150 (NoA=1) T9,3,3-6b5b6r5b6f5c6d5b6c5b
C124 (NoA=3) T9,3,3-6c5b6d5b6d5b6b5b6b5b6c5b6d
C130 (NoA=3) T9,3,3-6c5b6d5b6d5b6e5b6c5b6b5b6d
C132 (NoA=3) T9,3,3-6c5b6d5b6d5b6k5c6b5b
C130 (NoA=1) T9,3,3-6c5b6d5b6e5b6d5b6b5b6f5b
C130 (NoA=1) T9,3,3-6c5b6d5b6e5b6d5b6c5c6e
C130 (NoA=1) T9,3,3-6c5b6d5b6e5b6f5b6d5c6b
C130 (NoA=1) T9,3,3-6c5b6d5b6f5b6e5b6c5b6b5b6b
C132 (NoA=1) T9,3,3-6c5b6d5b6f5b6f5c6d5b6b
C130 (NoA=1) T9,3,3-6c5b6f5b6c5b6c5b6e5b6c5b6b
C130 (NoA=1) T9,3,3-6c5b6f5b6c5b6d5c6c5b6e
C132 (NoA=1) T9,3,3-6c5b6f5b6c5b6e5b6e5b6c5b
C132 (NoA=1) T9,3,3-6c5b6f5b6d5b6d5b6c5b6d5b6b
C132 (NoA=1) T9,3,3-6c5b6f5b6d5b6d5b6d5b6d5b
C136 (NoA=1) T9,3,3-6c5b6f5b6g5b6d5b6b5b6c5b6c
C138 (NoA=1) T9,3,3-6c5b6f5b6g5b6e5b6e5b6b5b
C138 (NoA=1) T9,3,3-6c5b6f5b6k5b6c5c6d5b
C138 (NoA=1) T9,3,3-6c5b6f5b6l5b6b5c6c5b6b
C142 (NoA=1) T9,3,3-6c5b6f5b6m5b6c5c6b5b6c
C132 (NoA=1) T9,3,3-6c5b6i5b6c5b6c5c6f5b
C136 (NoA=1) T9,3,3-6c5b6j5b6e5c6e5b6c5b
C138 (NoA=1) T9,3,3-6c5b6m5b6b5c6c5b6f5b
C138 (NoA=1) T9,3,3-6c5b6m5b6b5c6d5b6d5b6b
C142 (NoA=1) T9,3,3-6c5b6m5b6d5c6e5b6c5b6b
C138 (NoA=1) T9,3,3-6c5b6n5b6b5b6c5b6b5b6c5b6b
C140 (NoA=1) T9,3,3-6c5b6n5b6b5b6d5b6c5b6b5b6b
C140 (NoA=1) T9,3,3-6c5b6n5b6c5c6b5b6c5b6d
C140 (NoA=1) T9,3,3-6c5b6n5b6c5c6c5b6e5b
C144 (NoA=1) T9,3,3-6c5b6n5b6e5b6e5c6c5b
C138 (NoA=1) T9,3,3-6c5b6o5c6c5b6b5c6d
C142 (NoA=1) T9,3,3-6c5b6o5b6c5b6b5b6b5b6d5b6b
C144 (NoA=1) T9,3,3-6c5b6o5b6d5b6c5b6c5b6c5b
C148 (NoA=1) T9,3,3-6c5b6q5b6b5b6d5c6f5b
C156 (NoA=1) T9,3,3-6c5b6y5c6d5c6c5b
C130 (NoA=3) T9,3,3-6e5b6d5b6c5b6b5b6c5b6c5b6e
C136 (NoA=3) T9,3,3-6e5b6d5b6c5b6j5b6b5b6b5b6b
C138 (NoA=3) T9,3,3-6e5b6d5b6c5b6k5b6b5b6b5b6b
C136 (NoA=1) T9,3,3-6e5b6d5b6d5b6g5b6c5b6b5b6c
C136 (NoA=1) T9,3,3-6e5b6d5b6d5b6g5b6d5b6c5b
C136 (NoA=1) T9,3,3-6e5b6d5b6d5b6h5b6c5b6b5b6b
C136 (NoA=1) T9,3,3-6e5b6d5b6e5b6f5b6b5b6c5b6c
C138 (NoA=1) T9,3,3-6e5b6d5b6e5b6g5b6e5b6b5b
C136 (NoA=1) T9,3,3-6e5b6h5b6d5b6b5b6c5b6d5b6b
C138 (NoA=1) T9,3,3-6e5b6h5b6d5b6c5c6g5b
C136 (NoA=1) T9,3,3-6e5b6h5b6e5c6c5b6c5b6c
C138 (NoA=1) T9,3,3-6e5b6h5b6e5c6e5b6c5b6b
C138 (NoA=1) T9,3,3-6e5b6i5b6d5c6c5b6f5b
C138 (NoA=1) T9,3,3-6e5b6i5b6d5c6d5b6d5b6b
C142 (NoA=1) T9,3,3-6e5b6i5b6f5c6e5b6c5b6b
C144 (NoA=1) T9,3,3-6e5b6m5b6c5b6b5b6b5b6d5b6c
C146 (NoA=1) T9,3,3-6e5b6m5b6c5b6c5b6f5b6b5b
C146 (NoA=1) T9,3,3-6e5b6m5b6d5b6b5b6d5b6d5b
C146 (NoA=1) T9,3,3-6e5b6m5b6d5b6c5b6c5b6c5b6b
C150 (NoA=1) T9,3,3-6e5b6m5b6e5b6f5c6b5b6c
C142 (NoA=1) T9,3,3-6e5b6n5b6c5b6b5b6b5b6b5b6c
C144 (NoA=1) T9,3,3-6e5b6n5b6c5b6c5b6b5b6c5b6b
C144 (NoA=1) T9,3,3-6e5b6n5b6d5b6b5b6b5b6b5b6c
C144 (NoA=1) T9,3,3-6e5b6n5b6d5b6c5b6c5b6b5b
C148 (NoA=1) T9,3,3-6e5b6n5b6e5b6d5b6b5b6b5b6b
C144 (NoA=1) T9,3,3-6e5b6o5c6b5b6b5b6b5b6e
C144 (NoA=1) T9,3,3-6e5b6o5c6b5b6c5b6e5b
C144 (NoA=1) T9,3,3-6e5b6o5c6c5b6b5b6d5b6b
C148 (NoA=1) T9,3,3-6e5b6o5b6b5b6b5b6c5b6f5b
C150 (NoA=1) T9,3,3-6e5b6o5b6c5b6d5b6c5b6b5b6c
C148 (NoA=1) T9,3,3-6e5b6q5b6d5b6b5c6c5b6b
C154 (NoA=1) T9,3,3-6e5b6r5b6e5c6e5b6b5b
C162 (NoA=1) T9,3,3-6e5b6y5c6c5b6b5b6c5b6b
