C120 (NoA=20) T10,0,3-5b6b5b6b5b6b5b6b5b6b5b6c5b6b5b6b5b6b5b6k5c
C122 (NoA=2) T10,0,3-5b6b5b6b5b6b5b6b5b6b5b6c5b6b5b6c5b6i5b6b5b6b5b6b
C122 (NoA=2) T10,0,3-5b6b5b6b5b6b5b6b5b6b5b6c5b6c5b6b5b6i5c6c5b6b
C126 (NoA=2) T10,0,3-5b6b5b6b5b6b5b6b5b6b5b6c5b6d5b6l5b6b5d6b
C122 (NoA=2) T10,0,3-5b6b5b6b5b6b5b6b5b6b5b6d5b6b5b6b5b6h5c6d5b6b
C128 (NoA=2) T10,0,3-5b6b5b6b5b6b5b6b5b6b5b6f5b6j5c6b5b6b5b6b5b6c
C132 (NoA=2) T10,0,3-5b6b5b6b5b6b5b6b5b6b5b6f5b6l5b6d5d6c5b
C140 (NoA=2) T10,0,3-5b6b5b6b5b6b5b6b5b6b5b6s5b6c5b6b5b6b5c6b5b6c
C120 (NoA=20) T10,0,3-5b6b5b6b5b6b5b6b5b6c5c6b5b6b5b6b5b6l5c
C126 (NoA=2) T10,0,3-5b6b5b6b5b6b5b6b5b6c5c6d5b6l5b6b5b6b5c6b
C140 (NoA=2) T10,0,3-5b6b5b6b5b6b5b6b5b6c5b6s5b6c5d6c5b6b5b6b
C140 (NoA=10) T10,0,3-5b6b5b6b5b6b5b6b5b6q5b6b5b6c5b6b5b6b5c6f5b
C124 (NoA=4) T10,0,3-5b6b5b6b5b6c5b6c5b6c5b6b5b6c5b6e5b6b5b6c5b6b5b6d
C124 (NoA=1) T10,0,3-5b6b5b6b5b6c5b6c5b6c5b6c5b6b5b6e5b6b5b6c5c6e
C124 (NoA=2) T10,0,3-5b6b5b6b5b6c5b6c5b6c5b6c5b6c5b6d5b6b5b6d5b6b5b6c
C128 (NoA=1) T10,0,3-5b6b5b6b5b6c5b6c5b6c5b6d5b6f5b6b5b6e5b6b5b6b5b6b
C124 (NoA=2) T10,0,3-5b6b5b6b5b6c5b6c5b6d5b6b5b6b5b6e5b6b5b6b5c6f
C124 (NoA=1) T10,0,3-5b6b5b6b5b6c5b6c5b6d5b6b5b6c5b6d5b6b5b6b5b6d5b6c
C124 (NoA=2) T10,0,3-5b6b5b6b5b6c5b6c5b6d5b6c5b6b5b6d5b6b5b6b5b6c5b6d
C128 (NoA=1) T10,0,3-5b6b5b6b5b6c5b6c5b6e5b6b5b6f5b6b5b6b5c6g5b
C130 (NoA=1) T10,0,3-5b6b5b6b5b6c5b6c5b6f5b6g5b6b5b6b5c6b5b6b5b6e
C134 (NoA=1) T10,0,3-5b6b5b6b5b6c5b6c5b6f5b6g5b6b5b6d5b6d5b6b5b6c5b
C124 (NoA=2) T10,0,3-5b6b5b6b5b6c5b6d5c6b5b6c5b6f5b6b5b6d5b6b5b6c
C128 (NoA=1) T10,0,3-5b6b5b6b5b6c5b6d5c6d5b6g5b6b5b6d5b6b5b6c5b6b
C124 (NoA=2) T10,0,3-5b6b5b6b5b6c5b6d5b6c5b6c5b6b5b6d5b6b5c6d5b6d
C128 (NoA=2) T10,0,3-5b6b5b6b5b6c5b6d5b6c5b6d5b6e5b6b5b6c5b6c5b6d5b
C128 (NoA=1) T10,0,3-5b6b5b6b5b6c5b6d5b6e5b6b5b6e5b6b5c6c5b6f5b
C130 (NoA=1) T10,0,3-5b6b5b6b5b6c5b6d5b6f5b6f5b6b5c6c5b6b5b6b5b6d
C134 (NoA=1) T10,0,3-5b6b5b6b5b6c5b6d5b6f5b6f5b6b5b6c5b6b5b6f5b6b5b
C124 (NoA=4) T10,0,3-5b6b5b6b5b6c5b6e5c6c5b6b5b6e5b6b5b6b5b6b5b6e
C128 (NoA=2) T10,0,3-5b6b5b6b5b6c5b6f5b6d5b6b5b6d5b6b5b6b5b6c5b6d5b6b
C134 (NoA=2) T10,0,3-5b6b5b6b5b6c5b6f5b6e5b6e5b6b5c6e5b6e5c6b
C130 (NoA=2) T10,0,3-5b6b5b6b5b6c5b6f5b6e5b6e5b6b5b6b5b6b5c6b5b6e
C124 (NoA=8) T10,0,3-5b6b5b6c5b6b5b6c5b6c5b6c5b6b5b6d5b6c5b6c5c6e
C128 (NoA=2) T10,0,3-5b6b5b6c5b6b5b6c5b6c5b6d5b6e5b6c5b6e5b6b5b6b5b6b
C124 (NoA=4) T10,0,3-5b6b5b6c5b6b5b6c5b6d5b6b5b6c5b6c5b6c5b6b5b6d5b6c
C128 (NoA=1) T10,0,3-5b6b5b6c5b6b5b6c5b6e5b6b5b6e5b6c5b6b5c6g5b
C128 (NoA=1) T10,0,3-5b6b5b6c5b6b5b6c5b6e5b6d5b6c5b6c5b6d5b6b5b6c5b6b
C130 (NoA=2) T10,0,3-5b6b5b6c5b6b5b6c5b6f5b6f5b6c5b6b5c6b5b6b5b6e
C134 (NoA=2) T10,0,3-5b6b5b6c5b6b5b6c5b6f5b6f5b6c5b6d5b6d5b6b5b6c5b
C124 (NoA=4) T10,0,3-5b6b5b6c5b6b5b6d5c6c5b6b5b6e5b6c5b6c5b6c5b6c
C130 (NoA=4) T10,0,3-5b6b5b6c5b6b5b6d5b6f5b6e5b6c5c6c5b6b5b6b5b6d
C134 (NoA=4) T10,0,3-5b6b5b6c5b6b5b6d5b6f5b6e5b6c5b6c5b6b5b6f5b6b5b
C130 (NoA=2) T10,0,3-5b6b5b6c5b6b5b6e5b6c5b6g5b6c5b6b5b6b5b6b5b6b5b6d
C134 (NoA=2) T10,0,3-5b6b5b6c5b6b5b6e5b6c5b6g5b6c5b6c5b6d5b6c5b6b5b6b
C132 (NoA=4) T10,0,3-5b6b5b6d5b6d5b6c5b6d5b6f5b6b5b6f5b6b5c6b5b6b
C132 (NoA=2) T10,0,3-5b6b5b6d5b6d5b6e5b6b5b6f5b6b5b6c5c6e5b6c5b
C132 (NoA=2) T10,0,3-5b6b5b6d5b6d5b6e5b6d5b6d5b6b5b6e5b6b5b6b5b6b5b6b
C134 (NoA=1) T10,0,3-5b6b5b6d5b6d5b6f5b6g5b6b5b6c5c6b5b6b5b6b5b6d
C138 (NoA=1) T10,0,3-5b6b5b6d5b6d5b6f5b6g5b6b5b6e5b6d5c6b5b6c5b
C132 (NoA=2) T10,0,3-5b6b5b6d5b6e5c6d5b6g5b6b5b6e5b6b5b6b5b6b5b6b
C132 (NoA=4) T10,0,3-5b6b5b6d5b6e5b6e5b6b5b6e5b6b5b6b5b6c5b6d5b6c5b
C134 (NoA=2) T10,0,3-5b6b5b6d5b6e5b6f5b6f5b6b5b6b5b6c5b6b5b6b5c6d
C138 (NoA=2) T10,0,3-5b6b5b6d5b6e5b6f5b6f5b6b5b6d5b6b5b6d5b6c5b6b5b
C132 (NoA=2) T10,0,3-5b6b5b6d5b6f5b6b5b6b5b6g5b6b5b6c5b6e5c6c5b
C134 (NoA=1) T10,0,3-5b6b5b6d5b6f5b6c5b6h5b6b5b6c5b6b5b6b5b6b5c6d
C138 (NoA=1) T10,0,3-5b6b5b6d5b6f5b6c5b6h5b6b5b6d5b6d5b6b5b6b5b6b5b6b
