C140 (NoA=10) T10,0,4-5b6b5b6b5b6b5b6b5b6g5c6c5c6b5b6b5b6g5b
C142 (NoA=2) T10,0,4-5b6b5b6b5b6b5b6b5b6g5c6c5b6b5b6b5b6e5b6c5b6b
C142 (NoA=1) T10,0,4-5b6b5b6b5b6b5b6b5b6g5c6c5c6c5b6f5b6b5b6b
C144 (NoA=8) T10,0,4-5b6b5b6c5b6b5b6e5b6c5b6c5b6c5b6b5b6c5c6e5b6b
C144 (NoA=4) T10,0,4-5b6b5b6c5b6b5b6e5b6c5b6b5b6c5b6b5b6b5b6e5b6c5b6b
C144 (NoA=4) T10,0,4-5b6b5b6c5b6b5b6e5b6c5b6b5b6d5b6c5b6b5b6b5b6c5b6c
C144 (NoA=2) T10,0,4-5b6b5b6b5b6c5b6f5b6b5b6b5b6c5c6c5b6f5b6b5b6b
C144 (NoA=2) T10,0,4-5b6b5b6b5b6c5b6f5b6b5b6b5b6c5b6b5b6b5b6e5b6c5b6b
C144 (NoA=2) T10,0,4-5b6b5b6b5b6c5b6f5b6b5b6b5b6c5b6b5b6c5b6d5b6b5b6c
C144 (NoA=2) T10,0,4-5b6b5b6b5b6c5b6f5b6b5b6b5b6d5b6b5b6c5b6b5b6d5b6b
C144 (NoA=2) T10,0,4-5b6b5b6b5b6c5b6f5b6b5b6c5c6d5b6c5b6d5b6b5b6b
C144 (NoA=2) T10,0,4-5b6b5b6b5b6c5b6f5b6b5b6c5b6c5b6c5b6b5c6d5b6c
C144 (NoA=1) T10,0,4-5b6b5b6b5b6c5b6f5b6b5b6b5b6d5b6c5b6b5b6b5b6c5b6c
C144 (NoA=1) T10,0,4-5b6b5b6b5b6c5b6f5b6b5b6c5c6d5b6b5b6d5c6d
C146 (NoA=1) T10,0,4-5b6b5b6b5b6b5b6b5b6g5c6c5b6c5b6g5b6b5b6b5b6b
C148 (NoA=2) T10,0,4-5b6b5b6b5b6b5b6b5b6g5c6g5b6d5c6c5b6b5b6c
C148 (NoA=2) T10,0,4-5b6b5b6c5b6b5b6e5b6c5b6c5b6d5b6d5b6c5b6c5b6c5b
C148 (NoA=1) T10,0,4-5b6b5b6b5b6c5b6f5b6b5b6b5b6c5b6c5b6g5b6b5b6b5b6b
C148 (NoA=1) T10,0,4-5b6b5b6b5b6c5b6f5b6b5b6b5b6d5b6d5b6e5b6b5b6b5b6b
C148 (NoA=1) T10,0,4-5b6b5b6b5b6c5b6f5b6b5b6b5b6f5b6b5b6c5c6f5b
C148 (NoA=1) T10,0,4-5b6b5b6b5b6c5b6f5b6b5b6c5c6e5b6g5b6b5c6b
C148 (NoA=1) T10,0,4-5b6b5b6b5b6c5b6f5b6b5b6d5b6e5b6b5b6b5b6c5b6d5b
C148 (NoA=1) T10,0,4-5b6b5b6c5b6b5b6e5b6c5b6b5b6c5b6c5b6g5b6b5b6b5b6b
C148 (NoA=1) T10,0,4-5b6b5b6c5b6b5b6e5b6c5b6b5b6d5b6d5b6e5b6b5b6b5b6b
C150 (NoA=4) T10,0,4-5b6b5b6c5b6b5b6e5b6c5b6e5b6b5b6f5b6b5b6b5b6b5b6c
C150 (NoA=2) T10,0,4-5b6b5b6b5b6c5b6f5b6b5b6c5b6e5b6d5b6c5c6b5b6d
C150 (NoA=2) T10,0,4-5b6b5b6c5b6b5b6e5b6c5b6b5b6g5b6d5c6c5b6b5b6c
C150 (NoA=2) T10,0,4-5b6b5b6c5b6b5b6e5b6c5b6c5b6e5b6d5b6c5c6b5b6d
C150 (NoA=1) T10,0,4-5b6b5b6b5b6c5b6f5b6b5b6b5b6g5b6d5c6c5b6b5b6c
C150 (NoA=1) T10,0,4-5b6b5b6b5b6c5b6f5b6b5b6d5b6f5b6c5b6b5c6b5b6d
C152 (NoA=2) T10,0,4-5b6b5b6b5b6b5b6b5b6g5c6g5b6f5c6d5b6c5b
C152 (NoA=2) T10,0,4-5b6b5b6d5b6g5b6b5b6b5b6b5b6c5b6c5b6g5b6b5b6b5b6b
C152 (NoA=2) T10,0,4-5b6b5b6d5b6g5b6b5b6b5b6b5b6d5b6d5b6e5b6b5b6b5b6b
C152 (NoA=2) T10,0,4-5b6b5b6d5b6g5b6b5b6b5b6b5b6f5b6b5b6c5c6f5b
C152 (NoA=2) T10,0,4-5b6b5b6d5b6g5b6b5b6b5b6c5b6d5b6b5b6c5b6c5b6e5b
C152 (NoA=2) T10,0,4-5b6b5b6d5b6g5b6b5b6b5b6c5b6d5b6d5b6c5b6c5b6c5b
C154 (NoA=4) T10,0,4-5b6b5b6c5b6b5b6e5b6c5b6e5b6b5b6e5b6f5b6c5c6b
C154 (NoA=2) T10,0,4-5b6b5b6b5b6c5b6f5b6b5b6c5b6e5b6f5b6e5b6b5b6b5b
C154 (NoA=2) T10,0,4-5b6b5b6c5b6b5b6e5b6c5b6b5b6g5b6f5c6d5b6c5b
C154 (NoA=2) T10,0,4-5b6b5b6c5b6b5b6e5b6c5b6c5b6e5b6f5b6e5b6b5b6b5b
C154 (NoA=2) T10,0,4-5b6b5b6d5b6g5b6b5b6b5b6e5b6b5b6f5b6b5b6b5b6b5b6c
C154 (NoA=1) T10,0,4-5b6b5b6b5b6c5b6f5b6b5b6b5b6g5b6f5c6d5b6c5b
C154 (NoA=1) T10,0,4-5b6b5b6b5b6c5b6f5b6b5b6d5b6f5b6d5b6c5b6c5b6b5b6b
C154 (NoA=1) T10,0,4-5b6b5b6d5b6g5b6b5b6b5b6b5b6g5b6d5c6c5b6b5b6c
C154 (NoA=1) T10,0,4-5b6b5b6d5b6g5b6b5b6b5b6c5b6e5b6d5b6c5c6b5b6d
C156 (NoA=8) T10,0,4-5b6e5b6f5b6b5b6b5b6b5b6g5b6e5c6b5b6c5b6b5b6c
C156 (NoA=4) T10,0,4-5b6e5b6f5b6b5b6b5b6b5b6c5b6g5b6d5c6c5b6b5b6c
C156 (NoA=4) T10,0,4-5b6e5b6f5b6b5b6b5b6b5b6e5b6f5b6c5b6b5c6b5b6d
C158 (NoA=2) T10,0,4-5b6b5b6d5b6g5b6b5b6b5b6e5b6b5b6e5b6f5b6c5c6b
C158 (NoA=1) T10,0,4-5b6b5b6d5b6g5b6b5b6b5b6b5b6g5b6f5c6d5b6c5b
C158 (NoA=1) T10,0,4-5b6b5b6d5b6g5b6b5b6b5b6c5b6e5b6f5b6e5b6b5b6b5b
C160 (NoA=4) T10,0,4-5b6e5b6f5b6b5b6b5b6b5b6g5b6e5b6b5b6e5b6b5b6b5b6b
C160 (NoA=2) T10,0,4-5b6e5b6f5b6b5b6b5b6b5b6c5b6g5b6f5c6d5b6c5b
C160 (NoA=2) T10,0,4-5b6e5b6f5b6b5b6b5b6b5b6e5b6f5b6d5b6c5b6c5b6b5b6b
C160 (NoA=1) T10,0,4-5b6b5b6b5b6b5b6b5b6g5c6o5b6c5b6b5c6c5b6b
C162 (NoA=2) T10,0,4-5b6b5b6c5b6b5b6e5b6c5b6e5b6j5b6c5b6d5b6b5b6b5b6b
C162 (NoA=1) T10,0,4-5b6b5b6b5b6c5b6f5b6b5b6b5b6o5b6c5b6b5c6c5b6b
C162 (NoA=1) T10,0,4-5b6b5b6b5b6c5b6f5b6b5b6c5b6m5b6c5b6b5b6c5c6c
C162 (NoA=1) T10,0,4-5b6b5b6b5b6c5b6f5b6b5b6d5b6k5b6c5b6d5b6b5b6b5b6b
C162 (NoA=1) T10,0,4-5b6b5b6b5b6c5b6f5b6b5b6e5b6j5b6c5b6d5b6b5b6b5b6b
C162 (NoA=1) T10,0,4-5b6b5b6b5b6c5b6f5b6b5b6j5b6c5b6d5b6d5b6b5b6c5b6b
C162 (NoA=1) T10,0,4-5b6b5b6c5b6b5b6e5b6c5b6b5b6o5b6c5b6b5c6c5b6b
C162 (NoA=1) T10,0,4-5b6b5b6c5b6b5b6e5b6c5b6c5b6m5b6c5b6b5b6c5c6c
C164 (NoA=8) T10,0,4-5b6e5b6g5b6d5b6b5b6b5b6f5b6e5b6b5b6e5b6b5b6b5b6b
C164 (NoA=4) T10,0,4-5b6e5b6g5b6d5b6b5b6b5b6b5b6g5b6f5c6d5b6c5b
C164 (NoA=4) T10,0,4-5b6e5b6g5b6d5b6b5b6b5b6d5b6f5b6d5b6c5b6c5b6b5b6b
C166 (NoA=1) T10,0,4-5b6b5b6d5b6g5b6b5b6b5b6b5b6o5b6c5b6b5c6c5b6b
C166 (NoA=1) T10,0,4-5b6b5b6d5b6g5b6b5b6b5b6c5b6m5b6c5b6b5b6c5c6c
C166 (NoA=1) T10,0,4-5b6b5b6d5b6g5b6b5b6b5b6e5b6j5b6c5b6d5b6b5b6b5b6b
C166 (NoA=1) T10,0,4-5b6b5b6d5b6g5b6b5b6b5b6h5b6d5b6d5b6f5b6b5b6b5b6b
C166 (NoA=1) T10,0,4-5b6b5b6d5b6g5b6b5b6b5b6i5b6e5c6g5b6b5c6c
C168 (NoA=2) T10,0,4-5b6e5b6f5b6b5b6b5b6b5b6g5b6h5b6e5b6c5b6b5c6c
C168 (NoA=1) T10,0,4-5b6e5b6f5b6b5b6b5b6b5b6c5b6o5b6c5b6b5c6c5b6b
C168 (NoA=1) T10,0,4-5b6e5b6f5b6b5b6b5b6b5b6e5b6k5b6c5b6d5b6b5b6b5b6b
C172 (NoA=2) T10,0,4-5b6e5b6g5b6d5b6b5b6b5b6f5b6h5b6e5b6c5b6b5c6c
C172 (NoA=1) T10,0,4-5b6e5b6g5b6d5b6b5b6b5b6b5b6o5b6c5b6b5c6c5b6b
C172 (NoA=1) T10,0,4-5b6e5b6g5b6d5b6b5b6b5b6d5b6k5b6c5b6d5b6b5b6b5b6b
C180 (NoA=2) T10,0,4-5b6m5b6c5b6d5b6b5b6b5b6b5b6o5b6c5b6b5c6c5b6b
C180 (NoA=2) T10,0,4-5b6m5b6c5b6d5b6b5b6b5b6d5b6k5b6c5b6d5b6b5b6b5b6b
C180 (NoA=2) T10,0,4-5b6m5b6c5b6d5b6b5b6b5b6f5b6h5b6e5b6c5b6b5c6c
C180 (NoA=2) T10,0,4-5b6m5b6c5b6d5b6b5b6b5b6g5b6f5b6g5c6b5b6c5b6b
C180 (NoA=2) T10,0,4-5b6m5b6c5b6d5b6b5b6b5b6h5b6d5b6d5b6f5b6b5b6b5b6b
