C160 (NoA=1) T10,0,4-5b6m5b6c5b6d5b6b5b6b5b6b5b6c5c6b5b6b5b6g5b
C162 (NoA=1) T10,0,4-5b6m5b6c5b6d5b6b5b6b5b6b5b6c5c6c5b6f5b6b5b6b
C162 (NoA=1) T10,0,4-5b6m5b6c5b6d5b6b5b6b5b6b5b6c5b6b5b6b5b6e5b6c5b6b
C162 (NoA=1) T10,0,4-5b6m5b6c5b6d5b6b5b6b5b6b5b6c5b6b5b6c5b6d5b6b5b6c
C166 (NoA=1) T10,0,4-5b6m5b6c5b6d5b6b5b6b5b6b5b6c5b6c5b6g5b6b5b6b5b6b
C162 (NoA=1) T10,0,4-5b6m5b6c5b6d5b6b5b6b5b6b5b6d5b6b5b6c5b6b5b6d5b6b
C162 (NoA=1) T10,0,4-5b6m5b6c5b6d5b6b5b6b5b6b5b6d5b6c5b6b5b6b5b6c5b6c
C166 (NoA=1) T10,0,4-5b6m5b6c5b6d5b6b5b6b5b6b5b6d5b6d5b6e5b6b5b6b5b6b
C162 (NoA=1) T10,0,4-5b6m5b6c5b6d5b6b5b6b5b6b5b6e5b6b5b6b5b6b5c6e
C166 (NoA=1) T10,0,4-5b6m5b6c5b6d5b6b5b6b5b6b5b6f5b6b5b6c5c6f5b
C168 (NoA=1) T10,0,4-5b6m5b6c5b6d5b6b5b6b5b6b5b6g5b6d5c6c5b6b5b6c
C172 (NoA=1) T10,0,4-5b6m5b6c5b6d5b6b5b6b5b6b5b6g5b6f5c6d5b6c5b
C180 (NoA=2) T10,0,4-5b6m5b6c5b6d5b6b5b6b5b6b5b6o5b6c5b6b5c6c5b6b
C162 (NoA=1) T10,0,4-5b6m5b6c5b6d5b6b5b6b5b6d5c6b5b6b5b6d5b6d5b6b
C162 (NoA=2) T10,0,4-5b6m5b6c5b6d5b6b5b6b5b6d5c6b5b6c5b6c5b6c5b6c
C166 (NoA=1) T10,0,4-5b6m5b6c5b6d5b6b5b6b5b6d5b6c5b6d5b6c5b6d5c6b
C166 (NoA=1) T10,0,4-5b6m5b6c5b6d5b6b5b6b5b6d5b6e5b6b5b6b5b6c5b6d5b
C168 (NoA=1) T10,0,4-5b6m5b6c5b6d5b6b5b6b5b6d5b6f5b6c5b6b5c6b5b6d
C172 (NoA=1) T10,0,4-5b6m5b6c5b6d5b6b5b6b5b6d5b6f5b6d5b6c5b6c5b6b5b6b
C180 (NoA=2) T10,0,4-5b6m5b6c5b6d5b6b5b6b5b6d5b6k5b6c5b6d5b6b5b6b5b6b
C168 (NoA=2) T10,0,4-5b6m5b6c5b6d5b6b5b6b5b6f5b6e5c6b5b6c5b6b5b6c
C172 (NoA=2) T10,0,4-5b6m5b6c5b6d5b6b5b6b5b6f5b6e5b6b5b6e5b6b5b6b5b6b
C180 (NoA=2) T10,0,4-5b6m5b6c5b6d5b6b5b6b5b6f5b6h5b6e5b6c5b6b5c6c
C180 (NoA=2) T10,0,4-5b6m5b6c5b6d5b6b5b6b5b6g5b6f5b6g5c6b5b6c5b6b
C180 (NoA=2) T10,0,4-5b6m5b6c5b6d5b6b5b6b5b6h5b6d5b6d5b6f5b6b5b6b5b6b
