C146 (NoA=1) T10,0,4-5b6b5b6d5b6g5b6b5b6b5b6b5b6c5c6b5b6b5b6g5b
C148 (NoA=1) T10,0,4-5b6b5b6d5b6g5b6b5b6b5b6b5b6c5c6c5b6f5b6b5b6b
C148 (NoA=1) T10,0,4-5b6b5b6d5b6g5b6b5b6b5b6b5b6c5b6b5b6b5b6e5b6c5b6b
C148 (NoA=1) T10,0,4-5b6b5b6d5b6g5b6b5b6b5b6b5b6c5b6b5b6c5b6d5b6b5b6c
C152 (NoA=2) T10,0,4-5b6b5b6d5b6g5b6b5b6b5b6b5b6c5b6c5b6g5b6b5b6b5b6b
C148 (NoA=1) T10,0,4-5b6b5b6d5b6g5b6b5b6b5b6b5b6d5b6b5b6c5b6b5b6d5b6b
C148 (NoA=1) T10,0,4-5b6b5b6d5b6g5b6b5b6b5b6b5b6d5b6c5b6b5b6b5b6c5b6c
C152 (NoA=2) T10,0,4-5b6b5b6d5b6g5b6b5b6b5b6b5b6d5b6d5b6e5b6b5b6b5b6b
C148 (NoA=1) T10,0,4-5b6b5b6d5b6g5b6b5b6b5b6b5b6e5b6b5b6b5b6b5c6e
C152 (NoA=2) T10,0,4-5b6b5b6d5b6g5b6b5b6b5b6b5b6f5b6b5b6c5c6f5b
C154 (NoA=1) T10,0,4-5b6b5b6d5b6g5b6b5b6b5b6b5b6g5b6d5c6c5b6b5b6c
C158 (NoA=1) T10,0,4-5b6b5b6d5b6g5b6b5b6b5b6b5b6g5b6f5c6d5b6c5b
C166 (NoA=1) T10,0,4-5b6b5b6d5b6g5b6b5b6b5b6b5b6o5b6c5b6b5c6c5b6b
C148 (NoA=1) T10,0,4-5b6b5b6d5b6g5b6b5b6b5b6c5b6c5b6b5b6b5b6b5b6c5b6d
C148 (NoA=2) T10,0,4-5b6b5b6d5b6g5b6b5b6b5b6c5b6c5b6b5b6c5c6e5b6b
C152 (NoA=2) T10,0,4-5b6b5b6d5b6g5b6b5b6b5b6c5b6d5b6b5b6c5b6c5b6e5b
C152 (NoA=2) T10,0,4-5b6b5b6d5b6g5b6b5b6b5b6c5b6d5b6d5b6c5b6c5b6c5b
C154 (NoA=1) T10,0,4-5b6b5b6d5b6g5b6b5b6b5b6c5b6e5b6d5b6c5c6b5b6d
C158 (NoA=1) T10,0,4-5b6b5b6d5b6g5b6b5b6b5b6c5b6e5b6f5b6e5b6b5b6b5b
C166 (NoA=1) T10,0,4-5b6b5b6d5b6g5b6b5b6b5b6c5b6m5b6c5b6b5b6c5c6c
C158 (NoA=2) T10,0,4-5b6b5b6d5b6g5b6b5b6b5b6e5b6b5b6e5b6f5b6c5c6b
C154 (NoA=2) T10,0,4-5b6b5b6d5b6g5b6b5b6b5b6e5b6b5b6f5b6b5b6b5b6b5b6c
C166 (NoA=1) T10,0,4-5b6b5b6d5b6g5b6b5b6b5b6e5b6j5b6c5b6d5b6b5b6b5b6b
C166 (NoA=1) T10,0,4-5b6b5b6d5b6g5b6b5b6b5b6h5b6d5b6d5b6f5b6b5b6b5b6b
C166 (NoA=1) T10,0,4-5b6b5b6d5b6g5b6b5b6b5b6i5b6e5c6g5b6b5c6c
