C60 (NoA=120) S1-5b6c5b6b5b
C70 (NoA=20) S1-5b6d5b6b5b
C72 (NoA=24) S3-5b6c5b6c
C74 (NoA=12) S4-6b5c6b5b6b
C76 (NoA=24) S2-6c5b6c5b6b
C76 (NoA=4) A1-5b6b5b6b5b6b5b6g5b6f5b6b5b6e5b6b5b6b5c6c
C78 (NoA=12) S2-5b6c5b6c5b6b
C78 (NoA=12) S2-6c5b6d5b6b
C78 (NoA=6) A1-5b6b5b6b5b6b5b6e5b6g5b6f5c6b5b6b5b6c5b6c
C78 (NoA=4) A1-5b6b5b6b5b6b5b6k5b6c5c6b5b6f5b6c5c6b
C78 (NoA=4) A1-5b6b5b6b5b6c5b6h5b6d5b6d5b6b5b6b5b6d5b6c5b
C80 (NoA=120) S1-6b5b6c5b6b5b
C80 (NoA=20) S1-5b6e5b6b5b
C80 (NoA=20) S1-6b5b6b5b6c5b
C80 (NoA=6) A1-5b6b5b6b5b6c5b6i5b6g5b6b5c6b5b6b5b6c5b6c
C80 (NoA=4) A1-5b6b5b6b5b6b5b6g5b6e5b6d5b6c5b6b5b6b5b6f5b
C80 (NoA=4) A1-5b6b5b6b5b6c5b6h5b6e5b6c5b6d5b6b5b6b5b6b5b6c
C80 (NoA=4) A1-5b6b5b6e5b6b5b6d5b6d5b6d5b6d5b6e5b6b5b6c5b
C82 (NoA=6) S4-5b6d5b6d5b6b
C82 (NoA=6) S4-5b6e5c6c
C82 (NoA=4) A1-5b6c5b6d5b6b5b6b5b6f5b6f5b6b5b6b5b6c5b6f5b
C82 (NoA=2) A1-5b6b5b6b5b6b5b6k5b6b5b6c5b6b5b6b5b6d5b6f5b
C82 (NoA=2) A1-5b6b5b6b5b6b5b6k5b6c5b6b5b6b5b6b5b6c5b6g5b
C82 (NoA=2) A1-5b6b5b6b5b6c5b6h5b6d5b6c5b6b5b6c5b6c5b6f5b
C82 (NoA=2) A1-5b6b5b6b5b6c5b6h5b6e5b6b5b6b5b6c5b6b5b6g5b
C82 (NoA=2) A1-5b6b5b6e5b6b5b6d5b6c5b6f5b6c5b6c5b6b5b6f5b
C82 (NoA=2) A1-5b6b5b6e5b6b5b6d5b6d5b6e5b6c5b6b5b6c5b6f5b
C84 (NoA=24) S2-6b5b6d5b6d
C84 (NoA=24) S3-5b6d5b6c
C84 (NoA=12) S2-6b5b6b5b6b5b6c
C84 (NoA=8) A1-5b6b5b6b5b6c5b6h5b6e5b6c5b6e5b6d5b6b5b6b5b6b
C84 (NoA=8) A1-5b6c5b6d5b6e5b6c5b6b5b6c5b6c5b6d5b6g5b6b5b6b
C84 (NoA=4) A1-5b6b5b6b5b6b5b6i5b6e5b6i5b6b5b6b5b6b5c6b
C84 (NoA=4) A1-5b6b5b6b5b6c5b6i5b6g5b6b5b6d5b6c5b6c5b6b5b
C84 (NoA=4) A1-5b6b5b6b5b6k5b6b5b6b5b6b5b6b5b6b5b6d5b6h5b
C84 (NoA=4) A1-5b6b5b6b5b6k5b6b5b6b5b6b5b6b5b6b5b6j5b6b5b
C84 (NoA=4) A1-5b6b5b6f5b6e5b6b5c6b5b6l5b6b5b6b5b6c5b
C84 (NoA=4) A1-5b6b5b6f5b6e5b6b5c6c5b6i5b6c5c6b5b6d
C84 (NoA=4) A1-5b6c5b6d5b6b5b6b5b6f5b6g5b6b5c6e5b6d5b6b
C84 (NoA=4) A1-5b6c5b6d5b6d5b6d5b6b5b6c5b6d5b6c5b6g5b6b5b6b
C84 (NoA=2) A1-5b6b5b6b5b6b5b6k5b6f5b6b5b6d5b6c5b6c5b6b5b
C84 (NoA=2) A1-5b6b5b6b5b6c5b6h5b6e5b6b5b6b5b6d5b6f5b6b5b6b
C84 (NoA=2) A1-5b6b5b6e5b6b5b6d5b6c5b6f5b6c5b6d5b6e5c6c
C84 (NoA=2) A1-5b6b5b6e5b6b5b6d5b6c5b6f5b6d5b6c5b6d5b6b5b6c
C84 (NoA=2) A1-5b6b5b6e5b6b5b6d5b6d5b6e5b6d5c6f5b6c5b6b
C84 (NoA=2) A1-5b6b5b6e5b6f5b6b5c6d5b6c5b6e5b6c5b6f5b
C84 (NoA=2) A1-5b6b5b6e5b6f5b6b5c6d5b6c5b6f5b6e5c6c
C84 (NoA=2) A1-5b6b5b6e5b6f5b6b5c6d5b6h5b6c5c6b5b6d
C84 (NoA=2) A1-5b6b5b6e5b6f5b6b5b6b5b6c5b6c5b6d5b6g5b6b5b6b
C84 (NoA=2) A1-5b6b5b6f5b6e5b6b5c6b5b6k5b6b5c6b5b6d
C84 (NoA=1) A1-5b6b5b6e5b6f5b6b5c6d5b6c5b6e5b6f5b6b5b6b
C86 (NoA=6) A1-5b6c5b6d5b6b5b6c5b6i5b6e5b6b5b6b5b6c5b6e5b
C86 (NoA=4) A1-5b6b5b6b5b6l5b6b5b6b5b6b5b6d5b6h5b6b5b6b5b
C86 (NoA=4) A1-5b6b5b6e5b6b5b6d5b6c5b6j5b6c5b6b5b6b5b6e5b
C86 (NoA=3) S4-6b5b6d5b6c5b6b
C86 (NoA=2) A1-5b6b5b6b5b6b5b6k5b6d5b6d5b6e5b6b5b6b5b6b5b6c
C86 (NoA=2) A1-5b6b5b6b5b6b5b6l5b6d5b6b5b6c5b6d5b6e5b6b5b
C86 (NoA=2) A1-5b6b5b6b5b6c5b6h5b6g5b6c5b6b5b6c5b6d5b6b5b6c
C86 (NoA=2) A1-5b6b5b6b5b6c5b6i5b6f5b6c5c6d5b6d5b6b5b6c
C86 (NoA=2) A1-5b6b5b6b5b6k5b6b5b6c5b6c5b6c5b6d5b6e5c6c
C86 (NoA=2) A1-5b6b5b6e5b6b5b6e5b6g5b6c5b6d5b6b5b6b5b6c5b6d
C86 (NoA=2) A1-5b6b5b6e5b6b5b6l5b6b5b6b5b6b5b6b5b6b5b6g5b
C86 (NoA=2) A1-5b6b5b6e5b6f5b6b5c6d5b6i5b6c5b6b5b6d5b
C86 (NoA=2) A1-5b6b5b6e5b6h5c6d5b6d5b6b5b6c5b6e5b6c5b6b
C86 (NoA=1) A1-5b6b5b6b5b6b5b6k5b6e5b6c5c6d5b6d5b6b5b6c
C86 (NoA=1) A1-5b6b5b6b5b6c5b6h5b6g5b6c5b6c5b6b5b6d5c6d
C86 (NoA=1) A1-5b6b5b6b5b6k5b6b5b6b5b6d5b6c5b6e5b6d5c6c
C86 (NoA=1) A1-5b6b5b6e5b6b5b6d5b6h5b6d5b6c5b6b5b6b5b6c5b6d
C86 (NoA=1) A1-5b6b5b6e5b6b5b6d5b6h5b6e5b6b5b6b5b6b5b6b5b6e
C86 (NoA=1) A1-5b6b5b6e5b6b5b6d5b6h5b6e5b6b5b6b5b6c5b6e5b
C88 (NoA=12) A1-5b6b5b6e5b6g5b6f5b6b5b6c5b6b5b6b5b6b5b6c5b6f
C88 (NoA=4) A1-5b6b5b6b5b6b5b6g5b6m5b6b5b6c5b6b5b6b5b6b5b6c
C88 (NoA=4) A1-5b6b5b6b5b6c5b6h5b6e5b6h5b6c5b6b5b6b5b6d5b
C88 (NoA=4) A1-5b6b5b6b5b6k5b6b5b6b5b6b5b6k5b6b5b6b5b6b5b6b
C88 (NoA=4) A1-5b6b5b6b5b6l5b6d5b6b5b6d5b6c5b6b5b6c5b6b5b6d
C88 (NoA=4) A1-5b6c5b6d5b6b5b6c5b6i5b6h5b6b5b6b5b6b5b6b5b6c
C88 (NoA=2) A1-5b6b5b6b5b6b5b6l5b6c5b6c5b6g5b6d5b6b5b6b5b
C88 (NoA=2) A1-5b6b5b6b5b6b5b6p5b6c5b6b5b6b5b6b5b6d5c6d
C88 (NoA=2) A1-5b6b5b6b5b6c5b6i5b6f5b6b5b6e5b6b5b6e5b6c5b
C88 (NoA=2) A1-5b6b5b6b5b6c5b6n5b6d5b6b5b6b5b6b5b6b5b6b5b6e
C88 (NoA=2) A1-5b6b5b6b5b6c5b6n5b6d5b6b5b6b5b6b5b6c5b6e5b
C88 (NoA=2) A1-5b6b5b6b5b6k5b6c5b6b5b6f5b6b5b6e5b6b5b6d5b
C88 (NoA=2) A1-5b6b5b6b5b6l5b6b5b6b5b6b5b6d5b6g5b6b5b6b5b6c
C88 (NoA=2) A1-5b6b5b6b5b6l5b6b5b6b5b6c5b6b5b6b5b6e5b6e5b6c
C88 (NoA=2) A1-5b6b5b6b5b6l5b6c5b6b5c6c5b6e5b6f5b6c5b
C88 (NoA=2) A1-5b6b5b6b5b6l5b6c5b6d5b6c5c6b5b6c5b6d5b6d
C88 (NoA=2) A1-5b6b5b6b5b6l5b6d5b6c5b6b5b6b5b6b5b6b5b6b5b6g
C88 (NoA=2) A1-5b6b5b6e5b6b5b6d5b6c5b6n5c6b5b6b5b6c5b6b
C88 (NoA=2) A1-5b6b5b6e5b6b5b6d5b6h5b6e5b6c5b6d5b6c5b6b5b6b
C88 (NoA=2) A1-5b6b5b6e5b6b5b6d5b6h5b6g5b6c5b6b5b6b5b6c5b6b
C88 (NoA=2) A1-5b6b5b6e5b6b5b6e5b6g5b6g5b6b5b6c5b6b5b6d5b
C88 (NoA=2) A1-5b6b5b6e5b6b5b6l5b6b5b6c5b6d5b6b5c6f5b
C88 (NoA=2) A1-5b6b5b6e5b6b5b6l5b6b5b6c5b6d5b6b5b6b5b6c5b6c
C88 (NoA=2) A1-5b6b5b6e5b6g5b6c5b6d5b6b5b6b5b6c5b6c5b6e5b6d
C88 (NoA=1) A1-5b6b5b6b5b6b5b6k5b6e5b6b5b6e5b6b5b6e5b6c5b
C88 (NoA=1) A1-5b6b5b6b5b6c5b6h5b6j5b6c5b6b5b6b5b6b5b6e5b
C88 (NoA=1) A1-5b6b5b6b5b6k5b6b5b6b5b6g5b6e5b6b5b6b5b6c5b6b
C88 (NoA=1) A1-5b6b5b6b5b6k5b6b5b6c5b6f5b6c5b6d5b6b5b6d5b
C88 (NoA=1) A1-5b6b5b6b5b6k5b6b5b6c5b6f5b6d5b6c5b6b5b6c5b6b
C88 (NoA=1) A1-5b6b5b6b5b6l5b6b5b6b5b6b5b6c5b6g5c6d5b6c
C88 (NoA=1) A1-5b6b5b6b5b6l5b6b5b6b5b6b5b6c5b6g5b6d5b6c5b
C88 (NoA=1) A1-5b6b5b6b5b6l5b6c5b6c5b6d5b6c5b6c5b6b5b6b5b6d
C88 (NoA=1) A1-5b6b5b6e5b6b5b6d5b6h5b6h5b6b5b6b5b6b5b6b5b6c
C88 (NoA=1) A1-5b6b5b6e5b6b5b6l5b6b5b6b5b6b5b6c5b6f5b6b5b6b
C88 (NoA=1) A1-5b6b5b6e5b6b5b6l5b6b5b6b5b6e5b6b5b6c5b6b5b6c
C90 (NoA=20) S1-5b6f5b6b5b
C90 (NoA=4) A1-5b6b5b6b5b6b5b6k5b6c5b6k5b6b5b6b5b6b5b6c5b
C90 (NoA=4) A1-5b6b5b6b5b6k5b6b5b6d5b6b5b6h5b6e5c6b5b6b
C90 (NoA=4) A1-5b6b5b6b5b6k5b6c5b6c5b6g5b6c5b6b5b6b5b6b5b6d
C90 (NoA=4) A1-5b6b5b6e5b6b5b6l5b6b5b6d5b6d5b6b5b6b5b6c5b6c
C90 (NoA=4) A1-5b6b5b6e5b6f5b6b5b6b5b6f5b6g5b6e5b6b5b6b5b6b
C90 (NoA=4) A1-5b6b5b6e5b6f5b6d5b6c5b6f5b6b5b6d5b6c5b6e5b
C90 (NoA=4) A1-5b6c5b6d5b6e5b6c5b6b5b6f5b6g5b6b5b6e5b6c5b
C90 (NoA=2) A1-5b6b5b6b5b6b5b6l5b6e5b6h5c6d5b6b5b6b5b
C90 (NoA=2) A1-5b6b5b6b5b6b5b6s5b6b5b6b5b6b5b6b5b6b5b6e5b
C90 (NoA=2) A1-5b6b5b6b5b6c5b6h5b6g5b6c5b6d5b6g5b6b5c6b
C90 (NoA=2) A1-5b6b5b6b5b6c5b6i5b6i5b6e5b6b5b6b5b6c5b6c5b
C90 (NoA=2) A1-5b6b5b6b5b6c5b6n5b6d5b6c5b6b5b6d5b6b5b6c5b6b
C90 (NoA=2) A1-5b6b5b6b5b6k5b6b5b6d5b6d5b6d5b6b5b6b5b6g5b
C90 (NoA=2) A1-5b6b5b6b5b6k5b6d5b6b5b6d5b6c5b6b5b6c5b6g5b
C90 (NoA=2) A1-5b6b5b6b5b6m5b6c5b6b5b6c5b6c5b6b5b6c5b6g5b
C90 (NoA=2) A1-5b6b5b6e5b6b5b6d5b6h5b6h5b6b5c6b5b6f5b
C90 (NoA=2) A1-5b6b5b6e5b6b5b6e5b6g5b6h5b6d5b6b5b6b5b6b5b6b
C90 (NoA=2) A1-5b6b5b6e5b6f5b6b5b6b5b6f5b6f5b6c5b6f5b6b5b
C90 (NoA=2) A1-5b6b5b6e5b6f5b6b5b6b5b6f5b6g5b6b5b6e5b6c5b
C90 (NoA=2) A1-5b6b5b6e5b6f5b6b5b6b5b6l5b6c5c6b5b6d5b6b
C90 (NoA=2) A1-5b6b5b6e5b6f5b6c5b6e5b6e5b6c5b6b5b6d5b6e5b
C90 (NoA=2) A1-5b6b5b6e5b6f5b6d5b6d5b6e5b6e5b6b5b6b5b6d5b6b
C90 (NoA=2) A1-5b6b5b6e5b6g5b6c5b6d5b6b5b6b5b6e5b6f5c6d
C90 (NoA=2) A1-5b6c5b6d5b6b5b6b5b6l5b6c5c6b5b6i5c6b
C90 (NoA=2) A1-5b6c5b6d5b6b5b6b5b6l5b6d5b6b5b6b5b6c5b6f5b
C90 (NoA=2) A1-5b6c5b6d5b6b5b6b5b6l5b6d5b6b5b6b5b6d5b6d5b6b
C90 (NoA=2) A1-5b6c5b6d5b6b5b6b5b6m5b6c5b6b5b6b5b6b5b6g5b
C90 (NoA=2) A1-5b6c5b6d5b6b5b6c5b6j5b6e5b6b5b6b5b6c5b6f5b
C90 (NoA=2) A1-5b6c5b6d5b6d5b6d5b6b5b6g5b6f5b6b5b6e5b6c5b
C90 (NoA=1) A1-5b6b5b6b5b6b5b6k5b6h5b6e5b6b5b6b5b6c5b6c5b
C90 (NoA=1) A1-5b6b5b6b5b6c5b6h5b6j5b6d5b6c5b6b5b6c5b6b5b6b
C90 (NoA=1) A1-5b6b5b6b5b6c5b6n5b6d5b6b5b6c5b6d5b6c5b6b5b6b
C90 (NoA=1) A1-5b6b5b6b5b6k5b6b5b6c5b6e5b6d5b6c5c6g5b
C90 (NoA=1) A1-5b6b5b6b5b6k5b6b5b6d5b6h5b6b5b6b5b6b5b6b5b6d
C90 (NoA=1) A1-5b6b5b6b5b6k5b6c5b6b5b6e5b6c5b6d5c6g5b
C90 (NoA=1) A1-5b6b5b6e5b6b5b6d5b6i5b6d5c6b5b6i5c6b
C90 (NoA=1) A1-5b6b5b6e5b6b5b6d5b6i5b6e5b6b5b6b5b6c5b6f5b
C90 (NoA=1) A1-5b6b5b6e5b6b5b6d5b6i5b6e5b6b5b6b5b6d5b6d5b6b
C90 (NoA=1) A1-5b6b5b6e5b6b5b6l5b6b5b6c5b6e5b6b5b6c5b6b5b6c
C90 (NoA=1) A1-5b6b5b6e5b6f5b6b5c6l5b6b5b6b5b6c5b6e5b
C90 (NoA=1) A1-5b6b5b6e5b6f5b6b5b6b5b6j5b6c5b6b5b6c5b6e5b
C90 (NoA=1) A1-5b6b5b6e5b6f5b6b5b6b5b6l5b6b5b6b5b6b5b6e5b
C90 (NoA=1) A1-5b6b5b6e5b6f5b6b5b6b5b6m5b6b5c6b5b6c5b6c
C90 (NoA=1) A1-5b6b5b6e5b6f5b6b5b6e5b6c5b6d5b6b5b6i5b6b5b
C90 (NoA=1) A1-5b6b5b6e5b6f5b6c5b6d5b6f5b6c5b6c5b6c5b6e5b
C92 (NoA=12) S4-6b5b6e5b6b5b6b
C92 (NoA=8) A1-5b6b5b6d5b6h5b6e5b6e5b6e5b6d5b6c5b6c5b6b5b
C92 (NoA=6) S4-5b6e5b6d5b6b
C92 (NoA=6) S4-6b5b6d5b6d5b6b
C92 (NoA=6) A1-5b6b5b6b5b6m5b6b5b6d5b6b5b6b5b6c5b6b5b6i5b
C92 (NoA=6) A1-5b6c5b6e5b6c5b6d5b6b5b6j5b6c5b6b5b6c5b6e5b6b
C92 (NoA=6) A1-5b6c5b6e5b6c5b6f5b6h5b6b5b6c5b6b5b6c5b6c5b6d
C92 (NoA=4) A1-5b6b5b6b5b6b5b6g5b6l5b6b5b6c5b6g5b6b5c6b
C92 (NoA=4) A1-5b6b5b6b5b6k5b6e5b6f5b6b5b6c5b6c5b6c5b6b5b6c
C92 (NoA=4) A1-5b6b5b6e5b6b5b6l5b6b5b6d5b6d5b6c5b6c5b6d5b
C92 (NoA=4) A1-5b6c5b6d5b6d5b6f5b6c5b6e5b6b5b6g5b6d5b6b5b6b
C92 (NoA=4) A1-5b6c5b6e5b6c5b6f5b6d5b6d5b6e5b6c5b6c5b6d5b6b
C92 (NoA=4) A1-5b6c5b6e5b6c5b6f5b6d5b6d5b6e5b6c5b6d5b6d5b
C92 (NoA=3) A1-5b6b5b6e5b6h5c6d5b6c5b6b5b6g5b6f5b6b5b6b
C92 (NoA=2) A1-5b6b5b6b5b6b5b6k5b6f5b6g5b6c5b6b5b6b5b6b5b6c
C92 (NoA=2) A1-5b6b5b6b5b6b5b6l5b6g5b6g5b6b5b6c5b6b5b6b5b
C92 (NoA=2) A1-5b6b5b6b5b6b5b6p5b6c5b6b5b6c5b6g5b6b5c6b
C92 (NoA=2) A1-5b6b5b6b5b6b5b6s5b6b5b6c5b6c5b6b5b6c5b6b5b6b
C92 (NoA=2) A1-5b6b5b6b5b6c5b6h5b6i5b6d5b6c5c6f5b6c5b
C92 (NoA=2) A1-5b6b5b6b5b6c5b6i5b6f5b6b5b6f5b6e5b6b5b6b5b6c
C92 (NoA=2) A1-5b6b5b6b5b6c5b6n5b6d5b6c5b6b5b6c5b6b5b6f5b
C92 (NoA=2) A1-5b6b5b6b5b6c5b6o5b6b5b6b5b6b5b6b5b6b5b6i5b
C92 (NoA=2) A1-5b6b5b6b5b6c5b6p5b6c5b6b5b6b5b6b5b6b5b6g5b
C92 (NoA=2) A1-5b6b5b6b5b6k5b6b5b6c5b6f5b6h5b6b5c6b5b6c
C92 (NoA=2) A1-5b6b5b6b5b6k5b6b5b6d5b6d5b6e5b6d5b6c5b6c5b6b
C92 (NoA=2) A1-5b6b5b6b5b6k5b6d5b6g5b6b5b6d5b6b5b6c5b6b5b6c
C92 (NoA=2) A1-5b6b5b6b5b6l5b6b5b6b5b6b5b6l5b6b5b6c5b6b5b
C92 (NoA=2) A1-5b6b5b6b5b6l5b6b5b6b5b6c5b6b5b6l5b6b5b6b5b
C92 (NoA=2) A1-5b6b5b6b5b6l5b6b5b6d5b6d5b6f5b6d5c6b5b6c
C92 (NoA=2) A1-5b6b5b6b5b6l5b6c5b6c5b6c5b6d5b6d5b6f5b6b5b
C92 (NoA=2) A1-5b6b5b6b5b6l5b6c5b6d5b6b5b6b5b6c5b6b5b6h5b6b
C92 (NoA=2) A1-5b6b5b6e5b6b5b6d5b6i5b6f5b6c5b6c5b6c5b6b5b6c
C92 (NoA=2) A1-5b6b5b6e5b6b5b6e5b6h5b6e5b6b5b6f5b6d5c6b
C92 (NoA=2) A1-5b6b5b6e5b6b5b6l5b6c5b6b5b6c5b6c5c6h5b
C92 (NoA=2) A1-5b6b5b6e5b6f5b6b5c6l5b6c5b6d5b6c5b6b5b6b
C92 (NoA=2) A1-5b6b5b6e5b6f5b6b5c6m5b6c5b6c5b6b5b6b5b6c
C92 (NoA=2) A1-5b6b5b6e5b6g5b6c5b6c5b6c5b6b5b6k5c6b5b6c
C92 (NoA=2) A1-5b6b5b6e5b6g5b6c5b6f5b6b5b6b5b6d5b6g5b6b5b6b
C92 (NoA=2) A1-5b6b5b6f5b6e5b6e5b6h5b6c5b6c5b6b5b6b5b6e5b
C92 (NoA=2) A1-5b6c5b6d5b6b5b6b5b6m5b6d5b6b5b6b5b6c5b6f5b
C92 (NoA=2) A1-5b6c5b6d5b6b5b6b5b6n5b6c5b6b5b6b5b6b5b6g5b
C92 (NoA=2) A1-5b6c5b6d5b6b5b6c5b6j5b6f5b6b5b6d5b6b5c6e
C92 (NoA=2) A1-5b6c5b6d5b6e5b6c5b6b5b6j5b6d5b6c5b6b5b6b5b6d
C92 (NoA=2) A1-5b6c5b6e5b6c5b6d5b6b5b6m5b6b5c6b5b6c5b6d
C92 (NoA=2) A1-5b6c5b6e5b6c5b6f5b6b5b6f5b6b5b6g5b6c5b6b5b6c
C92 (NoA=2) A1-5b6c5b6e5b6c5b6g5b6f5b6b5b6c5b6c5b6e5c6d
C92 (NoA=2) A1-5b6c5b6e5b6c5b6g5b6g5b6b5b6b5b6c5b6b5b6g5b
C92 (NoA=2) A1-5b6c5b6e5b6d5b6f5b6e5b6d5b6b5b6c5b6d5b6b5b6d
C92 (NoA=1) A1-5b6b5b6b5b6b5b6k5b6e5b6b5b6f5b6e5b6b5b6b5b6c
C92 (NoA=1) A1-5b6b5b6b5b6c5b6h5b6i5b6e5b6b5c6e5b6d5b
C92 (NoA=1) A1-5b6b5b6b5b6c5b6n5b6c5b6c5b6b5b6c5b6f5b6c5b
C92 (NoA=1) A1-5b6b5b6b5b6c5b6n5b6c5b6c5b6c5b6b5b6e5b6d5b
C92 (NoA=1) A1-5b6b5b6b5b6c5b6n5b6c5b6d5b6b5b6b5c6h5b
C92 (NoA=1) A1-5b6b5b6b5b6c5b6n5b6c5b6d5b6b5b6b5b6d5b6e5b
C92 (NoA=1) A1-5b6b5b6b5b6k5b6b5b6c5b6e5b6g5b6b5b6c5b6b5b6c
C92 (NoA=1) A1-5b6b5b6b5b6k5b6b5b6d5b6d5b6e5b6c5b6e5b6b5b6b
C92 (NoA=1) A1-5b6b5b6e5b6b5b6d5b6h5b6i5b6b5b6b5b6b5b6b5b6d
C92 (NoA=1) A1-5b6b5b6e5b6b5b6d5b6i5b6e5b6c5b6d5b6b5b6b5b6d
C92 (NoA=1) A1-5b6b5b6e5b6b5b6d5b6i5b6f5b6b5b6d5b6b5c6e
C92 (NoA=1) A1-5b6b5b6e5b6f5b6b5c6l5b6c5b6c5b6b5b6b5b6d
C92 (NoA=1) A1-5b6b5b6e5b6f5b6b5c6m5b6b5b6b5b6c5b6e5b
C92 (NoA=1) A1-5b6b5b6e5b6f5b6b5c6m5b6b5b6c5b6b5c6e
C92 (NoA=1) A1-5b6b5b6e5b6f5b6b5c6m5b6b5b6d5b6b5b6c5b6b
C92 (NoA=1) A1-5b6b5b6e5b6f5b6b5b6b5b6j5b6d5b6c5b6b5b6b5b6d
C92 (NoA=1) A1-5b6b5b6e5b6f5b6b5b6b5b6j5b6d5b6d5b6c5b6b5b6b
C92 (NoA=1) A1-5b6b5b6e5b6f5b6b5b6g5b6f5b6b5b6b5b6d5b6e5b
C92 (NoA=1) A1-5b6b5b6e5b6f5b6c5b6e5b6e5b6d5b6e5b6c5b6b5b6b
C92 (NoA=1) A1-5b6b5b6e5b6h5c6d5b6c5b6b5b6g5b6e5b6d5b
C92 (NoA=1) A1-5b6b5b6e5b6h5c6d5b6c5b6b5b6k5c6b5b6c
C92 (NoA=1) A1-5b6b5b6e5b6h5c6d5b6c5b6c5b6i5b6b5b6b5b6c
C92 (NoA=1) A1-5b6b5b6e5b6h5c6d5b6d5b6j5b6b5c6b5b6c
C92 (NoA=1) A1-5b6b5b6f5b6e5b6e5b6c5b6b5b6e5b6c5b6d5b6f5b
C92 (NoA=1) A1-5b6b5b6f5b6e5b6e5b6c5b6b5b6e5b6g5b6b5b6b5b6c
C92 (NoA=1) A1-5b6b5b6f5b6e5b6e5b6c5b6b5b6f5b6f5b6b5c6d
C92 (NoA=1) A1-5b6b5b6f5b6e5b6e5b6e5b6d5c6d5b6d5b6c5b6c
C92 (NoA=1) A1-5b6c5b6d5b6b5b6b5b6l5b6e5b6b5b6d5b6b5c6e
C92 (NoA=1) A1-5b6c5b6d5b6b5b6b5b6m5b6d5b6b5b6b5b6d5b6d5b6b
C92 (NoA=1) A1-5b6c5b6d5b6b5b6b5b6m5b6d5b6b5b6c5b6c5c6e
C92 (NoA=1) A1-5b6c5b6d5b6b5b6b5b6m5b6d5b6c5c6g5c6b
C92 (NoA=1) A1-5b6c5b6d5b6b5b6l5b6b5b6b5b6d5b6b5b6e5b6d5b6b
C92 (NoA=1) A1-5b6c5b6d5b6b5b6l5b6b5b6b5b6d5b6c5b6g5b6b5b
C92 (NoA=1) A1-5b6c5b6d5b6b5b6l5b6b5b6b5b6e5b6b5b6f5b6c5b
C92 (NoA=1) A1-5b6c5b6d5b6d5b6f5b6c5b6d5b6c5b6h5b6b5b6b5b6c
C92 (NoA=1) A1-5b6c5b6d5b6d5b6f5b6c5b6e5b6b5b6g5b6c5b6b5b6c
C92 (NoA=1) A1-5b6c5b6e5b6c5b6f5b6d5b6d5b6e5b6d5b6c5c6d
C92 (NoA=1) A1-5b6c5b6e5b6c5b6f5b6d5b6d5b6f5b6b5b6c5b6c5b6c
C94 (NoA=6) S4-5b6g5c6c
C94 (NoA=4) A1-5b6b5b6b5b6c5b6p5b6e5b6b5b6c5b6b5b6b5b6c5b6c
C94 (NoA=4) A1-5b6b5b6e5b6b5b6l5b6b5b6i5b6b5b6b5b6b5b6b5b6c
C94 (NoA=3) S4-5b6e5b6e5b6b
C94 (NoA=3) S4-6b5b6d5b6e5b6b
C94 (NoA=3) A1-5b6b5b6e5b6g5b6g5c6h5b6b5b6c5b6b5b6b5b6d
C94 (NoA=2) A1-5b6b5b6b5b6b5b6k5b6g5b6b5b6e5b6g5b6b5b6b5b
C94 (NoA=2) A1-5b6b5b6b5b6b5b6l5b6l5b6b5b6b5b6b5b6b5b6d5b
C94 (NoA=2) A1-5b6b5b6b5b6b5b6o5b6d5b6e5b6f5b6b5b6b5c6b
C94 (NoA=2) A1-5b6b5b6b5b6c5b6h5b6j5b6d5b6d5b6b5c6f5b
C94 (NoA=2) A1-5b6b5b6b5b6c5b6i5b6h5b6g5c6e5b6b5b6c5b
C94 (NoA=2) A1-5b6b5b6b5b6c5b6n5b6d5b6d5b6d5b6b5b6b5b6b5b6d
C94 (NoA=2) A1-5b6b5b6b5b6c5b6n5b6d5b6d5b6e5b6c5b6b5b6b5b6b
C94 (NoA=2) A1-5b6b5b6b5b6c5b6o5b6b5b6b5b6c5b6c5b6e5b6b5b6d
C94 (NoA=2) A1-5b6b5b6b5b6c5b6o5b6b5b6c5b6b5b6b5b6e5b6d5b6c
C94 (NoA=2) A1-5b6b5b6b5b6c5b6p5b6c5b6b5b6c5b6d5b6c5b6c5b6b
C94 (NoA=2) A1-5b6b5b6b5b6c5b6p5b6c5b6c5b6b5b6c5b6c5b6c5b6c
C94 (NoA=2) A1-5b6b5b6b5b6c5b6p5b6c5b6c5b6c5b6b5b6c5b6b5b6d
C94 (NoA=2) A1-5b6b5b6b5b6k5b6b5b6i5b6c5b6c5b6b5b6c5b6c5b6c
C94 (NoA=2) A1-5b6b5b6b5b6l5b6b5b6b5b6c5b6b5b6k5b6b5b6b5b6c
C94 (NoA=2) A1-5b6b5b6b5b6l5b6c5b6d5b6c5b6c5b6g5c6c5b6c
C94 (NoA=2) A1-5b6b5b6b5b6l5b6d5b6c5b6b5b6d5b6b5b6f5b6d5b6b
C94 (NoA=2) A1-5b6b5b6b5b6l5b6d5b6c5b6b5b6d5b6b5b6h5b6c5b
C94 (NoA=2) A1-5b6b5b6b5b6m5b6b5b6d5b6b5b6b5b6c5b6c5b6i5b
C94 (NoA=2) A1-5b6b5b6b5b6m5b6b5b6d5b6b5b6b5b6e5b6f5b6c5b6b
C94 (NoA=2) A1-5b6b5b6b5b6m5b6b5b6d5b6b5b6b5b6f5b6e5b6b5b6c
C94 (NoA=2) A1-5b6b5b6b5b6m5b6b5b6e5b6c5b6c5b6c5b6b5b6g5b
C94 (NoA=2) A1-5b6b5b6d5b6g5b6f5b6g5b6c5b6d5b6c5b6d5b6b5b
C94 (NoA=2) A1-5b6b5b6e5b6b5b6d5b6i5b6f5b6b5b6e5b6e5b6b5b
C94 (NoA=2) A1-5b6b5b6e5b6b5b6e5b6h5b6e5b6b5b6e5b6b5b6f5b
C94 (NoA=2) A1-5b6b5b6e5b6f5b6b5c6m5b6c5c6f5b6c5b
C94 (NoA=2) A1-5b6b5b6e5b6f5b6b5b6g5b6g5b6c5b6d5c6b5b6d
C94 (NoA=2) A1-5b6b5b6e5b6f5b6g5b6b5b6e5b6d5b6c5b6b5b6c5b6d
C94 (NoA=2) A1-5b6b5b6e5b6f5b6g5b6b5b6e5b6d5b6d5b6d5b6c5b
C94 (NoA=2) A1-5b6b5b6e5b6f5b6g5b6c5b6c5b6b5b6c5b6f5b6b5b6d
C94 (NoA=2) A1-5b6b5b6e5b6g5b6c5b6h5b6b5c6c5b6d5b6e5b6c
C94 (NoA=2) A1-5b6b5b6e5b6g5b6f5b6c5b6b5b6d5b6b5b6f5c6e
C94 (NoA=2) A1-5b6b5b6e5b6h5c6d5b6c5b6c5b6l5b6b5c6b
C94 (NoA=2) A1-5b6c5b6d5b6b5b6b5b6n5b6b5b6b5b6d5b6c5b6f5b
C94 (NoA=2) A1-5b6c5b6d5b6b5b6b5b6o5c6b5b6d5b6b5b6g5b
C94 (NoA=2) A1-5b6c5b6d5b6b5b6c5b6p5b6b5b6b5b6b5b6b5b6f5b
C94 (NoA=2) A1-5b6c5b6d5b6d5b6f5b6d5b6d5b6f5b6b5b6c5b6f5b
C94 (NoA=2) A1-5b6c5b6d5b6d5b6i5b6d5b6b5b6b5b6b5b6c5b6i5b
C94 (NoA=2) A1-5b6c5b6d5b6e5b6c5b6g5b6g5b6b5b6e5c6c5b6c
C94 (NoA=2) A1-5b6c5b6d5b6e5b6h5b6b5b6e5b6c5b6d5b6b5b6d5b6c
C94 (NoA=1) A1-5b6b5b6b5b6b5b6k5b6g5b6g5c6e5b6b5b6c5b
C94 (NoA=1) A1-5b6b5b6b5b6b5b6r5b6c5b6b5b6c5c6f5b6c5b
C94 (NoA=1) A1-5b6b5b6b5b6b5b6r5b6c5b6c5b6b5c6e5b6d5b
C94 (NoA=1) A1-5b6b5b6b5b6c5b6h5b6i5b6e5b6b5b6b5b6c5b6f5b
C94 (NoA=1) A1-5b6b5b6b5b6c5b6n5b6c5b6d5b6c5b6b5b6e5b6b5b6c
C94 (NoA=1) A1-5b6b5b6b5b6c5b6n5b6c5b6e5b6b5b6b5b6d5b6c5b6c
C94 (NoA=1) A1-5b6b5b6b5b6c5b6n5b6c5b6e5b6c5c6d5b6b5b6d
C94 (NoA=1) A1-5b6b5b6b5b6c5b6o5b6b5b6b5b6b5b6c5b6g5b6b5b6c
C94 (NoA=1) A1-5b6b5b6b5b6c5b6o5b6b5b6b5b6c5b6b5b6f5b6c5b6c
C94 (NoA=1) A1-5b6b5b6b5b6c5b6p5b6c5b6b5b6b5b6e5b6d5b6b5b6b
C94 (NoA=1) A1-5b6b5b6b5b6c5b6p5b6c5b6b5b6c5b6c5b6d5b6b5b6c
C94 (NoA=1) A1-5b6b5b6b5b6k5b6b5b6d5b6i5b6e5b6b5c6d5b
C94 (NoA=1) A1-5b6b5b6b5b6k5b6b5b6i5b6d5b6b5b6b5b6c5b6b5b6d
C94 (NoA=1) A1-5b6b5b6b5b6k5b6b5b6i5b6d5b6b5b6c5b6b5c6e
C94 (NoA=1) A1-5b6b5b6b5b6k5b6b5b6i5b6d5b6b5b6d5b6b5b6d5b
C94 (NoA=1) A1-5b6b5b6b5b6k5b6c5b6h5b6b5b6d5b6b5b6c5b6c5b6c
C94 (NoA=1) A1-5b6b5b6b5b6l5b6b5b6d5b6c5b6f5b6b5b6e5b6d5b
C94 (NoA=1) A1-5b6b5b6b5b6l5b6c5b6d5b6b5b6d5b6c5b6e5b6d5b6b
C94 (NoA=1) A1-5b6b5b6b5b6l5b6c5b6d5b6b5b6d5b6c5b6g5b6c5b
C94 (NoA=1) A1-5b6b5b6b5b6l5b6c5b6d5b6b5b6d5b6d5b6d5b6c5b6c
C94 (NoA=1) A1-5b6b5b6b5b6l5b6c5b6d5b6b5b6e5b6b5b6f5b6d5b
C94 (NoA=1) A1-5b6b5b6b5b6l5b6d5b6e5b6b5b6b5b6d5b6b5b6e5b6c
C94 (NoA=1) A1-5b6b5b6b5b6l5b6d5b6f5c6b5b6f5b6b5b6c5b6c
C94 (NoA=1) A1-5b6b5b6e5b6b5b6d5b6o5b6b5b6b5b6b5b6b5b6f5b
C94 (NoA=1) A1-5b6b5b6e5b6b5b6d5b6o5b6b5b6b5b6b5b6c5b6d5b6b
C94 (NoA=1) A1-5b6b5b6e5b6b5b6d5b6o5b6c5c6b5b6f5c6b
C94 (NoA=1) A1-5b6b5b6e5b6b5b6l5b6c5b6c5b6b5b6d5b6c5b6d5b6c
C94 (NoA=1) A1-5b6b5b6e5b6b5b6l5b6d5b6b5b6b5b6d5b6b5b6e5b6c
C94 (NoA=1) A1-5b6b5b6e5b6b5b6l5b6d5b6b5b6b5b6e5b6e5b6c5b
C94 (NoA=1) A1-5b6b5b6e5b6b5b6l5b6d5b6b5b6b5b6e5b6f5c6b
C94 (NoA=1) A1-5b6b5b6e5b6b5b6l5b6d5b6b5b6c5b6d5b6d5b6d5b
C94 (NoA=1) A1-5b6b5b6e5b6b5b6l5b6d5b6d5b6c5c6b5b6b5b6f
C94 (NoA=1) A1-5b6b5b6e5b6b5b6l5b6d5b6d5b6c5b6b5b6c5b6d5b6b
C94 (NoA=1) A1-5b6b5b6e5b6b5b6l5b6e5b6c5b6c5b6b5b6b5b6e5b6b
C94 (NoA=1) A1-5b6b5b6e5b6f5b6b5c6n5b6b5c6e5b6d5b
C94 (NoA=1) A1-5b6b5b6e5b6f5b6b5c6n5b6c5b6c5b6b5b6b5b6c
C94 (NoA=1) A1-5b6b5b6e5b6f5b6b5b6g5b6f5b6b5b6c5b6f5b6c5b
C94 (NoA=1) A1-5b6b5b6e5b6f5b6b5b6g5b6f5b6c5b6b5b6e5b6d5b
C94 (NoA=1) A1-5b6b5b6e5b6f5b6b5b6g5b6g5b6b5b6b5c6h5b
C94 (NoA=1) A1-5b6b5b6e5b6f5b6b5b6g5b6g5b6b5b6b5b6d5b6e5b
C94 (NoA=1) A1-5b6b5b6e5b6f5b6b5b6g5b6g5b6b5b6e5c6c5b6c
C94 (NoA=1) A1-5b6b5b6e5b6f5b6b5b6h5b6d5b6b5b6b5b6b5b6i5b
C94 (NoA=1) A1-5b6b5b6e5b6f5b6c5b6d5b6f5b6f5c6f5b6c5b
C94 (NoA=1) A1-5b6b5b6e5b6f5b6c5b6e5b6e5b6d5b6c5b6d5b6d5b6b
C94 (NoA=1) A1-5b6b5b6e5b6f5b6c5b6e5b6e5b6d5b6c5b6g5b6b5b
C94 (NoA=1) A1-5b6b5b6e5b6f5b6c5b6e5b6e5b6d5b6d5b6c5c6e
C94 (NoA=1) A1-5b6b5b6e5b6f5b6c5b6e5b6e5b6e5b6b5b6f5b6c5b
C94 (NoA=1) A1-5b6b5b6e5b6f5b6g5b6b5b6d5b6c5b6d5b6f5b6c5b
C94 (NoA=1) A1-5b6b5b6e5b6f5b6g5b6b5b6d5b6d5b6c5c6h5b
C94 (NoA=1) A1-5b6b5b6e5b6f5b6g5b6b5b6d5b6d5b6c5b6e5b6d5b
C94 (NoA=1) A1-5b6b5b6e5b6f5b6g5b6b5b6d5b6d5b6d5b6c5b6c5b6c
C94 (NoA=1) A1-5b6b5b6e5b6f5b6g5b6b5b6d5b6e5b6c5b6c5b6b5b6d
C94 (NoA=1) A1-5b6b5b6e5b6f5b6g5b6b5b6e5b6c5b6d5b6b5b6d5b6c
C94 (NoA=1) A1-5b6b5b6e5b6f5b6g5b6b5b6e5b6c5b6e5b6e5b6b5b
C94 (NoA=1) A1-5b6b5b6e5b6f5b6g5b6b5b6e5b6d5b6d5b6c5b6c5b6b
C94 (NoA=1) A1-5b6b5b6e5b6f5b6g5b6c5b6c5b6b5b6b5b6c5b6i5b
C94 (NoA=1) A1-5b6b5b6e5b6f5b6g5b6c5b6c5b6b5b6b5b6g5b6c5b6c
C94 (NoA=1) A1-5b6b5b6e5b6f5b6g5b6c5b6c5b6c5b6b5b6f5c6e
C94 (NoA=1) A1-5b6b5b6e5b6f5b6g5b6c5b6d5c6b5b6f5b6d5b6c
C94 (NoA=1) A1-5b6b5b6e5b6f5b6g5b6c5b6d5b6b5b6b5b6e5b6b5b6e
C94 (NoA=1) A1-5b6b5b6e5b6f5b6h5c6d5b6c5b6b5b6f5b6d5b6b
C94 (NoA=1) A1-5b6b5b6e5b6f5b6h5c6d5b6c5b6b5b6i5b6b5b
C94 (NoA=1) A1-5b6b5b6e5b6f5b6h5c6d5b6c5b6c5b6g5b6c5b
C94 (NoA=1) A1-5b6b5b6e5b6f5b6h5c6d5b6d5b6b5b6b5b6h5b
C94 (NoA=1) A1-5b6b5b6e5b6f5b6h5c6d5b6d5b6b5b6f5b6d5b
C94 (NoA=1) A1-5b6b5b6e5b6f5b6h5b6b5b6c5b6b5b6b5b6b5b6j5b
C94 (NoA=1) A1-5b6b5b6e5b6g5b6c5b6d5b6d5b6c5b6f5b6c5b6b5b6d
C94 (NoA=1) A1-5b6b5b6e5b6g5b6f5b6b5b6c5b6e5b6c5c6h5b
C94 (NoA=1) A1-5b6b5b6e5b6g5b6f5b6b5b6c5b6e5b6c5b6e5b6d5b
C94 (NoA=1) A1-5b6b5b6e5b6g5b6f5b6b5b6c5b6e5b6d5b6c5b6c5b6c
C94 (NoA=1) A1-5b6b5b6e5b6g5b6f5b6b5b6e5b6c5b6e5b6c5b6c5b6b
C94 (NoA=1) A1-5b6b5b6e5b6g5b6f5b6b5b6h5b6c5b6b5b6b5b6b5b6d
C94 (NoA=1) A1-5b6b5b6e5b6g5b6f5b6c5b6b5b6c5b6b5b6c5b6i5b
C94 (NoA=1) A1-5b6b5b6e5b6g5b6f5b6c5b6b5b6c5b6b5b6g5b6c5b6c
C94 (NoA=1) A1-5b6b5b6e5b6g5b6g5b6b5b6b5b6c5b6b5b6b5b6j5b
C94 (NoA=1) A1-5b6b5b6e5b6h5c6d5b6f5b6g5b6b5b6d5b6b5b6b
C94 (NoA=1) A1-5b6b5b6f5b6e5b6e5b6c5b6h5b6d5b6b5b6b5b6d5b6b
C94 (NoA=1) A1-5b6c5b6d5b6b5b6b5b6m5b6c5b6b5b6f5b6d5c6c
C94 (NoA=1) A1-5b6c5b6d5b6b5b6b5b6n5b6b5b6b5b6d5b6f5b6b5b6b
C94 (NoA=1) A1-5b6c5b6d5b6b5b6b5b6n5b6b5b6b5b6e5b6e5c6c
C94 (NoA=1) A1-5b6c5b6d5b6b5b6b5b6n5b6b5b6c5b6c5b6e5b6c5b6b
C94 (NoA=1) A1-5b6c5b6d5b6d5b6d5b6e5b6g5b6b5b6e5b6b5b6f5b
C94 (NoA=1) A1-5b6c5b6d5b6d5b6f5b6c5b6f5b6f5c6b5b6g5b
C94 (NoA=1) A1-5b6c5b6d5b6d5b6f5b6d5b6e5b6e5b6b5b6b5b6g5b
C94 (NoA=1) A1-5b6c5b6d5b6d5b6i5b6d5b6c5c6b5b6f5b6d5b6c
C94 (NoA=1) A1-5b6c5b6d5b6d5b6i5b6e5b6b5c6b5b6e5b6e5b6c
C94 (NoA=1) A1-5b6c5b6d5b6e5b6c5b6g5b6g5b6b5b6b5b6d5b6e5b
C94 (NoA=1) A1-5b6c5b6d5b6e5b6c5b6h5b6d5b6b5b6b5b6b5b6i5b
C94 (NoA=1) A1-5b6c5b6d5b6e5b6h5b6b5b6d5b6d5b6d5b6c5b6c5b6c
C96 (NoA=24) S3-5b6e5b6c
C96 (NoA=24) S3-6b5b6b5b6d
C96 (NoA=24) S3-6b5b6c5b6c
C96 (NoA=12) S2-5b6f5b6b5b6b
C96 (NoA=12) A1-5b6b5b6b5b6k5b6f5b6g5b6d5b6b5b6d5b6b5b6b5b6b
C96 (NoA=8) A1-5b6b5b6e5b6f5b6d5b6i5b6d5b6c5b6c5b6e5b6b5b
C96 (NoA=8) A1-5b6c5b6d5b6b5b6l5b6c5b6c5b6c5b6d5b6d5b6e5b
C96 (NoA=6) A1-5b6b5b6b5b6b5b6e5b6p5b6c5b6c5b6e5b6b5b6b5b6b
C96 (NoA=6) A1-5b6b5b6e5b6g5b6f5b6b5b6c5b6d5b6h5b6c5b6b5b6b
C96 (NoA=6) A1-5b6b5b6f5b6e5b6c5b6c5b6g5b6g5b6d5b6c5b6b5b6b
C96 (NoA=6) A1-5b6b5b6f5b6e5b6c5b6k5b6c5b6b5b6c5b6b5b6b5b6e
C96 (NoA=4) A1-5b6b5b6b5b6b5b6g5b6p5b6c5b6d5b6b5b6b5b6b5b6b
C96 (NoA=4) A1-5b6b5b6b5b6k5b6b5b6d5b6d5b6d5b6j5b6b5b6b5b
C96 (NoA=4) A1-5b6b5b6d5b6g5b6e5b6h5b6e5b6b5b6c5b6d5b6c5b
C96 (NoA=4) A1-5b6b5b6e5b6f5b6d5b6i5b6e5b6b5b6c5b6d5b6c5b
C96 (NoA=4) A1-5b6b5b6e5b6f5b6g5b6f5b6b5b6c5b6e5b6d5b6c5b
C96 (NoA=4) A1-5b6b5b6e5b6g5b6c5b6h5b6b5b6c5b6e5b6c5b6c5b6c
C96 (NoA=4) A1-5b6b5b6e5b6h5b6b5b6i5b6d5b6c5c6b5b6g5b
C96 (NoA=4) A1-5b6c5b6d5b6b5b6b5b6o5b6b5b6d5b6b5b6f5b6c5b
C96 (NoA=4) A1-5b6c5b6d5b6b5b6l5b6b5b6d5b6b5b6f5b6d5b6d5b
C96 (NoA=4) A1-5b6c5b6d5b6e5b6e5b6d5b6e5b6g5b6f5b6b5b6b5b
C96 (NoA=4) A1-5b6c5b6f5b6h5b6b5b6c5b6c5b6b5b6l5b6b5b6b5b
C96 (NoA=2) A1-5b6b5b6b5b6b5b6k5b6l5b6c5b6b5b6b5b6d5b6b5b6b
C96 (NoA=2) A1-5b6b5b6b5b6b5b6l5b6j5b6d5b6b5b6b5b6d5b6b5b6b
C96 (NoA=2) A1-5b6b5b6b5b6b5b6o5b6c5b6d5b6c5b6g5b6b5c6c
C96 (NoA=2) A1-5b6b5b6b5b6b5b6r5b6b5b6b5b6b5b6b5b6b5b6i5b
C96 (NoA=2) A1-5b6b5b6b5b6b5b6r5b6b5b6b5b6b5b6b5b6i5b6b5b
C96 (NoA=2) A1-5b6b5b6b5b6b5b6s5b6b5b6c5b6d5b6b5c6f5b
C96 (NoA=2) A1-5b6b5b6b5b6c5b6h5b6i5b6f5b6b5b6f5b6b5c6c
C96 (NoA=2) A1-5b6b5b6b5b6c5b6i5b6n5b6b5b6b5b6b5b6c5b6c5b6b
C96 (NoA=2) A1-5b6b5b6b5b6c5b6n5b6c5b6c5b6d5b6g5b6b5c6c
C96 (NoA=2) A1-5b6b5b6b5b6k5b6c5b6c5b6g5b6g5b6b5b6b5b6d5b
C96 (NoA=2) A1-5b6b5b6b5b6k5b6c5b6c5b6g5b6g5b6b5b6c5b6b5b6b
C96 (NoA=2) A1-5b6b5b6b5b6l5b6b5b6h5c6e5b6d5b6c5b6d5b
C96 (NoA=2) A1-5b6b5b6b5b6l5b6b5b6h5c6e5b6d5b6d5b6b5b6b
C96 (NoA=2) A1-5b6b5b6b5b6l5b6b5b6h5b6e5b6c5b6b5b6c5b6c5b6b
C96 (NoA=2) A1-5b6b5b6b5b6l5b6c5b6d5b6c5b6d5b6h5b6c5c6b
C96 (NoA=2) A1-5b6b5b6b5b6l5b6j5c6b5b6b5b6b5b6c5b6b5b6f
C96 (NoA=2) A1-5b6b5b6b5b6m5b6b5b6e5b6f5b6d5b6b5b6b5b6c5b6c
C96 (NoA=2) A1-5b6b5b6e5b6b5b6d5b6n5b6c5b6d5b6b5b6c5b6b5b6c
C96 (NoA=2) A1-5b6b5b6e5b6b5b6e5b6h5b6f5b6f5b6b5c6b5b6e
C96 (NoA=2) A1-5b6b5b6e5b6f5b6b5b6b5b6o5c6e5b6b5b6c5b
C96 (NoA=2) A1-5b6b5b6e5b6f5b6b5b6g5b6g5b6c5b6b5b6e5b6b5b6c
C96 (NoA=2) A1-5b6b5b6e5b6f5b6b5b6h5b6d5b6b5b6c5b6g5b6b5b6c
C96 (NoA=2) A1-5b6b5b6e5b6f5b6b5b6h5b6e5b6c5b6b5b6d5b6b5b6e
C96 (NoA=2) A1-5b6b5b6e5b6f5b6c5b6d5b6f5b6g5b6d5b6c5b6b5b6b
C96 (NoA=2) A1-5b6b5b6e5b6f5b6d5b6c5b6l5c6b5b6b5b6f5b
C96 (NoA=2) A1-5b6b5b6e5b6f5b6g5b6b5b6d5b6c5b6h5b6c5b6b5b6b
C96 (NoA=2) A1-5b6b5b6e5b6f5b6g5b6b5b6h5b6c5b6b5b6b5b6f5b
C96 (NoA=2) A1-5b6b5b6e5b6f5b6g5b6f5b6b5b6b5b6f5b6e5b6b5b
C96 (NoA=2) A1-5b6b5b6e5b6f5b6h5b6b5b6c5b6c5b6c5b6f5b6b5b6d
C96 (NoA=2) A1-5b6b5b6e5b6g5b6f5b6b5b6h5b6e5b6b5b6d5b6b5b
C96 (NoA=2) A1-5b6b5b6e5b6g5b6f5b6c5b6b5b6d5b6d5b6e5b6b5b6d
C96 (NoA=2) A1-5b6b5b6e5b6g5b6f5b6c5b6e5b6b5b6c5b6d5b6e5b6b
C96 (NoA=2) A1-5b6b5b6e5b6g5b6g5b6b5b6e5b6b5b6b5b6e5b6e5b6b
C96 (NoA=2) A1-5b6b5b6e5b6h5c6h5b6f5b6b5b6c5b6b5b6f5b
C96 (NoA=2) A1-5b6b5b6e5b6h5c6j5b6d5b6c5c6b5b6e5b6c
C96 (NoA=2) A1-5b6b5b6e5b6i5b6d5b6d5b6b5b6b5b6j5b6b5b6c5b
C96 (NoA=2) A1-5b6b5b6f5b6e5b6c5b6c5b6h5b6h5b6c5b6b5b6c5b
C96 (NoA=2) A1-5b6b5b6f5b6g5b6c5b6e5b6b5b6c5b6i5b6b5b6b5b6c
C96 (NoA=2) A1-5b6b5b6f5b6g5b6c5b6e5b6b5b6d5b6d5b6g5b6b5b6b
C96 (NoA=2) A1-5b6b5b6f5b6g5b6c5b6e5b6c5b6c5b6g5b6b5b6c5b6c
C96 (NoA=2) A1-5b6c5b6d5b6b5b6b5b6o5b6b5b6d5b6c5b6d5b6b5b6c
C96 (NoA=2) A1-5b6c5b6d5b6b5b6b5b6q5b6c5c6b5b6b5b6g5b
C96 (NoA=2) A1-5b6c5b6d5b6b5b6c5b6o5b6b5b6e5b6b5b6d5c6c
C96 (NoA=2) A1-5b6c5b6d5b6b5b6l5b6b5b6d5b6c5b6e5b6c5b6e5b
C96 (NoA=2) A1-5b6c5b6d5b6d5b6d5b6b5b6m5b6d5b6b5c6c5b6d
C96 (NoA=2) A1-5b6c5b6d5b6d5b6d5b6e5b6h5b6e5b6b5b6d5b6b5b6c
C96 (NoA=2) A1-5b6c5b6d5b6d5b6d5b6i5b6d5b6b5b6b5b6e5b6d5b6c
C96 (NoA=2) A1-5b6c5b6d5b6e5b6c5b6g5b6h5b6b5b6b5b6d5b6c5b6c
C96 (NoA=2) A1-5b6c5b6d5b6e5b6c5b6h5b6d5b6c5b6b5b6f5b6c5b6c
C96 (NoA=2) A1-5b6c5b6d5b6e5b6c5b6h5b6e5b6b5b6c5b6d5b6c5b6d
C96 (NoA=2) A1-5b6c5b6d5b6e5b6h5b6b5b6e5b6b5b6g5b6d5b6b5b6b
C96 (NoA=2) A1-5b6c5b6d5b6h5b6e5b6b5b6b5b6e5b6g5b6c5b6b5b6c
C96 (NoA=2) A1-5b6c5b6d5b6h5b6e5b6b5b6b5b6e5b6g5b6d5b6b5b6b
C96 (NoA=2) A1-5b6c5b6e5b6c5b6d5b6d5b6j5b6d5b6b5b6c5b6c5b6c
C96 (NoA=2) A1-5b6c5b6e5b6d5b6d5b6k5b6c5b6b5b6c5b6b5b6b5b6e
C96 (NoA=2) A1-5b6c5b6f5b6b5b6g5b6f5b6c5b6b5b6c5b6f5b6e5b
C96 (NoA=2) A1-5b6c5b6f5b6c5b6f5b6d5b6e5b6e5b6b5b6e5b6d5b
C96 (NoA=1) A1-5b6b5b6b5b6b5b6k5b6m5b6b5b6b5b6b5b6c5b6c5b6b
C96 (NoA=1) A1-5b6b5b6b5b6b5b6r5b6c5b6c5b6b5b6b5b6c5b6f5b
C96 (NoA=1) A1-5b6b5b6b5b6c5b6h5b6i5b6f5b6c5b6c5b6b5b6b5b6d
C96 (NoA=1) A1-5b6b5b6b5b6c5b6n5b6g5b6b5b6d5b6b5b6d5b6b5b6b
C96 (NoA=1) A1-5b6b5b6b5b6c5b6n5b6g5b6c5b6c5b6b5b6c5b6c5b6b
C96 (NoA=1) A1-5b6b5b6b5b6c5b6n5b6h5b6b5b6c5b6b5c6f5b
C96 (NoA=1) A1-5b6b5b6b5b6c5b6n5b6h5b6b5b6c5b6b5b6b5b6d5b6b
C96 (NoA=1) A1-5b6b5b6b5b6c5b6o5b6c5b6b5b6b5b6k5c6b5b
C96 (NoA=1) A1-5b6b5b6b5b6k5b6b5b6d5b6h5b6f5b6b5b6c5b6b5b6b
C96 (NoA=1) A1-5b6b5b6b5b6k5b6b5b6i5b6c5b6b5b6e5b6e5c6b
C96 (NoA=1) A1-5b6b5b6b5b6k5b6b5b6i5b6c5b6c5b6d5b6d5b6b5b6b
C96 (NoA=1) A1-5b6b5b6b5b6k5b6b5b6i5b6e5b6e5b6b5b6b5b6b5b6b
C96 (NoA=1) A1-5b6b5b6b5b6k5b6c5b6b5b6e5b6h5b6e5b6b5b6c5b
C96 (NoA=1) A1-5b6b5b6b5b6k5b6c5b6b5b6l5c6b5b6d5b6d5b
C96 (NoA=1) A1-5b6b5b6b5b6k5b6c5b6b5b6l5c6b5b6e5b6b5b6b
C96 (NoA=1) A1-5b6b5b6b5b6k5b6c5b6b5b6m5b6b5b6b5b6b5b6b5b6c
C96 (NoA=1) A1-5b6b5b6b5b6k5b6c5b6h5b6b5b6d5b6c5b6b5b6b5b6e
C96 (NoA=1) A1-5b6b5b6b5b6l5b6b5b6e5b6b5b6f5b6b5b6d5b6b5b6e
C96 (NoA=1) A1-5b6b5b6b5b6l5b6b5b6e5b6b5b6f5b6b5b6e5b6e5b
C96 (NoA=1) A1-5b6b5b6b5b6l5b6b5b6e5b6c5b6e5b6e5c6b5b6e
C96 (NoA=1) A1-5b6b5b6b5b6l5b6b5b6e5b6c5b6e5b6e5b6b5b6e5b
C96 (NoA=1) A1-5b6b5b6b5b6l5b6b5b6e5b6c5b6e5b6g5b6c5c6b
C96 (NoA=1) A1-5b6b5b6b5b6l5b6b5b6e5b6c5b6f5b6f5b6b5b6b5b6b
C96 (NoA=1) A1-5b6b5b6b5b6l5b6b5b6h5c6d5b6e5b6e5c6b
C96 (NoA=1) A1-5b6b5b6b5b6l5b6b5b6h5c6e5b6c5b6b5b6b5b6e
C96 (NoA=1) A1-5b6b5b6b5b6l5b6c5b6d5b6b5b6e5b6c5b6e5b6e5b
C96 (NoA=1) A1-5b6b5b6b5b6l5b6c5b6d5b6c5b6c5b6j5b6b5c6b
C96 (NoA=1) A1-5b6b5b6b5b6m5b6b5b6e5b6c5b6c5b6f5b6d5b6b5b6b
C96 (NoA=1) A1-5b6b5b6e5b6b5b6d5b6i5b6g5b6f5b6c5b6b5c6c
C96 (NoA=1) A1-5b6b5b6e5b6b5b6d5b6n5b6b5b6e5b6b5b6d5c6c
C96 (NoA=1) A1-5b6b5b6e5b6b5b6d5b6p5b6c5b6b5b6b5b6c5b6b5b6c
C96 (NoA=1) A1-5b6b5b6e5b6b5b6l5b6c5b6b5b6c5b6h5b6b5b6c5b6b
C96 (NoA=1) A1-5b6b5b6e5b6b5b6l5b6c5b6b5b6d5b6c5b6d5b6f5b
C96 (NoA=1) A1-5b6b5b6e5b6b5b6l5b6c5b6b5b6d5b6c5b6g5b6b5b6b
C96 (NoA=1) A1-5b6b5b6e5b6b5b6l5b6c5b6b5b6d5b6g5c6d5b6b
C96 (NoA=1) A1-5b6b5b6e5b6b5b6l5b6c5b6b5b6e5b6b5b6f5b6c5b6b
C96 (NoA=1) A1-5b6b5b6e5b6b5b6l5b6c5b6c5b6b5b6g5b6c5b6c5b6b
C96 (NoA=1) A1-5b6b5b6e5b6b5b6l5b6c5b6c5b6c5b6c5b6c5b6g5b
C96 (NoA=1) A1-5b6b5b6e5b6b5b6l5b6c5b6c5b6c5b6f5b6b5b6d5b6b
C96 (NoA=1) A1-5b6b5b6e5b6b5b6l5b6d5b6b5b6c5b6c5b6b5b6h5b
C96 (NoA=1) A1-5b6b5b6e5b6b5b6l5b6e5b6c5b6e5b6b5b6b5b6b5b6d
C96 (NoA=1) A1-5b6b5b6e5b6b5b6l5b6e5b6d5b6d5b6b5b6b5c6e
C96 (NoA=1) A1-5b6b5b6e5b6b5b6m5b6b5b6b5b6b5b6b5b6g5b6f5b
C96 (NoA=1) A1-5b6b5b6e5b6b5b6m5b6b5b6b5b6b5b6c5b6h5b6c5b6b
C96 (NoA=1) A1-5b6b5b6e5b6b5b6m5b6b5b6b5b6c5b6b5b6g5b6d5b6b
C96 (NoA=1) A1-5b6b5b6e5b6b5b6m5b6b5b6b5b6c5b6b5b6j5b6b5b
C96 (NoA=1) A1-5b6b5b6e5b6f5b6b5b6g5b6h5b6b5b6b5b6d5b6c5b6c
C96 (NoA=1) A1-5b6b5b6e5b6f5b6b5b6g5b6h5b6c5c6d5b6b5b6d
C96 (NoA=1) A1-5b6b5b6e5b6f5b6b5b6h5b6d5b6c5b6b5b6f5b6c5b6c
C96 (NoA=1) A1-5b6b5b6e5b6f5b6b5b6h5b6d5b6c5b6c5b6e5b6b5b6d
C96 (NoA=1) A1-5b6b5b6e5b6f5b6b5b6h5b6e5b6b5b6b5b6e5b6d5b6c
C96 (NoA=1) A1-5b6b5b6e5b6f5b6b5b6h5b6e5b6b5b6c5b6d5b6c5b6d
C96 (NoA=1) A1-5b6b5b6e5b6f5b6b5b6m5b6b5b6b5b6b5b6b5b6g5b
C96 (NoA=1) A1-5b6b5b6e5b6f5b6c5b6d5b6f5b6f5b6b5b6d5b6e5b
C96 (NoA=1) A1-5b6b5b6e5b6f5b6c5b6d5b6f5b6h5b6c5c6b5b6d
C96 (NoA=1) A1-5b6b5b6e5b6f5b6c5b6d5b6g5b6f5b6c5b6d5b6b5b6b
C96 (NoA=1) A1-5b6b5b6e5b6f5b6c5b6d5b6g5b6g5b6b5b6b5b6b5b6d
C96 (NoA=1) A1-5b6b5b6e5b6f5b6c5b6d5b6g5b6h5b6c5b6b5b6c5b
C96 (NoA=1) A1-5b6b5b6e5b6f5b6c5b6e5b6e5b6c5b6k5c6b5b
C96 (NoA=1) A1-5b6b5b6e5b6f5b6c5b6e5b6e5b6e5b6c5b6d5b6e5b
C96 (NoA=1) A1-5b6b5b6e5b6f5b6d5b6d5b6e5b6g5b6d5b6b5b6c5b6b
C96 (NoA=1) A1-5b6b5b6e5b6f5b6d5b6d5b6e5b6g5b6f5b6b5b6b5b
C96 (NoA=1) A1-5b6b5b6e5b6f5b6g5b6b5b6d5b6e5b6g5b6c5b6b5b
C96 (NoA=1) A1-5b6b5b6e5b6f5b6g5b6b5b6e5b6b5b6g5b6c5b6b5b6c
C96 (NoA=1) A1-5b6b5b6e5b6f5b6g5b6b5b6e5b6b5b6g5b6d5b6b5b6b
C96 (NoA=1) A1-5b6b5b6e5b6f5b6g5b6b5b6e5b6c5b6f5b6b5b6c5b6c
C96 (NoA=1) A1-5b6b5b6e5b6f5b6g5b6c5b6c5b6c5b6d5b6e5b6b5b6d
C96 (NoA=1) A1-5b6b5b6e5b6f5b6g5b6c5b6d5c6c5b6j5c6b
C96 (NoA=1) A1-5b6b5b6e5b6f5b6g5b6g5b6b5b6b5b6c5b6b5b6g5b
C96 (NoA=1) A1-5b6b5b6e5b6f5b6h5c6h5b6b5b6c5b6b5b6f5b
C96 (NoA=1) A1-5b6b5b6e5b6f5b6h5b6b5b6c5b6c5b6b5b6g5b6c5b6c
C96 (NoA=1) A1-5b6b5b6e5b6g5b6c5b6d5b6b5b6m5b6c5b6b5c6b
C96 (NoA=1) A1-5b6b5b6e5b6g5b6c5b6d5b6d5b6h5b6d5b6b5b6c5b6b
C96 (NoA=1) A1-5b6b5b6e5b6g5b6c5b6d5b6d5b6h5b6f5b6b5b6b5b
C96 (NoA=1) A1-5b6b5b6e5b6g5b6c5b6d5b6g5b6g5b6b5b6d5c6b
C96 (NoA=1) A1-5b6b5b6e5b6g5b6c5b6d5b6l5b6b5b6b5b6c5b6b5b6b
C96 (NoA=1) A1-5b6b5b6e5b6g5b6f5b6b5b6i5b6d5b6b5b6b5b6c5b6b
C96 (NoA=1) A1-5b6b5b6e5b6g5b6f5b6c5b6d5c6b5b6f5b6g5b
C96 (NoA=1) A1-5b6b5b6e5b6g5b6f5b6c5b6d5c6b5b6k5c6b
C96 (NoA=1) A1-5b6b5b6e5b6g5b6g5b6b5b6b5b6d5b6b5b6g5b6c5b6c
C96 (NoA=1) A1-5b6b5b6e5b6h5c6g5b6b5b6e5b6b5b6e5b6f5b
C96 (NoA=1) A1-5b6b5b6e5b6h5c6g5b6c5b6d5b6b5b6d5b6g5b
C96 (NoA=1) A1-5b6b5b6e5b6h5c6g5b6c5b6d5b6b5b6i5c6b
C96 (NoA=1) A1-5b6b5b6e5b6h5c6g5b6c5b6d5b6c5b6g5b6b5b6b
C96 (NoA=1) A1-5b6b5b6e5b6h5c6g5b6c5b6e5b6b5b6f5b6c5b6b
C96 (NoA=1) A1-5b6b5b6e5b6h5c6j5b6d5b6b5b6b5b6b5b6f5b6b
C96 (NoA=1) A1-5b6b5b6e5b6h5b6e5b6c5b6b5b6c5b6b5b6g5b6f5b
C96 (NoA=1) A1-5b6b5b6e5b6h5b6e5b6c5b6c5b6b5b6b5b6f5b6g5b
C96 (NoA=1) A1-5b6b5b6e5b6h5b6e5b6d5b6d5b6b5b6e5b6b5b6f5b
C96 (NoA=1) A1-5b6b5b6f5b6e5b6c5b6c5b6g5b6h5b6c5c6b5b6d
C96 (NoA=1) A1-5b6b5b6f5b6e5b6c5b6c5b6h5b6g5b6b5b6b5b6b5b6d
C96 (NoA=1) A1-5b6b5b6f5b6g5b6c5b6d5b6c5b6h5c6e5b6d5b
C96 (NoA=1) A1-5b6b5b6f5b6g5b6c5b6e5b6b5b6c5b6c5b6f5b6f5b
C96 (NoA=1) A1-5b6b5b6f5b6g5b6c5b6e5b6b5b6d5b6d5b6e5b6e5b
C96 (NoA=1) A1-5b6b5b6f5b6g5b6c5b6e5b6b5b6d5b6h5c6c5b6c
C96 (NoA=1) A1-5b6b5b6f5b6g5b6d5b6d5b6b5b6c5b6b5b6g5b6f5b
C96 (NoA=1) A1-5b6b5b6f5b6g5b6d5b6d5b6c5b6b5b6b5b6f5b6g5b
C96 (NoA=1) A1-5b6c5b6d5b6b5b6b5b6n5b6c5b6d5b6d5b6c5b6b5b6c
C96 (NoA=1) A1-5b6c5b6d5b6b5b6b5b6o5b6b5b6d5b6b5b6e5b6c5b6b
C96 (NoA=1) A1-5b6c5b6d5b6b5b6b5b6o5b6c5b6c5b6b5b6d5b6d5b6b
C96 (NoA=1) A1-5b6c5b6d5b6b5b6l5b6b5b6c5b6c5b6h5b6b5b6c5b6b
C96 (NoA=1) A1-5b6c5b6d5b6b5b6l5b6b5b6c5b6d5b6g5c6d5b6b
C96 (NoA=1) A1-5b6c5b6d5b6d5b6d5b6b5b6n5b6b5b6c5b6c5b6c5b6b
C96 (NoA=1) A1-5b6c5b6d5b6d5b6d5b6b5b6n5b6c5b6b5c6b5b6e
C96 (NoA=1) A1-5b6c5b6d5b6d5b6d5b6e5b6h5b6e5b6c5b6c5b6c5b6b
C96 (NoA=1) A1-5b6c5b6d5b6d5b6d5b6e5b6i5b6d5b6b5b6c5b6c5b6c
C96 (NoA=1) A1-5b6c5b6d5b6d5b6d5b6i5b6c5b6c5b6b5b6f5b6c5b6c
C96 (NoA=1) A1-5b6c5b6e5b6d5b6j5b6e5b6b5b6b5b6b5b6d5b6e5b6b
C98 (NoA=6) S4-6b5b6e5b6c5b6b
C98 (NoA=6) A1-5b6b5b6b5b6l5b6j5c6b5b6d5b6e5b6b5b6b5b6c
C98 (NoA=6) A1-5b6c5b6d5b6h5b6g5b6c5b6d5b6b5b6b5b6c5b6f5b6c
C98 (NoA=4) A1-5b6b5b6b5b6c5b6n5b6d5b6d5b6g5b6d5b6b5b6b5b
C98 (NoA=4) A1-5b6b5b6b5b6l5b6d5b6c5b6b5b6e5b6h5b6c5b6c5b
C98 (NoA=4) A1-5b6b5b6e5b6b5b6m5b6b5b6d5b6d5b6e5b6d5c6c
C98 (NoA=4) A1-5b6c5b6d5b6b5b6m5b6b5b6c5c6b5b6l5b6b5b
C98 (NoA=4) A1-5b6c5b6f5b6c5b6g5b6c5b6h5b6c5b6d5b6b5b6d5b6b
C98 (NoA=3) S4-6c5b6d5b6b5b6c
C98 (NoA=3) A1-5b6b5b6e5b6h5b6h5b6c5b6b5b6b5b6b5b6b5b6i5b6b
C98 (NoA=3) A1-5b6c5b6d5b6d5b6d5b6l5b6b5b6b5b6b5b6c5b6f5b6c
C98 (NoA=2) A1-5b6b5b6b5b6b5b6k5b6h5b6h5b6b5c6b5b6f5b
C98 (NoA=2) A1-5b6b5b6b5b6b5b6l5b6h5b6h5b6b5b6b5b6b5b6c5b6b
C98 (NoA=2) A1-5b6b5b6b5b6b5b6o5b6h5b6c5b6b5b6d5b6b5b6c5b6b
C98 (NoA=2) A1-5b6b5b6b5b6b5b6r5b6b5b6c5b6b5b6c5b6d5b6c5b6d
C98 (NoA=2) A1-5b6b5b6b5b6c5b6h5b6n5b6e5b6b5c6c5b6c5b6b
C98 (NoA=2) A1-5b6b5b6b5b6c5b6i5b6h5b6g5b6b5b6c5b6b5b6f5b
C98 (NoA=2) A1-5b6b5b6b5b6c5b6o5b6b5b6d5b6b5b6f5b6e5b6c5b
C98 (NoA=2) A1-5b6b5b6b5b6c5b6p5b6e5b6b5b6d5b6b5b6e5b6c5b
C98 (NoA=2) A1-5b6b5b6b5b6c5b6t5b6b5b6b5b6b5b6b5b6b5b6f5b6b
C98 (NoA=2) A1-5b6b5b6b5b6k5b6b5b6h5b6e5b6c5b6e5b6c5b6c5b
C98 (NoA=2) A1-5b6b5b6b5b6l5b6b5b6h5b6e5b6c5b6b5b6d5b6c5b6b
C98 (NoA=2) A1-5b6b5b6b5b6l5b6c5b6j5b6c5b6b5b6b5b6b5b6f5b
C98 (NoA=2) A1-5b6b5b6b5b6l5b6d5b6i5b6b5b6c5b6b5b6b5b6f5b
C98 (NoA=2) A1-5b6b5b6e5b6b5b6d5b6n5b6b5b6e5b6c5b6e5b6b5b
C98 (NoA=2) A1-5b6b5b6e5b6b5b6e5b6n5b6d5b6b5b6c5b6c5b6b5b6c
C98 (NoA=2) A1-5b6b5b6e5b6b5b6l5b6c5b6b5b6c5b6k5c6b5b6b
C98 (NoA=2) A1-5b6b5b6e5b6b5b6m5b6c5b6b5b6b5b6f5b6c5b6b5b6e
C98 (NoA=2) A1-5b6b5b6e5b6f5b6b5b6l5b6c5b6b5b6d5b6c5b6d5b6b
C98 (NoA=2) A1-5b6b5b6e5b6f5b6c5b6d5b6l5b6c5b6b5b6b5b6e5b
C98 (NoA=2) A1-5b6b5b6e5b6h5c6h5b6f5b6c5b6b5b6e5b6c5b6b
C98 (NoA=2) A1-5b6b5b6e5b6h5c6h5b6g5b6b5b6c5b6b5b6f5b
C98 (NoA=2) A1-5b6b5b6e5b6h5c6h5b6g5b6b5b6c5b6c5b6c5b6c
C98 (NoA=2) A1-5b6b5b6e5b6h5c6j5b6c5b6d5b6c5b6e5b6b5b6b
C98 (NoA=2) A1-5b6b5b6e5b6h5b6b5b6i5b6b5b6e5b6c5b6d5b6d5b
C98 (NoA=2) A1-5b6b5b6e5b6h5b6e5b6c5b6b5b6d5b6h5c6b5b6e
C98 (NoA=2) A1-5b6b5b6e5b6i5b6d5b6d5b6b5b6b5b6k5b6b5c6c
C98 (NoA=2) A1-5b6b5b6e5b6i5b6d5b6d5b6b5b6g5b6d5b6b5b6e5b
C98 (NoA=2) A1-5b6b5b6e5b6i5b6d5b6d5b6b5b6g5b6d5b6c5b6b5b6c
C98 (NoA=2) A1-5b6b5b6e5b6i5b6e5b6b5b6b5b6b5b6d5b6g5b6f5b
C98 (NoA=2) A1-5b6b5b6e5b6i5b6e5b6c5b6c5b6d5b6d5b6c5b6f5b
C98 (NoA=2) A1-5b6b5b6e5b6i5b6e5b6c5b6c5b6d5b6d5b6f5b6b5b6b
C98 (NoA=2) A1-5b6b5b6e5b6i5b6e5b6c5b6c5b6e5b6d5b6c5b6e5b
C98 (NoA=2) A1-5b6b5b6e5b6i5b6e5b6c5b6c5b6e5b6d5b6d5b6b5b6c
C98 (NoA=2) A1-5b6b5b6f5b6e5b6c5b6c5b6m5b6c5b6b5b6c5b6b5b6c
C98 (NoA=2) A1-5b6b5b6f5b6e5b6e5b6e5b6i5b6d5b6b5c6b5b6d
C98 (NoA=2) A1-5b6b5b6f5b6g5b6c5b6h5b6c5b6e5b6b5b6e5b6b5b6b
C98 (NoA=2) A1-5b6c5b6d5b6b5b6b5b6o5c6f5b6e5b6b5b6b5b6c
C98 (NoA=2) A1-5b6c5b6d5b6b5b6b5b6p5b6d5b6b5b6b5b6e5b6d5b
C98 (NoA=2) A1-5b6c5b6d5b6b5b6c5b6o5b6b5b6d5b6b5b6b5b6g5b
C98 (NoA=2) A1-5b6c5b6d5b6d5b6d5b6l5b6b5b6b5b6d5b6b5b6d5b6d
C98 (NoA=2) A1-5b6c5b6d5b6d5b6d5b6m5b6c5b6b5c6b5b6d5b6e
C98 (NoA=2) A1-5b6c5b6d5b6d5b6f5b6d5b6e5b6h5b6e5b6b5b6b5b6b
C98 (NoA=2) A1-5b6c5b6d5b6d5b6i5b6e5b6b5b6b5b6e5b6f5b6b5b6c
C98 (NoA=2) A1-5b6c5b6d5b6d5b6i5b6e5b6e5b6c5c6c5b6c5b6e
C98 (NoA=2) A1-5b6c5b6d5b6d5b6i5b6f5b6b5b6b5b6c5b6b5b6h5b6b
C98 (NoA=2) A1-5b6c5b6d5b6d5b6j5b6e5b6c5b6b5b6c5b6b5b6f5b6c
C98 (NoA=2) A1-5b6c5b6d5b6n5c6b5b6b5b6d5b6b5b6f5b6d5b6c
C98 (NoA=2) A1-5b6c5b6d5b6n5c6b5b6c5b6c5b6c5b6d5b6d5b6d
C98 (NoA=2) A1-5b6c5b6d5b6n5c6c5b6b5b6d5b6b5b6c5b6d5b6e
C98 (NoA=2) A1-5b6c5b6e5b6c5b6d5b6d5b6h5b6g5b6d5b6b5b6c5b6b
C98 (NoA=2) A1-5b6c5b6e5b6c5b6d5b6l5b6b5b6b5b6b5b6b5b6i5b
C98 (NoA=2) A1-5b6c5b6e5b6c5b6d5b6l5b6c5b6b5b6c5b6d5b6d5b6b
C98 (NoA=2) A1-5b6c5b6e5b6c5b6f5b6d5b6j5b6b5b6b5b6b5b6g5b
C98 (NoA=2) A1-5b6c5b6e5b6c5b6f5b6h5b6b5b6c5b6h5b6c5b6c5b
C98 (NoA=2) A1-5b6c5b6e5b6c5b6g5b6f5b6h5b6d5b6b5c6b5b6d
C98 (NoA=2) A1-5b6c5b6e5b6c5b6g5b6g5b6b5c6c5b6j5c6c
C98 (NoA=2) A1-5b6c5b6e5b6c5b6g5b6g5b6f5b6b5c6c5b6c5b6e
C98 (NoA=2) A1-5b6c5b6e5b6c5b6g5b6g5b6g5b6b5b6c5b6c5b6b5b6c
C98 (NoA=2) A1-5b6c5b6e5b6c5b6g5b6g5b6g5b6b5b6c5b6d5b6c5b
C98 (NoA=2) A1-5b6c5b6e5b6c5b6g5b6g5b6g5b6b5b6d5b6c5b6b5b6b
C98 (NoA=2) A1-5b6c5b6e5b6c5b6g5b6g5b6g5b6c5b6c5c6b5b6d
C98 (NoA=2) A1-5b6c5b6e5b6c5b6g5b6h5b6b5b6d5b6c5b6f5b6b5b6b
C98 (NoA=2) A1-5b6c5b6e5b6c5b6h5b6f5b6b5b6c5b6d5b6e5b6c5b6c
C98 (NoA=2) A1-5b6c5b6e5b6c5b6h5b6f5b6e5b6c5c6c5b6c5b6e
C98 (NoA=2) A1-5b6c5b6e5b6c5b6j5b6d5b6d5b6b5b6c5b6d5b6f5b
C98 (NoA=2) A1-5b6c5b6e5b6d5b6f5b6e5b6i5b6d5b6b5c6b5b6d
C98 (NoA=2) A1-5b6c5b6e5b6h5b6b5b6g5b6b5b6f5b6c5b6d5b6c5b6b
C98 (NoA=2) A1-5b6c5b6e5b6h5b6c5b6d5b6b5b6b5b6k5c6b5b6d
C98 (NoA=2) A1-5b6c5b6e5b6i5b6e5b6c5b6b5b6f5b6g5b6b5b6b5b
C98 (NoA=2) A1-5b6c5b6e5b6i5b6f5b6b5b6b5b6b5b6d5b6f5b6b5b6d
C98 (NoA=2) A1-5b6c5b6e5b6i5b6f5b6b5b6b5b6d5b6b5b6g5b6d5b
C98 (NoA=2) A1-5b6c5b6f5b6b5b6g5b6h5b6b5b6d5b6c5b6c5b6b5b6e
C98 (NoA=2) A1-5b6c5b6f5b6b5b6g5b6h5b6c5b6c5b6c5b6c5c6f
C98 (NoA=2) A1-5b6c5b6f5b6b5b6h5b6g5b6b5b6b5b6c5b6b5b6i5b
C98 (NoA=2) A1-5b6c5b6f5b6c5b6f5b6d5b6i5b6b5b6d5b6b5b6d5b6b
C98 (NoA=2) A1-5b6c5b6f5b6g5b6b5b6f5b6b5b6e5b6b5b6b5b6i5b
C98 (NoA=2) A1-5b6c5b6f5b6g5b6d5b6c5b6c5b6e5b6e5b6c5c6e
C98 (NoA=2) A1-5b6c5b6f5b6h5b6b5b6c5b6b5b6c5b6k5b6b5b6c5b6b
C98 (NoA=2) A1-5b6c5b6f5b6h5b6c5b6b5b6e5b6h5b6b5b6c5b6b5b6c
C98 (NoA=1) A1-5b6b5b6b5b6b5b6k5b6g5b6g5b6b5b6c5b6b5b6f5b
C98 (NoA=1) A1-5b6b5b6b5b6b5b6r5b6b5b6b5b6c5b6c5b6e5b6b5b6d
C98 (NoA=1) A1-5b6b5b6b5b6b5b6r5b6c5b6d5b6b5b6f5b6b5c6c
C98 (NoA=1) A1-5b6b5b6b5b6b5b6r5b6c5b6d5b6c5b6c5b6b5b6b5b6d
C98 (NoA=1) A1-5b6b5b6b5b6c5b6h5b6o5b6d5b6b5c6b5b6d5b6b
C98 (NoA=1) A1-5b6b5b6b5b6c5b6n5b6c5b6f5b6c5b6e5b6b5b6c5b6b
C98 (NoA=1) A1-5b6b5b6b5b6c5b6n5b6h5b6c5b6b5b6c5b6c5b6c5b6b
C98 (NoA=1) A1-5b6b5b6b5b6c5b6n5b6i5b6b5b6b5b6c5b6b5b6d5b6b
C98 (NoA=1) A1-5b6b5b6b5b6c5b6n5b6i5b6d5b6b5c6b5b6b5b6d
C98 (NoA=1) A1-5b6b5b6b5b6c5b6o5b6b5b6b5b6d5b6h5b6b5b6c5b6b
C98 (NoA=1) A1-5b6b5b6b5b6c5b6o5b6c5b6c5b6i5b6b5b6b5c6c
C98 (NoA=1) A1-5b6b5b6b5b6c5b6o5b6d5b6c5b6b5b6e5b6f5b6b5b
C98 (NoA=1) A1-5b6b5b6b5b6c5b6p5b6c5b6b5b6d5b6g5b6c5c6b
C98 (NoA=1) A1-5b6b5b6b5b6c5b6p5b6c5b6d5b6d5b6d5b6b5b6c5b6b
C98 (NoA=1) A1-5b6b5b6b5b6k5b6b5b6h5b6d5b6b5b6b5b6b5b6i5b
C98 (NoA=1) A1-5b6b5b6b5b6k5b6b5b6h5b6d5b6b5b6b5b6i5b6b5b
C98 (NoA=1) A1-5b6b5b6b5b6k5b6b5b6h5b6f5b6b5b6e5b6b5b6d5b
C98 (NoA=1) A1-5b6b5b6b5b6k5b6b5b6i5b6c5b6b5b6d5b6b5b6g5b
C98 (NoA=1) A1-5b6b5b6b5b6k5b6c5b6b5b6e5b6h5b6f5b6b5c6c
C98 (NoA=1) A1-5b6b5b6b5b6k5b6c5b6b5b6e5b6i5b6c5b6b5b6b5b6d
C98 (NoA=1) A1-5b6b5b6b5b6k5b6c5b6b5b6e5b6i5b6c5b6c5b6d5b
C98 (NoA=1) A1-5b6b5b6b5b6k5b6c5b6g5b6c5b6c5b6b5b6b5b6i5b
C98 (NoA=1) A1-5b6b5b6b5b6k5b6c5b6g5b6c5b6c5b6b5b6i5b6b5b
C98 (NoA=1) A1-5b6b5b6b5b6k5b6c5b6h5b6b5b6c5b6d5b6b5b6g5b
C98 (NoA=1) A1-5b6b5b6b5b6k5b6d5b6f5b6c5b6b5b6c5b6b5b6i5b
C98 (NoA=1) A1-5b6b5b6b5b6k5b6d5b6f5b6c5b6b5b6c5b6i5b6b5b
C98 (NoA=1) A1-5b6b5b6b5b6k5b6d5b6f5b6c5b6d5b6c5b6d5b6c5b6c
C98 (NoA=1) A1-5b6b5b6b5b6k5b6d5b6f5b6c5b6e5b6b5b6d5b6b5b6d
C98 (NoA=1) A1-5b6b5b6b5b6k5b6d5b6f5b6d5b6c5b6c5b6c5b6d5b6c
C98 (NoA=1) A1-5b6b5b6b5b6k5b6d5b6g5b6b5b6b5b6e5b6b5b6g5b
C98 (NoA=1) A1-5b6b5b6b5b6k5b6d5b6g5b6b5b6g5b6b5b6b5b6b5b6d
C98 (NoA=1) A1-5b6b5b6b5b6k5b6d5b6g5b6c5b6e5b6c5b6d5b6b5b6b
C98 (NoA=1) A1-5b6b5b6b5b6k5b6d5b6g5b6c5b6f5b6b5c6c5b6d
C98 (NoA=1) A1-5b6b5b6b5b6l5b6b5b6e5b6b5b6g5b6f5b6b5b6b5b6c
C98 (NoA=1) A1-5b6b5b6b5b6l5b6b5b6e5b6c5b6f5b6e5b6b5b6d5b6b
C98 (NoA=1) A1-5b6b5b6b5b6l5b6b5b6g5b6b5b6d5b6b5b6b5b6i5b
C98 (NoA=1) A1-5b6b5b6b5b6l5b6b5b6g5b6b5b6d5b6b5b6i5b6b5b
C98 (NoA=1) A1-5b6b5b6b5b6l5b6b5b6g5b6f5b6b5c6e5b6e5b
C98 (NoA=1) A1-5b6b5b6b5b6l5b6b5b6h5c6d5b6d5b6b5b6g5b
C98 (NoA=1) A1-5b6b5b6b5b6l5b6b5b6h5b6f5b6b5b6c5b6b5b6d5b6b
C98 (NoA=1) A1-5b6b5b6b5b6l5b6c5b6f5b6b5b6c5b6c5b6b5b6i5b
C98 (NoA=1) A1-5b6b5b6b5b6l5b6c5b6f5b6b5b6c5b6c5b6i5b6b5b
C98 (NoA=1) A1-5b6b5b6b5b6l5b6c5b6f5b6b5b6e5b6c5b6d5b6c5b6c
C98 (NoA=1) A1-5b6b5b6b5b6l5b6c5b6f5b6b5b6f5b6b5b6d5b6b5b6d
C98 (NoA=1) A1-5b6b5b6b5b6l5b6c5b6f5b6d5b6d5c6f5b6d5b
C98 (NoA=1) A1-5b6b5b6b5b6l5b6c5b6f5b6e5b6c5c6e5b6e5b
C98 (NoA=1) A1-5b6b5b6b5b6l5b6c5b6g5c6c5b6e5b6b5b6g5b
C98 (NoA=1) A1-5b6b5b6b5b6l5b6c5b6g5c6h5b6b5b6b5b6b5b6d
C98 (NoA=1) A1-5b6b5b6b5b6l5b6d5b6c5b6f5b6d5b6c5b6b5b6c5b6d
C98 (NoA=1) A1-5b6b5b6b5b6l5b6d5b6g5b6b5b6g5b6b5b6d5b6b5b
C98 (NoA=1) A1-5b6b5b6b5b6m5b6b5b6d5b6d5b6e5b6e5b6c5b6c5b6b
C98 (NoA=1) A1-5b6b5b6e5b6b5b6d5b6n5b6b5b6d5b6b5b6b5b6g5b
C98 (NoA=1) A1-5b6b5b6e5b6b5b6d5b6n5b6b5b6d5b6b5b6e5b6c5b6b
C98 (NoA=1) A1-5b6b5b6e5b6b5b6d5b6n5b6c5b6c5b6b5b6d5b6d5b6b
C98 (NoA=1) A1-5b6b5b6e5b6b5b6l5b6c5b6b5b6e5b6g5b6d5b6b5b
C98 (NoA=1) A1-5b6b5b6e5b6b5b6l5b6d5b6e5b6c5b6b5b6b5b6d5b6d
C98 (NoA=1) A1-5b6b5b6e5b6b5b6l5b6d5b6e5b6d5b6c5b6d5c6c
C98 (NoA=1) A1-5b6b5b6e5b6b5b6l5b6d5b6f5b6b5b6b5b6b5b6c5b6e
C98 (NoA=1) A1-5b6b5b6e5b6b5b6l5b6d5b6f5b6c5b6c5b6b5b6e5b
C98 (NoA=1) A1-5b6b5b6e5b6b5b6l5b6d5b6f5b6c5b6c5b6c5b6b5b6c
C98 (NoA=1) A1-5b6b5b6e5b6b5b6l5b6d5b6f5b6c5b6d5c6d5b6b
C98 (NoA=1) A1-5b6b5b6e5b6b5b6l5b6d5b6g5b6b5b6e5b6b5b6b5b6b
C98 (NoA=1) A1-5b6b5b6e5b6b5b6l5b6e5b6d5b6d5b6b5b6e5c6c
C98 (NoA=1) A1-5b6b5b6e5b6b5b6l5b6e5b6e5b6c5b6b5b6c5b6e5b
C98 (NoA=1) A1-5b6b5b6e5b6b5b6l5b6e5b6e5b6c5b6b5b6d5b6b5b6c
C98 (NoA=1) A1-5b6b5b6e5b6b5b6m5b6b5b6b5b6c5b6h5c6b5b6e
C98 (NoA=1) A1-5b6b5b6e5b6b5b6m5b6b5b6b5b6d5b6i5b6b5c6c
C98 (NoA=1) A1-5b6b5b6e5b6b5b6m5b6b5b6c5b6b5b6g5b6b5b6b5b6e
C98 (NoA=1) A1-5b6b5b6e5b6f5b6b5c6o5b6c5b6c5b6b5b6b5b6d
C98 (NoA=1) A1-5b6b5b6e5b6f5b6b5b6l5b6b5b6b5b6d5b6b5b6g5b
C98 (NoA=1) A1-5b6b5b6e5b6f5b6b5b6l5b6b5b6b5b6e5b6e5b6b5b6b
C98 (NoA=1) A1-5b6b5b6e5b6f5b6b5b6l5b6b5b6b5b6e5b6f5b6b5b
C98 (NoA=1) A1-5b6b5b6e5b6f5b6b5b6l5b6b5b6c5b6d5b6d5b6c5b6b
C98 (NoA=1) A1-5b6b5b6e5b6f5b6b5b6m5b6c5b6c5b6b5b6d5b6b5b6c
C98 (NoA=1) A1-5b6b5b6e5b6f5b6b5b6n5b6b5b6c5b6b5b6c5b6c5b6c
C98 (NoA=1) A1-5b6b5b6e5b6f5b6b5b6n5b6c5b6b5b6b5b6c5b6b5b6d
C98 (NoA=1) A1-5b6b5b6e5b6f5b6c5b6d5b6g5b6h5b6d5b6b5c6c
C98 (NoA=1) A1-5b6b5b6e5b6f5b6c5b6d5b6l5b6c5b6b5b6c5b6b5b6c
C98 (NoA=1) A1-5b6b5b6e5b6f5b6c5b6e5b6i5b6e5b6b5b6d5c6c
C98 (NoA=1) A1-5b6b5b6e5b6f5b6c5b6e5b6j5b6c5b6b5b6b5c6f
C98 (NoA=1) A1-5b6b5b6e5b6f5b6c5b6e5b6j5b6d5b6b5b6b5b6e5b
C98 (NoA=1) A1-5b6b5b6e5b6f5b6c5b6e5b6j5b6d5b6b5b6c5b6b5b6c
C98 (NoA=1) A1-5b6b5b6e5b6g5b6c5b6d5b6b5b6l5b6b5c6b5b6e
C98 (NoA=1) A1-5b6b5b6e5b6g5b6c5b6d5b6b5b6m5b6b5b6b5b6c5b6b
C98 (NoA=1) A1-5b6b5b6e5b6g5b6c5b6f5b6d5b6d5b6e5b6b5b6c5b6d
C98 (NoA=1) A1-5b6b5b6e5b6g5b6c5b6f5b6d5b6e5b6d5b6b5b6b5b6e
C98 (NoA=1) A1-5b6b5b6e5b6g5b6c5b6f5b6d5b6e5b6d5b6c5b6e5b
C98 (NoA=1) A1-5b6b5b6e5b6g5b6c5b6f5b6d5b6e5b6g5b6c5c6b
C98 (NoA=1) A1-5b6b5b6e5b6g5b6c5b6j5b6e5b6b5b6b5b6d5b6c5b6b
C98 (NoA=1) A1-5b6b5b6e5b6h5c6g5b6b5b6f5b6b5b6f5b6d5b6b
C98 (NoA=1) A1-5b6b5b6e5b6h5c6g5b6c5b6e5b6e5b6c5b6b5b6d
C98 (NoA=1) A1-5b6b5b6e5b6h5c6h5b6f5b6b5b6d5b6e5c6c
C98 (NoA=1) A1-5b6b5b6e5b6h5c6h5b6f5b6c5b6c5b6d5b6b5b6c
C98 (NoA=1) A1-5b6b5b6e5b6h5c6j5b6c5b6c5b6d5b6f5c6b
C98 (NoA=1) A1-5b6b5b6e5b6h5c6j5b6c5b6d5b6c5b6d5b6d5b
C98 (NoA=1) A1-5b6b5b6e5b6h5c6j5b6d5b6c5b6c5b6c5b6e5b
C98 (NoA=1) A1-5b6b5b6e5b6h5b6b5b6f5b6b5b6f5b6b5b6e5b6e5b6b
C98 (NoA=1) A1-5b6b5b6e5b6h5b6b5b6f5b6b5b6f5b6b5b6i5b6b5b
C98 (NoA=1) A1-5b6b5b6e5b6h5b6b5b6f5b6b5b6f5b6f5c6c5b6d
C98 (NoA=1) A1-5b6b5b6e5b6h5b6b5b6f5b6b5b6g5b6e5c6b5b6e
C98 (NoA=1) A1-5b6b5b6e5b6h5b6b5b6f5b6b5b6g5b6e5b6b5b6e5b
C98 (NoA=1) A1-5b6b5b6e5b6h5b6b5b6i5b6b5b6d5b6d5b6f5c6b
C98 (NoA=1) A1-5b6b5b6e5b6h5b6b5b6i5b6f5b6b5b6b5b6d5b6c5b6b
C98 (NoA=1) A1-5b6b5b6e5b6h5b6e5b6d5b6e5b6e5b6b5b6d5b6b5b6c
C98 (NoA=1) A1-5b6b5b6e5b6h5b6e5b6d5b6e5b6e5b6b5b6e5b6c5b
C98 (NoA=1) A1-5b6b5b6e5b6h5b6e5b6d5b6e5b6e5b6c5b6c5b6c5b6b
C98 (NoA=1) A1-5b6b5b6e5b6h5b6e5b6d5b6e5b6f5b6b5c6b5b6e
C98 (NoA=1) A1-5b6b5b6e5b6h5b6e5b6d5b6f5b6d5b6b5b6c5b6c5b6c
C98 (NoA=1) A1-5b6b5b6e5b6i5b6d5b6c5b6b5b6b5b6f5b6g5b6c5b6b
C98 (NoA=1) A1-5b6b5b6e5b6i5b6d5b6d5b6c5b6f5b6b5b6e5b6c5b6b
C98 (NoA=1) A1-5b6b5b6e5b6i5b6d5b6d5b6c5b6f5b6c5b6c5b6e5b
C98 (NoA=1) A1-5b6b5b6e5b6i5b6d5b6d5b6c5b6f5b6c5b6d5b6b5b6c
C98 (NoA=1) A1-5b6b5b6e5b6i5b6d5b6d5b6c5b6i5b6b5c6b5b6d
C98 (NoA=1) A1-5b6b5b6e5b6i5b6e5b6b5b6b5b6b5b6d5b6j5b6b5b6b
C98 (NoA=1) A1-5b6b5b6e5b6i5b6e5b6b5b6b5b6b5b6e5b6h5b6c5b6b
C98 (NoA=1) A1-5b6b5b6e5b6i5b6e5b6c5b6c5b6d5b6e5b6e5c6c
C98 (NoA=1) A1-5b6b5b6f5b6e5b6e5b6h5b6c5b6d5c6g5b6c5b
C98 (NoA=1) A1-5b6b5b6f5b6g5b6c5b6d5b6k5b6b5b6b5b6b5b6b5b6d
C98 (NoA=1) A1-5b6c5b6d5b6b5b6b5b6p5b6c5b6c5b6b5b6b5b6g5b
C98 (NoA=1) A1-5b6c5b6d5b6b5b6b5b6p5b6d5b6b5b6b5b6d5b6d5b6b
C98 (NoA=1) A1-5b6c5b6d5b6b5b6b5b6p5b6d5b6b5b6c5b6c5b6c5b6c
C98 (NoA=1) A1-5b6c5b6d5b6b5b6b5b6q5b6c5b6b5b6b5b6c5b6e5b6b
C98 (NoA=1) A1-5b6c5b6d5b6d5b6d5b6b5b6o5b6c5b6c5b6b5b6b5b6c
C98 (NoA=1) A1-5b6c5b6d5b6d5b6d5b6e5b6g5b6g5b6d5b6b5b6c5b6b
C98 (NoA=1) A1-5b6c5b6d5b6d5b6d5b6l5b6b5b6b5b6b5b6b5b6h5b6b
C98 (NoA=1) A1-5b6c5b6d5b6d5b6d5b6l5b6b5b6c5b6c5b6b5b6c5b6e
C98 (NoA=1) A1-5b6c5b6d5b6d5b6d5b6l5b6c5b6b5b6c5b6b5b6b5b6f
C98 (NoA=1) A1-5b6c5b6d5b6d5b6d5b6m5b6b5b6b5b6b5b6b5b6f5b6c
C98 (NoA=1) A1-5b6c5b6d5b6d5b6d5b6m5b6b5b6b5b6b5b6c5b6f5b6b
C98 (NoA=1) A1-5b6c5b6d5b6d5b6d5b6m5b6b5b6b5b6c5b6b5c6g
C98 (NoA=1) A1-5b6c5b6d5b6d5b6d5b6m5b6b5b6c5c6b5b6e5b6d
C98 (NoA=1) A1-5b6c5b6d5b6d5b6d5b6n5b6b5b6b5c6b5b6c5b6f
C98 (NoA=1) A1-5b6c5b6d5b6d5b6f5b6d5b6e5b6i5b6d5b6b5c6c
C98 (NoA=1) A1-5b6c5b6d5b6d5b6i5b6e5b6b5b6b5b6e5b6g5b6c5b
C98 (NoA=1) A1-5b6c5b6d5b6d5b6i5b6e5b6b5b6c5b6d5b6e5b6c5b6c
C98 (NoA=1) A1-5b6c5b6d5b6d5b6i5b6e5b6c5b6b5b6c5b6d5b6e5b6c
C98 (NoA=1) A1-5b6c5b6d5b6d5b6i5b6e5b6d5b6d5c6c5b6d5b6d
C98 (NoA=1) A1-5b6c5b6d5b6d5b6j5b6d5b6d5b6b5b6c5b6c5b6e5b6c
C98 (NoA=1) A1-5b6c5b6d5b6d5b6j5b6d5b6d5b6c5b6b5b6c5b6d5b6d
C98 (NoA=1) A1-5b6c5b6d5b6d5b6j5b6d5b6e5b6b5b6b5b6c5b6c5b6e
C98 (NoA=1) A1-5b6c5b6d5b6d5b6j5b6e5b6d5b6b5b6b5b6b5b6d5b6e
C98 (NoA=1) A1-5b6c5b6d5b6e5b6c5b6l5b6b5b6b5b6d5b6b5b6g5b
C98 (NoA=1) A1-5b6c5b6d5b6h5b6g5b6b5b6e5b6b5b6b5b6e5b6f5b
C98 (NoA=1) A1-5b6c5b6d5b6h5b6g5b6b5b6e5b6b5b6c5b6c5b6d5b6d
C98 (NoA=1) A1-5b6c5b6d5b6h5b6g5b6c5b6e5b6b5b6b5b6b5b6c5b6f
C98 (NoA=1) A1-5b6c5b6d5b6n5c6b5b6b5b6d5b6c5b6e5b6c5b6d
C98 (NoA=1) A1-5b6c5b6e5b6c5b6d5b6l5b6b5b6c5b6c5b6e5b6c5b6b
C98 (NoA=1) A1-5b6c5b6e5b6c5b6g5b6g5b6b5c6k5b6b5b6c5b
C98 (NoA=1) A1-5b6c5b6e5b6c5b6g5b6g5b6b5b6b5b6i5b6c5b6c5b
C98 (NoA=1) A1-5b6c5b6e5b6c5b6g5b6g5b6b5b6d5b6c5b6e5b6c5b6c
C98 (NoA=1) A1-5b6c5b6e5b6c5b6g5b6g5b6c5b6c5b6b5b6d5b6e5b6c
C98 (NoA=1) A1-5b6c5b6e5b6c5b6g5b6g5b6c5b6d5b6e5b6d5c6c
C98 (NoA=1) A1-5b6c5b6e5b6c5b6g5b6h5b6b5b6c5b6b5b6b5b6h5b6b
C98 (NoA=1) A1-5b6c5b6e5b6c5b6g5b6h5b6b5b6d5b6c5b6c5b6f5b
C98 (NoA=1) A1-5b6c5b6e5b6c5b6g5b6h5b6b5b6d5b6d5b6e5c6c
C98 (NoA=1) A1-5b6c5b6e5b6c5b6g5b6h5b6f5b6b5b6b5b6d5b6b5b6c
C98 (NoA=1) A1-5b6c5b6e5b6c5b6g5b6h5b6f5b6b5b6b5b6e5b6c5b
C98 (NoA=1) A1-5b6c5b6e5b6c5b6g5b6i5c6d5b6c5b6b5b6g5b
C98 (NoA=1) A1-5b6c5b6e5b6c5b6h5b6f5b6d5b6d5c6c5b6d5b6d
C98 (NoA=1) A1-5b6c5b6e5b6c5b6h5b6g5b6b5b6b5b6c5b6b5b6h5b6b
C98 (NoA=1) A1-5b6c5b6e5b6c5b6j5b6c5b6d5b6b5b6b5b6e5b6g5b
C98 (NoA=1) A1-5b6c5b6e5b6c5b6n5b6b5b6b5b6b5b6b5b6b5b6i5b
C98 (NoA=1) A1-5b6c5b6e5b6d5b6d5b6c5b6m5b6c5b6b5b6c5b6b5b6c
C98 (NoA=1) A1-5b6c5b6e5b6h5b6e5b6c5b6b5b6d5b6b5b6j5b6b5b
C98 (NoA=1) A1-5b6c5b6e5b6i5b6e5b6c5b6b5b6d5b6c5b6g5b6c5b
C98 (NoA=1) A1-5b6c5b6e5b6i5b6e5b6c5b6b5b6e5b6b5b6f5b6d5b
C98 (NoA=1) A1-5b6c5b6e5b6i5b6e5b6c5b6b5b6f5b6b5b6d5b6b5b6d
C98 (NoA=1) A1-5b6c5b6e5b6i5b6e5b6d5b6b5b6e5b6c5b6d5b6d5b
C98 (NoA=1) A1-5b6c5b6f5b6b5b6g5b6h5b6c5b6d5c6g5b6c5b
C100 (NoA=20) S1-5b6g5b6b5b
C100 (NoA=12) A1-5b6b5b6m5b6c5b6b5b6d5b6c5b6b5b6c5b6c5b6i5b6b
C100 (NoA=10) A1-6b5b6b5b6b5b6b5b6b5b6u5b6b5b6b5b6b5b6c5b6f5b
C100 (NoA=8) A1-5b6c5b6f5b6c5b6f5b6d5b6j5b6d5b6b5b6b5b6c5b6c
C100 (NoA=4) A1-5b6b5b6b5b6b5b6g5b6o5b6e5b6b5b6b5b6b5b6f5b
C100 (NoA=4) A1-5b6b5b6b5b6c5b6p5b6f5b6e5b6b5b6b5b6b5b6b5b6d
C100 (NoA=4) A1-5b6b5b6b5b6l5b6c5b6d5b6c5b6k5b6b5b6b5b6c5b6b
C100 (NoA=4) A1-5b6b5b6b5b6m5b6b5b6d5b6b5b6l5b6b5b6b5b6b5b6c
C100 (NoA=4) A1-5b6b5b6f5b6e5b6e5b6e5b6i5b6d5b6d5b6b5b6b5b6b
C100 (NoA=4) A1-5b6c5b6d5b6b5b6l5b6d5b6f5b6b5b6b5b6e5b6d5b6b
C100 (NoA=4) A1-5b6c5b6d5b6d5b6i5b6e5b6e5b6c5b6b5b6e5b6d5b6b
C100 (NoA=4) A1-5b6c5b6e5b6c5b6d5b6m5b6c5b6b5c6f5b6c5b6c
C100 (NoA=4) A1-5b6c5b6e5b6c5b6f5b6i5b6f5b6c5b6c5b6b5b6e5b
C100 (NoA=4) A1-5b6c5b6e5b6c5b6f5b6i5b6f5b6c5b6e5b6b5b6b5b6b
C100 (NoA=4) A1-5b6c5b6e5b6c5b6h5b6e5b6f5b6c5b6c5b6d5b6d5b6b
C100 (NoA=4) A1-5b6c5b6e5b6d5b6f5b6e5b6h5b6b5b6c5b6d5b6d5b6b
C100 (NoA=4) A1-5b6c5b6f5b6c5b6h5b6b5b6i5b6c5b6d5b6b5b6d5b6b
C100 (NoA=4) A1-5b6c5b6h5b6g5b6b5b6b5b6d5b6d5b6f5b6c5b6c5b6d
C100 (NoA=3) S4-6b5b6e5b6d5b6b
C100 (NoA=3) A1-5b6b5b6e5b6g5b6h5b6e5b6d5b6b5b6b5b6b5b6c5b6f
C100 (NoA=3) A1-5b6b5b6m5b6c5b6b5b6d5b6c5b6b5b6e5b6d5b6c5b6e
C100 (NoA=2) A1-5b6b5b6b5b6b5b6k5b6e5b6i5b6h5b6b5b6b5c6b
C100 (NoA=2) A1-5b6b5b6b5b6b5b6l5b6d5b6m5c6b5b6b5b6c5b6c
C100 (NoA=2) A1-5b6b5b6b5b6b5b6o5b6i5b6c5b6c5b6c5b6b5b6c5b6b
C100 (NoA=2) A1-5b6b5b6b5b6b5b6p5b6b5b6f5b6g5b6b5b6b5b6c5b6b
C100 (NoA=2) A1-5b6b5b6b5b6b5b6p5b6c5b6d5b6g5b6b5b6b5b6c5b6c
C100 (NoA=2) A1-5b6b5b6b5b6b5b6p5b6f5b6b5b6b5b6c5b6b5b6h5b
C100 (NoA=2) A1-5b6b5b6b5b6b5b6p5b6g5b6b5b6e5b6b5b6e5b6b5b
C100 (NoA=2) A1-5b6b5b6b5b6b5b6w5b6b5b6b5b6b5b6b5b6b5b6f5b
C100 (NoA=2) A1-5b6b5b6b5b6c5b6i5b6o5c6b5b6f5b6c5c6b
C100 (NoA=2) A1-5b6b5b6b5b6c5b6m5b6b5b6e5b6l5b6b5b6b5c6b
C100 (NoA=2) A1-5b6b5b6b5b6c5b6n5b6g5b6d5b6b5b6f5b6c5c6b
C100 (NoA=2) A1-5b6b5b6b5b6c5b6o5b6b5b6e5b6g5b6b5b6b5b6b5b6d
C100 (NoA=2) A1-5b6b5b6b5b6c5b6p5b6c5b6e5b6f5b6b5b6b5c6d
C100 (NoA=2) A1-5b6b5b6b5b6c5b6p5b6e5b6g5b6b5b6b5b6b5b6b5b6c
C100 (NoA=2) A1-5b6b5b6b5b6g5b6h5b6h5b6c5b6c5b6b5b6d5b6f5b
C100 (NoA=2) A1-5b6b5b6b5b6k5b6b5b6i5b6d5b6f5b6c5b6b5b6c5b6b
C100 (NoA=2) A1-5b6b5b6b5b6k5b6c5b6c5b6l5b6d5b6b5b6b5b6c5b6b
C100 (NoA=2) A1-5b6b5b6b5b6k5b6f5b6g5b6c5b6c5b6c5b6d5b6b5b6c
C100 (NoA=2) A1-5b6b5b6b5b6l5b6b5b6g5b6b5b6f5b6f5b6b5b6d5b
C100 (NoA=2) A1-5b6b5b6b5b6l5b6d5b6g5b6c5b6c5b6c5b6g5b6b5b
C100 (NoA=2) A1-5b6b5b6b5b6l5b6d5b6j5b6d5b6b5b6b5b6b5b6c5b6c
C100 (NoA=2) A1-5b6b5b6b5b6m5b6b5b6d5b6b5b6e5b6g5b6e5b6c5b
C100 (NoA=2) A1-5b6b5b6b5b6m5b6h5b6c5b6b5b6b5b6b5c6j5b
C100 (NoA=2) A1-5b6b5b6e5b6b5b6d5b6p5b6c5b6c5b6b5b6b5b6c5b6d
C100 (NoA=2) A1-5b6b5b6e5b6b5b6e5b6n5b6d5b6b5b6g5b6b5b6b5b
C100 (NoA=2) A1-5b6b5b6e5b6b5b6l5b6d5b6e5b6d5b6d5b6e5b6b5b
C100 (NoA=2) A1-5b6b5b6e5b6b5b6m5b6b5b6c5b6c5b6i5b6c5b6b5b6b
C100 (NoA=2) A1-5b6b5b6e5b6b5b6m5b6b5b6d5b6d5b6d5b6d5b6d5b6b
C100 (NoA=2) A1-5b6b5b6e5b6b5b6m5b6c5b6d5b6c5b6c5b6d5b6e5b6b
C100 (NoA=2) A1-5b6b5b6e5b6f5b6b5b6n5b6b5b6c5b6c5b6b5b6e5b6b
C100 (NoA=2) A1-5b6b5b6e5b6f5b6c5b6e5b6i5b6e5b6c5b6e5b6b5b
C100 (NoA=2) A1-5b6b5b6e5b6f5b6g5b6c5b6h5b6e5b6b5c6b5b6e
C100 (NoA=2) A1-5b6b5b6e5b6f5b6m5b6b5b6b5b6b5b6b5b6c5b6h5b
C100 (NoA=2) A1-5b6b5b6e5b6g5b6c5b6j5c6d5b6c5b6b5b6h5b
C100 (NoA=2) A1-5b6b5b6e5b6g5b6k5b6b5c6b5b6b5b6d5b6i5b
C100 (NoA=2) A1-5b6b5b6e5b6h5c6h5b6g5b6f5c6c5b6c5b6b
C100 (NoA=2) A1-5b6b5b6e5b6h5c6h5b6h5b6e5c6b5b6d5b6b
C100 (NoA=2) A1-5b6b5b6e5b6h5c6j5b6c5b6c5b6c5b6b5b6h5b
C100 (NoA=2) A1-5b6b5b6e5b6h5b6e5b6c5b6b5b6d5b6k5b6b5c6c
C100 (NoA=2) A1-5b6b5b6e5b6h5b6i5b6f5b6b5b6b5c6b5b6c5b6f
C100 (NoA=2) A1-5b6b5b6e5b6i5b6d5b6c5b6b5b6b5b6k5b6c5b6d5b
C100 (NoA=2) A1-5b6b5b6e5b6i5b6d5b6d5b6c5b6h5b6c5b6c5b6d5b
C100 (NoA=2) A1-5b6b5b6e5b6i5b6d5b6d5b6d5b6g5b6b5b6c5b6b5b6d
C100 (NoA=2) A1-5b6b5b6e5b6m5b6d5b6b5b6b5b6c5b6d5b6e5b6c5b6c
C100 (NoA=2) A1-5b6b5b6e5b6m5b6d5b6b5b6e5b6c5c6c5b6c5b6e
C100 (NoA=2) A1-5b6b5b6e5b6n5b6c5b6c5b6d5b6b5b6b5b6b5b6d5b6e
C100 (NoA=2) A1-5b6b5b6f5b6e5b6e5b6e5b6d5b6d5b6h5b6c5c6c
C100 (NoA=2) A1-5b6b5b6f5b6e5b6e5b6e5b6h5b6b5b6c5b6c5b6f5b
C100 (NoA=2) A1-5b6b5b6f5b6e5b6e5b6e5b6h5b6b5b6d5b6c5b6c5b6c
C100 (NoA=2) A1-5b6b5b6f5b6e5b6e5b6h5b6c5b6d5b6b5b6d5b6f5b
C100 (NoA=2) A1-5b6b5b6f5b6e5b6e5b6h5b6c5b6e5b6d5b6d5b6b5b6b
C100 (NoA=2) A1-5b6b5b6f5b6e5b6e5b6n5b6b5b6b5b6c5b6c5b6b5b6b
C100 (NoA=2) A1-5b6b5b6f5b6e5b6f5b6h5b6c5b6d5b6b5b6d5b6c5b6c
C100 (NoA=2) A1-5b6b5b6f5b6e5b6f5b6k5b6c5c6b5b6b5b6c5b6e
C100 (NoA=2) A1-5b6b5b6f5b6g5b6d5b6d5b6b5b6d5b6l5b6b5b6b5b
C100 (NoA=2) A1-5b6b5b6f5b6g5b6h5b6b5b6d5b6b5b6b5b6j5b6b5b
C100 (NoA=2) A1-5b6c5b6d5b6b5b6b5b6s5b6b5b6b5b6b5b6d5b6e5b
C100 (NoA=2) A1-5b6c5b6d5b6b5b6c5b6p5b6d5b6c5b6b5b6c5b6b5b6d
C100 (NoA=2) A1-5b6c5b6d5b6b5b6l5b6c5b6f5b6c5b6c5b6e5b6c5b6b
C100 (NoA=2) A1-5b6c5b6d5b6b5b6l5b6c5b6g5b6c5b6d5c6e5b6b
C100 (NoA=2) A1-5b6c5b6d5b6b5b6l5b6c5b6h5b6b5b6e5b6b5b6c5b6b
C100 (NoA=2) A1-5b6c5b6d5b6b5b6m5b6b5b6d5b6b5b6f5b6e5b6c5b6b
C100 (NoA=2) A1-5b6c5b6d5b6b5b6m5b6b5b6e5b6b5b6f5b6b5b6d5b6c
C100 (NoA=2) A1-5b6c5b6d5b6b5b6m5b6c5b6c5b6c5b6d5b6e5b6d5b6b
C100 (NoA=2) A1-5b6c5b6d5b6d5b6f5b6d5b6d5b6l5c6b5b6c5b6c
C100 (NoA=2) A1-5b6c5b6d5b6d5b6i5b6d5b6e5b6d5b6d5b6d5b6b5b6c
C100 (NoA=2) A1-5b6c5b6d5b6d5b6i5b6d5b6f5b6c5b6c5b6c5b6f5b
C100 (NoA=2) A1-5b6c5b6d5b6d5b6i5b6d5b6f5b6c5b6d5b6c5b6c5b6c
C100 (NoA=2) A1-5b6c5b6d5b6d5b6i5b6e5b6e5b6d5b6c5b6e5b6c5b
C100 (NoA=2) A1-5b6c5b6d5b6d5b6j5b6d5b6d5b6b5b6d5b6g5b6b5b6b
C100 (NoA=2) A1-5b6c5b6d5b6d5b6j5b6d5b6d5b6c5b6c5b6f5b6c5b6b
C100 (NoA=2) A1-5b6c5b6d5b6e5b6c5b6m5b6c5b6c5b6c5b6c5b6d5b6b
C100 (NoA=2) A1-5b6c5b6d5b6e5b6e5b6d5b6n5b6b5b6c5b6b5c6c
C100 (NoA=2) A1-5b6c5b6d5b6e5b6h5b6c5b6g5b6f5b6b5c6c5b6d
C100 (NoA=2) A1-5b6c5b6d5b6e5b6h5b6g5b6b5b6e5b6b5b6e5b6b5b6c
C100 (NoA=2) A1-5b6c5b6d5b6e5b6h5b6g5b6b5b6e5b6b5b6f5b6c5b
C100 (NoA=2) A1-5b6c5b6d5b6e5b6i5b6g5b6b5b6b5b6d5b6b5b6e5b6c
C100 (NoA=2) A1-5b6c5b6d5b6j5b6e5b6c5b6b5b6e5b6b5b6i5b6b5b
C100 (NoA=2) A1-5b6c5b6e5b6c5b6d5b6m5b6d5b6b5b6f5b6b5c6c
C100 (NoA=2) A1-5b6c5b6e5b6c5b6f5b6d5b6l5b6c5b6b5b6c5b6b5b6c
C100 (NoA=2) A1-5b6c5b6e5b6c5b6f5b6h5b6e5b6c5b6d5b6d5b6b5b6c
C100 (NoA=2) A1-5b6c5b6e5b6c5b6h5b6f5b6e5b6c5b6b5b6d5b6f5b
C100 (NoA=2) A1-5b6c5b6e5b6c5b6j5b6c5b6e5b6b5b6g5c6e5b6b
C100 (NoA=2) A1-5b6c5b6e5b6c5b6m5b6c5c6c5b6b5b6g5b6d5b6b
C100 (NoA=2) A1-5b6c5b6e5b6d5b6f5b6e5b6i5b6e5b6c5b6b5c6c
C100 (NoA=2) A1-5b6c5b6e5b6d5b6f5b6i5b6b5b6e5b6c5b6e5b6b5b6b
C100 (NoA=2) A1-5b6c5b6e5b6d5b6k5b6d5b6b5b6b5b6b5b6f5b6e5b6b
C100 (NoA=2) A1-5b6c5b6f5b6b5b6g5b6g5b6c5b6c5b6b5b6i5b6b5b6b
C100 (NoA=2) A1-5b6c5b6f5b6b5b6g5b6g5b6c5b6d5b6f5b6b5b6d5b6b
C100 (NoA=2) A1-5b6c5b6f5b6b5b6g5b6g5b6d5b6d5b6f5b6c5b6b5b6b
C100 (NoA=2) A1-5b6c5b6f5b6b5b6h5b6f5b6c5b6b5b6c5b6j5b6b5b
C100 (NoA=2) A1-5b6c5b6f5b6b5b6i5b6d5b6e5b6b5b6g5c6e5b6b
C100 (NoA=2) A1-5b6c5b6f5b6h5b6b5b6d5b6b5b6b5b6m5b6b5c6c
C100 (NoA=1) A1-5b6b5b6b5b6b5b6k5b6n5c6b5b6f5b6c5c6b
C100 (NoA=1) A1-5b6b5b6b5b6b5b6r5b6e5b6b5b6b5b6e5b6d5c6c
C100 (NoA=1) A1-5b6b5b6b5b6b5b6r5b6e5b6c5c6e5b6c5b6b5b6c
C100 (NoA=1) A1-5b6b5b6b5b6b5b6r5b6f5b6b5c6e5b6b5b6c5b6c
C100 (NoA=1) A1-5b6b5b6b5b6b5b6s5b6d5b6d5b6c5b6b5b6c5b6b5b6c
C100 (NoA=1) A1-5b6b5b6b5b6b5b6s5b6e5b6c5b6c5b6b5b6b5b6c5b6c
C100 (NoA=1) A1-5b6b5b6b5b6b5b6t5b6c5b6b5b6d5b6b5b6f5b6b5b
C100 (NoA=1) A1-5b6b5b6b5b6c5b6h5b6o5b6d5b6b5b6b5b6d5b6c5b
C100 (NoA=1) A1-5b6b5b6b5b6c5b6n5b6h5b6b5b6b5b6b5b6f5b6c5b6b
C100 (NoA=1) A1-5b6b5b6b5b6c5b6n5b6h5b6c5c6b5b6e5b6d5b6b
C100 (NoA=1) A1-5b6b5b6b5b6c5b6n5b6i5b6b5c6b5b6c5b6g5b
C100 (NoA=1) A1-5b6b5b6b5b6c5b6n5b6i5b6b5c6b5b6d5b6e5b6b
C100 (NoA=1) A1-5b6b5b6b5b6c5b6n5b6i5b6b5b6b5b6d5b6d5b6c5b
C100 (NoA=1) A1-5b6b5b6b5b6c5b6o5b6d5b6c5b6b5b6d5b6f5b6c5b6b
C100 (NoA=1) A1-5b6b5b6b5b6c5b6o5b6d5b6c5b6c5b6c5b6e5b6d5b6b
C100 (NoA=1) A1-5b6b5b6b5b6c5b6o5b6d5b6c5b6c5b6h5b6b5b6b5b6b
C100 (NoA=1) A1-5b6b5b6b5b6c5b6o5b6d5b6d5b6b5b6c5b6c5b6g5b
C100 (NoA=1) A1-5b6b5b6b5b6c5b6o5b6d5b6d5b6b5b6c5b6d5b6e5b6b
C100 (NoA=1) A1-5b6b5b6b5b6c5b6o5b6d5b6d5b6b5b6g5b6c5b6b5b6b
C100 (NoA=1) A1-5b6b5b6b5b6c5b6o5b6d5b6d5b6f5b6c5b6b5b6b5b6c
C100 (NoA=1) A1-5b6b5b6b5b6c5b6o5b6e5b6c5b6b5b6c5b6b5b6h5b
C100 (NoA=1) A1-5b6b5b6b5b6k5b6b5b6h5b6d5b6c5b6c5b6e5b6b5b6d
C100 (NoA=1) A1-5b6b5b6b5b6k5b6b5b6h5b6e5b6b5b6c5b6d5b6c5b6d
C100 (NoA=1) A1-5b6b5b6b5b6k5b6b5b6h5b6e5b6c5b6b5b6d5b6b5b6e
C100 (NoA=1) A1-5b6b5b6b5b6k5b6b5b6i5b6d5b6e5b6b5b6b5b6b5b6e
C100 (NoA=1) A1-5b6b5b6b5b6k5b6c5b6b5b6l5b6b5b6b5b6b5b6g5b
C100 (NoA=1) A1-5b6b5b6b5b6k5b6c5b6b5b6o5b6b5c6b5b6d5b6b
C100 (NoA=1) A1-5b6b5b6b5b6k5b6c5b6c5b6g5b6f5b6b5b6e5b6d5b
C100 (NoA=1) A1-5b6b5b6b5b6k5b6c5b6g5b6c5b6d5b6c5b6e5b6b5b6d
C100 (NoA=1) A1-5b6b5b6b5b6k5b6c5b6g5b6c5b6e5b6f5b6b5b6d5b
C100 (NoA=1) A1-5b6b5b6b5b6k5b6c5b6g5b6f5b6b5c6e5b6f5b
C100 (NoA=1) A1-5b6b5b6b5b6k5b6c5b6g5b6f5b6b5c6f5b6c5b6c
C100 (NoA=1) A1-5b6b5b6b5b6k5b6c5b6g5b6f5b6b5b6b5b6c5b6b5b6f
C100 (NoA=1) A1-5b6b5b6b5b6k5b6c5b6h5b6e5b6c5b6c5b6b5b6f5b
C100 (NoA=1) A1-5b6b5b6b5b6k5b6c5b6h5b6e5b6c5b6c5b6c5b6c5b6c
C100 (NoA=1) A1-5b6b5b6b5b6k5b6c5b6h5b6e5b6c5b6e5b6c5b6b5b6b
C100 (NoA=1) A1-5b6b5b6b5b6k5b6c5b6h5b6e5b6d5b6b5c6b5b6f
C100 (NoA=1) A1-5b6b5b6b5b6k5b6c5b6h5b6f5b6b5b6e5b6b5b6c5b6b
C100 (NoA=1) A1-5b6b5b6b5b6k5b6d5b6f5b6c5b6d5b6h5b6c5b6b5b
C100 (NoA=1) A1-5b6b5b6b5b6k5b6d5b6f5b6d5b6d5b6e5b6b5b6e5b
C100 (NoA=1) A1-5b6b5b6b5b6k5b6d5b6g5b6c5b6e5b6f5b6b5b6b5b6b
C100 (NoA=1) A1-5b6b5b6b5b6k5b6d5b6g5b6d5b6d5b6c5b6b5b6f5b
C100 (NoA=1) A1-5b6b5b6b5b6k5b6d5b6g5b6d5b6d5b6e5b6c5b6b5b6b
C100 (NoA=1) A1-5b6b5b6b5b6l5b6b5b6g5b6b5b6e5b6c5b6e5b6b5b6d
C100 (NoA=1) A1-5b6b5b6b5b6l5b6c5b6d5b6i5b6e5b6b5b6b5b6c5b6b
C100 (NoA=1) A1-5b6b5b6b5b6l5b6c5b6f5b6b5b6e5b6h5b6c5b6b5b
C100 (NoA=1) A1-5b6b5b6b5b6l5b6c5b6f5b6d5b6d5b6b5b6c5b6g5b
C100 (NoA=1) A1-5b6b5b6b5b6l5b6c5b6f5b6g5b6b5b6e5b6b5b6d5b
C100 (NoA=1) A1-5b6b5b6b5b6l5b6c5b6f5b6g5b6b5b6e5b6d5c6b
C100 (NoA=1) A1-5b6b5b6b5b6l5b6c5b6f5b6h5c6e5b6c5b6b5b6b
C100 (NoA=1) A1-5b6b5b6b5b6l5b6c5b6g5b6h5b6c5b6b5b6c5b6b5b6b
C100 (NoA=1) A1-5b6b5b6b5b6l5b6c5b6h5b6e5b6d5b6b5b6b5b6e5b
C100 (NoA=1) A1-5b6b5b6b5b6l5b6c5b6h5b6e5b6d5b6b5b6c5b6c5b6b
C100 (NoA=1) A1-5b6b5b6b5b6l5b6c5b6m5b6b5b6b5b6b5b6b5b6b5b6d
C100 (NoA=1) A1-5b6b5b6b5b6l5b6d5b6c5b6f5b6d5b6g5b6c5b6b5b
C100 (NoA=1) A1-5b6b5b6b5b6l5b6d5b6c5b6f5b6h5c6d5b6c5b
C100 (NoA=1) A1-5b6b5b6b5b6l5b6d5b6c5b6f5b6h5b6c5b6b5b6b5b6b
C100 (NoA=1) A1-5b6b5b6b5b6l5b6d5b6c5b6g5b6c5b6c5b6c5b6f5b
C100 (NoA=1) A1-5b6b5b6b5b6l5b6d5b6c5b6g5b6c5b6f5b6d5b6b5b
C100 (NoA=1) A1-5b6b5b6b5b6l5b6d5b6c5b6g5b6g5b6b5b6c5b6b5b6b
C100 (NoA=1) A1-5b6b5b6b5b6l5b6d5b6c5b6h5b6f5b6b5b6b5b6c5b6b
C100 (NoA=1) A1-5b6b5b6b5b6l5b6d5b6g5b6c5b6f5b6b5b6d5b6b5b6b
C100 (NoA=1) A1-5b6b5b6b5b6l5b6d5b6g5b6d5b6e5b6b5b6b5b6e5b
C100 (NoA=1) A1-5b6b5b6b5b6l5b6d5b6g5b6d5b6e5b6b5b6c5b6c5b6b
C100 (NoA=1) A1-5b6b5b6b5b6l5b6d5b6i5b6e5b6b5b6b5b6c5b6b5b6c
C100 (NoA=1) A1-5b6b5b6b5b6l5b6g5b6b5b6d5b6b5b6b5b6g5b6c5b6c
C100 (NoA=1) A1-5b6b5b6b5b6l5b6i5b6b5b6b5b6c5b6b5b6g5b6d5b
C100 (NoA=1) A1-5b6b5b6b5b6m5b6b5b6d5b6d5b6e5b6d5b6f5b6c5b
C100 (NoA=1) A1-5b6b5b6b5b6m5b6b5b6d5b6d5b6f5b6c5b6e5b6d5b
C100 (NoA=1) A1-5b6b5b6b5b6m5b6b5b6d5b6d5b6f5b6h5b6b5b6b5b
C100 (NoA=1) A1-5b6b5b6e5b6b5b6d5b6o5b6d5b6c5b6b5b6c5b6b5b6d
C100 (NoA=1) A1-5b6b5b6e5b6b5b6d5b6o5b6e5b6b5b6b5c6b5b6f
C100 (NoA=1) A1-5b6b5b6e5b6b5b6d5b6o5b6f5b6c5c6b5b6c5b6c
C100 (NoA=1) A1-5b6b5b6e5b6b5b6l5b6c5b6c5b6f5b6f5b6b5b6b5b6c
C100 (NoA=1) A1-5b6b5b6e5b6b5b6l5b6c5b6g5b6b5b6c5b6b5b6g5b
C100 (NoA=1) A1-5b6b5b6e5b6b5b6l5b6c5b6g5b6e5b6b5c6d5b6c
C100 (NoA=1) A1-5b6b5b6e5b6b5b6l5b6c5b6h5c6c5b6d5b6d5b6b
C100 (NoA=1) A1-5b6b5b6e5b6b5b6l5b6c5b6h5c6c5b6e5b6d5b
C100 (NoA=1) A1-5b6b5b6e5b6b5b6l5b6c5b6h5c6d5b6c5b6c5b6c
C100 (NoA=1) A1-5b6b5b6e5b6b5b6l5b6c5b6h5b6d5b6c5b6b5b6b5b6c
C100 (NoA=1) A1-5b6b5b6e5b6b5b6l5b6d5b6d5b6f5b6b5b6d5c6d
C100 (NoA=1) A1-5b6b5b6e5b6b5b6l5b6d5b6f5b6b5b6b5b6c5b6g5b
C100 (NoA=1) A1-5b6b5b6e5b6b5b6l5b6d5b6g5c6b5b6e5b6d5b6b
C100 (NoA=1) A1-5b6b5b6e5b6b5b6l5b6d5b6g5c6b5b6f5b6d5b
C100 (NoA=1) A1-5b6b5b6e5b6b5b6l5b6d5b6g5b6b5b6f5b6b5b6b5b6b
C100 (NoA=1) A1-5b6b5b6e5b6b5b6m5b6b5b6c5c6k5b6b5b6b5b6c
C100 (NoA=1) A1-5b6b5b6e5b6b5b6m5b6b5b6c5b6b5b6i5b6c5b6b5b6c
C100 (NoA=1) A1-5b6b5b6e5b6b5b6m5b6b5b6c5b6b5b6k5b6b5b6b5b6b
C100 (NoA=1) A1-5b6b5b6e5b6b5b6m5b6b5b6c5b6b5b6l5c6c5b
C100 (NoA=1) A1-5b6b5b6e5b6b5b6m5b6b5b6d5b6d5b6d5b6e5b6d5b
C100 (NoA=1) A1-5b6b5b6e5b6b5b6m5b6b5b6e5b6c5b6d5b6c5b6e5b6b
C100 (NoA=1) A1-5b6b5b6e5b6b5b6m5b6b5b6e5b6c5b6e5b6b5b6d5b6c
C100 (NoA=1) A1-5b6b5b6e5b6b5b6m5b6b5b6e5b6c5b6e5b6e5b6c5b
C100 (NoA=1) A1-5b6b5b6e5b6b5b6p5b6b5b6b5b6d5b6b5b6f5b6b5b6c
C100 (NoA=1) A1-5b6b5b6e5b6f5b6b5b6l5b6c5b6e5b6b5b6b5b6b5b6e
C100 (NoA=1) A1-5b6b5b6e5b6f5b6b5b6l5b6c5b6f5b6c5b6b5b6b5b6c
C100 (NoA=1) A1-5b6b5b6e5b6f5b6b5b6m5b6b5b6d5b6c5b6d5b6c5b6b
C100 (NoA=1) A1-5b6b5b6e5b6f5b6b5b6m5b6b5b6d5b6c5b6e5b6c5b
C100 (NoA=1) A1-5b6b5b6e5b6f5b6b5b6m5b6b5b6e5b6b5c6c5b6e
C100 (NoA=1) A1-5b6b5b6e5b6f5b6b5b6m5b6b5b6f5b6b5b6c5b6b5b6c
C100 (NoA=1) A1-5b6b5b6e5b6f5b6b5b6m5b6c5b6c5b6c5b6c5b6d5b6b
C100 (NoA=1) A1-5b6b5b6e5b6f5b6b5b6m5b6c5b6d5b6b5c6b5b6f
C100 (NoA=1) A1-5b6b5b6e5b6f5b6b5b6m5b6c5b6e5b6b5b6b5b6c5b6c
C100 (NoA=1) A1-5b6b5b6e5b6f5b6c5b6e5b6i5b6d5b6b5b6b5b6g5b
C100 (NoA=1) A1-5b6b5b6e5b6f5b6c5b6e5b6j5b6b5b6d5b6f5b6b5b
C100 (NoA=1) A1-5b6b5b6e5b6f5b6c5b6e5b6j5b6c5b6b5b6d5b6d5b6b
C100 (NoA=1) A1-5b6b5b6e5b6f5b6c5b6k5b6c5b6b5b6d5b6f5c6c
C100 (NoA=1) A1-5b6b5b6e5b6f5b6d5b6d5b6n5b6b5b6c5b6b5c6c
C100 (NoA=1) A1-5b6b5b6e5b6f5b6g5b6b5b6e5b6g5b6e5b6b5b6c5b6b
C100 (NoA=1) A1-5b6b5b6e5b6f5b6g5b6c5b6d5c6k5b6b5b6c5b6b
C100 (NoA=1) A1-5b6b5b6e5b6f5b6g5b6c5b6d5b6b5b6i5b6c5b6c5b6b
C100 (NoA=1) A1-5b6b5b6e5b6f5b6g5b6c5b6d5b6b5b6k5b6b5c6c
C100 (NoA=1) A1-5b6b5b6e5b6f5b6g5b6c5b6d5b6b5b6l5b6b5b6b5b
C100 (NoA=1) A1-5b6b5b6e5b6f5b6g5b6c5b6d5b6c5b6i5b6c5c6c
C100 (NoA=1) A1-5b6b5b6e5b6f5b6g5b6c5b6f5b6d5b6c5b6e5b6c5b6b
C100 (NoA=1) A1-5b6b5b6e5b6f5b6g5b6c5b6f5b6d5b6d5b6d5b6b5b6c
C100 (NoA=1) A1-5b6b5b6e5b6f5b6g5b6c5b6g5b6c5b6c5b6c5b6f5b
C100 (NoA=1) A1-5b6b5b6e5b6f5b6g5b6c5b6g5b6c5b6c5b6d5b6d5b6b
C100 (NoA=1) A1-5b6b5b6e5b6f5b6g5b6c5b6g5b6c5b6d5b6c5b6c5b6c
C100 (NoA=1) A1-5b6b5b6e5b6f5b6g5b6c5b6g5b6f5b6b5c6c5b6d
C100 (NoA=1) A1-5b6b5b6e5b6f5b6g5b6g5c6b5b6f5b6f5c6c
C100 (NoA=1) A1-5b6b5b6e5b6f5b6g5b6g5b6b5b6e5b6b5b6e5b6b5b6c
C100 (NoA=1) A1-5b6b5b6e5b6f5b6g5b6g5b6b5b6e5b6b5b6f5b6c5b
C100 (NoA=1) A1-5b6b5b6e5b6f5b6g5b6g5b6c5b6d5b6b5b6d5b6c5b6c
C100 (NoA=1) A1-5b6b5b6e5b6f5b6g5b6h5b6b5b6c5b6c5b6b5b6e5b6c
C100 (NoA=1) A1-5b6b5b6e5b6f5b6g5b6i5b6d5c6b5b6b5b6d5b6d
C100 (NoA=1) A1-5b6b5b6e5b6f5b6g5b6j5b6c5c6b5b6b5b6c5b6e
C100 (NoA=1) A1-5b6b5b6e5b6f5b6h5c6g5b6c5b6e5b6f5b6b5b
C100 (NoA=1) A1-5b6b5b6e5b6f5b6h5b6b5b6f5b6b5b6e5b6b5b6g5b
C100 (NoA=1) A1-5b6b5b6e5b6f5b6h5b6b5b6f5b6b5b6e5b6f5b6b5b6b
C100 (NoA=1) A1-5b6b5b6e5b6f5b6h5b6b5b6f5b6b5b6f5b6e5c6c
C100 (NoA=1) A1-5b6b5b6e5b6f5b6h5b6b5b6f5b6c5b6d5b6e5b6c5b6b
C100 (NoA=1) A1-5b6b5b6e5b6f5b6h5b6b5b6f5b6c5b6e5b6d5b6b5b6c
C100 (NoA=1) A1-5b6b5b6e5b6f5b6h5b6b5b6g5b6b5b6d5b6c5b6f5b
C100 (NoA=1) A1-5b6b5b6e5b6f5b6h5b6b5b6g5b6b5b6d5b6d5b6d5b6b
C100 (NoA=1) A1-5b6b5b6e5b6f5b6h5b6b5b6g5b6b5b6e5b6c5b6c5b6c
C100 (NoA=1) A1-5b6b5b6e5b6f5b6h5b6g5b6b5b6b5b6d5b6b5b6e5b6c
C100 (NoA=1) A1-5b6b5b6e5b6f5b6h5b6h5b6b5b6c5b6b5b6b5b6e5b6c
C100 (NoA=1) A1-5b6b5b6e5b6f5b6h5b6h5b6c5b6b5b6b5b6b5b6d5b6d
C100 (NoA=1) A1-5b6b5b6e5b6f5b6h5b6i5b6b5b6b5b6b5b6b5b6c5b6e
C100 (NoA=1) A1-5b6b5b6e5b6f5b6i5b6e5b6d5b6b5b6c5b6d5b6c5b6c
C100 (NoA=1) A1-5b6b5b6e5b6g5b6b5b6e5b6l5b6d5b6c5b6b5b6b5b6b
C100 (NoA=1) A1-5b6b5b6e5b6g5b6b5b6g5b6h5b6b5b6d5b6c5b6d5b6b
C100 (NoA=1) A1-5b6b5b6e5b6g5b6c5b6f5b6h5b6b5b6d5b6f5b6b5b
C100 (NoA=1) A1-5b6b5b6e5b6g5b6c5b6j5b6d5b6c5b6b5b6f5b6b5b6b
C100 (NoA=1) A1-5b6b5b6e5b6g5b6c5b6j5b6d5b6c5b6b5b6g5b6b5b
C100 (NoA=1) A1-5b6b5b6e5b6g5b6c5b6j5b6e5b6b5b6b5b6e5b6c5b6b
C100 (NoA=1) A1-5b6b5b6e5b6g5b6c5b6n5b6b5c6b5b6b5b6g5b
C100 (NoA=1) A1-5b6b5b6e5b6g5b6f5b6b5b6k5b6b5b6d5b6b5b6c5b6b
C100 (NoA=1) A1-5b6b5b6e5b6g5b6f5b6c5b6e5b6c5b6e5b6b5b6g5b
C100 (NoA=1) A1-5b6b5b6e5b6g5b6f5b6g5b6b5b6e5b6b5b6e5b6c5b6b
C100 (NoA=1) A1-5b6b5b6e5b6g5b6g5c6h5b6d5b6b5b6b5b6c5b6e
C100 (NoA=1) A1-5b6b5b6e5b6g5b6g5c6h5b6d5b6c5b6d5b6c5b6b
C100 (NoA=1) A1-5b6b5b6e5b6g5b6g5c6h5b6d5b6c5b6e5b6c5b
C100 (NoA=1) A1-5b6b5b6e5b6g5b6g5c6h5b6g5b6b5b6c5b6b5b6b
C100 (NoA=1) A1-5b6b5b6e5b6g5b6g5c6i5b6c5b6b5b6b5b6b5b6f
C100 (NoA=1) A1-5b6b5b6e5b6g5b6g5c6i5b6c5b6c5b6c5b6d5b6b
C100 (NoA=1) A1-5b6b5b6e5b6g5b6g5b6b5b6e5b6b5b6f5b6b5b6c5b6e
C100 (NoA=1) A1-5b6b5b6e5b6g5b6g5b6b5b6e5b6b5b6g5b6d5b6c5b6b
C100 (NoA=1) A1-5b6b5b6e5b6g5b6g5b6b5b6e5b6b5b6g5b6e5b6c5b
C100 (NoA=1) A1-5b6b5b6e5b6g5b6g5b6b5b6e5b6c5b6e5b6b5b6b5b6f
C100 (NoA=1) A1-5b6b5b6e5b6g5b6g5b6b5b6e5b6c5b6f5b6c5b6d5b6b
C100 (NoA=1) A1-5b6b5b6e5b6g5b6g5b6b5b6f5b6b5b6e5b6b5c6g
C100 (NoA=1) A1-5b6b5b6e5b6g5b6g5b6b5b6f5b6b5b6f5b6b5b6e5b6b
C100 (NoA=1) A1-5b6b5b6e5b6g5b6g5b6b5b6f5b6b5b6f5b6f5b6b5b
C100 (NoA=1) A1-5b6b5b6e5b6g5b6g5b6h5b6b5b6c5b6b5b6b5b6g5b
C100 (NoA=1) A1-5b6b5b6e5b6g5b6i5b6d5c6b5b6b5b6e5b6e5b6d
C100 (NoA=1) A1-5b6b5b6e5b6g5b6i5b6d5c6b5b6c5b6d5b6d5b6e
C100 (NoA=1) A1-5b6b5b6e5b6g5b6i5b6d5c6c5b6b5b6d5b6c5b6f
C100 (NoA=1) A1-5b6b5b6e5b6g5b6i5b6d5b6b5b6b5b6b5b6d5b6b5b6g
C100 (NoA=1) A1-5b6b5b6e5b6h5c6i5b6d5b6c5b6c5b6c5b6g5b
C100 (NoA=1) A1-5b6b5b6e5b6h5b6b5b6h5b6c5b6d5b6c5b6c5b6g5b
C100 (NoA=1) A1-5b6b5b6e5b6h5b6b5b6i5b6e5b6c5b6b5b6f5b6b5b6b
C100 (NoA=1) A1-5b6b5b6e5b6h5b6b5b6i5b6e5b6c5b6b5b6g5b6b5b
C100 (NoA=1) A1-5b6b5b6e5b6h5b6e5b6b5b6c5b6i5b6e5b6b5b6c5b6b
C100 (NoA=1) A1-5b6b5b6e5b6h5b6e5b6c5b6b5b6c5b6k5b6b5b6c5b6b
C100 (NoA=1) A1-5b6b5b6e5b6h5b6e5b6c5b6b5b6d5b6i5b6c5b6c5b6b
C100 (NoA=1) A1-5b6b5b6e5b6h5b6e5b6c5b6b5b6d5b6l5b6b5b6b5b
C100 (NoA=1) A1-5b6b5b6e5b6h5b6e5b6d5b6d5b6g5b6d5b6b5b6c5b6b
C100 (NoA=1) A1-5b6b5b6e5b6h5b6e5b6d5b6d5b6h5b6c5b6b5b6b5b6c
C100 (NoA=1) A1-5b6b5b6e5b6h5b6h5b6b5b6c5b6b5b6b5b6b5b6j5b6b
C100 (NoA=1) A1-5b6b5b6e5b6h5b6h5b6b5b6c5b6b5b6b5b6f5b6d5b6d
C100 (NoA=1) A1-5b6b5b6e5b6h5b6h5b6b5b6c5b6b5b6c5b6e5b6c5b6e
C100 (NoA=1) A1-5b6b5b6e5b6h5b6h5b6b5b6c5b6c5b6b5b6e5b6b5b6f
C100 (NoA=1) A1-5b6b5b6e5b6h5b6h5b6b5b6d5b6b5b6b5b6e5c6g
C100 (NoA=1) A1-5b6b5b6e5b6h5b6h5b6c5b6b5b6b5b6b5b6e5b6e5b6d
C100 (NoA=1) A1-5b6b5b6e5b6h5b6h5b6c5b6b5b6b5b6c5b6d5b6d5b6e
C100 (NoA=1) A1-5b6b5b6e5b6h5b6h5b6c5b6b5b6c5b6b5b6d5b6c5b6f
C100 (NoA=1) A1-5b6b5b6e5b6h5b6h5b6c5b6c5b6b5b6b5b6d5b6b5b6g
C100 (NoA=1) A1-5b6b5b6e5b6h5b6i5b6d5b6b5b6b5b6b5b6b5b6h5b6b
C100 (NoA=1) A1-5b6b5b6e5b6h5b6i5b6d5b6b5b6b5b6b5b6c5b6f5b6c
C100 (NoA=1) A1-5b6b5b6e5b6h5b6i5b6d5b6b5b6b5b6d5b6b5b6d5b6d
C100 (NoA=1) A1-5b6b5b6e5b6h5b6i5b6d5b6b5b6c5b6c5b6b5b6c5b6e
C100 (NoA=1) A1-5b6b5b6e5b6h5b6i5b6d5b6c5b6b5b6c5b6b5b6b5b6f
C100 (NoA=1) A1-5b6b5b6e5b6i5b6d5b6c5b6b5b6c5b6i5b6d5b6d5b
C100 (NoA=1) A1-5b6b5b6e5b6i5b6d5b6c5b6c5b6b5b6h5b6d5b6b5b6d
C100 (NoA=1) A1-5b6b5b6e5b6i5b6d5b6c5b6c5b6b5b6h5b6e5b6d5b
C100 (NoA=1) A1-5b6b5b6e5b6i5b6d5b6c5b6c5b6b5b6m5b6b5b6b5b
C100 (NoA=1) A1-5b6b5b6e5b6i5b6d5b6d5b6d5b6g5b6b5b6d5b6d5b
C100 (NoA=1) A1-5b6b5b6e5b6i5b6d5b6f5b6b5b6f5b6b5b6f5b6c5b
C100 (NoA=1) A1-5b6b5b6e5b6j5b6d5b6c5b6b5b6k5b6c5b6b5c6c
C100 (NoA=1) A1-5b6b5b6e5b6m5b6b5b6c5b6b5b6d5b6c5c6i5b6b
C100 (NoA=1) A1-5b6b5b6e5b6m5b6b5b6d5b6b5b6b5b6f5b6f5b6c5b
C100 (NoA=1) A1-5b6b5b6e5b6m5b6c5b6b5b6b5b6b5b6b5b6c5b6j5b6b
C100 (NoA=1) A1-5b6b5b6e5b6m5b6d5b6b5b6b5c6b5b6k5c6c
C100 (NoA=1) A1-5b6b5b6e5b6m5b6d5b6b5b6b5b6b5b6e5b6g5b6c5b
C100 (NoA=1) A1-5b6b5b6e5b6m5b6d5b6b5b6c5b6b5b6c5b6d5b6e5b6c
C100 (NoA=1) A1-5b6b5b6e5b6m5b6d5b6c5b6b5b6b5b6c5b6b5b6h5b6b
C100 (NoA=1) A1-5b6b5b6e5b6m5b6d5b6c5b6b5b6b5b6c5b6c5b6f5b6c
C100 (NoA=1) A1-5b6b5b6e5b6m5b6d5b6c5b6c5b6d5c6b5b6e5b6d
C100 (NoA=1) A1-5b6b5b6e5b6m5b6d5b6c5b6d5b6c5c6b5b6d5b6e
C100 (NoA=1) A1-5b6b5b6e5b6n5b6b5b6b5b6b5b6b5b6b5b6b5b6k5b6b
C100 (NoA=1) A1-5b6b5b6e5b6n5b6c5b6c5b6b5b6b5b6b5b6c5b6h5b6b
C100 (NoA=1) A1-5b6b5b6e5b6n5b6c5b6c5b6b5b6b5b6b5b6d5b6f5b6c
C100 (NoA=1) A1-5b6b5b6f5b6e5b6d5b6i5b6d5b6e5b6c5c6c5b6d
C100 (NoA=1) A1-5b6b5b6f5b6e5b6d5b6j5b6c5b6e5b6b5b6b5b6c5b6d
C100 (NoA=1) A1-5b6b5b6f5b6e5b6d5b6j5b6c5b6f5b6c5b6c5b6c5b
C100 (NoA=1) A1-5b6b5b6f5b6e5b6e5b6e5b6h5b6b5b6c5b6d5b6d5b6b
C100 (NoA=1) A1-5b6b5b6f5b6e5b6e5b6h5b6b5b6e5b6b5b6e5b6e5b
C100 (NoA=1) A1-5b6b5b6f5b6e5b6e5b6h5b6b5b6g5b6c5b6b5b6b5b6d
C100 (NoA=1) A1-5b6b5b6f5b6e5b6e5b6h5b6c5b6f5b6c5c6c5b6d
C100 (NoA=1) A1-5b6b5b6f5b6e5b6e5b6i5c6c5b6e5b6f5c6c
C100 (NoA=1) A1-5b6b5b6f5b6e5b6e5b6i5c6g5b6b5b6c5b6b5b6d
C100 (NoA=1) A1-5b6b5b6f5b6e5b6e5b6i5c6h5b6d5b6b5b6c5b
C100 (NoA=1) A1-5b6b5b6f5b6e5b6e5b6i5b6b5b6e5b6c5b6e5b6b5b6b
C100 (NoA=1) A1-5b6b5b6f5b6e5b6e5b6i5b6b5b6f5b6b5b6b5b6c5b6d
C100 (NoA=1) A1-5b6b5b6f5b6e5b6e5b6i5b6b5b6g5b6c5b6c5b6c5b
C100 (NoA=1) A1-5b6b5b6f5b6e5b6e5b6i5b6d5b6c5b6b5b6d5b6c5b6c
C100 (NoA=1) A1-5b6b5b6f5b6e5b6e5b6j5b6c5b6b5b6c5b6b5b6e5b6c
C100 (NoA=1) A1-5b6b5b6f5b6e5b6e5b6j5b6d5b6d5b6b5b6d5c6c
C100 (NoA=1) A1-5b6b5b6f5b6e5b6e5b6m5b6b5c6b5b6b5b6c5b6e
C100 (NoA=1) A1-5b6b5b6f5b6e5b6e5b6n5b6b5b6b5b6b5b6c5b6b5b6c
C100 (NoA=1) A1-5b6b5b6f5b6e5b6e5b6n5b6b5b6b5b6b5b6d5b6c5b
C100 (NoA=1) A1-5b6b5b6f5b6e5b6f5b6d5b6d5b6b5b6l5b6b5b6b5b
C100 (NoA=1) A1-5b6b5b6f5b6e5b6f5b6h5c6b5b6f5b6f5c6c
C100 (NoA=1) A1-5b6b5b6f5b6e5b6f5b6h5b6b5b6e5b6b5b6f5b6c5b
C100 (NoA=1) A1-5b6b5b6f5b6e5b6f5b6i5b6b5b6c5b6c5b6b5b6e5b6c
C100 (NoA=1) A1-5b6b5b6f5b6e5b6h5b6b5b6f5b6b5b6g5b6e5b6b5b
C100 (NoA=1) A1-5b6b5b6f5b6e5b6h5b6h5b6b5b6c5b6b5b6c5b6f5b
C100 (NoA=1) A1-5b6b5b6f5b6e5b6j5b6d5b6b5b6b5b6b5b6j5b6b5b
C100 (NoA=1) A1-5b6b5b6f5b6e5b6n5b6b5b6b5b6b5b6b5b6b5b6h5b
C100 (NoA=1) A1-5b6b5b6f5b6g5b6d5b6c5b6c5b6i5b6e5b6b5b6c5b6b
C100 (NoA=1) A1-5b6b5b6f5b6g5b6d5b6d5b6b5b6c5b6k5b6b5b6c5b6b
C100 (NoA=1) A1-5b6b5b6f5b6g5b6d5b6d5b6b5b6d5b6i5b6c5b6c5b6b
C100 (NoA=1) A1-5b6b5b6f5b6g5b6g5b6c5b6f5b6b5b6b5b6e5b6d5b6b
C100 (NoA=1) A1-5b6b5b6f5b6g5b6h5b6b5b6c5b6b5b6b5b6b5b6k5b
C100 (NoA=1) A1-5b6b5b6f5b6g5b6h5b6b5b6c5b6b5b6c5b6h5b6c5b6b
C100 (NoA=1) A1-5b6b5b6f5b6g5b6h5b6b5b6c5b6b5b6c5b6i5b6c5b
C100 (NoA=1) A1-5b6b5b6f5b6g5b6h5b6b5b6c5b6c5b6b5b6g5b6d5b6b
C100 (NoA=1) A1-5b6b5b6f5b6g5b6h5b6b5b6d5b6b5b6b5b6f5b6e5b6b
C100 (NoA=1) A1-5b6b5b6f5b6g5b6i5b6d5b6b5b6b5b6b5b6b5b6i5b
C100 (NoA=1) A1-5b6b5b6f5b6k5b6c5b6c5b6b5b6d5b6c5c6i5b6b
C100 (NoA=1) A1-5b6b5b6f5b6k5b6c5b6d5b6b5b6b5b6f5b6f5b6c5b
C100 (NoA=1) A1-5b6b5b6f5b6k5b6d5b6b5b6b5b6b5b6b5b6c5b6j5b6b
C100 (NoA=1) A1-5b6b5b6f5b6k5b6e5b6b5b6b5b6b5b6e5b6g5b6c5b
C100 (NoA=1) A1-5b6b5b6f5b6n5b6d5b6b5b6b5b6b5b6b5b6c5b6h5b
C100 (NoA=1) A1-5b6b5b6m5b6c5b6b5b6d5b6b5b6c5b6e5b6e5b6b5b6e
C100 (NoA=1) A1-5b6c5b6d5b6b5b6b5b6p5b6c5b6d5b6b5b6e5b6c5b6b
C100 (NoA=1) A1-5b6c5b6d5b6b5b6b5b6r5b6c5b6b5b6b5b6e5b6d5b
C100 (NoA=1) A1-5b6c5b6d5b6b5b6b5b6s5b6b5b6b5b6b5b6c5b6e5b6b
C100 (NoA=1) A1-5b6c5b6d5b6b5b6b5b6s5b6b5b6b5b6c5b6b5b6d5b6c
C100 (NoA=1) A1-5b6c5b6d5b6b5b6b5b6t5c6b5b6e5b6b5b6b5b6c
C100 (NoA=1) A1-5b6c5b6d5b6b5b6l5b6b5b6g5b6e5b6b5b6d5c6d
C100 (NoA=1) A1-5b6c5b6d5b6b5b6l5b6b5b6h5b6d5b6b5b6b5b6f5b
C100 (NoA=1) A1-5b6c5b6d5b6b5b6l5b6b5b6h5b6d5b6b5b6c5b6b5b6d
C100 (NoA=1) A1-5b6c5b6d5b6b5b6l5b6b5b6h5b6d5b6c5c6e5b6b
C100 (NoA=1) A1-5b6c5b6d5b6b5b6l5b6b5b6h5b6e5b6b5c6d5b6c
C100 (NoA=1) A1-5b6c5b6d5b6b5b6l5b6b5b6i5b6c5b6d5b6b5b6c5b6b
C100 (NoA=1) A1-5b6c5b6d5b6b5b6l5b6b5b6i5b6d5b6c5b6b5b6b5b6c
C100 (NoA=1) A1-5b6c5b6d5b6b5b6l5b6c5b6f5b6c5b6c5b6b5b6g5b
C100 (NoA=1) A1-5b6c5b6d5b6b5b6l5b6c5b6f5b6d5b6c5b6d5c6d
C100 (NoA=1) A1-5b6c5b6d5b6b5b6l5b6c5b6g5b6b5b6c5b6d5b6d5b6b
C100 (NoA=1) A1-5b6c5b6d5b6b5b6l5b6c5b6g5b6b5b6d5b6c5b6c5b6c
C100 (NoA=1) A1-5b6c5b6d5b6b5b6l5b6c5b6g5b6c5b6c5b6b5b6f5b
C100 (NoA=1) A1-5b6c5b6d5b6b5b6l5b6c5b6g5b6c5b6c5b6c5b6b5b6d
C100 (NoA=1) A1-5b6c5b6d5b6b5b6m5b6b5b6d5b6b5b6f5b6b5b6g5b
C100 (NoA=1) A1-5b6c5b6d5b6b5b6m5b6b5b6d5b6c5b6e5b6d5b6d5b6b
C100 (NoA=1) A1-5b6c5b6d5b6b5b6m5b6b5b6d5b6c5b6f5b6c5b6c5b6c
C100 (NoA=1) A1-5b6c5b6d5b6b5b6m5b6b5b6e5b6b5b6e5b6c5b6e5b6b
C100 (NoA=1) A1-5b6c5b6d5b6b5b6m5b6b5b6e5b6b5b6e5b6f5b6c5b
C100 (NoA=1) A1-5b6c5b6d5b6b5b6m5b6c5b6d5b6b5b6d5b6d5b6e5b6b
C100 (NoA=1) A1-5b6c5b6d5b6d5b6i5b6d5b6c5c6k5b6b5b6c5b6b
C100 (NoA=1) A1-5b6c5b6d5b6d5b6i5b6d5b6c5b6b5b6i5b6c5b6c5b6b
C100 (NoA=1) A1-5b6c5b6d5b6d5b6i5b6d5b6c5b6b5b6k5b6b5c6c
C100 (NoA=1) A1-5b6c5b6d5b6d5b6i5b6d5b6c5b6b5b6l5b6b5b6b5b
C100 (NoA=1) A1-5b6c5b6d5b6d5b6i5b6d5b6c5b6c5b6i5b6c5c6c
C100 (NoA=1) A1-5b6c5b6d5b6d5b6i5b6d5b6e5b6d5b6c5b6e5b6c5b6b
C100 (NoA=1) A1-5b6c5b6d5b6d5b6i5b6d5b6f5b6c5b6c5b6d5b6d5b6b
C100 (NoA=1) A1-5b6c5b6d5b6d5b6i5b6d5b6f5b6f5b6b5c6c5b6d
C100 (NoA=1) A1-5b6c5b6d5b6d5b6i5b6e5b6d5b6d5b6b5b6f5b6c5b6b
C100 (NoA=1) A1-5b6c5b6d5b6d5b6i5b6e5b6e5b6d5b6d5b6d5b6b5b6b
C100 (NoA=1) A1-5b6c5b6d5b6d5b6i5b6e5b6e5b6e5b6c5c6c5b6d
C100 (NoA=1) A1-5b6c5b6d5b6d5b6i5b6f5b6d5b6d5b6b5b6f5b6c5b
C100 (NoA=1) A1-5b6c5b6d5b6d5b6j5b6c5b6e5b6b5b6e5b6b5b6g5b
C100 (NoA=1) A1-5b6c5b6d5b6d5b6j5b6c5b6e5b6b5b6e5b6f5b6b5b6b
C100 (NoA=1) A1-5b6c5b6d5b6d5b6j5b6c5b6e5b6c5b6d5b6e5b6c5b6b
C100 (NoA=1) A1-5b6c5b6d5b6d5b6j5b6c5b6f5b6b5b6d5b6d5b6d5b6b
C100 (NoA=1) A1-5b6c5b6d5b6d5b6j5b6d5b6d5b6b5b6d5b6c5b6g5b
C100 (NoA=1) A1-5b6c5b6d5b6e5b6c5b6m5b6b5b6d5b6c5b6d5b6c5b6b
C100 (NoA=1) A1-5b6c5b6d5b6e5b6c5b6m5b6b5b6e5b6b5c6c5b6e
C100 (NoA=1) A1-5b6c5b6d5b6e5b6c5b6m5b6b5b6f5b6b5b6c5b6b5b6c
C100 (NoA=1) A1-5b6c5b6d5b6e5b6h5b6b5b6e5b6g5b6e5b6b5b6c5b6b
C100 (NoA=1) A1-5b6c5b6d5b6e5b6h5b6c5b6d5c6k5b6b5b6c5b6b
C100 (NoA=1) A1-5b6c5b6d5b6e5b6h5b6c5b6d5b6b5b6i5b6c5b6c5b6b
C100 (NoA=1) A1-5b6c5b6d5b6e5b6h5b6c5b6d5b6b5b6k5b6b5c6c
C100 (NoA=1) A1-5b6c5b6d5b6e5b6h5b6c5b6d5b6b5b6l5b6b5b6b5b
C100 (NoA=1) A1-5b6c5b6d5b6e5b6h5b6c5b6d5b6c5b6i5b6c5c6c
C100 (NoA=1) A1-5b6c5b6d5b6e5b6h5b6c5b6f5b6d5b6c5b6e5b6c5b6b
C100 (NoA=1) A1-5b6c5b6d5b6e5b6h5b6c5b6f5b6d5b6d5b6d5b6b5b6c
C100 (NoA=1) A1-5b6c5b6d5b6e5b6h5b6g5c6b5b6f5b6f5c6c
C100 (NoA=1) A1-5b6c5b6d5b6e5b6h5b6g5b6c5b6d5b6b5b6d5b6c5b6c
C100 (NoA=1) A1-5b6c5b6d5b6e5b6i5b6b5b6f5b6b5b6e5b6b5b6g5b
C100 (NoA=1) A1-5b6c5b6d5b6e5b6i5b6b5b6f5b6b5b6e5b6f5b6b5b6b
C100 (NoA=1) A1-5b6c5b6d5b6e5b6i5b6b5b6f5b6b5b6f5b6e5c6c
C100 (NoA=1) A1-5b6c5b6d5b6e5b6i5b6b5b6f5b6c5b6d5b6e5b6c5b6b
C100 (NoA=1) A1-5b6c5b6d5b6e5b6i5b6b5b6f5b6c5b6e5b6d5b6b5b6c
C100 (NoA=1) A1-5b6c5b6d5b6e5b6i5b6b5b6g5b6b5b6d5b6d5b6d5b6b
C100 (NoA=1) A1-5b6c5b6d5b6e5b6i5b6b5b6g5b6b5b6e5b6c5b6c5b6c
C100 (NoA=1) A1-5b6c5b6d5b6e5b6i5b6h5b6b5b6c5b6b5b6b5b6e5b6c
C100 (NoA=1) A1-5b6c5b6d5b6h5b6g5b6c5b6e5b6b5b6c5b6c5b6g5b
C100 (NoA=1) A1-5b6c5b6d5b6h5b6h5b6b5b6c5b6b5b6b5b6f5b6g5b
C100 (NoA=1) A1-5b6c5b6e5b6c5b6d5b6m5b6b5b6c5c6g5b6b5b6c
C100 (NoA=1) A1-5b6c5b6e5b6c5b6f5b6i5b6e5b6b5b6b5b6e5b6d5b6b
C100 (NoA=1) A1-5b6c5b6e5b6c5b6f5b6i5b6f5b6c5b6c5c6b5b6e
C100 (NoA=1) A1-5b6c5b6e5b6c5b6g5b6f5b6g5b6b5b6c5b6d5b6d5b6b
C100 (NoA=1) A1-5b6c5b6e5b6c5b6h5b6e5b6c5b6b5b6i5b6c5b6c5b6b
C100 (NoA=1) A1-5b6c5b6e5b6c5b6j5b6c5b6e5b6b5b6f5b6b5b6c5b6d
C100 (NoA=1) A1-5b6c5b6e5b6c5b6m5b6c5b6b5b6b5b6b5b6f5b6e5b6b
C100 (NoA=1) A1-5b6c5b6e5b6d5b6e5b6j5b6c5b6e5b6b5b6b5b6c5b6d
C100 (NoA=1) A1-5b6c5b6e5b6d5b6f5b6i5c6g5b6b5b6c5b6b5b6d
C100 (NoA=1) A1-5b6c5b6e5b6d5b6g5b6d5b6d5b6b5b6i5b6c5b6c5b6b
C100 (NoA=1) A1-5b6c5b6e5b6d5b6g5b6d5b6d5b6c5b6i5b6c5c6c
C100 (NoA=1) A1-5b6c5b6e5b6d5b6j5b6e5b6d5b6b5b6b5b6e5b6d5b6b
C100 (NoA=1) A1-5b6c5b6e5b6g5c6h5b6e5b6b5b6f5b6e5c6c
C100 (NoA=1) A1-5b6c5b6e5b6g5c6i5b6d5b6b5b6e5b6f5c6c
C100 (NoA=1) A1-5b6c5b6e5b6g5b6b5b6g5b6d5b6c5b6f5b6e5c6c
