C60 (NoA=120) S1-5b6c5b6b5b
C70 (NoA=20) S1-5b6d5b6b5b
C72 (NoA=24) S3-5b6c5b6c
C74 (NoA=12) S4-6b5c6b5b6b
C76 (NoA=24) S2-6c5b6c5b6b
C78 (NoA=12) S2-5b6c5b6c5b6b
C78 (NoA=12) S2-6c5b6d5b6b
C80 (NoA=120) S1-6b5b6c5b6b5b
C80 (NoA=20) S1-5b6e5b6b5b
C80 (NoA=20) S1-6b5b6b5b6c5b
C82 (NoA=6) S4-5b6d5b6d5b6b
C82 (NoA=6) S4-5b6e5c6c
C84 (NoA=24) S2-6b5b6d5b6d
C84 (NoA=24) S3-5b6d5b6c
C84 (NoA=12) S2-6b5b6b5b6b5b6c
C86 (NoA=3) S4-6b5b6d5b6c5b6b
C90 (NoA=20) S1-5b6f5b6b5b
C92 (NoA=12) S4-6b5b6e5b6b5b6b
C92 (NoA=6) S4-5b6e5b6d5b6b
C92 (NoA=6) S4-6b5b6d5b6d5b6b
C94 (NoA=6) S4-5b6g5c6c
C94 (NoA=3) S4-5b6e5b6e5b6b
C94 (NoA=3) S4-6b5b6d5b6e5b6b
C96 (NoA=24) S3-5b6e5b6c
C96 (NoA=24) S3-6b5b6b5b6d
C96 (NoA=24) S3-6b5b6c5b6c
C96 (NoA=12) S2-5b6f5b6b5b6b
C98 (NoA=6) S4-6b5b6e5b6c5b6b
C98 (NoA=3) S4-6c5b6d5b6b5b6c
C100 (NoA=20) S1-5b6g5b6b5b
C100 (NoA=3) S4-6b5b6e5b6d5b6b
C104 (NoA=12) S4-5b6g5b6d5b6b
C104 (NoA=12) S4-5b6h5b6c5b6b
C104 (NoA=3) S4-6c5b6e5b6b5b6b
C106 (NoA=6) S2-6b5b6f5b6b5b6b
C106 (NoA=6) S4-5b6h5b6d5b6b
C106 (NoA=6) S4-5b6i5c6c
C108 (NoA=24) S3-5b6f5b6c
C108 (NoA=12) S2-6b5b6e5b6c5b6c
C108 (NoA=12) S2-6b5b6f5b6c5b6b
C108 (NoA=6) S2-6b5b6g5b6d
C110 (NoA=20) S1-5b6h5b6b5b
C110 (NoA=6) S4-6c5b6e5b6d5b6b
C110 (NoA=3) S4-6b5b6g5b6c5b6b
C112 (NoA=24) S4-6d5b6d5b6e
C112 (NoA=6) S4-6d5b6e5c6c
C112 (NoA=6) S4-6f5c6b5b6d
C112 (NoA=3) S4-6c5b6e5b6e5b6b
C114 (NoA=6) S2-6d5b6c5b6b5b6c
C114 (NoA=6) S2-6d5b6d5b6d
C114 (NoA=6) S2-6f5b6c5b6d
C116 (NoA=6) S4-5b6i5b6d5b6b
C116 (NoA=6) S4-6b5b6g5b6d5b6b
C116 (NoA=3) S4-6b5b6h5b6b5b6b
C118 (NoA=6) S4-5b6k5c6c
C118 (NoA=6) S4-6f5c6c5b6c
C118 (NoA=3) S4-5b6i5b6e5b6b
C118 (NoA=3) S4-6b5b6g5b6e5b6b
C120 (NoA=24) S2-6f5b6d5b6d
C120 (NoA=24) S3-5b6g5b6c
C120 (NoA=20) S1-5b6i5b6b5b
C120 (NoA=20) S1-6d5b6b5b6d5b
C122 (NoA=6) S4-6b5b6h5b6c5b6b
C124 (NoA=3) S4-6b5b6h5b6d5b6b
C128 (NoA=12) S4-5b6k5b6d5b6b
C128 (NoA=12) S4-5b6l5b6c5b6b
C128 (NoA=12) S4-6d5b6e5b6d5b6b
C128 (NoA=12) S4-6d5b6f5b6c5b6b
C128 (NoA=12) S4-6f5c6e5b6b
C128 (NoA=3) S4-6f5b6c5b6b5b6c
C130 (NoA=20) S1-5b6j5b6b5b
C130 (NoA=6) S2-6b5b6i5b6b5b6b
C130 (NoA=6) S2-6d5b6c5b6e5b6b
C130 (NoA=6) S2-6d5b6e5b6c5b6b
C130 (NoA=6) S2-6f5b6f5b6b
C130 (NoA=6) S4-5b6l5b6d5b6b
C130 (NoA=6) S4-5b6m5c6c
C132 (NoA=24) S3-5b6h5b6c
C132 (NoA=12) S2-6b5b6h5b6c5b6c
C132 (NoA=12) S2-6b5b6i5b6c5b6b
C132 (NoA=12) S2-6d5b6c5b6f5b6b
C132 (NoA=12) S2-6d5b6e5b6d5b6b
C132 (NoA=12) S2-6f5b6g5b6b
C132 (NoA=6) S2-6b5b6j5b6d
C134 (NoA=6) S4-6h5c6f
C134 (NoA=3) S4-6b5b6j5b6c5b6b
C136 (NoA=6) S2-6g5b6b5b6e
C140 (NoA=20) S1-5b6k5b6b5b
C140 (NoA=6) S4-5b6m5b6d5b6b
C140 (NoA=6) S4-6b5b6j5b6d5b6b
C140 (NoA=3) S4-6b5b6k5b6b5b6b
C140 (NoA=3) S4-6f5b6c5b6f5b6b
C142 (NoA=6) S4-5b6o5c6c
C142 (NoA=3) S4-5b6m5b6e5b6b
C142 (NoA=3) S4-6b5b6j5b6e5b6b
C142 (NoA=3) S4-6f5b6d5b6d5b6d
C144 (NoA=24) S3-5b6i5b6c
C144 (NoA=24) S3-6d5b6b5b6e
C146 (NoA=6) S4-6b5b6k5b6c5b6b
C146 (NoA=6) S4-6f5b6c5b6g5b6b
C146 (NoA=3) S4-6f5b6d5b6e5b6c
C146 (NoA=3) S4-6f5b6d5b6f5b6b
C148 (NoA=6) S4-6h5b6b5b6e5b6d
C148 (NoA=3) S4-6b5b6k5b6d5b6b
C148 (NoA=3) S4-6f5b6c5b6h5b6b
C148 (NoA=3) S4-6f5b6e5b6c5b6c
C150 (NoA=20) S1-5b6l5b6b5b
C150 (NoA=20) S1-6d5b6c5b6e5b
C150 (NoA=6) S2-6g5b6c5b6b5b6e
C152 (NoA=12) S4-5b6o5b6d5b6b
C152 (NoA=12) S4-5b6p5b6c5b6b
C152 (NoA=6) S4-6f5b6d5b6g5b6b
C152 (NoA=3) S4-6f5b6e5b6d5b6c
C152 (NoA=3) S4-6f5b6e5b6e5b6b
C154 (NoA=6) S2-6b5b6l5b6b5b6b
C154 (NoA=6) S4-5b6p5b6d5b6b
C154 (NoA=6) S4-5b6q5c6c
C154 (NoA=6) S4-6h5b6b5b6f5b6c
C154 (NoA=3) S4-6f5b6d5b6h5b6b
C156 (NoA=24) S3-5b6j5b6c
C156 (NoA=12) S2-6b5b6k5b6c5b6c
C156 (NoA=12) S2-6b5b6l5b6c5b6b
C156 (NoA=6) S2-6b5b6m5b6d
C156 (NoA=6) S2-6g5b6c5b6d5b6c
C158 (NoA=3) S4-6b5b6m5b6c5b6b
C160 (NoA=20) S1-5b6m5b6b5b
C164 (NoA=24) S4-6h5b6e5b6f
C164 (NoA=12) S4-6h5b6b5b6h5b6b
C164 (NoA=6) S4-5b6q5b6d5b6b
C164 (NoA=6) S4-6b5b6m5b6d5b6b
C164 (NoA=3) S4-6b5b6n5b6b5b6b
C166 (NoA=6) S2-6g5b6c5b6f5b6b
C166 (NoA=6) S2-6g5b6e5b6e
C166 (NoA=6) S4-5b6s5c6c
C166 (NoA=3) S4-5b6q5b6e5b6b
C166 (NoA=3) S4-6b5b6m5b6e5b6b
C168 (NoA=24) S3-5b6k5b6c
C168 (NoA=12) S2-6g5b6c5b6g5b6b
C170 (NoA=20) S1-5b6n5b6b5b
C170 (NoA=6) S4-6b5b6n5b6c5b6b
C170 (NoA=6) S4-6j5c6c5b6d
C170 (NoA=3) S4-6f5b6h5b6c5b6c
C172 (NoA=24) S2-6i5b6d5b6e
C172 (NoA=3) S4-6b5b6n5b6d5b6b
C172 (NoA=3) S4-6f5b6h5b6b5b6e
C176 (NoA=12) S4-5b6s5b6d5b6b
C176 (NoA=12) S4-5b6t5b6c5b6b
C176 (NoA=12) S4-6d5b6j5b6c5b6b
C178 (NoA=6) S2-6b5b6o5b6b5b6b
C178 (NoA=6) S2-6d5b6i5b6c5b6b
C178 (NoA=6) S4-5b6t5b6d5b6b
C178 (NoA=6) S4-5b6u5c6c
C178 (NoA=6) S4-6h5b6g5b6c5b6d
C178 (NoA=6) S4-6j5c6e5b6d
C178 (NoA=3) S4-6f5b6h5b6d5b6c
C178 (NoA=3) S4-6j5b6c5b6b5b6g
C180 (NoA=120) S1-6d5b6f5b6d5b
C180 (NoA=24) S3-5b6l5b6c
C180 (NoA=24) S3-6d5b6c5b6f
C180 (NoA=20) S1-5b6o5b6b5b
C180 (NoA=12) S2-6b5b6n5b6c5b6c
C180 (NoA=12) S2-6b5b6o5b6c5b6b
C180 (NoA=12) S2-6d5b6i5b6d5b6b
C180 (NoA=6) S2-6b5b6p5b6d
C180 (NoA=6) S2-6g5b6d5b6e5b6d
C180 (NoA=6) S2-6i5b6f5b6d
C182 (NoA=3) S4-6b5b6p5b6c5b6b
C182 (NoA=3) S4-6f5b6h5b6e5b6c
C182 (NoA=3) S4-6f5b6h5b6f5b6b
C182 (NoA=3) S4-6j5b6c5b6c5b6e
C184 (NoA=6) S4-6h5b6g5b6d5b6c
C184 (NoA=6) S4-6j5c6f5b6c
C186 (NoA=6) S2-6g5b6d5b6f5b6c
C186 (NoA=6) S2-6i5b6g5b6d
C188 (NoA=6) S4-5b6u5b6d5b6b
C188 (NoA=6) S4-6b5b6p5b6d5b6b
C188 (NoA=3) S4-6b5b6q5b6b5b6b
C188 (NoA=3) S4-6f5b6k5c6c
C190 (NoA=20) S1-5b6p5b6b5b
C190 (NoA=6) S4-5b6w5c6c
C190 (NoA=6) S4-6l5c6h
C190 (NoA=3) S4-5b6u5b6e5b6b
C190 (NoA=3) S4-6b5b6p5b6e5b6b
C190 (NoA=3) S4-6f5b6k5b6d5b6c
C192 (NoA=24) S3-5b6m5b6c
C192 (NoA=6) S2-6j5b6b5b6g
C194 (NoA=12) S4-6h5b6g5b6f5b6b
C194 (NoA=12) S4-6j5c6h5b6b
C194 (NoA=6) S4-6b5b6q5b6c5b6b
C194 (NoA=6) S4-6h5b6i5b6e
C194 (NoA=3) S4-6j5b6c5b6f5b6e
C194 (NoA=3) S4-6j5b6c5b6h5b6c
C196 (NoA=6) S2-6g5b6d5b6h5b6b
C196 (NoA=6) S2-6g5b6h5b6e
C196 (NoA=6) S2-6i5b6i5b6b
C196 (NoA=3) S4-6b5b6q5b6d5b6b
C196 (NoA=3) S4-6f5b6k5b6c5b6e
C198 (NoA=12) S2-6g5b6d5b6i5b6b
C198 (NoA=12) S2-6i5b6j5b6b
C200 (NoA=20) S1-5b6q5b6b5b
C200 (NoA=12) S4-5b6w5b6d5b6b
C200 (NoA=12) S4-5b6x5b6c5b6b
C200 (NoA=3) S4-6f5b6k5b6f5b6b
C200 (NoA=3) S4-6f5b6l5b6c5b6c
C200 (NoA=3) S4-6j5b6e5b6c5b6e
