C120 (NoA=20) T10,0,3-5b6b5b6b5b6b5b6b5b6g5c6c5b6b5b6b5b6b5b6f5b
C120 (NoA=20) T10,0,3-5b6b5b6b5b6b5b6b5b6g5b6b5c6b5b6b5b6b5b6g5b
C122 (NoA=2) T10,0,3-5b6b5b6b5b6b5b6b5b6g5c6c5b6b5b6c5b6d5b6b5b6c
C122 (NoA=2) T10,0,3-5b6b5b6b5b6b5b6b5b6g5c6c5b6c5b6b5b6d5c6d
C122 (NoA=2) T10,0,3-5b6b5b6b5b6b5b6b5b6g5c6d5b6b5b6b5b6c5c6e
C124 (NoA=8) T10,0,3-5b6b5b6c5b6b5b6e5b6c5b6b5b6c5b6c5b6b5b6d5c6d
C124 (NoA=4) T10,0,3-5b6b5b6b5b6c5b6f5b6b5b6b5b6c5b6b5b6c5b6d5b6b5b6c
C124 (NoA=4) T10,0,3-5b6b5b6b5b6c5b6f5b6b5b6d5c6c5b6b5b6c5b6b5b6d
C124 (NoA=4) T10,0,3-5b6b5b6c5b6b5b6e5b6c5b6b5b6d5b6b5b6c5b6b5b6d5b6b
C124 (NoA=4) T10,0,3-5b6b5b6c5b6b5b6e5b6c5b6c5c6c5b6b5b6e5b6c5b6b
C124 (NoA=2) T10,0,3-5b6b5b6b5b6c5b6f5b6b5b6b5b6c5b6c5b6c5b6d5b6b5b6b
C124 (NoA=2) T10,0,3-5b6b5b6b5b6c5b6f5b6b5b6b5b6d5b6b5b6b5b6c5c6e
C124 (NoA=2) T10,0,3-5b6b5b6b5b6c5b6f5b6b5b6b5b6d5b6c5b6b5b6b5b6c5b6c
C124 (NoA=2) T10,0,3-5b6b5b6b5b6c5b6f5b6b5b6c5c6b5b6c5b6f5b6b5b6b
C124 (NoA=2) T10,0,3-5b6b5b6b5b6c5b6f5b6b5b6c5b6c5b6c5b6b5c6d5b6c
C124 (NoA=1) T10,0,3-5b6b5b6b5b6c5b6f5b6b5b6b5b6c5b6c5b6b5b6d5c6d
C124 (NoA=1) T10,0,3-5b6b5b6b5b6c5b6f5b6b5b6b5b6d5b6b5b6c5b6b5b6d5b6b
C126 (NoA=2) T10,0,3-5b6b5b6b5b6b5b6b5b6g5c6c5b6d5b6g5b6b5c6b
C126 (NoA=2) T10,0,3-5b6b5b6b5b6b5b6b5b6g5b6b5c6d5b6g5b6b5b6b5b6b
C128 (NoA=2) T10,0,3-5b6b5b6b5b6b5b6b5b6g5c6f5b6e5c6b5b6b5b6d
C128 (NoA=2) T10,0,3-5b6b5b6b5b6c5b6f5b6b5b6c5b6c5b6d5b6d5b6c5b6c5b
C128 (NoA=2) T10,0,3-5b6b5b6b5b6c5b6f5b6b5b6e5b6d5b6b5b6b5b6c5b6c5b6b
C128 (NoA=2) T10,0,3-5b6b5b6c5b6b5b6e5b6c5b6b5b6c5b6d5b6g5b6b5c6b
C128 (NoA=1) T10,0,3-5b6b5b6b5b6c5b6f5b6b5b6b5b6c5b6d5b6g5b6b5c6b
C128 (NoA=1) T10,0,3-5b6b5b6b5b6c5b6f5b6b5b6b5b6e5b6b5b6d5c6f5b
C128 (NoA=1) T10,0,3-5b6b5b6b5b6c5b6f5b6b5b6c5c6d5b6g5b6b5b6b5b6b
C128 (NoA=1) T10,0,3-5b6b5b6b5b6c5b6f5b6b5b6c5b6e5b6b5b6b5b6c5b6e5b
C128 (NoA=1) T10,0,3-5b6b5b6c5b6b5b6e5b6c5b6b5b6e5b6b5b6d5c6f5b
C128 (NoA=1) T10,0,3-5b6b5b6c5b6b5b6e5b6c5b6b5b6e5b6d5b6d5b6b5b6b5b6b
C130 (NoA=4) T10,0,3-5b6b5b6c5b6b5b6e5b6c5b6c5b6f5b6c5b6c5b6b5b6b5b6c
C130 (NoA=2) T10,0,3-5b6b5b6b5b6c5b6f5b6b5b6e5b6e5b6c5b6b5c6b5b6d
C130 (NoA=2) T10,0,3-5b6b5b6c5b6b5b6e5b6c5b6b5b6f5b6e5c6b5b6b5b6d
C130 (NoA=2) T10,0,3-5b6b5b6c5b6b5b6e5b6c5b6d5b6c5b6f5b6b5b6b5b6b5b6c
C130 (NoA=1) T10,0,3-5b6b5b6b5b6c5b6f5b6b5b6b5b6f5b6e5c6b5b6b5b6d
C130 (NoA=1) T10,0,3-5b6b5b6b5b6c5b6f5b6b5b6c5b6f5b6c5b6c5b6b5b6b5b6c
C132 (NoA=4) T10,0,3-5b6b5b6d5b6g5b6b5b6b5b6b5b6c5b6d5b6g5b6b5c6b
C132 (NoA=4) T10,0,3-5b6b5b6d5b6g5b6b5b6b5b6c5b6e5b6b5b6b5b6c5b6e5b
C132 (NoA=2) T10,0,3-5b6b5b6b5b6b5b6b5b6g5c6f5b6g5b6d5c6c5b
C132 (NoA=2) T10,0,3-5b6b5b6d5b6g5b6b5b6b5b6b5b6e5b6b5b6d5c6f5b
C132 (NoA=2) T10,0,3-5b6b5b6d5b6g5b6b5b6b5b6b5b6e5b6d5b6d5b6b5b6b5b6b
C132 (NoA=2) T10,0,3-5b6b5b6d5b6g5b6b5b6b5b6c5c6d5b6g5b6b5b6b5b6b
C132 (NoA=2) T10,0,3-5b6b5b6d5b6g5b6b5b6b5b6d5b6b5b6b5b6e5b6e5b6b5b
C134 (NoA=4) T10,0,3-5b6b5b6c5b6b5b6e5b6c5b6c5b6f5b6e5b6b5b6e5b6b5b
C134 (NoA=2) T10,0,3-5b6b5b6b5b6c5b6f5b6b5b6e5b6e5b6b5b6e5b6d5c6b
C134 (NoA=2) T10,0,3-5b6b5b6c5b6b5b6e5b6c5b6b5b6f5b6g5b6d5c6c5b
C134 (NoA=2) T10,0,3-5b6b5b6c5b6b5b6e5b6c5b6d5b6c5b6g5b6d5b6b5b6b5b6b
C134 (NoA=2) T10,0,3-5b6b5b6d5b6g5b6b5b6b5b6c5b6f5b6c5b6c5b6b5b6b5b6c
C134 (NoA=1) T10,0,3-5b6b5b6b5b6c5b6f5b6b5b6b5b6f5b6g5b6d5c6c5b
C134 (NoA=1) T10,0,3-5b6b5b6b5b6c5b6f5b6b5b6c5b6f5b6e5b6b5b6e5b6b5b
C134 (NoA=1) T10,0,3-5b6b5b6d5b6g5b6b5b6b5b6b5b6f5b6e5c6b5b6b5b6d
C134 (NoA=1) T10,0,3-5b6b5b6d5b6g5b6b5b6b5b6d5b6c5b6f5b6b5b6b5b6b5b6c
C136 (NoA=8) T10,0,3-5b6e5b6f5b6b5b6b5b6b5b6c5b6f5b6e5c6b5b6b5b6d
C136 (NoA=4) T10,0,3-5b6e5b6f5b6b5b6b5b6b5b6d5b6f5b6c5b6c5b6b5b6b5b6c
C136 (NoA=4) T10,0,3-5b6e5b6f5b6b5b6b5b6b5b6f5b6e5b6c5b6b5c6b5b6d
C138 (NoA=2) T10,0,3-5b6b5b6d5b6g5b6b5b6b5b6c5b6f5b6e5b6b5b6e5b6b5b
C138 (NoA=1) T10,0,3-5b6b5b6d5b6g5b6b5b6b5b6b5b6f5b6g5b6d5c6c5b
C138 (NoA=1) T10,0,3-5b6b5b6d5b6g5b6b5b6b5b6d5b6c5b6g5b6d5b6b5b6b5b6b
C140 (NoA=4) T10,0,3-5b6e5b6f5b6b5b6b5b6b5b6c5b6f5b6g5b6d5c6c5b
C140 (NoA=2) T10,0,3-5b6b5b6b5b6b5b6b5b6g5c6n5b6c5b6c5c6b5b6c
C140 (NoA=2) T10,0,3-5b6b5b6b5b6b5b6b5b6g5b6b5b6n5b6c5c6c5b6b5b6b
C140 (NoA=2) T10,0,3-5b6e5b6f5b6b5b6b5b6b5b6d5b6f5b6e5b6b5b6e5b6b5b
C140 (NoA=2) T10,0,3-5b6e5b6f5b6b5b6b5b6b5b6f5b6e5b6b5b6e5b6d5c6b
C142 (NoA=2) T10,0,3-5b6b5b6b5b6c5b6f5b6b5b6e5b6j5b6c5b6d5b6b5b6b5b6b
C142 (NoA=2) T10,0,3-5b6b5b6b5b6c5b6f5b6b5b6j5b6c5b6d5b6d5b6b5b6c5b6b
C142 (NoA=2) T10,0,3-5b6b5b6c5b6b5b6e5b6c5b6c5b6n5b6c5c6c5b6b5b6b
C142 (NoA=1) T10,0,3-5b6b5b6b5b6c5b6f5b6b5b6b5b6n5b6c5b6c5c6b5b6c
C142 (NoA=1) T10,0,3-5b6b5b6b5b6c5b6f5b6b5b6c5b6n5b6c5c6c5b6b5b6b
C142 (NoA=1) T10,0,3-5b6b5b6b5b6c5b6f5b6b5b6d5b6k5b6c5b6d5b6b5b6b5b6b
C142 (NoA=1) T10,0,3-5b6b5b6b5b6c5b6f5b6b5b6i5b6c5b6d5b6f5b6b5c6c
C142 (NoA=1) T10,0,3-5b6b5b6c5b6b5b6e5b6c5b6b5b6n5b6c5b6c5c6b5b6c
C142 (NoA=1) T10,0,3-5b6b5b6c5b6b5b6e5b6c5b6d5b6k5b6c5b6d5b6b5b6b5b6b
C144 (NoA=8) T10,0,3-5b6e5b6g5b6d5b6b5b6b5b6b5b6f5b6g5b6d5c6c5b
C144 (NoA=4) T10,0,3-5b6e5b6g5b6d5b6b5b6b5b6c5b6f5b6e5b6b5b6e5b6b5b
C144 (NoA=4) T10,0,3-5b6e5b6g5b6d5b6b5b6b5b6e5b6e5b6b5b6e5b6d5c6b
C146 (NoA=2) T10,0,3-5b6b5b6d5b6g5b6b5b6b5b6c5b6n5b6c5c6c5b6b5b6b
C146 (NoA=2) T10,0,3-5b6b5b6d5b6g5b6b5b6b5b6i5b6c5b6d5b6f5b6b5c6c
C146 (NoA=1) T10,0,3-5b6b5b6d5b6g5b6b5b6b5b6b5b6n5b6c5b6c5c6b5b6c
C146 (NoA=1) T10,0,3-5b6b5b6d5b6g5b6b5b6b5b6d5b6k5b6c5b6d5b6b5b6b5b6b
C146 (NoA=1) T10,0,3-5b6b5b6d5b6g5b6b5b6b5b6g5b6f5b6g5c6b5b6c5b6b
C146 (NoA=1) T10,0,3-5b6b5b6d5b6g5b6b5b6b5b6h5b6f5c6g5b6b5b6b5b6b
C148 (NoA=2) T10,0,3-5b6e5b6f5b6b5b6b5b6b5b6c5b6n5b6c5b6c5c6b5b6c
C148 (NoA=1) T10,0,3-5b6e5b6f5b6b5b6b5b6b5b6d5b6n5b6c5c6c5b6b5b6b
C148 (NoA=1) T10,0,3-5b6e5b6f5b6b5b6b5b6b5b6f5b6j5b6c5b6d5b6b5b6b5b6b
C152 (NoA=2) T10,0,3-5b6e5b6g5b6d5b6b5b6b5b6b5b6n5b6c5b6c5c6b5b6c
C152 (NoA=1) T10,0,3-5b6e5b6g5b6d5b6b5b6b5b6c5b6n5b6c5c6c5b6b5b6b
C152 (NoA=1) T10,0,3-5b6e5b6g5b6d5b6b5b6b5b6e5b6j5b6c5b6d5b6b5b6b5b6b
C160 (NoA=4) T10,0,3-5b6m5b6c5b6d5b6b5b6b5b6b5b6n5b6c5b6c5c6b5b6c
C160 (NoA=4) T10,0,3-5b6m5b6c5b6d5b6b5b6b5b6h5b6f5c6g5b6b5b6b5b6b
C160 (NoA=2) T10,0,3-5b6m5b6c5b6d5b6b5b6b5b6c5b6n5b6c5c6c5b6b5b6b
C160 (NoA=2) T10,0,3-5b6m5b6c5b6d5b6b5b6b5b6e5b6j5b6c5b6d5b6b5b6b5b6b
C160 (NoA=2) T10,0,3-5b6m5b6c5b6d5b6b5b6b5b6f5b6f5b6g5b6c5b6b5c6c
C160 (NoA=2) T10,0,3-5b6m5b6c5b6d5b6b5b6b5b6g5b6f5b6g5c6b5b6c5b6b
