C140 (NoA=2) T10,0,3-5b6m5b6c5b6d5b6b5b6b5b6b5b6c5b6b5b6b5b6b5b6f5b
C142 (NoA=1) T10,0,3-5b6m5b6c5b6d5b6b5b6b5b6b5b6c5b6b5b6c5b6d5b6b5b6c
C142 (NoA=1) T10,0,3-5b6m5b6c5b6d5b6b5b6b5b6b5b6c5b6c5b6b5b6d5c6d
C142 (NoA=2) T10,0,3-5b6m5b6c5b6d5b6b5b6b5b6b5b6c5b6c5b6c5b6d5b6b5b6b
C146 (NoA=1) T10,0,3-5b6m5b6c5b6d5b6b5b6b5b6b5b6c5b6d5b6g5b6b5c6b
C142 (NoA=2) T10,0,3-5b6m5b6c5b6d5b6b5b6b5b6b5b6d5b6b5b6b5b6c5c6e
C146 (NoA=2) T10,0,3-5b6m5b6c5b6d5b6b5b6b5b6b5b6e5b6b5b6d5c6f5b
C148 (NoA=2) T10,0,3-5b6m5b6c5b6d5b6b5b6b5b6b5b6f5b6e5c6b5b6b5b6d
C152 (NoA=2) T10,0,3-5b6m5b6c5b6d5b6b5b6b5b6b5b6f5b6g5b6d5c6c5b
C160 (NoA=4) T10,0,3-5b6m5b6c5b6d5b6b5b6b5b6b5b6n5b6c5b6c5c6b5b6c
C140 (NoA=2) T10,0,3-5b6m5b6c5b6d5b6b5b6b5b6c5c6b5b6b5b6b5b6g5b
C142 (NoA=1) T10,0,3-5b6m5b6c5b6d5b6b5b6b5b6c5c6b5b6c5b6f5b6b5b6b
C142 (NoA=2) T10,0,3-5b6m5b6c5b6d5b6b5b6b5b6c5c6c5b6b5b6e5b6c5b6b
C146 (NoA=2) T10,0,3-5b6m5b6c5b6d5b6b5b6b5b6c5c6d5b6g5b6b5b6b5b6b
C142 (NoA=1) T10,0,3-5b6m5b6c5b6d5b6b5b6b5b6c5b6c5b6b5b6c5c6e5b6b
C142 (NoA=1) T10,0,3-5b6m5b6c5b6d5b6b5b6b5b6c5b6c5b6c5b6b5c6d5b6c
C146 (NoA=1) T10,0,3-5b6m5b6c5b6d5b6b5b6b5b6c5b6c5b6d5b6d5b6c5b6c5b
C142 (NoA=1) T10,0,3-5b6m5b6c5b6d5b6b5b6b5b6c5b6d5b6b5b6b5c6c5b6d
C146 (NoA=1) T10,0,3-5b6m5b6c5b6d5b6b5b6b5b6c5b6e5b6b5b6b5b6c5b6e5b
C148 (NoA=1) T10,0,3-5b6m5b6c5b6d5b6b5b6b5b6c5b6f5b6c5b6c5b6b5b6b5b6c
C152 (NoA=1) T10,0,3-5b6m5b6c5b6d5b6b5b6b5b6c5b6f5b6e5b6b5b6e5b6b5b
C160 (NoA=2) T10,0,3-5b6m5b6c5b6d5b6b5b6b5b6c5b6n5b6c5c6c5b6b5b6b
C146 (NoA=1) T10,0,3-5b6m5b6c5b6d5b6b5b6b5b6e5b6b5b6d5c6f5b6b5b
C152 (NoA=1) T10,0,3-5b6m5b6c5b6d5b6b5b6b5b6e5b6e5b6b5b6e5b6d5c6b
C148 (NoA=1) T10,0,3-5b6m5b6c5b6d5b6b5b6b5b6e5b6e5b6c5b6b5c6b5b6d
C160 (NoA=2) T10,0,3-5b6m5b6c5b6d5b6b5b6b5b6e5b6j5b6c5b6d5b6b5b6b5b6b
C160 (NoA=2) T10,0,3-5b6m5b6c5b6d5b6b5b6b5b6f5b6f5b6g5b6c5b6b5c6c
C160 (NoA=2) T10,0,3-5b6m5b6c5b6d5b6b5b6b5b6g5b6f5b6g5c6b5b6c5b6b
C160 (NoA=4) T10,0,3-5b6m5b6c5b6d5b6b5b6b5b6h5b6f5c6g5b6b5b6b5b6b
