C122 (NoA=2) T10,0,3-5b6b5b6b5b6c5b6f5b6b5b6b5b6c5b6b5b6b5b6b5b6f5b
C124 (NoA=4) T10,0,3-5b6b5b6b5b6c5b6f5b6b5b6b5b6c5b6b5b6c5b6d5b6b5b6c
C124 (NoA=1) T10,0,3-5b6b5b6b5b6c5b6f5b6b5b6b5b6c5b6c5b6b5b6d5c6d
C124 (NoA=2) T10,0,3-5b6b5b6b5b6c5b6f5b6b5b6b5b6c5b6c5b6c5b6d5b6b5b6b
C128 (NoA=1) T10,0,3-5b6b5b6b5b6c5b6f5b6b5b6b5b6c5b6d5b6g5b6b5c6b
C124 (NoA=2) T10,0,3-5b6b5b6b5b6c5b6f5b6b5b6b5b6d5b6b5b6b5b6c5c6e
C124 (NoA=1) T10,0,3-5b6b5b6b5b6c5b6f5b6b5b6b5b6d5b6b5b6c5b6b5b6d5b6b
C124 (NoA=2) T10,0,3-5b6b5b6b5b6c5b6f5b6b5b6b5b6d5b6c5b6b5b6b5b6c5b6c
C128 (NoA=1) T10,0,3-5b6b5b6b5b6c5b6f5b6b5b6b5b6e5b6b5b6d5c6f5b
C130 (NoA=1) T10,0,3-5b6b5b6b5b6c5b6f5b6b5b6b5b6f5b6e5c6b5b6b5b6d
C134 (NoA=1) T10,0,3-5b6b5b6b5b6c5b6f5b6b5b6b5b6f5b6g5b6d5c6c5b
C142 (NoA=1) T10,0,3-5b6b5b6b5b6c5b6f5b6b5b6b5b6n5b6c5b6c5c6b5b6c
C122 (NoA=2) T10,0,3-5b6b5b6b5b6c5b6f5b6b5b6c5c6b5b6b5b6b5b6g5b
C124 (NoA=2) T10,0,3-5b6b5b6b5b6c5b6f5b6b5b6c5c6b5b6c5b6f5b6b5b6b
C128 (NoA=1) T10,0,3-5b6b5b6b5b6c5b6f5b6b5b6c5c6d5b6g5b6b5b6b5b6b
C124 (NoA=2) T10,0,3-5b6b5b6b5b6c5b6f5b6b5b6c5b6c5b6c5b6b5c6d5b6c
C128 (NoA=2) T10,0,3-5b6b5b6b5b6c5b6f5b6b5b6c5b6c5b6d5b6d5b6c5b6c5b
C128 (NoA=1) T10,0,3-5b6b5b6b5b6c5b6f5b6b5b6c5b6e5b6b5b6b5b6c5b6e5b
C130 (NoA=1) T10,0,3-5b6b5b6b5b6c5b6f5b6b5b6c5b6f5b6c5b6c5b6b5b6b5b6c
C134 (NoA=1) T10,0,3-5b6b5b6b5b6c5b6f5b6b5b6c5b6f5b6e5b6b5b6e5b6b5b
C142 (NoA=1) T10,0,3-5b6b5b6b5b6c5b6f5b6b5b6c5b6n5b6c5c6c5b6b5b6b
C124 (NoA=4) T10,0,3-5b6b5b6b5b6c5b6f5b6b5b6d5c6c5b6b5b6c5b6b5b6d
C142 (NoA=1) T10,0,3-5b6b5b6b5b6c5b6f5b6b5b6d5b6k5b6c5b6d5b6b5b6b5b6b
C128 (NoA=2) T10,0,3-5b6b5b6b5b6c5b6f5b6b5b6e5b6d5b6b5b6b5b6c5b6c5b6b
C134 (NoA=2) T10,0,3-5b6b5b6b5b6c5b6f5b6b5b6e5b6e5b6b5b6e5b6d5c6b
C130 (NoA=2) T10,0,3-5b6b5b6b5b6c5b6f5b6b5b6e5b6e5b6c5b6b5c6b5b6d
C142 (NoA=2) T10,0,3-5b6b5b6b5b6c5b6f5b6b5b6e5b6j5b6c5b6d5b6b5b6b5b6b
C142 (NoA=1) T10,0,3-5b6b5b6b5b6c5b6f5b6b5b6i5b6c5b6d5b6f5b6b5c6c
C142 (NoA=2) T10,0,3-5b6b5b6b5b6c5b6f5b6b5b6j5b6c5b6d5b6d5b6b5b6c5b6b
