C164 (NoA=2) A1-5b6b5b6b5b6b5b6o5b6bn5b6d5b6c5b6d5b6c5c6b
C166 (NoA=2) A1-5b6b5b6b5b6b5b6o5b6bo5b6e5b6b5b6d5b6b5b6b5b6b
C168 (NoA=2) A1-5b6b5b6b5b6b5b6o5b6bp5b6c5b6d5b6d5b6b5b6b5b6b
C170 (NoA=2) A1-5b6b5b6b5b6b5b6o5b6bq5b6d5b6c5b6e5c6b5b6b
C172 (NoA=2) A1-5b6b5b6b5b6b5b6o5b6br5b6d5b6c5b6c5b6c5b6b5b6b
C176 (NoA=2) A1-5b6b5b6b5b6b5b6o5b6bs5b6e5b6c5b6d5b6b5b6b5b6b
C174 (NoA=2) A1-5b6b5b6b5b6b5b6o5b6bt5b6c5b6c5b6d5b6b5b6b5b6b
C178 (NoA=2) A1-5b6b5b6b5b6b5b6o5b6bu5b6d5b6c5b6d5b6b5b6b5b6b
C180 (NoA=2) A1-5b6b5b6b5b6b5b6o5b6bv5b6d5b6d5b6c5b6b5b6b5b6b
C182 (NoA=2) A1-5b6b5b6b5b6b5b6o5b6bw5b6d5b6b5b6e5b6b5b6b5b6b
C184 (NoA=2) A1-5b6b5b6b5b6b5b6o5b6bx5b6d5b6c5b6d5b6c5c6b
C186 (NoA=2) A1-5b6b5b6b5b6b5b6o5b6by5b6e5b6b5b6d5b6b5b6b5b6b
C188 (NoA=2) A1-5b6b5b6b5b6b5b6o5b6bz5b6c5b6d5b6d5b6b5b6b5b6b
C190 (NoA=2) A1-5b6b5b6b5b6b5b6o5b6ca5b6d5b6c5b6e5c6b5b6b
C192 (NoA=2) A1-5b6b5b6b5b6b5b6o5b6cb5b6d5b6c5b6c5b6c5b6b5b6b
C196 (NoA=2) A1-5b6b5b6b5b6b5b6o5b6cc5b6e5b6c5b6d5b6b5b6b5b6b
C194 (NoA=2) A1-5b6b5b6b5b6b5b6o5b6cd5b6c5b6c5b6d5b6b5b6b5b6b
C198 (NoA=2) A1-5b6b5b6b5b6b5b6o5b6ce5b6d5b6c5b6d5b6b5b6b5b6b
C200 (NoA=2) A1-5b6b5b6b5b6b5b6o5b6cf5b6d5b6d5b6c5b6b5b6b5b6b
C100 (NoA=2) A1-5b6b5b6b5b6b5b6p5b6b5b6f5b6g5b6b5b6b5b6c5b6b
C88 (NoA=2) A1-5b6b5b6b5b6b5b6p5b6c5b6b5b6b5b6b5b6d5c6d
C92 (NoA=2) A1-5b6b5b6b5b6b5b6p5b6c5b6b5b6c5b6g5b6b5c6b
C100 (NoA=2) A1-5b6b5b6b5b6b5b6p5b6c5b6d5b6g5b6b5b6b5b6c5b6c
C100 (NoA=2) A1-5b6b5b6b5b6b5b6p5b6f5b6b5b6b5b6c5b6b5b6h5b
C102 (NoA=2) A1-5b6b5b6b5b6b5b6p5b6f5b6b5b6b5b6j5b6b5c6b
C106 (NoA=1) A1-5b6b5b6b5b6b5b6p5b6f5b6b5b6e5b6g5b6c5b6b5b6b
C102 (NoA=1) A1-5b6b5b6b5b6b5b6p5b6f5b6b5b6f5c6d5b6c5b6c
C102 (NoA=1) A1-5b6b5b6b5b6b5b6p5b6f5b6b5b6f5b6e5b6b5b6b5b6b
C102 (NoA=1) A1-5b6b5b6b5b6b5b6p5b6f5b6c5b6d5b6b5b6c5b6b5b6e
C102 (NoA=1) A1-5b6b5b6b5b6b5b6p5b6f5b6c5b6e5c6c5b6d5b6c
C102 (NoA=1) A1-5b6b5b6b5b6b5b6p5b6f5b6c5b6e5b6d5b6c5b6b5b6b
C106 (NoA=1) A1-5b6b5b6b5b6b5b6p5b6f5b6d5b6c5b6e5b6f5b6b5b
C108 (NoA=1) A1-5b6b5b6b5b6b5b6p5b6f5b6h5b6d5b6b5b6c5b6b5b6c
C112 (NoA=1) A1-5b6b5b6b5b6b5b6p5b6f5b6h5b6e5b6e5b6b5b6b5b6b
C120 (NoA=2) A1-5b6b5b6b5b6b5b6p5b6f5b6n5b6c5b6e5b6b5b6b5b6b
C102 (NoA=2) A1-5b6b5b6b5b6b5b6p5b6g5b6b5b6d5b6b5b6b5b6c5b6e
C102 (NoA=1) A1-5b6b5b6b5b6b5b6p5b6g5b6b5b6d5b6c5b6d5b6c5b6b
C100 (NoA=2) A1-5b6b5b6b5b6b5b6p5b6g5b6b5b6e5b6b5b6e5b6b5b
C106 (NoA=2) A1-5b6b5b6b5b6b5b6p5b6g5b6b5b6l5b6b5c6b5b
C108 (NoA=1) A1-5b6b5b6b5b6b5b6p5b6g5b6f5b6d5b6b5b6b5b6c5b6d
C112 (NoA=1) A1-5b6b5b6b5b6b5b6p5b6g5b6f5b6g5b6e5b6b5b6b5b
C106 (NoA=1) A1-5b6b5b6b5b6b5b6p5b6g5b6g5b6b5b6d5b6c5b6b5b6b
C106 (NoA=1) A1-5b6b5b6b5b6b5b6p5b6g5b6g5b6c5b6b5b6c5b6d5b
C120 (NoA=2) A1-5b6b5b6b5b6b5b6p5b6g5b6n5b6d5b6b5b6b5b6c5b6b
C106 (NoA=2) A1-5b6b5b6b5b6b5b6p5b6h5b6e5b6b5b6c5b6b5b6e5b6b
C102 (NoA=2) A1-5b6b5b6b5b6b5b6p5b6h5b6f5b6b5b6b5b6b5b6b5b6c
C112 (NoA=2) A1-5b6b5b6b5b6b5b6p5b6h5b6i5b6d5c6e5b6b5b
C108 (NoA=2) A1-5b6b5b6b5b6b5b6p5b6h5b6j5b6b5b6b5b6b5c6c
C120 (NoA=4) A1-5b6b5b6b5b6b5b6p5b6h5b6p5b6b5b6b5b6b5b6b5b6b
C120 (NoA=2) A1-5b6b5b6b5b6b5b6p5b6m5b6d5b6c5b6h5b6b5b6b5b6b
C120 (NoA=2) A1-5b6b5b6b5b6b5b6p5b6n5b6e5b6g5b6b5b6b5b6b5b6b
C122 (NoA=1) A1-5b6b5b6b5b6b5b6p5b6q5b6b5b6b5b6c5b6g5b6b5b6b
C120 (NoA=1) A1-5b6b5b6b5b6b5b6p5b6q5b6b5b6b5b6d5c6g5b
C122 (NoA=1) A1-5b6b5b6b5b6b5b6p5b6q5b6b5b6c5b6b5b6f5b6c5b6b
C122 (NoA=1) A1-5b6b5b6b5b6b5b6p5b6q5b6b5b6c5b6d5b6d5b6c5b6b
C126 (NoA=1) A1-5b6b5b6b5b6b5b6p5b6q5b6b5b6f5b6f5b6b5b6b5b6b
C122 (NoA=1) A1-5b6b5b6b5b6b5b6p5b6q5b6c5b6e5c6c5b6b5b6d
C126 (NoA=1) A1-5b6b5b6b5b6b5b6p5b6q5b6d5b6d5b6d5b6e5b6b5b
C126 (NoA=1) A1-5b6b5b6b5b6b5b6p5b6q5b6d5b6e5b6d5b6b5b6c5b6b
C128 (NoA=2) A1-5b6b5b6b5b6b5b6p5b6q5b6e5b6g5b6b5b6c5c6c
C132 (NoA=2) A1-5b6b5b6b5b6b5b6p5b6q5b6e5b6h5b6c5b6c5b6b5b6b
C140 (NoA=2) A1-5b6b5b6b5b6b5b6p5b6q5b6n5b6d5b6c5b6b5b6b5b6b
C126 (NoA=1) A1-5b6b5b6b5b6b5b6p5b6r5b6b5b6d5b6h5b6b5b6b5b
C122 (NoA=1) A1-5b6b5b6b5b6b5b6p5b6r5b6b5b6e5c6b5b6c5b6d
C122 (NoA=1) A1-5b6b5b6b5b6b5b6p5b6r5b6b5b6e5b6b5b6d5b6b5b6b
C120 (NoA=4) A1-5b6b5b6b5b6b5b6p5b6r5b6c5b6b5b6d5b6b5b6b5b6c
C122 (NoA=1) A1-5b6b5b6b5b6b5b6p5b6r5b6c5b6c5b6c5b6c5b6b5b6c
C122 (NoA=2) A1-5b6b5b6b5b6b5b6p5b6r5b6c5b6d5b6b5b6c5b6c5b6b
C128 (NoA=1) A1-5b6b5b6b5b6b5b6p5b6r5b6g5b6c5b6b5b6b5b6b5b6d
C132 (NoA=1) A1-5b6b5b6b5b6b5b6p5b6r5b6g5b6f5b6d5b6b5b6b5b
C140 (NoA=2) A1-5b6b5b6b5b6b5b6p5b6r5b6n5b6b5b6c5b6b5b6b5b6c
C132 (NoA=1) A1-5b6b5b6b5b6b5b6p5b6s5b6e5b6d5b6d5b6e5b6b5b
C128 (NoA=1) A1-5b6b5b6b5b6b5b6p5b6s5b6e5b6e5b6b5b6b5b6b5b6c
C126 (NoA=1) A1-5b6b5b6b5b6b5b6p5b6s5b6f5c6c5b6b5b6d5b6b
C140 (NoA=2) A1-5b6b5b6b5b6b5b6p5b6s5b6n5b6c5b6b5b6b5b6b5b6b
C140 (NoA=2) A1-5b6b5b6b5b6b5b6p5b6x5b6e5b6c5b6e5b6b5b6b5b6c
C140 (NoA=2) A1-5b6b5b6b5b6b5b6p5b6y5b6c5b6c5b6g5b6b5b6b5b6b
C140 (NoA=2) A1-5b6b5b6b5b6b5b6p5b6bb5b6b5b6b5b6b5c6h5b
C142 (NoA=1) A1-5b6b5b6b5b6b5b6p5b6bb5b6b5b6b5b6d5b6e5b6b5b6b
C142 (NoA=1) A1-5b6b5b6b5b6b5b6p5b6bb5b6b5b6c5b6b5b6e5b6b5b6c
C142 (NoA=1) A1-5b6b5b6b5b6b5b6p5b6bb5b6b5b6c5b6c5b6d5b6c5b6b
C146 (NoA=1) A1-5b6b5b6b5b6b5b6p5b6bb5b6b5b6d5b6g5b6c5c6b
C142 (NoA=1) A1-5b6b5b6b5b6b5b6p5b6bb5b6c5b6b5b6b5b6d5b6c5b6c
C142 (NoA=1) A1-5b6b5b6b5b6b5b6p5b6bb5b6c5b6b5b6c5b6c5b6d5b6b
C142 (NoA=2) A1-5b6b5b6b5b6b5b6p5b6bb5b6c5b6c5c6d5b6b5b6d
C146 (NoA=1) A1-5b6b5b6b5b6b5b6p5b6bb5b6d5b6c5b6e5b6b5b6c5b6b
C148 (NoA=1) A1-5b6b5b6b5b6b5b6p5b6bb5b6e5b6f5b6b5b6b5c6d
C152 (NoA=1) A1-5b6b5b6b5b6b5b6p5b6bb5b6e5b6g5b6e5c6b5b6b
C160 (NoA=2) A1-5b6b5b6b5b6b5b6p5b6bb5b6m5b6c5b6d5b6b5b6b5b6b
C142 (NoA=2) A1-5b6b5b6b5b6b5b6p5b6bc5b6b5b6b5b6b5b6c5b6d5b6c
C140 (NoA=2) A1-5b6b5b6b5b6b5b6p5b6bc5b6b5b6b5b6c5c6f5b
C146 (NoA=1) A1-5b6b5b6b5b6b5b6p5b6bc5b6b5b6e5b6f5b6b5b6b5b
C142 (NoA=1) A1-5b6b5b6b5b6b5b6p5b6bc5b6c5b6d5c6c5b6b5b6c
C146 (NoA=1) A1-5b6b5b6b5b6b5b6p5b6bc5b6d5b6c5b6b5b6b5b6f5b
C160 (NoA=2) A1-5b6b5b6b5b6b5b6p5b6bc5b6m5b6d5c6b5b6b5b6c
C146 (NoA=2) A1-5b6b5b6b5b6b5b6p5b6bd5b6b5b6c5b6c5b6e5b6c5b
C142 (NoA=2) A1-5b6b5b6b5b6b5b6p5b6bd5b6b5b6d5c6b5b6c5b6c
C152 (NoA=1) A1-5b6b5b6b5b6b5b6p5b6bd5b6f5b6b5b6d5b6e5b6b5b
C148 (NoA=1) A1-5b6b5b6b5b6b5b6p5b6bd5b6f5b6c5b6b5b6b5b6b5b6c
C160 (NoA=2) A1-5b6b5b6b5b6b5b6p5b6bd5b6m5b6b5b6c5b6b5b6b5b6b
C148 (NoA=2) A1-5b6b5b6b5b6b5b6p5b6be5b6d5b6c5b6b5b6b5b6b5b6d
C152 (NoA=2) A1-5b6b5b6b5b6b5b6p5b6be5b6d5b6d5b6d5b6c5b6b5b6b
C146 (NoA=2) A1-5b6b5b6b5b6b5b6p5b6be5b6e5c6c5b6b5b6c5b6b
C160 (NoA=4) A1-5b6b5b6b5b6b5b6p5b6be5b6g5b6f5b6d5b6b5b6b5b6b
C160 (NoA=4) A1-5b6b5b6b5b6b5b6p5b6bi5b6e5b6c5b6e5b6b5b6b5b6b
C160 (NoA=2) A1-5b6b5b6b5b6b5b6p5b6bj5b6c5b6c5b6e5b6b5b6b5b6c
C160 (NoA=1) A1-5b6b5b6b5b6b5b6p5b6bl5b6b5b6b5b6b5b6c5b6f5b
C162 (NoA=1) A1-5b6b5b6b5b6b5b6p5b6bl5b6b5b6b5b6c5b6f5b6b5b6b
C162 (NoA=2) A1-5b6b5b6b5b6b5b6p5b6bl5b6b5b6c5b6b5b6e5b6c5b6b
C162 (NoA=1) A1-5b6b5b6b5b6b5b6p5b6bl5b6b5b6c5b6d5b6c5b6b5b6c
C166 (NoA=1) A1-5b6b5b6b5b6b5b6p5b6bl5b6b5b6d5b6g5b6b5b6b5b6b
C162 (NoA=1) A1-5b6b5b6b5b6b5b6p5b6bl5b6c5b6b5b6d5b6b5b6c5b6c
C162 (NoA=1) A1-5b6b5b6b5b6b5b6p5b6bl5b6c5b6c5b6c5b6b5b6b5b6d
C166 (NoA=1) A1-5b6b5b6b5b6b5b6p5b6bl5b6d5b6b5b6e5b6e5b6b5b
C166 (NoA=1) A1-5b6b5b6b5b6b5b6p5b6bl5b6d5b6e5b6c5b6b5b6c5b6b
C168 (NoA=1) A1-5b6b5b6b5b6b5b6p5b6bl5b6e5b6f5b6b5b6b5b6b5b6c
C172 (NoA=1) A1-5b6b5b6b5b6b5b6p5b6bl5b6e5b6g5b6d5b6b5b6b5b6b
C180 (NoA=2) A1-5b6b5b6b5b6b5b6p5b6bl5b6m5b6c5b6d5b6b5b6b5b6b
C162 (NoA=1) A1-5b6b5b6b5b6b5b6p5b6bm5b6b5b6b5b6d5c6d5b6c
C162 (NoA=1) A1-5b6b5b6b5b6b5b6p5b6bm5b6b5b6c5b6b5b6e5b6b5b6b
C162 (NoA=1) A1-5b6b5b6b5b6b5b6p5b6bm5b6b5b6c5b6c5c6c5b6d
C166 (NoA=1) A1-5b6b5b6b5b6b5b6p5b6bm5b6d5b6c5b6e5b6b5b6b5b6b
C168 (NoA=2) A1-5b6b5b6b5b6b5b6p5b6bm5b6e5b6d5b6b5b6b5b6b5b6d
C172 (NoA=2) A1-5b6b5b6b5b6b5b6p5b6bm5b6e5b6g5b6d5b6b5b6b5b
C180 (NoA=2) A1-5b6b5b6b5b6b5b6p5b6bm5b6m5b6c5b6b5b6b5b6b5b6c
C166 (NoA=1) A1-5b6b5b6b5b6b5b6p5b6bn5b6b5b6e5c6e5b6c5b
C180 (NoA=2) A1-5b6b5b6b5b6b5b6p5b6bn5b6m5b6c5b6b5b6b5b6b5b6b
C168 (NoA=1) A1-5b6b5b6b5b6b5b6p5b6bo5b6f5c6b5b6b5b6b5b6d
C172 (NoA=1) A1-5b6b5b6b5b6b5b6p5b6bo5b6f5b6b5b6d5b6c5b6b5b6b
C180 (NoA=2) A1-5b6b5b6b5b6b5b6p5b6bo5b6g5b6f5b6d5b6b5b6b5b6b
C180 (NoA=2) A1-5b6b5b6b5b6b5b6p5b6bt5b6e5b6c5b6d5b6b5b6b5b6b
C180 (NoA=2) A1-5b6b5b6b5b6b5b6p5b6bv5b6b5b6b5b6b5b6b5b6g5b
C182 (NoA=1) A1-5b6b5b6b5b6b5b6p5b6bv5b6b5b6b5b6c5b6f5b6b5b6b
C182 (NoA=1) A1-5b6b5b6b5b6b5b6p5b6bv5b6b5b6c5b6b5b6e5b6c5b6b
C182 (NoA=1) A1-5b6b5b6b5b6b5b6p5b6bv5b6b5b6c5b6c5b6d5b6b5b6c
C186 (NoA=1) A1-5b6b5b6b5b6b5b6p5b6bv5b6b5b6d5b6g5b6b5b6b5b6b
C182 (NoA=1) A1-5b6b5b6b5b6b5b6p5b6bv5b6c5b6b5b6b5b6d5b6d5b6b
C182 (NoA=2) A1-5b6b5b6b5b6b5b6p5b6bv5b6c5b6b5b6c5b6c5b6c5b6c
C186 (NoA=1) A1-5b6b5b6b5b6b5b6p5b6bv5b6d5b6b5b6e5b6e5b6b5b
C186 (NoA=2) A1-5b6b5b6b5b6b5b6p5b6bv5b6d5b6d5b6d5b6b5b6c5b6b
C188 (NoA=1) A1-5b6b5b6b5b6b5b6p5b6bv5b6e5b6f5b6b5b6b5b6b5b6c
C192 (NoA=1) A1-5b6b5b6b5b6b5b6p5b6bv5b6e5b6g5b6d5b6b5b6b5b6b
C200 (NoA=2) A1-5b6b5b6b5b6b5b6p5b6bv5b6m5b6c5b6d5b6b5b6b5b6b
C180 (NoA=2) A1-5b6b5b6b5b6b5b6p5b6bw5b6b5b6b5b6b5b6b5b6f5b
C182 (NoA=1) A1-5b6b5b6b5b6b5b6p5b6bw5b6b5b6c5b6c5b6d5b6b5b6b
C186 (NoA=1) A1-5b6b5b6b5b6b5b6p5b6bw5b6b5b6d5b6g5b6b5b6b5b
C182 (NoA=1) A1-5b6b5b6b5b6b5b6p5b6bw5b6c5b6b5b6c5b6c5b6c5b6b
C182 (NoA=2) A1-5b6b5b6b5b6b5b6p5b6bw5b6c5b6c5b6b5b6c5b6b5b6c
C186 (NoA=1) A1-5b6b5b6b5b6b5b6p5b6bw5b6d5b6d5b6d5b6b5b6b5b6b
C188 (NoA=1) A1-5b6b5b6b5b6b5b6p5b6bw5b6e5b6d5b6b5b6b5b6b5b6d
C192 (NoA=1) A1-5b6b5b6b5b6b5b6p5b6bw5b6e5b6g5b6d5b6b5b6b5b
C200 (NoA=2) A1-5b6b5b6b5b6b5b6p5b6bw5b6m5b6c5b6b5b6b5b6b5b6c
C182 (NoA=2) A1-5b6b5b6b5b6b5b6p5b6bx5b6b5b6b5b6c5b6b5b6d5b6b
C200 (NoA=2) A1-5b6b5b6b5b6b5b6p5b6bx5b6m5b6c5b6b5b6b5b6b5b6b
C186 (NoA=2) A1-5b6b5b6b5b6b5b6p5b6by5b6b5b6d5b6b5b6e5b6b5b
C200 (NoA=2) A1-5b6b5b6b5b6b5b6p5b6by5b6g5b6f5b6d5b6b5b6b5b6b
C188 (NoA=2) A1-5b6b5b6b5b6b5b6p5b6bz5b6e5b6b5b6b5b6b5b6b5b6c
C192 (NoA=2) A1-5b6b5b6b5b6b5b6p5b6bz5b6e5b6c5b6d5b6b5b6b5b6b
C200 (NoA=4) A1-5b6b5b6b5b6b5b6p5b6bz5b6g5b6f5b6b5b6b5b6b5b6c
C200 (NoA=4) A1-5b6b5b6b5b6b5b6p5b6ce5b6d5b6c5b6d5b6b5b6b5b6b
C200 (NoA=1) A1-5b6b5b6b5b6b5b6p5b6cf5b6b5b6b5b6b5b6b5b6g5b
C96 (NoA=2) A1-5b6b5b6b5b6b5b6q5b6c5b6c5b6c5b6e5b6b5b6c5b6b
C94 (NoA=2) A1-5b6b5b6b5b6b5b6q5b6d5b6c5b6e5b6b5b6b5b6b5b6b
C98 (NoA=2) A1-5b6b5b6b5b6b5b6q5b6e5b6c5b6b5b6f5b6b5b6b5b6b
C104 (NoA=2) A1-5b6b5b6b5b6b5b6q5b6e5b6d5b6g5b6c5b6c5b6b5b
C112 (NoA=2) A1-5b6b5b6b5b6b5b6q5b6e5b6l5b6d5c6b5b6b5b6c
C102 (NoA=2) A1-5b6b5b6b5b6b5b6q5b6f5b6f5c6b5b6b5b6f5b
C110 (NoA=2) A1-5b6b5b6b5b6b5b6q5b6f5b6l5b6b5b6c5b6b5b6b5b
C100 (NoA=2) A1-5b6b5b6b5b6b5b6q5b6g5b6d5b6c5b6b5b6b5b6c5b6b
C108 (NoA=2) A1-5b6b5b6b5b6b5b6q5b6g5b6f5b6b5b6d5b6e5b6b5b
C106 (NoA=2) A1-5b6b5b6b5b6b5b6q5b6h5b6f5b6b5b6e5c6b5b6b
C116 (NoA=2) A1-5b6b5b6b5b6b5b6q5b6m5b6c5b6c5b6e5b6b5b6b5b6c
C114 (NoA=2) A1-5b6b5b6b5b6b5b6q5b6n5b6c5b6c5b6d5b6b5b6b5b6b
C118 (NoA=2) A1-5b6b5b6b5b6b5b6q5b6o5b6c5b6c5b6e5b6b5b6b5b6b
C124 (NoA=2) A1-5b6b5b6b5b6b5b6q5b6o5b6d5b6g5b6d5b6b5b6b5b
C132 (NoA=2) A1-5b6b5b6b5b6b5b6q5b6o5b6l5b6c5b6b5b6b5b6b5b6c
C122 (NoA=2) A1-5b6b5b6b5b6b5b6q5b6p5b6d5b6c5b6b5b6b5b6f5b
C130 (NoA=2) A1-5b6b5b6b5b6b5b6q5b6p5b6l5b6c5b6b5b6b5b6b5b
C120 (NoA=2) A1-5b6b5b6b5b6b5b6q5b6q5b6e5b6b5b6b5b6b5b6c5b6b
C128 (NoA=2) A1-5b6b5b6b5b6b5b6q5b6q5b6f5b6b5b6d5b6e5b6b5b
C126 (NoA=2) A1-5b6b5b6b5b6b5b6q5b6r5b6f5b6b5b6d5b6b5b6b5b6b
C136 (NoA=2) A1-5b6b5b6b5b6b5b6q5b6w5b6c5b6c5b6e5b6b5b6b5b6c
C134 (NoA=2) A1-5b6b5b6b5b6b5b6q5b6x5b6c5b6c5b6d5b6b5b6b5b6b
C138 (NoA=2) A1-5b6b5b6b5b6b5b6q5b6y5b6c5b6d5b6d5b6b5b6b5b6b
C144 (NoA=2) A1-5b6b5b6b5b6b5b6q5b6y5b6d5b6g5b6d5b6b5b6b5b
C152 (NoA=2) A1-5b6b5b6b5b6b5b6q5b6y5b6l5b6c5b6b5b6b5b6b5b6c
C142 (NoA=2) A1-5b6b5b6b5b6b5b6q5b6z5b6d5b6c5b6b5b6b5b6f5b
C150 (NoA=2) A1-5b6b5b6b5b6b5b6q5b6z5b6l5b6c5b6b5b6b5b6b5b
C140 (NoA=2) A1-5b6b5b6b5b6b5b6q5b6ba5b6d5b6c5b6b5b6b5b6c5b6b
C148 (NoA=2) A1-5b6b5b6b5b6b5b6q5b6ba5b6f5b6b5b6d5b6e5b6b5b
C146 (NoA=2) A1-5b6b5b6b5b6b5b6q5b6bb5b6f5b6b5b6d5b6b5b6b5b6b
C156 (NoA=2) A1-5b6b5b6b5b6b5b6q5b6bg5b6c5b6c5b6e5b6b5b6b5b6c
C154 (NoA=2) A1-5b6b5b6b5b6b5b6q5b6bh5b6c5b6c5b6d5b6b5b6b5b6b
C158 (NoA=2) A1-5b6b5b6b5b6b5b6q5b6bi5b6c5b6d5b6d5b6b5b6b5b6b
C162 (NoA=2) A1-5b6b5b6b5b6b5b6q5b6bj5b6d5b6c5b6b5b6b5b6f5b
C160 (NoA=2) A1-5b6b5b6b5b6b5b6q5b6bk5b6d5b6c5b6b5b6b5b6c5b6b
C96 (NoA=2) A1-5b6b5b6b5b6b5b6r5b6b5b6b5b6b5b6b5b6b5b6i5b
C96 (NoA=2) A1-5b6b5b6b5b6b5b6r5b6b5b6b5b6b5b6b5b6i5b6b5b
C98 (NoA=1) A1-5b6b5b6b5b6b5b6r5b6b5b6b5b6c5b6c5b6e5b6b5b6d
C98 (NoA=2) A1-5b6b5b6b5b6b5b6r5b6b5b6c5b6b5b6c5b6d5b6c5b6d
C102 (NoA=2) A1-5b6b5b6b5b6b5b6r5b6b5b6d5b6d5b6e5b6b5b6d5b6b
C106 (NoA=2) A1-5b6b5b6b5b6b5b6r5b6b5b6d5b6h5b6d5b6b5b6c5b6b
C114 (NoA=4) A1-5b6b5b6b5b6b5b6r5b6b5b6m5b6c5b6e5b6b5b6b5b6b
C94 (NoA=1) A1-5b6b5b6b5b6b5b6r5b6c5b6b5b6c5c6f5b6c5b
C94 (NoA=1) A1-5b6b5b6b5b6b5b6r5b6c5b6c5b6b5c6e5b6d5b
C96 (NoA=1) A1-5b6b5b6b5b6b5b6r5b6c5b6c5b6b5b6b5b6c5b6f5b
C98 (NoA=1) A1-5b6b5b6b5b6b5b6r5b6c5b6d5b6b5b6f5b6b5c6c
C98 (NoA=1) A1-5b6b5b6b5b6b5b6r5b6c5b6d5b6c5b6c5b6b5b6b5b6d
C110 (NoA=2) A1-5b6b5b6b5b6b5b6r5b6c5b6l5b6c5b6b5b6b5b6b5b6c
C104 (NoA=1) A1-5b6b5b6b5b6b5b6r5b6d5b6b5b6c5b6i5c6c5b6b
C104 (NoA=1) A1-5b6b5b6b5b6b5b6r5b6d5b6b5b6d5b6c5b6d5b6f5b
C104 (NoA=1) A1-5b6b5b6b5b6b5b6r5b6d5b6b5b6d5b6c5b6e5b6d5b6b
C104 (NoA=1) A1-5b6b5b6b5b6b5b6r5b6d5b6c5b6c5b6c5b6c5b6g5b
C104 (NoA=1) A1-5b6b5b6b5b6b5b6r5b6d5b6d5c6g5b6e5b6b5b
C110 (NoA=1) A1-5b6b5b6b5b6b5b6r5b6d5b6f5b6f5b6b5b6e5b6c5b
C110 (NoA=1) A1-5b6b5b6b5b6b5b6r5b6d5b6f5b6f5b6c5b6d5b6b5b6b
C114 (NoA=1) A1-5b6b5b6b5b6b5b6r5b6d5b6f5b6g5b6e5b6b5b6b5b6c
C112 (NoA=1) A1-5b6b5b6b5b6b5b6r5b6d5b6i5b6c5b6c5b6b5b6d5b6c
C112 (NoA=1) A1-5b6b5b6b5b6b5b6r5b6d5b6i5b6d5b6b5b6b5b6c5b6d
C116 (NoA=1) A1-5b6b5b6b5b6b5b6r5b6d5b6i5b6e5b6g5b6b5c6b
C114 (NoA=1) A1-5b6b5b6b5b6b5b6r5b6d5b6m5b6b5c6d5b6d5b
C116 (NoA=1) A1-5b6b5b6b5b6b5b6r5b6d5b6n5b6b5b6d5b6b5b6b5b6b
C120 (NoA=1) A1-5b6b5b6b5b6b5b6r5b6d5b6n5b6c5b6b5b6b5b6f5b
C128 (NoA=2) A1-5b6b5b6b5b6b5b6r5b6d5b6v5b6c5c6c5b6b5b
C100 (NoA=1) A1-5b6b5b6b5b6b5b6r5b6e5b6b5b6b5b6e5b6d5c6c
C104 (NoA=1) A1-5b6b5b6b5b6b5b6r5b6e5b6b5b6c5b6c5b6b5b6h5b
C100 (NoA=1) A1-5b6b5b6b5b6b5b6r5b6e5b6c5c6e5b6c5b6b5b6c
C106 (NoA=1) A1-5b6b5b6b5b6b5b6r5b6e5b6d5b6f5b6b5b6b5c6e
C110 (NoA=1) A1-5b6b5b6b5b6b5b6r5b6e5b6d5b6i5b6d5b6b5b6b5b
C106 (NoA=1) A1-5b6b5b6b5b6b5b6r5b6e5b6e5b6c5b6b5b6b5b6b5b6f
C106 (NoA=1) A1-5b6b5b6b5b6b5b6r5b6e5b6e5b6d5b6c5b6b5b6c5b6c
C108 (NoA=1) A1-5b6b5b6b5b6b5b6r5b6e5b6e5b6d5b6d5b6e5b6b5b
C112 (NoA=1) A1-5b6b5b6b5b6b5b6r5b6e5b6h5b6b5b6d5b6b5b6d5b6c
C112 (NoA=1) A1-5b6b5b6b5b6b5b6r5b6e5b6i5b6e5b6b5b6b5b6b5b6c
C116 (NoA=1) A1-5b6b5b6b5b6b5b6r5b6e5b6n5c6d5b6b5b6c5b
C124 (NoA=2) A1-5b6b5b6b5b6b5b6r5b6e5b6p5b6b5b6b5b6b5b6f5b
C100 (NoA=1) A1-5b6b5b6b5b6b5b6r5b6f5b6b5c6e5b6b5b6c5b6c
C106 (NoA=1) A1-5b6b5b6b5b6b5b6r5b6f5b6d5b6d5b6b5b6c5b6c5b6c
C120 (NoA=2) A1-5b6b5b6b5b6b5b6r5b6f5b6n5b6d5b6b5b6b5b6b5b6b
C108 (NoA=1) A1-5b6b5b6b5b6b5b6r5b6g5b6c5b6d5b6b5b6f5b6b5b6b
C116 (NoA=2) A1-5b6b5b6b5b6b5b6r5b6g5b6f5b6b5b6j5b6b5c6b
C112 (NoA=2) A1-5b6b5b6b5b6b5b6r5b6h5b6f5b6b5b6e5b6b5b6b5b6c
C118 (NoA=2) A1-5b6b5b6b5b6b5b6r5b6i5b6f5b6c5b6g5b6b5b6b5b6b
C122 (NoA=2) A1-5b6b5b6b5b6b5b6r5b6j5b6g5b6g5b6b5b6b5b6c5b6b
C118 (NoA=1) A1-5b6b5b6b5b6b5b6r5b6m5b6b5b6b5b6b5b6c5b6h5b
C118 (NoA=1) A1-5b6b5b6b5b6b5b6r5b6m5b6b5b6b5b6b5b6i5c6b
C118 (NoA=1) A1-5b6b5b6b5b6b5b6r5b6m5b6b5b6b5b6c5b6g5b6b5b6b
C118 (NoA=1) A1-5b6b5b6b5b6b5b6r5b6m5b6b5b6c5b6b5b6f5b6c5b6b
C120 (NoA=1) A1-5b6b5b6b5b6b5b6r5b6m5b6b5b6c5b6d5b6d5b6b5b6d
C120 (NoA=1) A1-5b6b5b6b5b6b5b6r5b6m5b6c5b6b5b6d5b6c5b6c5b6d
C122 (NoA=1) A1-5b6b5b6b5b6b5b6r5b6m5b6c5b6b5b6k5c6b5b
C120 (NoA=1) A1-5b6b5b6b5b6b5b6r5b6m5b6c5b6c5b6c5b6c5b6b5b6e
C122 (NoA=1) A1-5b6b5b6b5b6b5b6r5b6m5b6c5b6d5b6e5b6b5b6d5b6b
C124 (NoA=1) A1-5b6b5b6b5b6b5b6r5b6m5b6d5b6e5b6d5b6b5b6d5b6b
C128 (NoA=1) A1-5b6b5b6b5b6b5b6r5b6m5b6d5b6h5b6d5b6c5b6b5b6b
C124 (NoA=1) A1-5b6b5b6b5b6b5b6r5b6m5b6d5b6i5b6b5b6b5c6c
C136 (NoA=2) A1-5b6b5b6b5b6b5b6r5b6m5b6m5b6c5b6e5b6b5b6b5b6b
C114 (NoA=1) A1-5b6b5b6b5b6b5b6r5b6n5b6b5b6b5b6b5c6g5b
C114 (NoA=1) A1-5b6b5b6b5b6b5b6r5b6n5b6b5b6b5b6b5b6b5b6b5b6e
C116 (NoA=1) A1-5b6b5b6b5b6b5b6r5b6n5b6b5b6c5b6b5b6e5b6b5b6b
C116 (NoA=1) A1-5b6b5b6b5b6b5b6r5b6n5b6c5b6b5b6b5b6d5b6c5b6b
C118 (NoA=1) A1-5b6b5b6b5b6b5b6r5b6n5b6c5b6b5b6c5b6b5b6f5b
C116 (NoA=1) A1-5b6b5b6b5b6b5b6r5b6n5b6c5b6c5c6d5b6b5b6c
C120 (NoA=1) A1-5b6b5b6b5b6b5b6r5b6n5b6d5b6c5b6e5b6b5b6b5b6b
C120 (NoA=1) A1-5b6b5b6b5b6b5b6r5b6n5b6d5b6d5b6b5b6b5b6b5b6d
C124 (NoA=1) A1-5b6b5b6b5b6b5b6r5b6n5b6d5b6g5b6d5c6c5b
C132 (NoA=2) A1-5b6b5b6b5b6b5b6r5b6n5b6l5b6c5b6c5c6b5b6c
C124 (NoA=1) A1-5b6b5b6b5b6b5b6r5b6o5b6b5b6d5b6g5b6b5b6b5b6b
C126 (NoA=1) A1-5b6b5b6b5b6b5b6r5b6o5b6b5b6d5b6h5b6b5b6b5b6b
C126 (NoA=1) A1-5b6b5b6b5b6b5b6r5b6o5b6b5b6e5b6b5b6d5b6f5b
C126 (NoA=1) A1-5b6b5b6b5b6b5b6r5b6o5b6b5b6e5b6b5b6e5b6d5b6b
C130 (NoA=1) A1-5b6b5b6b5b6b5b6r5b6o5b6b5b6m5c6c5b6b5b
C124 (NoA=1) A1-5b6b5b6b5b6b5b6r5b6o5b6c5b6c5b6f5b6c5b6b5b6b
C126 (NoA=1) A1-5b6b5b6b5b6b5b6r5b6o5b6c5b6d5b6b5b6c5b6g5b
C126 (NoA=1) A1-5b6b5b6b5b6b5b6r5b6o5b6d5b6b5b6f5b6e5b6b5b
C130 (NoA=2) A1-5b6b5b6b5b6b5b6r5b6o5b6e5b6g5b6d5b6c5b6b5b
C132 (NoA=1) A1-5b6b5b6b5b6b5b6r5b6o5b6g5b6e5b6b5b6e5b6c5b
C132 (NoA=1) A1-5b6b5b6b5b6b5b6r5b6o5b6g5b6e5b6c5b6d5b6b5b6b
C136 (NoA=1) A1-5b6b5b6b5b6b5b6r5b6o5b6g5b6f5b6e5b6b5b6b5b6c
C132 (NoA=1) A1-5b6b5b6b5b6b5b6r5b6o5b6i5b6c5b6b5b6b5b6f5b
C134 (NoA=1) A1-5b6b5b6b5b6b5b6r5b6o5b6i5b6c5b6c5b6c5b6c5b6c
C134 (NoA=1) A1-5b6b5b6b5b6b5b6r5b6o5b6i5b6d5b6b5b6c5b6b5b6d
C134 (NoA=1) A1-5b6b5b6b5b6b5b6r5b6o5b6i5b6d5b6c5b6d5b6b5b6b
C138 (NoA=1) A1-5b6b5b6b5b6b5b6r5b6o5b6i5b6e5b6g5b6b5c6b
C132 (NoA=1) A1-5b6b5b6b5b6b5b6r5b6o5b6l5b6b5b6b5c6c5b6c
C136 (NoA=1) A1-5b6b5b6b5b6b5b6r5b6o5b6m5b6b5b6b5b6c5b6d5b
C138 (NoA=1) A1-5b6b5b6b5b6b5b6r5b6o5b6n5b6c5b6c5b6b5b6b5b6b
C142 (NoA=1) A1-5b6b5b6b5b6b5b6r5b6o5b6n5b6d5c6b5b6f5b
C150 (NoA=2) A1-5b6b5b6b5b6b5b6r5b6o5b6v5b6c5c6c5b6b5b
C122 (NoA=1) A1-5b6b5b6b5b6b5b6r5b6p5b6b5b6c5b6d5b6d5b6b5b6b
C122 (NoA=1) A1-5b6b5b6b5b6b5b6r5b6p5b6b5b6c5b6d5b6e5b6b5b
C126 (NoA=1) A1-5b6b5b6b5b6b5b6r5b6p5b6b5b6d5b6b5b6b5b6h5b
C122 (NoA=1) A1-5b6b5b6b5b6b5b6r5b6p5b6c5b6b5b6d5b6c5b6c5b6b
C128 (NoA=1) A1-5b6b5b6b5b6b5b6r5b6p5b6e5b6e5b6b5b6b5b6b5b6d
C128 (NoA=1) A1-5b6b5b6b5b6b5b6r5b6p5b6e5b6e5b6b5b6c5b6d5b
C132 (NoA=1) A1-5b6b5b6b5b6b5b6r5b6p5b6e5b6h5b6d5b6b5b6b5b
C128 (NoA=1) A1-5b6b5b6b5b6b5b6r5b6p5b6f5b6b5b6b5b6b5b6b5b6f
C128 (NoA=1) A1-5b6b5b6b5b6b5b6r5b6p5b6f5b6c5b6c5b6b5b6c5b6c
C130 (NoA=1) A1-5b6b5b6b5b6b5b6r5b6p5b6f5b6c5b6d5b6e5b6b5b
C132 (NoA=1) A1-5b6b5b6b5b6b5b6r5b6p5b6h5b6b5b6c5b6b5b6f5b
C134 (NoA=1) A1-5b6b5b6b5b6b5b6r5b6p5b6h5b6b5b6d5b6c5b6c5b6c
C130 (NoA=1) A1-5b6b5b6b5b6b5b6r5b6p5b6i5b6c5b6c5c6d5b
C130 (NoA=1) A1-5b6b5b6b5b6b5b6r5b6p5b6i5b6d5b6b5c6c5b6b
C134 (NoA=1) A1-5b6b5b6b5b6b5b6r5b6p5b6i5b6e5b6c5c6b5b6c
C138 (NoA=1) A1-5b6b5b6b5b6b5b6r5b6p5b6n5b6b5b6c5b6b5b6c5b
C146 (NoA=2) A1-5b6b5b6b5b6b5b6r5b6p5b6q5c6b5b6b5b6f5b
C122 (NoA=1) A1-5b6b5b6b5b6b5b6r5b6q5b6b5b6b5b6d5b6b5b6d5b6b
C124 (NoA=1) A1-5b6b5b6b5b6b5b6r5b6q5b6d5b6d5b6b5b6b5b6b5b6c
C128 (NoA=1) A1-5b6b5b6b5b6b5b6r5b6q5b6e5b6c5b6b5b6c5b6c5b6c
C134 (NoA=1) A1-5b6b5b6b5b6b5b6r5b6q5b6g5b6b5b6e5b6e5b6b5b
C130 (NoA=1) A1-5b6b5b6b5b6b5b6r5b6q5b6h5b6b5b6d5c6d5b
C142 (NoA=2) A1-5b6b5b6b5b6b5b6r5b6q5b6o5b6c5b6b5b6b5b6b5b6b
C130 (NoA=1) A1-5b6b5b6b5b6b5b6r5b6r5b6d5b6c5b6b5b6f5b6b5b6b
C138 (NoA=2) A1-5b6b5b6b5b6b5b6r5b6r5b6f5b6b5b6j5b6b5c6b
C134 (NoA=2) A1-5b6b5b6b5b6b5b6r5b6s5b6f5b6b5b6f5c6b5b6c
C140 (NoA=2) A1-5b6b5b6b5b6b5b6r5b6u5b6e5b6c5b6g5b6b5b6b5b6b
C144 (NoA=2) A1-5b6b5b6b5b6b5b6r5b6v5b6f5b6g5b6b5b6b5b6c5b6b
C140 (NoA=1) A1-5b6b5b6b5b6b5b6r5b6x5b6b5b6b5b6b5b6d5b6g5b
C140 (NoA=1) A1-5b6b5b6b5b6b5b6r5b6x5b6b5b6b5b6b5b6i5c6b
C140 (NoA=1) A1-5b6b5b6b5b6b5b6r5b6x5b6b5b6b5b6c5b6g5b6b5b6b
C140 (NoA=1) A1-5b6b5b6b5b6b5b6r5b6x5b6b5b6c5b6b5b6f5b6c5b6b
C142 (NoA=1) A1-5b6b5b6b5b6b5b6r5b6x5b6b5b6c5b6e5b6c5b6b5b6d
C142 (NoA=1) A1-5b6b5b6b5b6b5b6r5b6x5b6c5b6b5b6e5b6b5b6c5b6d
C144 (NoA=1) A1-5b6b5b6b5b6b5b6r5b6x5b6c5b6b5b6k5c6b5b
C142 (NoA=1) A1-5b6b5b6b5b6b5b6r5b6x5b6c5b6c5b6d5b6b5b6b5b6e
C144 (NoA=1) A1-5b6b5b6b5b6b5b6r5b6x5b6c5b6d5b6e5b6b5b6d5b6b
C146 (NoA=1) A1-5b6b5b6b5b6b5b6r5b6x5b6d5b6f5b6c5b6b5b6d5b6b
C150 (NoA=1) A1-5b6b5b6b5b6b5b6r5b6x5b6d5b6h5b6d5b6c5b6b5b6b
C146 (NoA=1) A1-5b6b5b6b5b6b5b6r5b6x5b6d5b6i5b6b5b6b5c6c
C158 (NoA=2) A1-5b6b5b6b5b6b5b6r5b6x5b6m5b6c5b6e5b6b5b6b5b6b
C136 (NoA=1) A1-5b6b5b6b5b6b5b6r5b6y5b6b5b6b5b6b5b6b5b6f5b
C136 (NoA=1) A1-5b6b5b6b5b6b5b6r5b6y5b6b5b6b5b6b5b6c5c6e
C136 (NoA=1) A1-5b6b5b6b5b6b5b6r5b6y5b6b5b6b5b6c5b6c5b6c5b6b
C136 (NoA=1) A1-5b6b5b6b5b6b5b6r5b6y5b6b5b6c5b6b5b6c5b6b5b6c
C138 (NoA=1) A1-5b6b5b6b5b6b5b6r5b6y5b6b5b6c5b6c5b6d5b6b5b6b
C138 (NoA=1) A1-5b6b5b6b5b6b5b6r5b6y5b6c5b6b5b6c5b6c5b6c5b6b
C140 (NoA=1) A1-5b6b5b6b5b6b5b6r5b6y5b6c5b6b5b6d5c6f5b
C138 (NoA=1) A1-5b6b5b6b5b6b5b6r5b6y5b6c5b6c5b6b5b6c5b6b5b6c
C140 (NoA=1) A1-5b6b5b6b5b6b5b6r5b6y5b6c5b6d5b6d5b6b5b6b5b6b
C142 (NoA=1) A1-5b6b5b6b5b6b5b6r5b6y5b6d5b6d5b6d5b6b5b6b5b6b
C142 (NoA=1) A1-5b6b5b6b5b6b5b6r5b6y5b6d5b6e5c6b5b6b5b6d
C146 (NoA=1) A1-5b6b5b6b5b6b5b6r5b6y5b6d5b6g5b6d5c6c5b
C154 (NoA=2) A1-5b6b5b6b5b6b5b6r5b6y5b6l5b6c5b6c5c6b5b6c
C146 (NoA=1) A1-5b6b5b6b5b6b5b6r5b6z5b6b5b6e5b6f5b6b5b6b5b6b
C148 (NoA=1) A1-5b6b5b6b5b6b5b6r5b6z5b6b5b6e5b6g5b6b5b6b5b6b
C148 (NoA=1) A1-5b6b5b6b5b6b5b6r5b6z5b6b5b6f5c6d5b6f5b
C148 (NoA=1) A1-5b6b5b6b5b6b5b6r5b6z5b6b5b6f5c6e5b6d5b6b
C152 (NoA=1) A1-5b6b5b6b5b6b5b6r5b6z5b6b5b6m5c6c5b6b5b
C146 (NoA=1) A1-5b6b5b6b5b6b5b6r5b6z5b6c5b6d5b6e5b6c5b6b5b6b
C148 (NoA=1) A1-5b6b5b6b5b6b5b6r5b6z5b6c5b6e5c6c5b6g5b
C148 (NoA=1) A1-5b6b5b6b5b6b5b6r5b6z5b6d5b6c5b6e5b6e5b6b5b
C152 (NoA=2) A1-5b6b5b6b5b6b5b6r5b6z5b6e5b6g5b6d5b6c5b6b5b
C154 (NoA=1) A1-5b6b5b6b5b6b5b6r5b6z5b6h5b6d5b6b5b6e5b6c5b
C154 (NoA=1) A1-5b6b5b6b5b6b5b6r5b6z5b6h5b6d5b6c5b6d5b6b5b6b
C158 (NoA=1) A1-5b6b5b6b5b6b5b6r5b6z5b6h5b6e5b6e5b6b5b6b5b6c
C154 (NoA=1) A1-5b6b5b6b5b6b5b6r5b6z5b6i5b6c5b6b5b6b5b6f5b
C156 (NoA=1) A1-5b6b5b6b5b6b5b6r5b6z5b6i5b6c5b6c5b6c5b6c5b6c
C156 (NoA=1) A1-5b6b5b6b5b6b5b6r5b6z5b6i5b6d5b6b5b6c5b6b5b6d
C156 (NoA=1) A1-5b6b5b6b5b6b5b6r5b6z5b6i5b6d5b6c5b6d5b6b5b6b
C160 (NoA=1) A1-5b6b5b6b5b6b5b6r5b6z5b6i5b6e5b6g5b6b5c6b
C154 (NoA=1) A1-5b6b5b6b5b6b5b6r5b6z5b6l5b6b5b6b5c6c5b6c
C158 (NoA=1) A1-5b6b5b6b5b6b5b6r5b6z5b6m5b6b5b6b5b6c5b6d5b
C160 (NoA=1) A1-5b6b5b6b5b6b5b6r5b6z5b6n5b6c5b6c5b6b5b6b5b6b
C164 (NoA=1) A1-5b6b5b6b5b6b5b6r5b6z5b6n5b6d5c6b5b6f5b
C172 (NoA=2) A1-5b6b5b6b5b6b5b6r5b6z5b6v5b6c5c6c5b6b5b
C144 (NoA=1) A1-5b6b5b6b5b6b5b6r5b6ba5b6b5b6d5b6c5b6d5b6b5b6b
C144 (NoA=1) A1-5b6b5b6b5b6b5b6r5b6ba5b6b5b6d5b6c5b6e5b6b5b
C148 (NoA=1) A1-5b6b5b6b5b6b5b6r5b6ba5b6b5b6e5c6b5b6h5b
C144 (NoA=1) A1-5b6b5b6b5b6b5b6r5b6ba5b6c5b6c5b6c5b6c5b6c5b6b
C148 (NoA=2) A1-5b6b5b6b5b6b5b6r5b6ba5b6e5b6c5b6b5b6b5b6f5b
C150 (NoA=1) A1-5b6b5b6b5b6b5b6r5b6ba5b6f5b6d5b6b5b6b5b6b5b6d
C150 (NoA=1) A1-5b6b5b6b5b6b5b6r5b6ba5b6f5b6d5b6b5b6c5b6d5b
C154 (NoA=1) A1-5b6b5b6b5b6b5b6r5b6ba5b6f5b6g5b6d5b6b5b6b5b
C150 (NoA=1) A1-5b6b5b6b5b6b5b6r5b6ba5b6g5c6b5b6b5b6b5b6f
C150 (NoA=1) A1-5b6b5b6b5b6b5b6r5b6ba5b6g5b6b5b6c5b6b5b6c5b6c
C152 (NoA=1) A1-5b6b5b6b5b6b5b6r5b6ba5b6g5b6b5b6d5b6e5b6b5b
C154 (NoA=1) A1-5b6b5b6b5b6b5b6r5b6ba5b6h5b6b5b6c5b6b5b6f5b
C156 (NoA=1) A1-5b6b5b6b5b6b5b6r5b6ba5b6h5b6b5b6d5b6c5b6c5b6c
C152 (NoA=1) A1-5b6b5b6b5b6b5b6r5b6ba5b6i5b6c5b6c5c6d5b
C152 (NoA=1) A1-5b6b5b6b5b6b5b6r5b6ba5b6i5b6d5b6b5c6c5b6b
C156 (NoA=1) A1-5b6b5b6b5b6b5b6r5b6ba5b6i5b6e5b6c5c6b5b6c
C160 (NoA=1) A1-5b6b5b6b5b6b5b6r5b6ba5b6n5b6b5b6c5b6b5b6c5b
C168 (NoA=2) A1-5b6b5b6b5b6b5b6r5b6ba5b6q5c6b5b6b5b6f5b
C144 (NoA=1) A1-5b6b5b6b5b6b5b6r5b6bb5b6b5b6c5b6c5b6b5b6d5b6b
C146 (NoA=1) A1-5b6b5b6b5b6b5b6r5b6bb5b6e5b6c5b6b5b6b5b6b5b6c
C150 (NoA=1) A1-5b6b5b6b5b6b5b6r5b6bb5b6f5b6b5b6b5b6c5b6c5b6c
C156 (NoA=1) A1-5b6b5b6b5b6b5b6r5b6bb5b6g5b6b5b6e5b6e5b6b5b
C152 (NoA=1) A1-5b6b5b6b5b6b5b6r5b6bb5b6h5b6b5b6d5c6d5b
C164 (NoA=2) A1-5b6b5b6b5b6b5b6r5b6bb5b6o5b6c5b6b5b6b5b6b5b6b
C152 (NoA=1) A1-5b6b5b6b5b6b5b6r5b6bc5b6e5b6b5b6b5b6f5b6b5b6b
C160 (NoA=2) A1-5b6b5b6b5b6b5b6r5b6bc5b6f5b6b5b6j5b6b5c6b
C156 (NoA=2) A1-5b6b5b6b5b6b5b6r5b6bd5b6f5b6b5b6f5c6b5b6c
C162 (NoA=2) A1-5b6b5b6b5b6b5b6r5b6bg5b6d5b6c5b6g5b6b5b6b5b6b
