C162 (NoA=2) A1-5b6b5b6b5b6b5b6r5b6bg5b6d5b6c5b6g5b6b5b6b5b6b
C166 (NoA=2) A1-5b6b5b6b5b6b5b6r5b6bh5b6e5b6g5b6b5b6b5b6c5b6b
C162 (NoA=1) A1-5b6b5b6b5b6b5b6r5b6bi5b6b5b6b5b6b5b6d5b6g5b
C162 (NoA=1) A1-5b6b5b6b5b6b5b6r5b6bi5b6b5b6b5b6b5b6i5c6b
C162 (NoA=1) A1-5b6b5b6b5b6b5b6r5b6bi5b6b5b6b5b6c5b6g5b6b5b6b
C162 (NoA=1) A1-5b6b5b6b5b6b5b6r5b6bi5b6b5b6c5b6b5b6f5b6c5b6b
C164 (NoA=1) A1-5b6b5b6b5b6b5b6r5b6bi5b6b5b6c5b6e5b6c5b6b5b6d
C164 (NoA=1) A1-5b6b5b6b5b6b5b6r5b6bi5b6c5b6b5b6e5b6b5b6c5b6d
C166 (NoA=1) A1-5b6b5b6b5b6b5b6r5b6bi5b6c5b6b5b6k5c6b5b
C164 (NoA=1) A1-5b6b5b6b5b6b5b6r5b6bi5b6c5b6c5b6d5b6b5b6b5b6e
C166 (NoA=1) A1-5b6b5b6b5b6b5b6r5b6bi5b6c5b6d5b6e5b6b5b6d5b6b
C168 (NoA=1) A1-5b6b5b6b5b6b5b6r5b6bi5b6d5b6f5b6c5b6b5b6d5b6b
C172 (NoA=1) A1-5b6b5b6b5b6b5b6r5b6bi5b6d5b6h5b6d5b6c5b6b5b6b
C168 (NoA=1) A1-5b6b5b6b5b6b5b6r5b6bi5b6d5b6i5b6b5b6b5c6c
C180 (NoA=2) A1-5b6b5b6b5b6b5b6r5b6bi5b6m5b6c5b6e5b6b5b6b5b6b
C158 (NoA=1) A1-5b6b5b6b5b6b5b6r5b6bj5b6b5b6b5b6b5b6b5b6f5b
C158 (NoA=1) A1-5b6b5b6b5b6b5b6r5b6bj5b6b5b6b5b6b5b6c5c6e
C158 (NoA=1) A1-5b6b5b6b5b6b5b6r5b6bj5b6b5b6b5b6c5b6c5b6c5b6b
C158 (NoA=1) A1-5b6b5b6b5b6b5b6r5b6bj5b6b5b6c5b6b5b6c5b6b5b6c
C160 (NoA=1) A1-5b6b5b6b5b6b5b6r5b6bj5b6b5b6c5b6c5b6d5b6b5b6b
C160 (NoA=1) A1-5b6b5b6b5b6b5b6r5b6bj5b6c5b6b5b6c5b6c5b6c5b6b
C162 (NoA=1) A1-5b6b5b6b5b6b5b6r5b6bj5b6c5b6b5b6d5c6f5b
C160 (NoA=1) A1-5b6b5b6b5b6b5b6r5b6bj5b6c5b6c5b6b5b6c5b6b5b6c
C162 (NoA=1) A1-5b6b5b6b5b6b5b6r5b6bj5b6c5b6d5b6d5b6b5b6b5b6b
C164 (NoA=1) A1-5b6b5b6b5b6b5b6r5b6bj5b6d5b6d5b6d5b6b5b6b5b6b
C164 (NoA=1) A1-5b6b5b6b5b6b5b6r5b6bj5b6d5b6e5c6b5b6b5b6d
C168 (NoA=1) A1-5b6b5b6b5b6b5b6r5b6bj5b6d5b6g5b6d5c6c5b
C176 (NoA=2) A1-5b6b5b6b5b6b5b6r5b6bj5b6l5b6c5b6c5c6b5b6c
C168 (NoA=1) A1-5b6b5b6b5b6b5b6r5b6bk5b6b5b6e5b6f5b6b5b6b5b6b
C170 (NoA=1) A1-5b6b5b6b5b6b5b6r5b6bk5b6b5b6e5b6g5b6b5b6b5b6b
C170 (NoA=1) A1-5b6b5b6b5b6b5b6r5b6bk5b6b5b6f5c6d5b6f5b
C170 (NoA=1) A1-5b6b5b6b5b6b5b6r5b6bk5b6b5b6f5c6e5b6d5b6b
C174 (NoA=1) A1-5b6b5b6b5b6b5b6r5b6bk5b6b5b6m5c6c5b6b5b
C168 (NoA=1) A1-5b6b5b6b5b6b5b6r5b6bk5b6c5b6d5b6e5b6c5b6b5b6b
C170 (NoA=1) A1-5b6b5b6b5b6b5b6r5b6bk5b6c5b6e5c6c5b6g5b
C170 (NoA=1) A1-5b6b5b6b5b6b5b6r5b6bk5b6d5b6c5b6e5b6e5b6b5b
C174 (NoA=2) A1-5b6b5b6b5b6b5b6r5b6bk5b6e5b6g5b6d5b6c5b6b5b
C176 (NoA=1) A1-5b6b5b6b5b6b5b6r5b6bk5b6h5b6d5b6b5b6e5b6c5b
C176 (NoA=1) A1-5b6b5b6b5b6b5b6r5b6bk5b6h5b6d5b6c5b6d5b6b5b6b
C180 (NoA=1) A1-5b6b5b6b5b6b5b6r5b6bk5b6h5b6e5b6e5b6b5b6b5b6c
C176 (NoA=1) A1-5b6b5b6b5b6b5b6r5b6bk5b6i5b6c5b6b5b6b5b6f5b
C178 (NoA=1) A1-5b6b5b6b5b6b5b6r5b6bk5b6i5b6c5b6c5b6c5b6c5b6c
C178 (NoA=1) A1-5b6b5b6b5b6b5b6r5b6bk5b6i5b6d5b6b5b6c5b6b5b6d
C178 (NoA=1) A1-5b6b5b6b5b6b5b6r5b6bk5b6i5b6d5b6c5b6d5b6b5b6b
C182 (NoA=1) A1-5b6b5b6b5b6b5b6r5b6bk5b6i5b6e5b6g5b6b5c6b
C176 (NoA=1) A1-5b6b5b6b5b6b5b6r5b6bk5b6l5b6b5b6b5c6c5b6c
C180 (NoA=1) A1-5b6b5b6b5b6b5b6r5b6bk5b6m5b6b5b6b5b6c5b6d5b
C182 (NoA=1) A1-5b6b5b6b5b6b5b6r5b6bk5b6n5b6c5b6c5b6b5b6b5b6b
C186 (NoA=1) A1-5b6b5b6b5b6b5b6r5b6bk5b6n5b6d5c6b5b6f5b
C194 (NoA=2) A1-5b6b5b6b5b6b5b6r5b6bk5b6v5b6c5c6c5b6b5b
C166 (NoA=1) A1-5b6b5b6b5b6b5b6r5b6bl5b6b5b6d5b6c5b6d5b6b5b6b
C166 (NoA=1) A1-5b6b5b6b5b6b5b6r5b6bl5b6b5b6d5b6c5b6e5b6b5b
C170 (NoA=1) A1-5b6b5b6b5b6b5b6r5b6bl5b6b5b6e5c6b5b6h5b
C166 (NoA=1) A1-5b6b5b6b5b6b5b6r5b6bl5b6c5b6c5b6c5b6c5b6c5b6b
C170 (NoA=2) A1-5b6b5b6b5b6b5b6r5b6bl5b6e5b6c5b6b5b6b5b6f5b
C172 (NoA=1) A1-5b6b5b6b5b6b5b6r5b6bl5b6f5b6d5b6b5b6b5b6b5b6d
C172 (NoA=1) A1-5b6b5b6b5b6b5b6r5b6bl5b6f5b6d5b6b5b6c5b6d5b
C176 (NoA=1) A1-5b6b5b6b5b6b5b6r5b6bl5b6f5b6g5b6d5b6b5b6b5b
C172 (NoA=1) A1-5b6b5b6b5b6b5b6r5b6bl5b6g5c6b5b6b5b6b5b6f
C172 (NoA=1) A1-5b6b5b6b5b6b5b6r5b6bl5b6g5b6b5b6c5b6b5b6c5b6c
C174 (NoA=1) A1-5b6b5b6b5b6b5b6r5b6bl5b6g5b6b5b6d5b6e5b6b5b
C176 (NoA=1) A1-5b6b5b6b5b6b5b6r5b6bl5b6h5b6b5b6c5b6b5b6f5b
C178 (NoA=1) A1-5b6b5b6b5b6b5b6r5b6bl5b6h5b6b5b6d5b6c5b6c5b6c
C174 (NoA=1) A1-5b6b5b6b5b6b5b6r5b6bl5b6i5b6c5b6c5c6d5b
C174 (NoA=1) A1-5b6b5b6b5b6b5b6r5b6bl5b6i5b6d5b6b5c6c5b6b
C178 (NoA=1) A1-5b6b5b6b5b6b5b6r5b6bl5b6i5b6e5b6c5c6b5b6c
C182 (NoA=1) A1-5b6b5b6b5b6b5b6r5b6bl5b6n5b6b5b6c5b6b5b6c5b
C190 (NoA=2) A1-5b6b5b6b5b6b5b6r5b6bl5b6q5c6b5b6b5b6f5b
C166 (NoA=1) A1-5b6b5b6b5b6b5b6r5b6bm5b6b5b6c5b6c5b6b5b6d5b6b
C168 (NoA=1) A1-5b6b5b6b5b6b5b6r5b6bm5b6e5b6c5b6b5b6b5b6b5b6c
C172 (NoA=1) A1-5b6b5b6b5b6b5b6r5b6bm5b6f5b6b5b6b5b6c5b6c5b6c
C178 (NoA=1) A1-5b6b5b6b5b6b5b6r5b6bm5b6g5b6b5b6e5b6e5b6b5b
C174 (NoA=1) A1-5b6b5b6b5b6b5b6r5b6bm5b6h5b6b5b6d5c6d5b
C186 (NoA=2) A1-5b6b5b6b5b6b5b6r5b6bm5b6o5b6c5b6b5b6b5b6b5b6b
C174 (NoA=1) A1-5b6b5b6b5b6b5b6r5b6bn5b6e5b6b5b6b5b6f5b6b5b6b
C182 (NoA=2) A1-5b6b5b6b5b6b5b6r5b6bn5b6f5b6b5b6j5b6b5c6b
C178 (NoA=2) A1-5b6b5b6b5b6b5b6r5b6bo5b6f5b6b5b6f5c6b5b6c
C184 (NoA=2) A1-5b6b5b6b5b6b5b6r5b6br5b6d5b6c5b6g5b6b5b6b5b6b
C188 (NoA=2) A1-5b6b5b6b5b6b5b6r5b6bs5b6e5b6g5b6b5b6b5b6c5b6b
C184 (NoA=1) A1-5b6b5b6b5b6b5b6r5b6bt5b6b5b6b5b6b5b6d5b6g5b
C184 (NoA=1) A1-5b6b5b6b5b6b5b6r5b6bt5b6b5b6b5b6b5b6i5c6b
C184 (NoA=1) A1-5b6b5b6b5b6b5b6r5b6bt5b6b5b6b5b6c5b6g5b6b5b6b
C184 (NoA=1) A1-5b6b5b6b5b6b5b6r5b6bt5b6b5b6c5b6b5b6f5b6c5b6b
C186 (NoA=1) A1-5b6b5b6b5b6b5b6r5b6bt5b6b5b6c5b6e5b6c5b6b5b6d
C186 (NoA=1) A1-5b6b5b6b5b6b5b6r5b6bt5b6c5b6b5b6e5b6b5b6c5b6d
C188 (NoA=1) A1-5b6b5b6b5b6b5b6r5b6bt5b6c5b6b5b6k5c6b5b
C186 (NoA=1) A1-5b6b5b6b5b6b5b6r5b6bt5b6c5b6c5b6d5b6b5b6b5b6e
C188 (NoA=1) A1-5b6b5b6b5b6b5b6r5b6bt5b6c5b6d5b6e5b6b5b6d5b6b
C190 (NoA=1) A1-5b6b5b6b5b6b5b6r5b6bt5b6d5b6f5b6c5b6b5b6d5b6b
C194 (NoA=1) A1-5b6b5b6b5b6b5b6r5b6bt5b6d5b6h5b6d5b6c5b6b5b6b
C190 (NoA=1) A1-5b6b5b6b5b6b5b6r5b6bt5b6d5b6i5b6b5b6b5c6c
C180 (NoA=1) A1-5b6b5b6b5b6b5b6r5b6bu5b6b5b6b5b6b5b6b5b6f5b
C180 (NoA=1) A1-5b6b5b6b5b6b5b6r5b6bu5b6b5b6b5b6b5b6c5c6e
C180 (NoA=1) A1-5b6b5b6b5b6b5b6r5b6bu5b6b5b6b5b6c5b6c5b6c5b6b
C180 (NoA=1) A1-5b6b5b6b5b6b5b6r5b6bu5b6b5b6c5b6b5b6c5b6b5b6c
C182 (NoA=1) A1-5b6b5b6b5b6b5b6r5b6bu5b6b5b6c5b6c5b6d5b6b5b6b
C182 (NoA=1) A1-5b6b5b6b5b6b5b6r5b6bu5b6c5b6b5b6c5b6c5b6c5b6b
C184 (NoA=1) A1-5b6b5b6b5b6b5b6r5b6bu5b6c5b6b5b6d5c6f5b
C182 (NoA=1) A1-5b6b5b6b5b6b5b6r5b6bu5b6c5b6c5b6b5b6c5b6b5b6c
C184 (NoA=1) A1-5b6b5b6b5b6b5b6r5b6bu5b6c5b6d5b6d5b6b5b6b5b6b
C186 (NoA=1) A1-5b6b5b6b5b6b5b6r5b6bu5b6d5b6d5b6d5b6b5b6b5b6b
C186 (NoA=1) A1-5b6b5b6b5b6b5b6r5b6bu5b6d5b6e5c6b5b6b5b6d
C190 (NoA=1) A1-5b6b5b6b5b6b5b6r5b6bu5b6d5b6g5b6d5c6c5b
C198 (NoA=2) A1-5b6b5b6b5b6b5b6r5b6bu5b6l5b6c5b6c5c6b5b6c
C190 (NoA=1) A1-5b6b5b6b5b6b5b6r5b6bv5b6b5b6e5b6f5b6b5b6b5b6b
C192 (NoA=1) A1-5b6b5b6b5b6b5b6r5b6bv5b6b5b6e5b6g5b6b5b6b5b6b
C192 (NoA=1) A1-5b6b5b6b5b6b5b6r5b6bv5b6b5b6f5c6d5b6f5b
C192 (NoA=1) A1-5b6b5b6b5b6b5b6r5b6bv5b6b5b6f5c6e5b6d5b6b
C196 (NoA=1) A1-5b6b5b6b5b6b5b6r5b6bv5b6b5b6m5c6c5b6b5b
C190 (NoA=1) A1-5b6b5b6b5b6b5b6r5b6bv5b6c5b6d5b6e5b6c5b6b5b6b
C192 (NoA=1) A1-5b6b5b6b5b6b5b6r5b6bv5b6c5b6e5c6c5b6g5b
C192 (NoA=1) A1-5b6b5b6b5b6b5b6r5b6bv5b6d5b6c5b6e5b6e5b6b5b
C196 (NoA=2) A1-5b6b5b6b5b6b5b6r5b6bv5b6e5b6g5b6d5b6c5b6b5b
C198 (NoA=1) A1-5b6b5b6b5b6b5b6r5b6bv5b6h5b6d5b6b5b6e5b6c5b
C198 (NoA=1) A1-5b6b5b6b5b6b5b6r5b6bv5b6h5b6d5b6c5b6d5b6b5b6b
C198 (NoA=1) A1-5b6b5b6b5b6b5b6r5b6bv5b6i5b6c5b6b5b6b5b6f5b
C200 (NoA=1) A1-5b6b5b6b5b6b5b6r5b6bv5b6i5b6c5b6c5b6c5b6c5b6c
C200 (NoA=1) A1-5b6b5b6b5b6b5b6r5b6bv5b6i5b6d5b6b5b6c5b6b5b6d
C200 (NoA=1) A1-5b6b5b6b5b6b5b6r5b6bv5b6i5b6d5b6c5b6d5b6b5b6b
C198 (NoA=1) A1-5b6b5b6b5b6b5b6r5b6bv5b6l5b6b5b6b5c6c5b6c
C188 (NoA=1) A1-5b6b5b6b5b6b5b6r5b6bw5b6b5b6d5b6c5b6d5b6b5b6b
C188 (NoA=1) A1-5b6b5b6b5b6b5b6r5b6bw5b6b5b6d5b6c5b6e5b6b5b
C192 (NoA=1) A1-5b6b5b6b5b6b5b6r5b6bw5b6b5b6e5c6b5b6h5b
C188 (NoA=1) A1-5b6b5b6b5b6b5b6r5b6bw5b6c5b6c5b6c5b6c5b6c5b6b
C192 (NoA=2) A1-5b6b5b6b5b6b5b6r5b6bw5b6e5b6c5b6b5b6b5b6f5b
C194 (NoA=1) A1-5b6b5b6b5b6b5b6r5b6bw5b6f5b6d5b6b5b6b5b6b5b6d
C194 (NoA=1) A1-5b6b5b6b5b6b5b6r5b6bw5b6f5b6d5b6b5b6c5b6d5b
C198 (NoA=1) A1-5b6b5b6b5b6b5b6r5b6bw5b6f5b6g5b6d5b6b5b6b5b
C194 (NoA=1) A1-5b6b5b6b5b6b5b6r5b6bw5b6g5c6b5b6b5b6b5b6f
C194 (NoA=1) A1-5b6b5b6b5b6b5b6r5b6bw5b6g5b6b5b6c5b6b5b6c5b6c
C196 (NoA=1) A1-5b6b5b6b5b6b5b6r5b6bw5b6g5b6b5b6d5b6e5b6b5b
C198 (NoA=1) A1-5b6b5b6b5b6b5b6r5b6bw5b6h5b6b5b6c5b6b5b6f5b
C200 (NoA=1) A1-5b6b5b6b5b6b5b6r5b6bw5b6h5b6b5b6d5b6c5b6c5b6c
C196 (NoA=1) A1-5b6b5b6b5b6b5b6r5b6bw5b6i5b6c5b6c5c6d5b
C196 (NoA=1) A1-5b6b5b6b5b6b5b6r5b6bw5b6i5b6d5b6b5c6c5b6b
C200 (NoA=1) A1-5b6b5b6b5b6b5b6r5b6bw5b6i5b6e5b6c5c6b5b6c
C188 (NoA=1) A1-5b6b5b6b5b6b5b6r5b6bx5b6b5b6c5b6c5b6b5b6d5b6b
C190 (NoA=1) A1-5b6b5b6b5b6b5b6r5b6bx5b6e5b6c5b6b5b6b5b6b5b6c
C194 (NoA=1) A1-5b6b5b6b5b6b5b6r5b6bx5b6f5b6b5b6b5b6c5b6c5b6c
C200 (NoA=1) A1-5b6b5b6b5b6b5b6r5b6bx5b6g5b6b5b6e5b6e5b6b5b
C196 (NoA=1) A1-5b6b5b6b5b6b5b6r5b6bx5b6h5b6b5b6d5c6d5b
C196 (NoA=1) A1-5b6b5b6b5b6b5b6r5b6by5b6e5b6b5b6b5b6f5b6b5b6b
C200 (NoA=2) A1-5b6b5b6b5b6b5b6r5b6bz5b6f5b6b5b6f5c6b5b6c
C96 (NoA=1) A1-5b6b5b6b5b6b5b6s5c6b5b6b5b6d5b6b5b6g5b
C94 (NoA=1) A1-5b6b5b6b5b6b5b6s5c6b5b6b5b6e5b6e5c6b
C94 (NoA=1) A1-5b6b5b6b5b6b5b6s5c6b5b6c5b6d5b6d5b6b5b6b
C98 (NoA=1) A1-5b6b5b6b5b6b5b6s5c6c5b6e5b6b5b6b5b6b5b6e
C98 (NoA=1) A1-5b6b5b6b5b6b5b6s5c6c5b6f5b6c5b6b5b6c5b6b
C102 (NoA=1) A1-5b6b5b6b5b6b5b6s5c6c5b6l5c6b5b6b5b
C110 (NoA=2) A1-5b6b5b6b5b6b5b6s5c6l5b6c5b6c5b6b5b6b5b6c
C90 (NoA=2) A1-5b6b5b6b5b6b5b6s5b6b5b6b5b6b5b6b5b6b5b6e5b
C92 (NoA=2) A1-5b6b5b6b5b6b5b6s5b6b5b6c5b6c5b6b5b6c5b6b5b6b
C96 (NoA=2) A1-5b6b5b6b5b6b5b6s5b6b5b6c5b6d5b6b5c6f5b
C104 (NoA=4) A1-5b6b5b6b5b6b5b6s5b6b5b6k5b6c5c6b5b6c5b
C104 (NoA=1) A1-5b6b5b6b5b6b5b6s5b6c5b6e5b6c5b6d5b6e5b6b5b
C104 (NoA=1) A1-5b6b5b6b5b6b5b6s5b6c5b6e5b6g5b6b5b6b5b6b5b6b
C108 (NoA=1) A1-5b6b5b6b5b6b5b6s5b6c5b6e5b6h5b6b5b6b5b6b5b6c
C106 (NoA=1) A1-5b6b5b6b5b6b5b6s5b6c5b6f5b6c5b6c5b6b5b6f5b
C108 (NoA=1) A1-5b6b5b6b5b6b5b6s5b6c5b6f5b6c5b6d5b6d5b6b5b6c
C106 (NoA=2) A1-5b6b5b6b5b6b5b6s5b6c5b6g5b6e5b6c5b6c5b6b5b
C112 (NoA=1) A1-5b6b5b6b5b6b5b6s5b6c5b6m5b6b5b6b5b6c5b6c5b
C120 (NoA=2) A1-5b6b5b6b5b6b5b6s5b6c5b6p5b6b5c6b5b6f5b
C100 (NoA=1) A1-5b6b5b6b5b6b5b6s5b6d5b6d5b6c5b6b5b6c5b6b5b6c
C102 (NoA=1) A1-5b6b5b6b5b6b5b6s5b6d5b6d5b6e5b6d5b6b5b6b5b
C106 (NoA=1) A1-5b6b5b6b5b6b5b6s5b6d5b6e5b6c5b6b5b6c5b6f5b
C114 (NoA=2) A1-5b6b5b6b5b6b5b6s5b6d5b6n5b6b5b6c5b6b5b6b5b
C100 (NoA=1) A1-5b6b5b6b5b6b5b6s5b6e5b6c5b6c5b6b5b6b5b6c5b6c
C102 (NoA=2) A1-5b6b5b6b5b6b5b6s5b6f5b6b5b6e5b6b5b6c5b6b5b6b
C116 (NoA=2) A1-5b6b5b6b5b6b5b6s5b6h5b6h5b6f5b6b5b6b5c6b
C110 (NoA=1) A1-5b6b5b6b5b6b5b6s5b6i5b6d5b6b5b6b5b6d5c6d
C110 (NoA=1) A1-5b6b5b6b5b6b5b6s5b6i5b6d5b6b5b6c5b6d5b6b5b6b
C114 (NoA=1) A1-5b6b5b6b5b6b5b6s5b6i5b6d5b6c5b6g5b6b5c6b
C122 (NoA=2) A1-5b6b5b6b5b6b5b6s5b6i5b6f5b6g5b6b5b6b5b6c5b6c
C112 (NoA=2) A1-5b6b5b6b5b6b5b6s5b6k5b6b5b6b5b6e5b6b5b6b5b6c
C118 (NoA=1) A1-5b6b5b6b5b6b5b6s5b6l5b6b5b6b5b6d5b6b5b6g5b
C116 (NoA=1) A1-5b6b5b6b5b6b5b6s5b6l5b6b5b6b5b6e5b6e5c6b
C116 (NoA=1) A1-5b6b5b6b5b6b5b6s5b6l5b6b5b6c5b6d5b6d5b6b5b6b
C118 (NoA=2) A1-5b6b5b6b5b6b5b6s5b6l5b6b5b6d5b6g5b6b5b6b5b
C120 (NoA=1) A1-5b6b5b6b5b6b5b6s5b6l5b6c5b6e5b6b5b6b5b6b5b6e
C120 (NoA=1) A1-5b6b5b6b5b6b5b6s5b6l5b6c5b6f5b6c5b6b5b6c5b6b
C124 (NoA=1) A1-5b6b5b6b5b6b5b6s5b6l5b6c5b6l5c6b5b6b5b
C132 (NoA=2) A1-5b6b5b6b5b6b5b6s5b6l5b6l5b6c5b6c5b6b5b6b5b6c
C112 (NoA=1) A1-5b6b5b6b5b6b5b6s5b6m5b6b5b6b5b6b5b6b5b6e5b
C114 (NoA=1) A1-5b6b5b6b5b6b5b6s5b6m5b6c5b6c5b6b5b6c5b6b5b6b
C118 (NoA=1) A1-5b6b5b6b5b6b5b6s5b6m5b6c5b6d5b6b5c6f5b
C126 (NoA=2) A1-5b6b5b6b5b6b5b6s5b6m5b6k5b6c5c6b5b6c5b
C126 (NoA=1) A1-5b6b5b6b5b6b5b6s5b6n5b6e5b6c5b6d5b6e5b6b5b
C126 (NoA=1) A1-5b6b5b6b5b6b5b6s5b6n5b6e5b6g5b6b5b6b5b6b5b6b
C130 (NoA=1) A1-5b6b5b6b5b6b5b6s5b6n5b6e5b6h5b6b5b6b5b6b5b6c
C128 (NoA=1) A1-5b6b5b6b5b6b5b6s5b6n5b6f5b6c5b6c5b6b5b6f5b
C130 (NoA=1) A1-5b6b5b6b5b6b5b6s5b6n5b6f5b6c5b6d5b6d5b6b5b6c
C128 (NoA=2) A1-5b6b5b6b5b6b5b6s5b6n5b6g5b6e5b6c5b6c5b6b5b
C134 (NoA=1) A1-5b6b5b6b5b6b5b6s5b6n5b6m5b6b5b6b5b6c5b6c5b
C142 (NoA=2) A1-5b6b5b6b5b6b5b6s5b6n5b6p5b6b5c6b5b6f5b
C122 (NoA=1) A1-5b6b5b6b5b6b5b6s5b6o5b6d5b6c5b6b5b6c5b6b5b6c
C124 (NoA=1) A1-5b6b5b6b5b6b5b6s5b6o5b6d5b6e5b6d5b6b5b6b5b
C128 (NoA=1) A1-5b6b5b6b5b6b5b6s5b6o5b6e5b6c5b6b5b6c5b6f5b
C136 (NoA=2) A1-5b6b5b6b5b6b5b6s5b6o5b6n5b6b5b6c5b6b5b6b5b
C122 (NoA=1) A1-5b6b5b6b5b6b5b6s5b6p5b6c5b6c5b6b5b6b5b6c5b6c
C124 (NoA=2) A1-5b6b5b6b5b6b5b6s5b6q5b6b5b6e5b6b5b6c5b6b5b6b
C138 (NoA=2) A1-5b6b5b6b5b6b5b6s5b6s5b6h5b6f5b6b5b6b5c6b
C132 (NoA=1) A1-5b6b5b6b5b6b5b6s5b6t5b6d5b6b5b6b5b6d5c6d
C132 (NoA=1) A1-5b6b5b6b5b6b5b6s5b6t5b6d5b6b5b6c5b6d5b6b5b6b
C136 (NoA=1) A1-5b6b5b6b5b6b5b6s5b6t5b6d5b6c5b6g5b6b5c6b
C144 (NoA=2) A1-5b6b5b6b5b6b5b6s5b6t5b6f5b6g5b6b5b6b5b6c5b6c
C134 (NoA=2) A1-5b6b5b6b5b6b5b6s5b6v5b6b5b6b5b6e5b6b5b6b5b6c
C140 (NoA=1) A1-5b6b5b6b5b6b5b6s5b6w5b6b5b6b5b6d5b6b5b6g5b
C138 (NoA=1) A1-5b6b5b6b5b6b5b6s5b6w5b6b5b6b5b6e5b6e5c6b
C138 (NoA=1) A1-5b6b5b6b5b6b5b6s5b6w5b6b5b6c5b6d5b6d5b6b5b6b
C140 (NoA=2) A1-5b6b5b6b5b6b5b6s5b6w5b6b5b6d5b6g5b6b5b6b5b
C142 (NoA=1) A1-5b6b5b6b5b6b5b6s5b6w5b6c5b6e5b6b5b6b5b6b5b6e
C142 (NoA=1) A1-5b6b5b6b5b6b5b6s5b6w5b6c5b6f5b6c5b6b5b6c5b6b
C146 (NoA=1) A1-5b6b5b6b5b6b5b6s5b6w5b6c5b6l5c6b5b6b5b
C154 (NoA=2) A1-5b6b5b6b5b6b5b6s5b6w5b6l5b6c5b6c5b6b5b6b5b6c
C134 (NoA=1) A1-5b6b5b6b5b6b5b6s5b6x5b6b5b6b5b6b5b6b5b6e5b
C136 (NoA=1) A1-5b6b5b6b5b6b5b6s5b6x5b6c5b6c5b6b5b6c5b6b5b6b
C140 (NoA=1) A1-5b6b5b6b5b6b5b6s5b6x5b6c5b6d5b6b5c6f5b
C148 (NoA=2) A1-5b6b5b6b5b6b5b6s5b6x5b6k5b6c5c6b5b6c5b
C148 (NoA=1) A1-5b6b5b6b5b6b5b6s5b6y5b6e5b6c5b6d5b6e5b6b5b
C148 (NoA=1) A1-5b6b5b6b5b6b5b6s5b6y5b6e5b6g5b6b5b6b5b6b5b6b
C152 (NoA=1) A1-5b6b5b6b5b6b5b6s5b6y5b6e5b6h5b6b5b6b5b6b5b6c
C150 (NoA=1) A1-5b6b5b6b5b6b5b6s5b6y5b6f5b6c5b6c5b6b5b6f5b
C152 (NoA=1) A1-5b6b5b6b5b6b5b6s5b6y5b6f5b6c5b6d5b6d5b6b5b6c
C150 (NoA=2) A1-5b6b5b6b5b6b5b6s5b6y5b6g5b6e5b6c5b6c5b6b5b
C156 (NoA=1) A1-5b6b5b6b5b6b5b6s5b6y5b6m5b6b5b6b5b6c5b6c5b
C164 (NoA=2) A1-5b6b5b6b5b6b5b6s5b6y5b6p5b6b5c6b5b6f5b
C144 (NoA=1) A1-5b6b5b6b5b6b5b6s5b6z5b6d5b6c5b6b5b6c5b6b5b6c
C146 (NoA=1) A1-5b6b5b6b5b6b5b6s5b6z5b6d5b6e5b6d5b6b5b6b5b
C150 (NoA=1) A1-5b6b5b6b5b6b5b6s5b6z5b6e5b6c5b6b5b6c5b6f5b
C158 (NoA=2) A1-5b6b5b6b5b6b5b6s5b6z5b6n5b6b5b6c5b6b5b6b5b
C144 (NoA=1) A1-5b6b5b6b5b6b5b6s5b6ba5b6c5b6c5b6b5b6b5b6c5b6c
C146 (NoA=2) A1-5b6b5b6b5b6b5b6s5b6bb5b6b5b6e5b6b5b6c5b6b5b6b
C160 (NoA=2) A1-5b6b5b6b5b6b5b6s5b6bd5b6h5b6f5b6b5b6b5c6b
C154 (NoA=1) A1-5b6b5b6b5b6b5b6s5b6be5b6d5b6b5b6b5b6d5c6d
C154 (NoA=1) A1-5b6b5b6b5b6b5b6s5b6be5b6d5b6b5b6c5b6d5b6b5b6b
C158 (NoA=1) A1-5b6b5b6b5b6b5b6s5b6be5b6d5b6c5b6g5b6b5c6b
C166 (NoA=2) A1-5b6b5b6b5b6b5b6s5b6be5b6f5b6g5b6b5b6b5b6c5b6c
C156 (NoA=2) A1-5b6b5b6b5b6b5b6s5b6bg5b6b5b6b5b6e5b6b5b6b5b6c
C162 (NoA=1) A1-5b6b5b6b5b6b5b6s5b6bh5b6b5b6b5b6d5b6b5b6g5b
C160 (NoA=1) A1-5b6b5b6b5b6b5b6s5b6bh5b6b5b6b5b6e5b6e5c6b
C160 (NoA=1) A1-5b6b5b6b5b6b5b6s5b6bh5b6b5b6c5b6d5b6d5b6b5b6b
C162 (NoA=2) A1-5b6b5b6b5b6b5b6s5b6bh5b6b5b6d5b6g5b6b5b6b5b
C164 (NoA=1) A1-5b6b5b6b5b6b5b6s5b6bh5b6c5b6e5b6b5b6b5b6b5b6e
C164 (NoA=1) A1-5b6b5b6b5b6b5b6s5b6bh5b6c5b6f5b6c5b6b5b6c5b6b
C168 (NoA=1) A1-5b6b5b6b5b6b5b6s5b6bh5b6c5b6l5c6b5b6b5b
C176 (NoA=2) A1-5b6b5b6b5b6b5b6s5b6bh5b6l5b6c5b6c5b6b5b6b5b6c
C156 (NoA=1) A1-5b6b5b6b5b6b5b6s5b6bi5b6b5b6b5b6b5b6b5b6e5b
C158 (NoA=1) A1-5b6b5b6b5b6b5b6s5b6bi5b6c5b6c5b6b5b6c5b6b5b6b
C162 (NoA=1) A1-5b6b5b6b5b6b5b6s5b6bi5b6c5b6d5b6b5c6f5b
C170 (NoA=2) A1-5b6b5b6b5b6b5b6s5b6bi5b6k5b6c5c6b5b6c5b
C170 (NoA=1) A1-5b6b5b6b5b6b5b6s5b6bj5b6e5b6c5b6d5b6e5b6b5b
C170 (NoA=1) A1-5b6b5b6b5b6b5b6s5b6bj5b6e5b6g5b6b5b6b5b6b5b6b
C174 (NoA=1) A1-5b6b5b6b5b6b5b6s5b6bj5b6e5b6h5b6b5b6b5b6b5b6c
C172 (NoA=1) A1-5b6b5b6b5b6b5b6s5b6bj5b6f5b6c5b6c5b6b5b6f5b
C174 (NoA=1) A1-5b6b5b6b5b6b5b6s5b6bj5b6f5b6c5b6d5b6d5b6b5b6c
C172 (NoA=2) A1-5b6b5b6b5b6b5b6s5b6bj5b6g5b6e5b6c5b6c5b6b5b
C178 (NoA=1) A1-5b6b5b6b5b6b5b6s5b6bj5b6m5b6b5b6b5b6c5b6c5b
C186 (NoA=2) A1-5b6b5b6b5b6b5b6s5b6bj5b6p5b6b5c6b5b6f5b
C166 (NoA=1) A1-5b6b5b6b5b6b5b6s5b6bk5b6d5b6c5b6b5b6c5b6b5b6c
C168 (NoA=1) A1-5b6b5b6b5b6b5b6s5b6bk5b6d5b6e5b6d5b6b5b6b5b
C172 (NoA=1) A1-5b6b5b6b5b6b5b6s5b6bk5b6e5b6c5b6b5b6c5b6f5b
C180 (NoA=2) A1-5b6b5b6b5b6b5b6s5b6bk5b6n5b6b5b6c5b6b5b6b5b
C166 (NoA=1) A1-5b6b5b6b5b6b5b6s5b6bl5b6c5b6c5b6b5b6b5b6c5b6c
C168 (NoA=2) A1-5b6b5b6b5b6b5b6s5b6bm5b6b5b6e5b6b5b6c5b6b5b6b
C182 (NoA=2) A1-5b6b5b6b5b6b5b6s5b6bo5b6h5b6f5b6b5b6b5c6b
C176 (NoA=1) A1-5b6b5b6b5b6b5b6s5b6bp5b6d5b6b5b6b5b6d5c6d
C176 (NoA=1) A1-5b6b5b6b5b6b5b6s5b6bp5b6d5b6b5b6c5b6d5b6b5b6b
C180 (NoA=1) A1-5b6b5b6b5b6b5b6s5b6bp5b6d5b6c5b6g5b6b5c6b
C188 (NoA=2) A1-5b6b5b6b5b6b5b6s5b6bp5b6f5b6g5b6b5b6b5b6c5b6c
C178 (NoA=2) A1-5b6b5b6b5b6b5b6s5b6br5b6b5b6b5b6e5b6b5b6b5b6c
C184 (NoA=1) A1-5b6b5b6b5b6b5b6s5b6bs5b6b5b6b5b6d5b6b5b6g5b
C182 (NoA=1) A1-5b6b5b6b5b6b5b6s5b6bs5b6b5b6b5b6e5b6e5c6b
C182 (NoA=1) A1-5b6b5b6b5b6b5b6s5b6bs5b6b5b6c5b6d5b6d5b6b5b6b
C184 (NoA=2) A1-5b6b5b6b5b6b5b6s5b6bs5b6b5b6d5b6g5b6b5b6b5b
C186 (NoA=1) A1-5b6b5b6b5b6b5b6s5b6bs5b6c5b6e5b6b5b6b5b6b5b6e
C186 (NoA=1) A1-5b6b5b6b5b6b5b6s5b6bs5b6c5b6f5b6c5b6b5b6c5b6b
C190 (NoA=1) A1-5b6b5b6b5b6b5b6s5b6bs5b6c5b6l5c6b5b6b5b
C198 (NoA=2) A1-5b6b5b6b5b6b5b6s5b6bs5b6l5b6c5b6c5b6b5b6b5b6c
C178 (NoA=1) A1-5b6b5b6b5b6b5b6s5b6bt5b6b5b6b5b6b5b6b5b6e5b
C180 (NoA=1) A1-5b6b5b6b5b6b5b6s5b6bt5b6c5b6c5b6b5b6c5b6b5b6b
C184 (NoA=1) A1-5b6b5b6b5b6b5b6s5b6bt5b6c5b6d5b6b5c6f5b
C192 (NoA=2) A1-5b6b5b6b5b6b5b6s5b6bt5b6k5b6c5c6b5b6c5b
C192 (NoA=1) A1-5b6b5b6b5b6b5b6s5b6bu5b6e5b6c5b6d5b6e5b6b5b
C192 (NoA=1) A1-5b6b5b6b5b6b5b6s5b6bu5b6e5b6g5b6b5b6b5b6b5b6b
C196 (NoA=1) A1-5b6b5b6b5b6b5b6s5b6bu5b6e5b6h5b6b5b6b5b6b5b6c
C194 (NoA=1) A1-5b6b5b6b5b6b5b6s5b6bu5b6f5b6c5b6c5b6b5b6f5b
C196 (NoA=1) A1-5b6b5b6b5b6b5b6s5b6bu5b6f5b6c5b6d5b6d5b6b5b6c
C194 (NoA=2) A1-5b6b5b6b5b6b5b6s5b6bu5b6g5b6e5b6c5b6c5b6b5b
C200 (NoA=1) A1-5b6b5b6b5b6b5b6s5b6bu5b6m5b6b5b6b5b6c5b6c5b
C188 (NoA=1) A1-5b6b5b6b5b6b5b6s5b6bv5b6d5b6c5b6b5b6c5b6b5b6c
C190 (NoA=1) A1-5b6b5b6b5b6b5b6s5b6bv5b6d5b6e5b6d5b6b5b6b5b
C194 (NoA=1) A1-5b6b5b6b5b6b5b6s5b6bv5b6e5b6c5b6b5b6c5b6f5b
C188 (NoA=1) A1-5b6b5b6b5b6b5b6s5b6bw5b6c5b6c5b6b5b6b5b6c5b6c
C190 (NoA=2) A1-5b6b5b6b5b6b5b6s5b6bx5b6b5b6e5b6b5b6c5b6b5b6b
C198 (NoA=1) A1-5b6b5b6b5b6b5b6s5b6ca5b6d5b6b5b6b5b6d5c6d
C198 (NoA=1) A1-5b6b5b6b5b6b5b6s5b6ca5b6d5b6b5b6c5b6d5b6b5b6b
C200 (NoA=2) A1-5b6b5b6b5b6b5b6s5b6cc5b6b5b6b5b6e5b6b5b6b5b6c
C200 (NoA=1) A1-5b6b5b6b5b6b5b6s5b6ce5b6b5b6b5b6b5b6b5b6e5b
C100 (NoA=1) A1-5b6b5b6b5b6b5b6t5b6b5b6b5b6e5b6b5b6d5b6c5b6b
C100 (NoA=1) A1-5b6b5b6b5b6b5b6t5b6b5b6c5b6d5b6b5b6c5b6d5b6b
C104 (NoA=1) A1-5b6b5b6b5b6b5b6t5b6b5b6d5b6c5b6f5b6d5c6b
C112 (NoA=2) A1-5b6b5b6b5b6b5b6t5b6b5b6i5b6e5b6c5b6b5b6b5b6c
C104 (NoA=1) A1-5b6b5b6b5b6b5b6t5b6c5b6b5b6c5b6b5b6f5b6d5b6b
C100 (NoA=1) A1-5b6b5b6b5b6b5b6t5b6c5b6b5b6d5b6b5b6b5b6e5b6b
C100 (NoA=1) A1-5b6b5b6b5b6b5b6t5b6c5b6b5b6d5b6b5b6f5b6b5b
C104 (NoA=1) A1-5b6b5b6b5b6b5b6t5b6c5b6c5b6b5b6b5b6e5b6e5b6b
C102 (NoA=1) A1-5b6b5b6b5b6b5b6t5b6c5b6c5b6c5b6f5b6b5b6b5b6b
C108 (NoA=1) A1-5b6b5b6b5b6b5b6t5b6c5b6e5b6c5b6e5b6d5b6b5b6b
C116 (NoA=2) A1-5b6b5b6b5b6b5b6t5b6c5b6g5b6g5b6e5b6b5b6c5b
C104 (NoA=1) A1-5b6b5b6b5b6b5b6t5b6d5b6b5b6b5b6b5b6c5b6h5b
C104 (NoA=1) A1-5b6b5b6b5b6b5b6t5b6d5b6b5b6b5b6b5b6d5b6f5b6b
C104 (NoA=1) A1-5b6b5b6b5b6b5b6t5b6d5b6b5b6c5b6d5b6e5b6c5b
C102 (NoA=1) A1-5b6b5b6b5b6b5b6t5b6d5b6b5b6c5b6e5b6c5b6b5b6b
C108 (NoA=1) A1-5b6b5b6b5b6b5b6t5b6d5b6b5b6k5b6b5b6b5c6b
C106 (NoA=1) A1-5b6b5b6b5b6b5b6t5b6d5b6d5b6c5b6b5b6c5b6d5b6c
C102 (NoA=1) A1-5b6b5b6b5b6b5b6t5b6d5b6e5b6b5b6c5b6b5b6b5b6c
C112 (NoA=1) A1-5b6b5b6b5b6b5b6t5b6d5b6f5b6g5c6e5b6b5b
C108 (NoA=1) A1-5b6b5b6b5b6b5b6t5b6d5b6g5b6e5b6b5b6b5b6b5b6b
C120 (NoA=2) A1-5b6b5b6b5b6b5b6t5b6d5b6p5b6b5b6b5b6b5b6b5b6b
C106 (NoA=1) A1-5b6b5b6b5b6b5b6t5b6e5b6c5b6b5b6c5b6b5b6b5b6f
C106 (NoA=1) A1-5b6b5b6b5b6b5b6t5b6e5b6c5b6c5b6b5b6b5b6e5b6c
C108 (NoA=1) A1-5b6b5b6b5b6b5b6t5b6e5b6c5b6c5b6c5b6g5b6b5b
C106 (NoA=1) A1-5b6b5b6b5b6b5b6t5b6e5b6d5b6d5b6b5b6b5b6b5b6d
C110 (NoA=1) A1-5b6b5b6b5b6b5b6t5b6e5b6d5b6e5b6f5c6b5b6b
C106 (NoA=1) A1-5b6b5b6b5b6b5b6t5b6e5b6d5b6f5b6b5c6c5b6b
C112 (NoA=1) A1-5b6b5b6b5b6b5b6t5b6e5b6e5b6c5b6d5b6b5b6d5b6c
C110 (NoA=1) A1-5b6b5b6b5b6b5b6t5b6e5b6e5b6d5b6c5c6f5b
C112 (NoA=1) A1-5b6b5b6b5b6b5b6t5b6e5b6f5b6b5b6f5b6b5b6b5b6c
C108 (NoA=1) A1-5b6b5b6b5b6b5b6t5b6e5b6f5b6c5b6d5b6b5b6c5b
C108 (NoA=1) A1-5b6b5b6b5b6b5b6t5b6e5b6f5b6d5b6c5b6b5b6b5b6b
C116 (NoA=1) A1-5b6b5b6b5b6b5b6t5b6e5b6h5b6g5b6b5b6c5b6b5b
C124 (NoA=2) A1-5b6b5b6b5b6b5b6t5b6e5b6n5b6b5b6d5b6b5b6c5b6b
C110 (NoA=1) A1-5b6b5b6b5b6b5b6t5b6f5b6b5b6e5b6c5b6e5b6b5b6b
C110 (NoA=1) A1-5b6b5b6b5b6b5b6t5b6f5b6b5b6f5b6b5b6e5c6c
C114 (NoA=1) A1-5b6b5b6b5b6b5b6t5b6f5b6b5b6g5b6e5b6c5b6b5b6b
C112 (NoA=1) A1-5b6b5b6b5b6b5b6t5b6f5b6d5b6c5b6b5b6d5b6e5b6b
C112 (NoA=1) A1-5b6b5b6b5b6b5b6t5b6f5b6d5b6c5b6c5b6c5b6d5b6c
C110 (NoA=1) A1-5b6b5b6b5b6b5b6t5b6f5b6d5b6d5b6b5b6b5b6f5b
C116 (NoA=1) A1-5b6b5b6b5b6b5b6t5b6f5b6d5b6d5b6h5b6b5b6c5b
C112 (NoA=1) A1-5b6b5b6b5b6b5b6t5b6f5b6d5b6e5b6c5b6d5b6b5b6b
C114 (NoA=1) A1-5b6b5b6b5b6b5b6t5b6f5b6g5b6b5b6e5b6b5b6d5b
C110 (NoA=1) A1-5b6b5b6b5b6b5b6t5b6f5b6h5b6b5b6b5b6b5b6b5b6c
C120 (NoA=1) A1-5b6b5b6b5b6b5b6t5b6f5b6h5b6e5b6b5b6e5b6c5b
C116 (NoA=1) A1-5b6b5b6b5b6b5b6t5b6f5b6h5b6f5b6b5c6b5b6c
C128 (NoA=2) A1-5b6b5b6b5b6b5b6t5b6f5b6q5b6c5b6c5b6b5c6b
C122 (NoA=2) A1-5b6b5b6b5b6b5b6t5b6h5b6h5b6f5b6c5b6b5b6b5b6b
C118 (NoA=2) A1-5b6b5b6b5b6b5b6t5b6i5b6f5b6c5b6e5b6b5b6b5b6b
C118 (NoA=1) A1-5b6b5b6b5b6b5b6t5b6j5b6c5b6b5b6c5b6g5b6c5b
C118 (NoA=1) A1-5b6b5b6b5b6b5b6t5b6j5b6c5b6c5b6b5b6f5b6d5b
C122 (NoA=1) A1-5b6b5b6b5b6b5b6t5b6j5b6c5b6d5b6h5b6b5c6c
C118 (NoA=1) A1-5b6b5b6b5b6b5b6t5b6j5b6d5b6b5b6b5b6b5b6h5b
C118 (NoA=1) A1-5b6b5b6b5b6b5b6t5b6j5b6d5b6b5b6b5b6e5b6e5b
C120 (NoA=1) A1-5b6b5b6b5b6b5b6t5b6j5b6d5b6c5b6c5b6e5b6b5b6c
C120 (NoA=1) A1-5b6b5b6b5b6b5b6t5b6j5b6e5b6b5b6c5b6d5b6c5b6c
C120 (NoA=1) A1-5b6b5b6b5b6b5b6t5b6j5b6e5b6c5b6b5b6d5b6b5b6d
C124 (NoA=1) A1-5b6b5b6b5b6b5b6t5b6j5b6f5b6d5b6e5b6b5b6c5b6b
C128 (NoA=1) A1-5b6b5b6b5b6b5b6t5b6j5b6f5b6h5b6d5c6c5b6b
C136 (NoA=2) A1-5b6b5b6b5b6b5b6t5b6j5b6o5b6c5b6d5b6b5b6b5b6b
C114 (NoA=1) A1-5b6b5b6b5b6b5b6t5b6k5b6b5b6b5b6b5b6c5b6b5b6e
C114 (NoA=1) A1-5b6b5b6b5b6b5b6t5b6k5b6b5b6b5b6b5b6d5b6e5b
C116 (NoA=1) A1-5b6b5b6b5b6b5b6t5b6k5b6b5b6c5b6e5b6c5b6b5b6b
C118 (NoA=1) A1-5b6b5b6b5b6b5b6t5b6k5b6c5b6b5b6d5b6b5b6f5b
C116 (NoA=1) A1-5b6b5b6b5b6b5b6t5b6k5b6c5b6b5b6e5b6b5b6c5b6b
C114 (NoA=1) A1-5b6b5b6b5b6b5b6t5b6k5b6c5b6c5b6b5b6c5b6b5b6c
C116 (NoA=1) A1-5b6b5b6b5b6b5b6t5b6k5b6c5b6c5b6d5b6b5b6b5b6c
C114 (NoA=1) A1-5b6b5b6b5b6b5b6t5b6k5b6d5b6b5b6b5b6c5c6d
C120 (NoA=1) A1-5b6b5b6b5b6b5b6t5b6k5b6d5b6e5b6b5b6b5b6b5b6d
C120 (NoA=1) A1-5b6b5b6b5b6b5b6t5b6k5b6d5b6f5b6c5b6b5b6b5b6b
C124 (NoA=1) A1-5b6b5b6b5b6b5b6t5b6k5b6d5b6h5b6d5b6b5b6b5b
C118 (NoA=1) A1-5b6b5b6b5b6b5b6t5b6k5b6e5b6c5b6e5b6b5c6b
C132 (NoA=2) A1-5b6b5b6b5b6b5b6t5b6k5b6m5b6c5b6b5b6b5b6b5b6c
C130 (NoA=2) A1-5b6b5b6b5b6b5b6t5b6m5b6e5b6i5b6c5b6b5c6b
C122 (NoA=1) A1-5b6b5b6b5b6b5b6t5b6n5b6b5b6e5b6b5b6d5b6b5b6b
C122 (NoA=1) A1-5b6b5b6b5b6b5b6t5b6n5b6c5b6d5b6b5b6c5b6c5b6b
C126 (NoA=1) A1-5b6b5b6b5b6b5b6t5b6n5b6d5b6c5b6f5b6c5c6b
C134 (NoA=2) A1-5b6b5b6b5b6b5b6t5b6n5b6i5b6e5b6b5b6b5b6b5b6c
C126 (NoA=1) A1-5b6b5b6b5b6b5b6t5b6o5b6b5b6c5b6b5b6f5b6c5b6b
C122 (NoA=1) A1-5b6b5b6b5b6b5b6t5b6o5b6b5b6d5b6b5c6f5b
C122 (NoA=1) A1-5b6b5b6b5b6b5b6t5b6o5b6b5b6d5b6b5b6b5b6d5b6b
C126 (NoA=1) A1-5b6b5b6b5b6b5b6t5b6o5b6c5b6b5b6b5b6e5b6d5b6b
C124 (NoA=1) A1-5b6b5b6b5b6b5b6t5b6o5b6c5b6c5b6c5b6c5b6c5b6b
C130 (NoA=1) A1-5b6b5b6b5b6b5b6t5b6o5b6e5b6c5b6e5b6c5b6b5b6b
C138 (NoA=2) A1-5b6b5b6b5b6b5b6t5b6o5b6g5b6g5b6d5b6b5b6c5b
C126 (NoA=1) A1-5b6b5b6b5b6b5b6t5b6p5b6b5b6b5b6b5b6c5b6g5b
C126 (NoA=1) A1-5b6b5b6b5b6b5b6t5b6p5b6b5b6b5b6b5b6d5b6e5b6b
C124 (NoA=1) A1-5b6b5b6b5b6b5b6t5b6p5b6b5b6c5b6c5b6b5b6d5b6b
C126 (NoA=1) A1-5b6b5b6b5b6b5b6t5b6p5b6b5b6c5b6d5b6d5b6c5b
C130 (NoA=1) A1-5b6b5b6b5b6b5b6t5b6p5b6b5b6f5b6f5b6b5c6b
C128 (NoA=1) A1-5b6b5b6b5b6b5b6t5b6p5b6d5b6c5b6b5b6c5b6c5b6c
C124 (NoA=1) A1-5b6b5b6b5b6b5b6t5b6p5b6e5b6b5c6b5b6b5b6d
C134 (NoA=1) A1-5b6b5b6b5b6b5b6t5b6p5b6f5b6b5b6e5b6e5b6b5b
C130 (NoA=1) A1-5b6b5b6b5b6b5b6t5b6p5b6g5c6d5b6c5b6b5b6b
C142 (NoA=2) A1-5b6b5b6b5b6b5b6t5b6p5b6o5b6b5b6b5b6b5b6b5b6b
C126 (NoA=2) A1-5b6b5b6b5b6b5b6t5b6q5b6b5b6c5b6d5b6b5b6c5b6b
C128 (NoA=1) A1-5b6b5b6b5b6b5b6t5b6q5b6c5b6b5b6c5b6b5b6b5b6e
C128 (NoA=1) A1-5b6b5b6b5b6b5b6t5b6q5b6c5b6c5b6b5b6b5b6d5b6c
C130 (NoA=1) A1-5b6b5b6b5b6b5b6t5b6q5b6c5b6c5b6c5b6f5b6b5b
C128 (NoA=1) A1-5b6b5b6b5b6b5b6t5b6q5b6d5b6c5b6c5b6b5b6c5b6b
C128 (NoA=1) A1-5b6b5b6b5b6b5b6t5b6q5b6d5b6d5b6b5b6b5c6d
C132 (NoA=1) A1-5b6b5b6b5b6b5b6t5b6q5b6d5b6e5b6e5c6b5b6b
C132 (NoA=1) A1-5b6b5b6b5b6b5b6t5b6q5b6e5b6b5b6b5b6c5b6f5b
C134 (NoA=1) A1-5b6b5b6b5b6b5b6t5b6q5b6e5b6c5b6d5c6d5b6c
C130 (NoA=1) A1-5b6b5b6b5b6b5b6t5b6q5b6f5c6b5b6e5b6c5b
C130 (NoA=1) A1-5b6b5b6b5b6b5b6t5b6q5b6f5c6c5b6d5b6b5b6b
C134 (NoA=1) A1-5b6b5b6b5b6b5b6t5b6q5b6f5b6b5b6e5b6b5b6b5b6c
C138 (NoA=1) A1-5b6b5b6b5b6b5b6t5b6q5b6h5b6f5b6b5b6c5b6b5b
C146 (NoA=2) A1-5b6b5b6b5b6b5b6t5b6q5b6m5b6b5b6d5b6b5b6c5b6b
C132 (NoA=1) A1-5b6b5b6b5b6b5b6t5b6r5b6b5b6e5b6c5b6d5b6b5b6b
C132 (NoA=1) A1-5b6b5b6b5b6b5b6t5b6r5b6b5b6f5b6b5b6d5c6c
C136 (NoA=1) A1-5b6b5b6b5b6b5b6t5b6r5b6b5b6g5b6d5b6c5b6b5b6b
C132 (NoA=1) A1-5b6b5b6b5b6b5b6t5b6r5b6d5b6b5b6b5b6b5b6g5b
C134 (NoA=1) A1-5b6b5b6b5b6b5b6t5b6r5b6d5b6b5b6c5b6f5b6b5b6b
C134 (NoA=1) A1-5b6b5b6b5b6b5b6t5b6r5b6d5b6c5b6b5b6c5b6e5b6b
C134 (NoA=1) A1-5b6b5b6b5b6b5b6t5b6r5b6d5b6c5b6c5b6b5b6d5b6c
C138 (NoA=1) A1-5b6b5b6b5b6b5b6t5b6r5b6d5b6d5b6g5b6b5b6c5b
C132 (NoA=1) A1-5b6b5b6b5b6b5b6t5b6r5b6f5b6b5b6b5b6c5b6b5b6c
C136 (NoA=1) A1-5b6b5b6b5b6b5b6t5b6r5b6g5b6b5b6d5b6b5b6d5b
C142 (NoA=1) A1-5b6b5b6b5b6b5b6t5b6r5b6h5b6d5b6b5b6e5b6c5b
C138 (NoA=1) A1-5b6b5b6b5b6b5b6t5b6r5b6h5b6e5b6b5c6b5b6c
C150 (NoA=2) A1-5b6b5b6b5b6b5b6t5b6r5b6p5b6c5b6c5b6b5c6b
C144 (NoA=2) A1-5b6b5b6b5b6b5b6t5b6t5b6h5b6e5b6c5b6b5b6b5b6b
C140 (NoA=2) A1-5b6b5b6b5b6b5b6t5b6u5b6f5b6c5b6d5b6b5b6b5b6b
C140 (NoA=1) A1-5b6b5b6b5b6b5b6t5b6v5b6c5b6b5b6c5b6f5b6c5b
C140 (NoA=1) A1-5b6b5b6b5b6b5b6t5b6v5b6c5b6c5b6b5b6e5b6d5b
C144 (NoA=1) A1-5b6b5b6b5b6b5b6t5b6v5b6c5b6d5b6g5b6b5c6c
C140 (NoA=1) A1-5b6b5b6b5b6b5b6t5b6v5b6d5b6b5b6b5c6h5b
C140 (NoA=1) A1-5b6b5b6b5b6b5b6t5b6v5b6d5b6b5b6b5b6d5b6e5b
C142 (NoA=1) A1-5b6b5b6b5b6b5b6t5b6v5b6d5b6c5b6b5b6e5b6b5b6c
C142 (NoA=1) A1-5b6b5b6b5b6b5b6t5b6v5b6e5b6b5b6b5b6d5b6c5b6c
C142 (NoA=1) A1-5b6b5b6b5b6b5b6t5b6v5b6e5b6c5c6d5b6b5b6d
C146 (NoA=1) A1-5b6b5b6b5b6b5b6t5b6v5b6f5b6c5b6e5b6b5b6c5b6b
C150 (NoA=1) A1-5b6b5b6b5b6b5b6t5b6v5b6f5b6g5b6d5c6c5b6b
C158 (NoA=2) A1-5b6b5b6b5b6b5b6t5b6v5b6n5b6c5b6d5b6b5b6b5b6b
C136 (NoA=1) A1-5b6b5b6b5b6b5b6t5b6w5c6b5b6c5b6d5b6b5b6c
C136 (NoA=1) A1-5b6b5b6b5b6b5b6t5b6w5c6c5b6b5b6d5c6d
C140 (NoA=1) A1-5b6b5b6b5b6b5b6t5b6w5c6d5b6g5b6b5c6b
C136 (NoA=1) A1-5b6b5b6b5b6b5b6t5b6w5b6b5b6b5b6b5b6b5b6b5b6e
C136 (NoA=1) A1-5b6b5b6b5b6b5b6t5b6w5b6b5b6b5b6b5b6c5b6e5b
C138 (NoA=1) A1-5b6b5b6b5b6b5b6t5b6w5b6b5b6c5b6d5b6c5b6b5b6b
C140 (NoA=1) A1-5b6b5b6b5b6b5b6t5b6w5b6c5b6b5b6c5b6b5b6f5b
C138 (NoA=1) A1-5b6b5b6b5b6b5b6t5b6w5b6c5b6b5b6d5b6b5b6c5b6b
C138 (NoA=1) A1-5b6b5b6b5b6b5b6t5b6w5b6c5b6c5b6c5b6b5b6b5b6c
C142 (NoA=1) A1-5b6b5b6b5b6b5b6t5b6w5b6d5b6d5b6b5b6b5b6b5b6d
C142 (NoA=1) A1-5b6b5b6b5b6b5b6t5b6w5b6d5b6e5b6c5b6b5b6b5b6b
C146 (NoA=1) A1-5b6b5b6b5b6b5b6t5b6w5b6d5b6g5b6d5b6b5b6b5b
C154 (NoA=2) A1-5b6b5b6b5b6b5b6t5b6w5b6l5b6c5b6b5b6b5b6b5b6c
C148 (NoA=2) A1-5b6b5b6b5b6b5b6t5b6x5b6e5b6d5b6d5b6b5b6c5b6b
C152 (NoA=2) A1-5b6b5b6b5b6b5b6t5b6y5b6e5b6h5b6c5b6b5c6b
C144 (NoA=1) A1-5b6b5b6b5b6b5b6t5b6z5b6b5b6d5b6b5b6d5b6b5b6b
C144 (NoA=1) A1-5b6b5b6b5b6b5b6t5b6z5b6c5b6c5b6b5b6c5b6c5b6b
C148 (NoA=1) A1-5b6b5b6b5b6b5b6t5b6z5b6d5b6b5b6f5b6c5c6b
C156 (NoA=2) A1-5b6b5b6b5b6b5b6t5b6z5b6h5b6e5b6b5b6b5b6b5b6c
C148 (NoA=1) A1-5b6b5b6b5b6b5b6t5b6ba5b6b5b6b5b6b5b6f5b6c5b6b
C144 (NoA=1) A1-5b6b5b6b5b6b5b6t5b6ba5b6b5b6c5b6b5c6f5b
C144 (NoA=1) A1-5b6b5b6b5b6b5b6t5b6ba5b6b5b6c5b6b5b6b5b6d5b6b
C148 (NoA=1) A1-5b6b5b6b5b6b5b6t5b6ba5b6c5c6b5b6e5b6d5b6b
C146 (NoA=1) A1-5b6b5b6b5b6b5b6t5b6ba5b6c5b6b5b6c5b6c5b6c5b6b
C152 (NoA=1) A1-5b6b5b6b5b6b5b6t5b6ba5b6d5b6c5b6e5b6c5b6b5b6b
C160 (NoA=2) A1-5b6b5b6b5b6b5b6t5b6ba5b6f5b6g5b6d5b6b5b6c5b
C148 (NoA=1) A1-5b6b5b6b5b6b5b6t5b6bb5b6b5c6b5b6c5b6g5b
C148 (NoA=1) A1-5b6b5b6b5b6b5b6t5b6bb5b6b5c6b5b6d5b6e5b6b
C146 (NoA=1) A1-5b6b5b6b5b6b5b6t5b6bb5b6b5b6b5b6c5b6b5b6d5b6b
C148 (NoA=1) A1-5b6b5b6b5b6b5b6t5b6bb5b6b5b6b5b6d5b6d5b6c5b
C152 (NoA=1) A1-5b6b5b6b5b6b5b6t5b6bb5b6b5b6e5b6f5b6b5c6b
C150 (NoA=1) A1-5b6b5b6b5b6b5b6t5b6bb5b6c5b6c5b6b5b6c5b6c5b6c
C146 (NoA=1) A1-5b6b5b6b5b6b5b6t5b6bb5b6d5b6b5c6b5b6b5b6d
C156 (NoA=1) A1-5b6b5b6b5b6b5b6t5b6bb5b6e5b6b5b6e5b6e5b6b5b
C152 (NoA=1) A1-5b6b5b6b5b6b5b6t5b6bb5b6f5c6d5b6c5b6b5b6b
C164 (NoA=2) A1-5b6b5b6b5b6b5b6t5b6bb5b6n5b6b5b6b5b6b5b6b5b6b
C150 (NoA=1) A1-5b6b5b6b5b6b5b6t5b6bc5b6b5b6b5b6c5b6b5b6b5b6e
C150 (NoA=1) A1-5b6b5b6b5b6b5b6t5b6bc5b6b5b6c5b6b5b6b5b6d5b6c
C152 (NoA=1) A1-5b6b5b6b5b6b5b6t5b6bc5b6b5b6c5b6c5b6f5b6b5b
C150 (NoA=1) A1-5b6b5b6b5b6b5b6t5b6bc5b6c5b6c5b6c5b6b5b6c5b6b
C150 (NoA=1) A1-5b6b5b6b5b6b5b6t5b6bc5b6c5b6d5b6b5b6b5c6d
C154 (NoA=1) A1-5b6b5b6b5b6b5b6t5b6bc5b6c5b6e5b6e5c6b5b6b
C154 (NoA=1) A1-5b6b5b6b5b6b5b6t5b6bc5b6d5b6b5b6b5b6c5b6f5b
C156 (NoA=1) A1-5b6b5b6b5b6b5b6t5b6bc5b6d5b6c5b6d5c6d5b6c
C152 (NoA=1) A1-5b6b5b6b5b6b5b6t5b6bc5b6e5c6b5b6e5b6c5b
C152 (NoA=1) A1-5b6b5b6b5b6b5b6t5b6bc5b6e5c6c5b6d5b6b5b6b
C156 (NoA=1) A1-5b6b5b6b5b6b5b6t5b6bc5b6e5b6b5b6e5b6b5b6b5b6c
C160 (NoA=1) A1-5b6b5b6b5b6b5b6t5b6bc5b6g5b6f5b6b5b6c5b6b5b
C168 (NoA=2) A1-5b6b5b6b5b6b5b6t5b6bc5b6l5b6b5b6d5b6b5b6c5b6b
C154 (NoA=1) A1-5b6b5b6b5b6b5b6t5b6bd5c6e5b6c5b6d5b6b5b6b
C154 (NoA=1) A1-5b6b5b6b5b6b5b6t5b6bd5c6f5b6b5b6d5c6c
C158 (NoA=1) A1-5b6b5b6b5b6b5b6t5b6bd5c6g5b6d5b6c5b6b5b6b
C154 (NoA=1) A1-5b6b5b6b5b6b5b6t5b6bd5b6c5b6b5b6b5b6b5b6g5b
C156 (NoA=1) A1-5b6b5b6b5b6b5b6t5b6bd5b6c5b6b5b6c5b6f5b6b5b6b
C156 (NoA=1) A1-5b6b5b6b5b6b5b6t5b6bd5b6c5b6c5b6b5b6c5b6e5b6b
C156 (NoA=1) A1-5b6b5b6b5b6b5b6t5b6bd5b6c5b6c5b6c5b6b5b6d5b6c
C160 (NoA=1) A1-5b6b5b6b5b6b5b6t5b6bd5b6c5b6d5b6g5b6b5b6c5b
C154 (NoA=1) A1-5b6b5b6b5b6b5b6t5b6bd5b6e5b6b5b6b5b6c5b6b5b6c
C158 (NoA=1) A1-5b6b5b6b5b6b5b6t5b6bd5b6f5b6b5b6d5b6b5b6d5b
C164 (NoA=1) A1-5b6b5b6b5b6b5b6t5b6bd5b6g5b6d5b6b5b6e5b6c5b
C160 (NoA=1) A1-5b6b5b6b5b6b5b6t5b6bd5b6g5b6e5b6b5c6b5b6c
C172 (NoA=2) A1-5b6b5b6b5b6b5b6t5b6bd5b6o5b6c5b6c5b6b5c6b
C108 (NoA=2) A1-5b6b5b6b5b6b5b6u5b6c5b6d5b6b5b6f5b6e5b6b5b
C130 (NoA=2) A1-5b6b5b6b5b6b5b6u5b6n5b6d5b6b5b6f5b6e5b6b5b
